[2023-10-19T04:16:47.068+0000] {processor.py:157} INFO - Started process (PID=33) to work on /opt/airflow/dags/demo.py
[2023-10-19T04:16:47.070+0000] {processor.py:829} INFO - Processing file /opt/airflow/dags/demo.py for tasks to queue
[2023-10-19T04:16:47.075+0000] {logging_mixin.py:151} INFO - [2023-10-19T04:16:47.074+0000] {dagbag.py:539} INFO - Filling up the DagBag from /opt/airflow/dags/demo.py
[2023-10-19T04:16:47.092+0000] {processor.py:839} INFO - DAG(s) dict_keys(['demo']) retrieved from /opt/airflow/dags/demo.py
[2023-10-19T04:16:47.148+0000] {logging_mixin.py:151} INFO - [2023-10-19T04:16:47.148+0000] {dag.py:2915} INFO - Sync 1 DAGs
[2023-10-19T04:16:47.185+0000] {logging_mixin.py:151} INFO - [2023-10-19T04:16:47.184+0000] {dag.py:3696} INFO - Setting next_dagrun for demo to 2022-01-01T00:00:00+00:00, run_after=2022-01-02T00:00:00+00:00
[2023-10-19T04:16:47.209+0000] {processor.py:179} INFO - Processing /opt/airflow/dags/demo.py took 0.147 seconds
[2023-10-19T04:17:17.471+0000] {processor.py:157} INFO - Started process (PID=53) to work on /opt/airflow/dags/demo.py
[2023-10-19T04:17:17.473+0000] {processor.py:829} INFO - Processing file /opt/airflow/dags/demo.py for tasks to queue
[2023-10-19T04:17:17.475+0000] {logging_mixin.py:151} INFO - [2023-10-19T04:17:17.475+0000] {dagbag.py:539} INFO - Filling up the DagBag from /opt/airflow/dags/demo.py
[2023-10-19T04:17:17.487+0000] {processor.py:839} INFO - DAG(s) dict_keys(['demo']) retrieved from /opt/airflow/dags/demo.py
[2023-10-19T04:17:17.517+0000] {logging_mixin.py:151} INFO - [2023-10-19T04:17:17.517+0000] {dag.py:2915} INFO - Sync 1 DAGs
[2023-10-19T04:17:17.541+0000] {logging_mixin.py:151} INFO - [2023-10-19T04:17:17.541+0000] {dag.py:3696} INFO - Setting next_dagrun for demo to 2022-01-01T00:00:00+00:00, run_after=2022-01-02T00:00:00+00:00
[2023-10-19T04:17:17.558+0000] {processor.py:179} INFO - Processing /opt/airflow/dags/demo.py took 0.093 seconds
[2023-10-19T04:17:47.920+0000] {processor.py:157} INFO - Started process (PID=73) to work on /opt/airflow/dags/demo.py
[2023-10-19T04:17:47.921+0000] {processor.py:829} INFO - Processing file /opt/airflow/dags/demo.py for tasks to queue
[2023-10-19T04:17:47.925+0000] {logging_mixin.py:151} INFO - [2023-10-19T04:17:47.924+0000] {dagbag.py:539} INFO - Filling up the DagBag from /opt/airflow/dags/demo.py
[2023-10-19T04:17:47.941+0000] {processor.py:839} INFO - DAG(s) dict_keys(['demo']) retrieved from /opt/airflow/dags/demo.py
[2023-10-19T04:17:47.970+0000] {logging_mixin.py:151} INFO - [2023-10-19T04:17:47.970+0000] {dag.py:2915} INFO - Sync 1 DAGs
[2023-10-19T04:17:47.993+0000] {logging_mixin.py:151} INFO - [2023-10-19T04:17:47.993+0000] {dag.py:3696} INFO - Setting next_dagrun for demo to 2022-01-01T00:00:00+00:00, run_after=2022-01-02T00:00:00+00:00
[2023-10-19T04:17:48.010+0000] {processor.py:179} INFO - Processing /opt/airflow/dags/demo.py took 0.096 seconds
[2023-10-19T04:18:18.387+0000] {processor.py:157} INFO - Started process (PID=93) to work on /opt/airflow/dags/demo.py
[2023-10-19T04:18:18.388+0000] {processor.py:829} INFO - Processing file /opt/airflow/dags/demo.py for tasks to queue
[2023-10-19T04:18:18.391+0000] {logging_mixin.py:151} INFO - [2023-10-19T04:18:18.391+0000] {dagbag.py:539} INFO - Filling up the DagBag from /opt/airflow/dags/demo.py
[2023-10-19T04:18:18.405+0000] {processor.py:839} INFO - DAG(s) dict_keys(['demo']) retrieved from /opt/airflow/dags/demo.py
[2023-10-19T04:18:18.442+0000] {logging_mixin.py:151} INFO - [2023-10-19T04:18:18.442+0000] {dag.py:2915} INFO - Sync 1 DAGs
[2023-10-19T04:18:18.470+0000] {logging_mixin.py:151} INFO - [2023-10-19T04:18:18.470+0000] {dag.py:3696} INFO - Setting next_dagrun for demo to 2022-01-01T00:00:00+00:00, run_after=2022-01-02T00:00:00+00:00
[2023-10-19T04:18:18.489+0000] {processor.py:179} INFO - Processing /opt/airflow/dags/demo.py took 0.108 seconds
[2023-10-19T04:18:48.709+0000] {processor.py:157} INFO - Started process (PID=113) to work on /opt/airflow/dags/demo.py
[2023-10-19T04:18:48.710+0000] {processor.py:829} INFO - Processing file /opt/airflow/dags/demo.py for tasks to queue
[2023-10-19T04:18:48.714+0000] {logging_mixin.py:151} INFO - [2023-10-19T04:18:48.713+0000] {dagbag.py:539} INFO - Filling up the DagBag from /opt/airflow/dags/demo.py
[2023-10-19T04:18:48.735+0000] {processor.py:839} INFO - DAG(s) dict_keys(['demo']) retrieved from /opt/airflow/dags/demo.py
[2023-10-19T04:18:48.775+0000] {logging_mixin.py:151} INFO - [2023-10-19T04:18:48.775+0000] {dag.py:2915} INFO - Sync 1 DAGs
[2023-10-19T04:18:48.803+0000] {logging_mixin.py:151} INFO - [2023-10-19T04:18:48.803+0000] {dag.py:3696} INFO - Setting next_dagrun for demo to 2022-01-01T00:00:00+00:00, run_after=2022-01-02T00:00:00+00:00
[2023-10-19T04:18:48.822+0000] {processor.py:179} INFO - Processing /opt/airflow/dags/demo.py took 0.120 seconds
[2023-10-19T04:19:19.064+0000] {processor.py:157} INFO - Started process (PID=133) to work on /opt/airflow/dags/demo.py
[2023-10-19T04:19:19.066+0000] {processor.py:829} INFO - Processing file /opt/airflow/dags/demo.py for tasks to queue
[2023-10-19T04:19:19.068+0000] {logging_mixin.py:151} INFO - [2023-10-19T04:19:19.068+0000] {dagbag.py:539} INFO - Filling up the DagBag from /opt/airflow/dags/demo.py
[2023-10-19T04:19:19.081+0000] {processor.py:839} INFO - DAG(s) dict_keys(['demo']) retrieved from /opt/airflow/dags/demo.py
[2023-10-19T04:19:19.117+0000] {logging_mixin.py:151} INFO - [2023-10-19T04:19:19.117+0000] {dag.py:2915} INFO - Sync 1 DAGs
[2023-10-19T04:19:19.145+0000] {logging_mixin.py:151} INFO - [2023-10-19T04:19:19.145+0000] {dag.py:3696} INFO - Setting next_dagrun for demo to 2022-01-01T00:00:00+00:00, run_after=2022-01-02T00:00:00+00:00
[2023-10-19T04:19:19.163+0000] {processor.py:179} INFO - Processing /opt/airflow/dags/demo.py took 0.104 seconds
[2023-10-19T04:19:49.416+0000] {processor.py:157} INFO - Started process (PID=153) to work on /opt/airflow/dags/demo.py
[2023-10-19T04:19:49.417+0000] {processor.py:829} INFO - Processing file /opt/airflow/dags/demo.py for tasks to queue
[2023-10-19T04:19:49.422+0000] {logging_mixin.py:151} INFO - [2023-10-19T04:19:49.422+0000] {dagbag.py:539} INFO - Filling up the DagBag from /opt/airflow/dags/demo.py
[2023-10-19T04:19:49.439+0000] {processor.py:839} INFO - DAG(s) dict_keys(['demo']) retrieved from /opt/airflow/dags/demo.py
[2023-10-19T04:19:49.482+0000] {logging_mixin.py:151} INFO - [2023-10-19T04:19:49.481+0000] {dag.py:2915} INFO - Sync 1 DAGs
[2023-10-19T04:19:49.513+0000] {logging_mixin.py:151} INFO - [2023-10-19T04:19:49.513+0000] {dag.py:3696} INFO - Setting next_dagrun for demo to 2022-01-01T00:00:00+00:00, run_after=2022-01-02T00:00:00+00:00
[2023-10-19T04:19:49.541+0000] {processor.py:179} INFO - Processing /opt/airflow/dags/demo.py took 0.130 seconds
[2023-10-19T04:20:19.761+0000] {processor.py:157} INFO - Started process (PID=173) to work on /opt/airflow/dags/demo.py
[2023-10-19T04:20:19.763+0000] {processor.py:829} INFO - Processing file /opt/airflow/dags/demo.py for tasks to queue
[2023-10-19T04:20:19.765+0000] {logging_mixin.py:151} INFO - [2023-10-19T04:20:19.765+0000] {dagbag.py:539} INFO - Filling up the DagBag from /opt/airflow/dags/demo.py
[2023-10-19T04:20:19.778+0000] {processor.py:839} INFO - DAG(s) dict_keys(['demo']) retrieved from /opt/airflow/dags/demo.py
[2023-10-19T04:20:19.811+0000] {logging_mixin.py:151} INFO - [2023-10-19T04:20:19.811+0000] {dag.py:2915} INFO - Sync 1 DAGs
[2023-10-19T04:20:19.839+0000] {logging_mixin.py:151} INFO - [2023-10-19T04:20:19.839+0000] {dag.py:3696} INFO - Setting next_dagrun for demo to 2022-01-01T00:00:00+00:00, run_after=2022-01-02T00:00:00+00:00
[2023-10-19T04:20:19.860+0000] {processor.py:179} INFO - Processing /opt/airflow/dags/demo.py took 0.103 seconds
[2023-10-19T04:20:50.083+0000] {processor.py:157} INFO - Started process (PID=193) to work on /opt/airflow/dags/demo.py
[2023-10-19T04:20:50.085+0000] {processor.py:829} INFO - Processing file /opt/airflow/dags/demo.py for tasks to queue
[2023-10-19T04:20:50.087+0000] {logging_mixin.py:151} INFO - [2023-10-19T04:20:50.087+0000] {dagbag.py:539} INFO - Filling up the DagBag from /opt/airflow/dags/demo.py
[2023-10-19T04:20:50.100+0000] {processor.py:839} INFO - DAG(s) dict_keys(['demo']) retrieved from /opt/airflow/dags/demo.py
[2023-10-19T04:20:50.131+0000] {logging_mixin.py:151} INFO - [2023-10-19T04:20:50.130+0000] {dag.py:2915} INFO - Sync 1 DAGs
[2023-10-19T04:20:50.162+0000] {logging_mixin.py:151} INFO - [2023-10-19T04:20:50.161+0000] {dag.py:3696} INFO - Setting next_dagrun for demo to 2022-01-01T00:00:00+00:00, run_after=2022-01-02T00:00:00+00:00
[2023-10-19T04:20:50.186+0000] {processor.py:179} INFO - Processing /opt/airflow/dags/demo.py took 0.109 seconds
[2023-10-19T04:21:20.524+0000] {processor.py:157} INFO - Started process (PID=214) to work on /opt/airflow/dags/demo.py
[2023-10-19T04:21:20.525+0000] {processor.py:829} INFO - Processing file /opt/airflow/dags/demo.py for tasks to queue
[2023-10-19T04:21:20.527+0000] {logging_mixin.py:151} INFO - [2023-10-19T04:21:20.527+0000] {dagbag.py:539} INFO - Filling up the DagBag from /opt/airflow/dags/demo.py
[2023-10-19T04:21:20.540+0000] {processor.py:839} INFO - DAG(s) dict_keys(['demo']) retrieved from /opt/airflow/dags/demo.py
[2023-10-19T04:21:20.569+0000] {logging_mixin.py:151} INFO - [2023-10-19T04:21:20.569+0000] {dag.py:2915} INFO - Sync 1 DAGs
[2023-10-19T04:21:20.592+0000] {logging_mixin.py:151} INFO - [2023-10-19T04:21:20.592+0000] {dag.py:3696} INFO - Setting next_dagrun for demo to 2022-01-01T00:00:00+00:00, run_after=2022-01-02T00:00:00+00:00
[2023-10-19T04:21:20.611+0000] {processor.py:179} INFO - Processing /opt/airflow/dags/demo.py took 0.091 seconds
[2023-10-19T04:21:51.071+0000] {processor.py:157} INFO - Started process (PID=228) to work on /opt/airflow/dags/demo.py
[2023-10-19T04:21:51.073+0000] {processor.py:829} INFO - Processing file /opt/airflow/dags/demo.py for tasks to queue
[2023-10-19T04:21:51.078+0000] {logging_mixin.py:151} INFO - [2023-10-19T04:21:51.077+0000] {dagbag.py:539} INFO - Filling up the DagBag from /opt/airflow/dags/demo.py
[2023-10-19T04:21:51.093+0000] {processor.py:839} INFO - DAG(s) dict_keys(['demo']) retrieved from /opt/airflow/dags/demo.py
[2023-10-19T04:21:51.134+0000] {logging_mixin.py:151} INFO - [2023-10-19T04:21:51.133+0000] {dag.py:2915} INFO - Sync 1 DAGs
[2023-10-19T04:21:51.175+0000] {logging_mixin.py:151} INFO - [2023-10-19T04:21:51.175+0000] {dag.py:3696} INFO - Setting next_dagrun for demo to 2022-01-01T00:00:00+00:00, run_after=2022-01-02T00:00:00+00:00
[2023-10-19T04:21:51.214+0000] {processor.py:179} INFO - Processing /opt/airflow/dags/demo.py took 0.149 seconds
[2023-10-19T04:22:21.754+0000] {processor.py:157} INFO - Started process (PID=246) to work on /opt/airflow/dags/demo.py
[2023-10-19T04:22:21.756+0000] {processor.py:829} INFO - Processing file /opt/airflow/dags/demo.py for tasks to queue
[2023-10-19T04:22:21.760+0000] {logging_mixin.py:151} INFO - [2023-10-19T04:22:21.759+0000] {dagbag.py:539} INFO - Filling up the DagBag from /opt/airflow/dags/demo.py
[2023-10-19T04:22:21.779+0000] {processor.py:839} INFO - DAG(s) dict_keys(['demo']) retrieved from /opt/airflow/dags/demo.py
[2023-10-19T04:22:21.825+0000] {logging_mixin.py:151} INFO - [2023-10-19T04:22:21.824+0000] {dag.py:2915} INFO - Sync 1 DAGs
[2023-10-19T04:22:21.865+0000] {logging_mixin.py:151} INFO - [2023-10-19T04:22:21.865+0000] {dag.py:3696} INFO - Setting next_dagrun for demo to 2022-01-01T00:00:00+00:00, run_after=2022-01-02T00:00:00+00:00
[2023-10-19T04:22:21.894+0000] {processor.py:179} INFO - Processing /opt/airflow/dags/demo.py took 0.146 seconds
[2023-10-19T04:22:52.181+0000] {processor.py:157} INFO - Started process (PID=266) to work on /opt/airflow/dags/demo.py
[2023-10-19T04:22:52.182+0000] {processor.py:829} INFO - Processing file /opt/airflow/dags/demo.py for tasks to queue
[2023-10-19T04:22:52.185+0000] {logging_mixin.py:151} INFO - [2023-10-19T04:22:52.185+0000] {dagbag.py:539} INFO - Filling up the DagBag from /opt/airflow/dags/demo.py
[2023-10-19T04:22:52.199+0000] {processor.py:839} INFO - DAG(s) dict_keys(['demo']) retrieved from /opt/airflow/dags/demo.py
[2023-10-19T04:22:52.232+0000] {logging_mixin.py:151} INFO - [2023-10-19T04:22:52.232+0000] {dag.py:2915} INFO - Sync 1 DAGs
[2023-10-19T04:22:52.259+0000] {logging_mixin.py:151} INFO - [2023-10-19T04:22:52.259+0000] {dag.py:3696} INFO - Setting next_dagrun for demo to 2022-01-01T00:00:00+00:00, run_after=2022-01-02T00:00:00+00:00
[2023-10-19T04:22:52.278+0000] {processor.py:179} INFO - Processing /opt/airflow/dags/demo.py took 0.102 seconds
[2023-10-19T04:23:22.505+0000] {processor.py:157} INFO - Started process (PID=286) to work on /opt/airflow/dags/demo.py
[2023-10-19T04:23:22.507+0000] {processor.py:829} INFO - Processing file /opt/airflow/dags/demo.py for tasks to queue
[2023-10-19T04:23:22.510+0000] {logging_mixin.py:151} INFO - [2023-10-19T04:23:22.510+0000] {dagbag.py:539} INFO - Filling up the DagBag from /opt/airflow/dags/demo.py
[2023-10-19T04:23:22.524+0000] {processor.py:839} INFO - DAG(s) dict_keys(['demo']) retrieved from /opt/airflow/dags/demo.py
[2023-10-19T04:23:22.553+0000] {logging_mixin.py:151} INFO - [2023-10-19T04:23:22.553+0000] {dag.py:2915} INFO - Sync 1 DAGs
[2023-10-19T04:23:22.577+0000] {logging_mixin.py:151} INFO - [2023-10-19T04:23:22.577+0000] {dag.py:3696} INFO - Setting next_dagrun for demo to 2022-01-01T00:00:00+00:00, run_after=2022-01-02T00:00:00+00:00
[2023-10-19T04:23:22.594+0000] {processor.py:179} INFO - Processing /opt/airflow/dags/demo.py took 0.095 seconds
[2023-10-19T04:23:52.895+0000] {processor.py:157} INFO - Started process (PID=306) to work on /opt/airflow/dags/demo.py
[2023-10-19T04:23:52.896+0000] {processor.py:829} INFO - Processing file /opt/airflow/dags/demo.py for tasks to queue
[2023-10-19T04:23:52.899+0000] {logging_mixin.py:151} INFO - [2023-10-19T04:23:52.899+0000] {dagbag.py:539} INFO - Filling up the DagBag from /opt/airflow/dags/demo.py
[2023-10-19T04:23:52.913+0000] {processor.py:839} INFO - DAG(s) dict_keys(['demo']) retrieved from /opt/airflow/dags/demo.py
[2023-10-19T04:23:52.942+0000] {logging_mixin.py:151} INFO - [2023-10-19T04:23:52.942+0000] {dag.py:2915} INFO - Sync 1 DAGs
[2023-10-19T04:23:52.967+0000] {logging_mixin.py:151} INFO - [2023-10-19T04:23:52.967+0000] {dag.py:3696} INFO - Setting next_dagrun for demo to 2022-01-01T00:00:00+00:00, run_after=2022-01-02T00:00:00+00:00
[2023-10-19T04:23:52.984+0000] {processor.py:179} INFO - Processing /opt/airflow/dags/demo.py took 0.095 seconds
[2023-10-19T04:24:23.355+0000] {processor.py:157} INFO - Started process (PID=326) to work on /opt/airflow/dags/demo.py
[2023-10-19T04:24:23.356+0000] {processor.py:829} INFO - Processing file /opt/airflow/dags/demo.py for tasks to queue
[2023-10-19T04:24:23.358+0000] {logging_mixin.py:151} INFO - [2023-10-19T04:24:23.358+0000] {dagbag.py:539} INFO - Filling up the DagBag from /opt/airflow/dags/demo.py
[2023-10-19T04:24:23.372+0000] {processor.py:839} INFO - DAG(s) dict_keys(['demo']) retrieved from /opt/airflow/dags/demo.py
[2023-10-19T04:24:23.400+0000] {logging_mixin.py:151} INFO - [2023-10-19T04:24:23.399+0000] {dag.py:2915} INFO - Sync 1 DAGs
[2023-10-19T04:24:23.424+0000] {logging_mixin.py:151} INFO - [2023-10-19T04:24:23.424+0000] {dag.py:3696} INFO - Setting next_dagrun for demo to 2022-01-01T00:00:00+00:00, run_after=2022-01-02T00:00:00+00:00
[2023-10-19T04:24:23.447+0000] {processor.py:179} INFO - Processing /opt/airflow/dags/demo.py took 0.097 seconds
[2023-10-19T04:24:53.729+0000] {processor.py:157} INFO - Started process (PID=346) to work on /opt/airflow/dags/demo.py
[2023-10-19T04:24:53.730+0000] {processor.py:829} INFO - Processing file /opt/airflow/dags/demo.py for tasks to queue
[2023-10-19T04:24:53.734+0000] {logging_mixin.py:151} INFO - [2023-10-19T04:24:53.734+0000] {dagbag.py:539} INFO - Filling up the DagBag from /opt/airflow/dags/demo.py
[2023-10-19T04:24:53.748+0000] {processor.py:839} INFO - DAG(s) dict_keys(['demo']) retrieved from /opt/airflow/dags/demo.py
[2023-10-19T04:24:53.778+0000] {logging_mixin.py:151} INFO - [2023-10-19T04:24:53.778+0000] {dag.py:2915} INFO - Sync 1 DAGs
[2023-10-19T04:24:53.808+0000] {logging_mixin.py:151} INFO - [2023-10-19T04:24:53.808+0000] {dag.py:3696} INFO - Setting next_dagrun for demo to 2022-01-01T00:00:00+00:00, run_after=2022-01-02T00:00:00+00:00
[2023-10-19T04:24:53.830+0000] {processor.py:179} INFO - Processing /opt/airflow/dags/demo.py took 0.107 seconds
[2023-10-19T04:25:24.027+0000] {processor.py:157} INFO - Started process (PID=366) to work on /opt/airflow/dags/demo.py
[2023-10-19T04:25:24.029+0000] {processor.py:829} INFO - Processing file /opt/airflow/dags/demo.py for tasks to queue
[2023-10-19T04:25:24.032+0000] {logging_mixin.py:151} INFO - [2023-10-19T04:25:24.032+0000] {dagbag.py:539} INFO - Filling up the DagBag from /opt/airflow/dags/demo.py
[2023-10-19T04:25:24.047+0000] {processor.py:839} INFO - DAG(s) dict_keys(['demo']) retrieved from /opt/airflow/dags/demo.py
[2023-10-19T04:25:24.077+0000] {logging_mixin.py:151} INFO - [2023-10-19T04:25:24.077+0000] {dag.py:2915} INFO - Sync 1 DAGs
[2023-10-19T04:25:24.102+0000] {logging_mixin.py:151} INFO - [2023-10-19T04:25:24.101+0000] {dag.py:3696} INFO - Setting next_dagrun for demo to 2022-01-01T00:00:00+00:00, run_after=2022-01-02T00:00:00+00:00
[2023-10-19T04:25:24.121+0000] {processor.py:179} INFO - Processing /opt/airflow/dags/demo.py took 0.100 seconds
[2023-10-19T04:25:54.188+0000] {processor.py:157} INFO - Started process (PID=386) to work on /opt/airflow/dags/demo.py
[2023-10-19T04:25:54.189+0000] {processor.py:829} INFO - Processing file /opt/airflow/dags/demo.py for tasks to queue
[2023-10-19T04:25:54.192+0000] {logging_mixin.py:151} INFO - [2023-10-19T04:25:54.191+0000] {dagbag.py:539} INFO - Filling up the DagBag from /opt/airflow/dags/demo.py
[2023-10-19T04:25:54.205+0000] {processor.py:839} INFO - DAG(s) dict_keys(['demo']) retrieved from /opt/airflow/dags/demo.py
[2023-10-19T04:25:54.234+0000] {logging_mixin.py:151} INFO - [2023-10-19T04:25:54.234+0000] {dag.py:2915} INFO - Sync 1 DAGs
[2023-10-19T04:25:54.257+0000] {logging_mixin.py:151} INFO - [2023-10-19T04:25:54.257+0000] {dag.py:3696} INFO - Setting next_dagrun for demo to 2022-01-01T00:00:00+00:00, run_after=2022-01-02T00:00:00+00:00
[2023-10-19T04:25:54.283+0000] {processor.py:179} INFO - Processing /opt/airflow/dags/demo.py took 0.100 seconds
[2023-10-19T04:26:24.501+0000] {processor.py:157} INFO - Started process (PID=406) to work on /opt/airflow/dags/demo.py
[2023-10-19T04:26:24.502+0000] {processor.py:829} INFO - Processing file /opt/airflow/dags/demo.py for tasks to queue
[2023-10-19T04:26:24.506+0000] {logging_mixin.py:151} INFO - [2023-10-19T04:26:24.505+0000] {dagbag.py:539} INFO - Filling up the DagBag from /opt/airflow/dags/demo.py
[2023-10-19T04:26:24.519+0000] {processor.py:839} INFO - DAG(s) dict_keys(['demo']) retrieved from /opt/airflow/dags/demo.py
[2023-10-19T04:26:24.555+0000] {logging_mixin.py:151} INFO - [2023-10-19T04:26:24.555+0000] {dag.py:2915} INFO - Sync 1 DAGs
[2023-10-19T04:26:24.584+0000] {logging_mixin.py:151} INFO - [2023-10-19T04:26:24.584+0000] {dag.py:3696} INFO - Setting next_dagrun for demo to 2022-01-01T00:00:00+00:00, run_after=2022-01-02T00:00:00+00:00
[2023-10-19T04:26:24.603+0000] {processor.py:179} INFO - Processing /opt/airflow/dags/demo.py took 0.108 seconds
[2023-10-19T04:26:54.916+0000] {processor.py:157} INFO - Started process (PID=426) to work on /opt/airflow/dags/demo.py
[2023-10-19T04:26:54.917+0000] {processor.py:829} INFO - Processing file /opt/airflow/dags/demo.py for tasks to queue
[2023-10-19T04:26:54.919+0000] {logging_mixin.py:151} INFO - [2023-10-19T04:26:54.919+0000] {dagbag.py:539} INFO - Filling up the DagBag from /opt/airflow/dags/demo.py
[2023-10-19T04:26:54.933+0000] {processor.py:839} INFO - DAG(s) dict_keys(['demo']) retrieved from /opt/airflow/dags/demo.py
[2023-10-19T04:26:54.962+0000] {logging_mixin.py:151} INFO - [2023-10-19T04:26:54.962+0000] {dag.py:2915} INFO - Sync 1 DAGs
[2023-10-19T04:26:54.988+0000] {logging_mixin.py:151} INFO - [2023-10-19T04:26:54.988+0000] {dag.py:3696} INFO - Setting next_dagrun for demo to 2022-01-01T00:00:00+00:00, run_after=2022-01-02T00:00:00+00:00
[2023-10-19T04:26:55.011+0000] {processor.py:179} INFO - Processing /opt/airflow/dags/demo.py took 0.101 seconds
[2023-10-19T04:27:25.452+0000] {processor.py:157} INFO - Started process (PID=440) to work on /opt/airflow/dags/demo.py
[2023-10-19T04:27:25.453+0000] {processor.py:829} INFO - Processing file /opt/airflow/dags/demo.py for tasks to queue
[2023-10-19T04:27:25.456+0000] {logging_mixin.py:151} INFO - [2023-10-19T04:27:25.456+0000] {dagbag.py:539} INFO - Filling up the DagBag from /opt/airflow/dags/demo.py
[2023-10-19T04:27:25.469+0000] {processor.py:839} INFO - DAG(s) dict_keys(['demo']) retrieved from /opt/airflow/dags/demo.py
[2023-10-19T04:27:25.503+0000] {logging_mixin.py:151} INFO - [2023-10-19T04:27:25.503+0000] {dag.py:2915} INFO - Sync 1 DAGs
[2023-10-19T04:27:25.533+0000] {logging_mixin.py:151} INFO - [2023-10-19T04:27:25.533+0000] {dag.py:3696} INFO - Setting next_dagrun for demo to 2022-01-01T00:00:00+00:00, run_after=2022-01-02T00:00:00+00:00
[2023-10-19T04:27:25.568+0000] {processor.py:179} INFO - Processing /opt/airflow/dags/demo.py took 0.120 seconds
[2023-10-19T04:27:55.943+0000] {processor.py:157} INFO - Started process (PID=458) to work on /opt/airflow/dags/demo.py
[2023-10-19T04:27:55.945+0000] {processor.py:829} INFO - Processing file /opt/airflow/dags/demo.py for tasks to queue
[2023-10-19T04:27:55.948+0000] {logging_mixin.py:151} INFO - [2023-10-19T04:27:55.947+0000] {dagbag.py:539} INFO - Filling up the DagBag from /opt/airflow/dags/demo.py
[2023-10-19T04:27:55.961+0000] {processor.py:839} INFO - DAG(s) dict_keys(['demo']) retrieved from /opt/airflow/dags/demo.py
[2023-10-19T04:27:55.991+0000] {logging_mixin.py:151} INFO - [2023-10-19T04:27:55.991+0000] {dag.py:2915} INFO - Sync 1 DAGs
[2023-10-19T04:27:56.015+0000] {logging_mixin.py:151} INFO - [2023-10-19T04:27:56.015+0000] {dag.py:3696} INFO - Setting next_dagrun for demo to 2022-01-01T00:00:00+00:00, run_after=2022-01-02T00:00:00+00:00
[2023-10-19T04:27:56.033+0000] {processor.py:179} INFO - Processing /opt/airflow/dags/demo.py took 0.095 seconds
[2023-10-19T04:28:26.319+0000] {processor.py:157} INFO - Started process (PID=478) to work on /opt/airflow/dags/demo.py
[2023-10-19T04:28:26.321+0000] {processor.py:829} INFO - Processing file /opt/airflow/dags/demo.py for tasks to queue
[2023-10-19T04:28:26.324+0000] {logging_mixin.py:151} INFO - [2023-10-19T04:28:26.323+0000] {dagbag.py:539} INFO - Filling up the DagBag from /opt/airflow/dags/demo.py
[2023-10-19T04:28:26.337+0000] {processor.py:839} INFO - DAG(s) dict_keys(['demo']) retrieved from /opt/airflow/dags/demo.py
[2023-10-19T04:28:26.373+0000] {logging_mixin.py:151} INFO - [2023-10-19T04:28:26.372+0000] {dag.py:2915} INFO - Sync 1 DAGs
[2023-10-19T04:28:26.409+0000] {logging_mixin.py:151} INFO - [2023-10-19T04:28:26.408+0000] {dag.py:3696} INFO - Setting next_dagrun for demo to 2022-01-01T00:00:00+00:00, run_after=2022-01-02T00:00:00+00:00
[2023-10-19T04:28:26.433+0000] {processor.py:179} INFO - Processing /opt/airflow/dags/demo.py took 0.119 seconds
[2023-10-19T04:28:56.701+0000] {processor.py:157} INFO - Started process (PID=498) to work on /opt/airflow/dags/demo.py
[2023-10-19T04:28:56.702+0000] {processor.py:829} INFO - Processing file /opt/airflow/dags/demo.py for tasks to queue
[2023-10-19T04:28:56.705+0000] {logging_mixin.py:151} INFO - [2023-10-19T04:28:56.705+0000] {dagbag.py:539} INFO - Filling up the DagBag from /opt/airflow/dags/demo.py
[2023-10-19T04:28:56.718+0000] {processor.py:839} INFO - DAG(s) dict_keys(['demo']) retrieved from /opt/airflow/dags/demo.py
[2023-10-19T04:28:56.747+0000] {logging_mixin.py:151} INFO - [2023-10-19T04:28:56.747+0000] {dag.py:2915} INFO - Sync 1 DAGs
[2023-10-19T04:28:56.773+0000] {logging_mixin.py:151} INFO - [2023-10-19T04:28:56.773+0000] {dag.py:3696} INFO - Setting next_dagrun for demo to 2022-01-01T00:00:00+00:00, run_after=2022-01-02T00:00:00+00:00
[2023-10-19T04:28:56.792+0000] {processor.py:179} INFO - Processing /opt/airflow/dags/demo.py took 0.095 seconds
[2023-10-19T04:29:26.845+0000] {processor.py:157} INFO - Started process (PID=518) to work on /opt/airflow/dags/demo.py
[2023-10-19T04:29:26.847+0000] {processor.py:829} INFO - Processing file /opt/airflow/dags/demo.py for tasks to queue
[2023-10-19T04:29:26.850+0000] {logging_mixin.py:151} INFO - [2023-10-19T04:29:26.850+0000] {dagbag.py:539} INFO - Filling up the DagBag from /opt/airflow/dags/demo.py
[2023-10-19T04:29:26.867+0000] {processor.py:839} INFO - DAG(s) dict_keys(['demo']) retrieved from /opt/airflow/dags/demo.py
[2023-10-19T04:29:26.904+0000] {logging_mixin.py:151} INFO - [2023-10-19T04:29:26.904+0000] {dag.py:2915} INFO - Sync 1 DAGs
[2023-10-19T04:29:26.938+0000] {logging_mixin.py:151} INFO - [2023-10-19T04:29:26.938+0000] {dag.py:3696} INFO - Setting next_dagrun for demo to 2022-01-01T00:00:00+00:00, run_after=2022-01-02T00:00:00+00:00
[2023-10-19T04:29:26.959+0000] {processor.py:179} INFO - Processing /opt/airflow/dags/demo.py took 0.120 seconds
[2023-10-19T04:29:57.205+0000] {processor.py:157} INFO - Started process (PID=538) to work on /opt/airflow/dags/demo.py
[2023-10-19T04:29:57.206+0000] {processor.py:829} INFO - Processing file /opt/airflow/dags/demo.py for tasks to queue
[2023-10-19T04:29:57.209+0000] {logging_mixin.py:151} INFO - [2023-10-19T04:29:57.209+0000] {dagbag.py:539} INFO - Filling up the DagBag from /opt/airflow/dags/demo.py
[2023-10-19T04:29:57.224+0000] {processor.py:839} INFO - DAG(s) dict_keys(['demo']) retrieved from /opt/airflow/dags/demo.py
[2023-10-19T04:29:57.260+0000] {logging_mixin.py:151} INFO - [2023-10-19T04:29:57.259+0000] {dag.py:2915} INFO - Sync 1 DAGs
[2023-10-19T04:29:57.289+0000] {logging_mixin.py:151} INFO - [2023-10-19T04:29:57.288+0000] {dag.py:3696} INFO - Setting next_dagrun for demo to 2022-01-01T00:00:00+00:00, run_after=2022-01-02T00:00:00+00:00
[2023-10-19T04:29:57.317+0000] {processor.py:179} INFO - Processing /opt/airflow/dags/demo.py took 0.118 seconds
[2023-10-19T04:30:27.437+0000] {processor.py:157} INFO - Started process (PID=558) to work on /opt/airflow/dags/demo.py
[2023-10-19T04:30:27.439+0000] {processor.py:829} INFO - Processing file /opt/airflow/dags/demo.py for tasks to queue
[2023-10-19T04:30:27.444+0000] {logging_mixin.py:151} INFO - [2023-10-19T04:30:27.444+0000] {dagbag.py:539} INFO - Filling up the DagBag from /opt/airflow/dags/demo.py
[2023-10-19T04:30:27.459+0000] {processor.py:839} INFO - DAG(s) dict_keys(['demo']) retrieved from /opt/airflow/dags/demo.py
[2023-10-19T04:30:27.493+0000] {logging_mixin.py:151} INFO - [2023-10-19T04:30:27.493+0000] {dag.py:2915} INFO - Sync 1 DAGs
[2023-10-19T04:30:27.522+0000] {logging_mixin.py:151} INFO - [2023-10-19T04:30:27.522+0000] {dag.py:3696} INFO - Setting next_dagrun for demo to 2022-01-01T00:00:00+00:00, run_after=2022-01-02T00:00:00+00:00
[2023-10-19T04:30:27.552+0000] {processor.py:179} INFO - Processing /opt/airflow/dags/demo.py took 0.122 seconds
[2023-10-19T04:30:57.755+0000] {processor.py:157} INFO - Started process (PID=578) to work on /opt/airflow/dags/demo.py
[2023-10-19T04:30:57.756+0000] {processor.py:829} INFO - Processing file /opt/airflow/dags/demo.py for tasks to queue
[2023-10-19T04:30:57.760+0000] {logging_mixin.py:151} INFO - [2023-10-19T04:30:57.759+0000] {dagbag.py:539} INFO - Filling up the DagBag from /opt/airflow/dags/demo.py
[2023-10-19T04:30:57.773+0000] {processor.py:839} INFO - DAG(s) dict_keys(['demo']) retrieved from /opt/airflow/dags/demo.py
[2023-10-19T04:30:57.803+0000] {logging_mixin.py:151} INFO - [2023-10-19T04:30:57.803+0000] {dag.py:2915} INFO - Sync 1 DAGs
[2023-10-19T04:30:57.829+0000] {logging_mixin.py:151} INFO - [2023-10-19T04:30:57.829+0000] {dag.py:3696} INFO - Setting next_dagrun for demo to 2022-01-01T00:00:00+00:00, run_after=2022-01-02T00:00:00+00:00
[2023-10-19T04:30:57.848+0000] {processor.py:179} INFO - Processing /opt/airflow/dags/demo.py took 0.098 seconds
[2023-10-19T04:31:28.106+0000] {processor.py:157} INFO - Started process (PID=598) to work on /opt/airflow/dags/demo.py
[2023-10-19T04:31:28.107+0000] {processor.py:829} INFO - Processing file /opt/airflow/dags/demo.py for tasks to queue
[2023-10-19T04:31:28.112+0000] {logging_mixin.py:151} INFO - [2023-10-19T04:31:28.111+0000] {dagbag.py:539} INFO - Filling up the DagBag from /opt/airflow/dags/demo.py
[2023-10-19T04:31:28.130+0000] {processor.py:839} INFO - DAG(s) dict_keys(['demo']) retrieved from /opt/airflow/dags/demo.py
[2023-10-19T04:31:28.188+0000] {logging_mixin.py:151} INFO - [2023-10-19T04:31:28.188+0000] {dag.py:2915} INFO - Sync 1 DAGs
[2023-10-19T04:31:28.249+0000] {logging_mixin.py:151} INFO - [2023-10-19T04:31:28.249+0000] {dag.py:3696} INFO - Setting next_dagrun for demo to 2022-01-01T00:00:00+00:00, run_after=2022-01-02T00:00:00+00:00
[2023-10-19T04:31:28.334+0000] {processor.py:179} INFO - Processing /opt/airflow/dags/demo.py took 0.235 seconds
[2023-10-19T06:13:57.795+0000] {processor.py:157} INFO - Started process (PID=111) to work on /opt/airflow/dags/demo.py
[2023-10-19T06:13:57.796+0000] {processor.py:829} INFO - Processing file /opt/airflow/dags/demo.py for tasks to queue
[2023-10-19T06:13:57.799+0000] {logging_mixin.py:151} INFO - [2023-10-19T06:13:57.799+0000] {dagbag.py:539} INFO - Filling up the DagBag from /opt/airflow/dags/demo.py
[2023-10-19T06:13:57.814+0000] {processor.py:839} INFO - DAG(s) dict_keys(['demo']) retrieved from /opt/airflow/dags/demo.py
[2023-10-19T06:13:57.857+0000] {logging_mixin.py:151} INFO - [2023-10-19T06:13:57.856+0000] {dag.py:2915} INFO - Sync 1 DAGs
[2023-10-19T06:13:57.881+0000] {logging_mixin.py:151} INFO - [2023-10-19T06:13:57.880+0000] {dag.py:3696} INFO - Setting next_dagrun for demo to 2022-01-01T00:00:00+00:00, run_after=2022-01-02T00:00:00+00:00
[2023-10-19T06:13:57.899+0000] {processor.py:179} INFO - Processing /opt/airflow/dags/demo.py took 0.110 seconds
