[2023-10-19T04:16:47.254+0000] {processor.py:157} INFO - Started process (PID=35) to work on /opt/airflow/dags/gx.py
[2023-10-19T04:16:47.257+0000] {processor.py:829} INFO - Processing file /opt/airflow/dags/gx.py for tasks to queue
[2023-10-19T04:16:47.262+0000] {logging_mixin.py:151} INFO - [2023-10-19T04:16:47.262+0000] {dagbag.py:539} INFO - Filling up the DagBag from /opt/airflow/dags/gx.py
[2023-10-19T04:16:50.146+0000] {logging_mixin.py:151} INFO - [2023-10-19T04:16:50.145+0000] {warnings.py:109} WARNING - /home/airflow/.local/lib/python3.8/site-packages/snowflake/connector/options.py:103: UserWarning: You have an incompatible version of 'pyarrow' installed (11.0.0), please install a version that adheres to: 'pyarrow<10.1.0,>=10.0.1; extra == "pandas"'
  warn_incompatible_dep(
[2023-10-19T04:16:52.263+0000] {logging_mixin.py:151} INFO - [2023-10-19T04:16:52.262+0000] {warnings.py:109} WARNING - /opt/airflow/dags/gx.py:12: AirflowProviderDeprecationWarning: This class is deprecated.
            Please use `airflow.providers.common.sql.operators.sql.SQLExecuteQueryOperator`.
            Also, you can provide `hook_params={'schema': <database>}`.
  create_table_pg = PostgresOperator(
[2023-10-19T04:16:52.266+0000] {logging_mixin.py:151} INFO - [2023-10-19T04:16:52.265+0000] {warnings.py:109} WARNING - /opt/airflow/dags/gx.py:41: AirflowProviderDeprecationWarning: This class is deprecated.
            Please use `airflow.providers.common.sql.operators.sql.SQLExecuteQueryOperator`.
            Also, you can provide `hook_params={'schema': <database>}`.
  drop_table_pg = PostgresOperator(
[2023-10-19T04:16:52.271+0000] {processor.py:839} INFO - DAG(s) dict_keys(['gx']) retrieved from /opt/airflow/dags/gx.py
[2023-10-19T04:16:52.311+0000] {logging_mixin.py:151} INFO - [2023-10-19T04:16:52.311+0000] {dag.py:2915} INFO - Sync 1 DAGs
[2023-10-19T04:16:52.333+0000] {logging_mixin.py:151} INFO - [2023-10-19T04:16:52.333+0000] {dag.py:3696} INFO - Setting next_dagrun for gx to None, run_after=None
[2023-10-19T04:16:52.368+0000] {processor.py:179} INFO - Processing /opt/airflow/dags/gx.py took 5.122 seconds
[2023-10-19T04:17:22.691+0000] {processor.py:157} INFO - Started process (PID=57) to work on /opt/airflow/dags/gx.py
[2023-10-19T04:17:22.692+0000] {processor.py:829} INFO - Processing file /opt/airflow/dags/gx.py for tasks to queue
[2023-10-19T04:17:22.695+0000] {logging_mixin.py:151} INFO - [2023-10-19T04:17:22.695+0000] {dagbag.py:539} INFO - Filling up the DagBag from /opt/airflow/dags/gx.py
[2023-10-19T04:17:24.387+0000] {logging_mixin.py:151} INFO - [2023-10-19T04:17:24.387+0000] {warnings.py:109} WARNING - /home/airflow/.local/lib/python3.8/site-packages/snowflake/connector/options.py:103: UserWarning: You have an incompatible version of 'pyarrow' installed (11.0.0), please install a version that adheres to: 'pyarrow<10.1.0,>=10.0.1; extra == "pandas"'
  warn_incompatible_dep(
[2023-10-19T04:17:25.790+0000] {logging_mixin.py:151} INFO - [2023-10-19T04:17:25.790+0000] {warnings.py:109} WARNING - /opt/airflow/dags/gx.py:12: AirflowProviderDeprecationWarning: This class is deprecated.
            Please use `airflow.providers.common.sql.operators.sql.SQLExecuteQueryOperator`.
            Also, you can provide `hook_params={'schema': <database>}`.
  create_table_pg = PostgresOperator(
[2023-10-19T04:17:25.792+0000] {logging_mixin.py:151} INFO - [2023-10-19T04:17:25.791+0000] {warnings.py:109} WARNING - /opt/airflow/dags/gx.py:41: AirflowProviderDeprecationWarning: This class is deprecated.
            Please use `airflow.providers.common.sql.operators.sql.SQLExecuteQueryOperator`.
            Also, you can provide `hook_params={'schema': <database>}`.
  drop_table_pg = PostgresOperator(
[2023-10-19T04:17:25.794+0000] {processor.py:839} INFO - DAG(s) dict_keys(['gx']) retrieved from /opt/airflow/dags/gx.py
[2023-10-19T04:17:25.819+0000] {logging_mixin.py:151} INFO - [2023-10-19T04:17:25.819+0000] {dag.py:2915} INFO - Sync 1 DAGs
[2023-10-19T04:17:25.833+0000] {logging_mixin.py:151} INFO - [2023-10-19T04:17:25.833+0000] {dag.py:3696} INFO - Setting next_dagrun for gx to None, run_after=None
[2023-10-19T04:17:25.862+0000] {processor.py:179} INFO - Processing /opt/airflow/dags/gx.py took 3.175 seconds
[2023-10-19T04:17:56.233+0000] {processor.py:157} INFO - Started process (PID=77) to work on /opt/airflow/dags/gx.py
[2023-10-19T04:17:56.238+0000] {processor.py:829} INFO - Processing file /opt/airflow/dags/gx.py for tasks to queue
[2023-10-19T04:17:56.244+0000] {logging_mixin.py:151} INFO - [2023-10-19T04:17:56.243+0000] {dagbag.py:539} INFO - Filling up the DagBag from /opt/airflow/dags/gx.py
[2023-10-19T04:17:57.836+0000] {logging_mixin.py:151} INFO - [2023-10-19T04:17:57.836+0000] {warnings.py:109} WARNING - /home/airflow/.local/lib/python3.8/site-packages/snowflake/connector/options.py:103: UserWarning: You have an incompatible version of 'pyarrow' installed (11.0.0), please install a version that adheres to: 'pyarrow<10.1.0,>=10.0.1; extra == "pandas"'
  warn_incompatible_dep(
[2023-10-19T04:17:59.100+0000] {logging_mixin.py:151} INFO - [2023-10-19T04:17:59.100+0000] {warnings.py:109} WARNING - /opt/airflow/dags/gx.py:12: AirflowProviderDeprecationWarning: This class is deprecated.
            Please use `airflow.providers.common.sql.operators.sql.SQLExecuteQueryOperator`.
            Also, you can provide `hook_params={'schema': <database>}`.
  create_table_pg = PostgresOperator(
[2023-10-19T04:17:59.102+0000] {logging_mixin.py:151} INFO - [2023-10-19T04:17:59.102+0000] {warnings.py:109} WARNING - /opt/airflow/dags/gx.py:41: AirflowProviderDeprecationWarning: This class is deprecated.
            Please use `airflow.providers.common.sql.operators.sql.SQLExecuteQueryOperator`.
            Also, you can provide `hook_params={'schema': <database>}`.
  drop_table_pg = PostgresOperator(
[2023-10-19T04:17:59.105+0000] {processor.py:839} INFO - DAG(s) dict_keys(['gx']) retrieved from /opt/airflow/dags/gx.py
[2023-10-19T04:17:59.129+0000] {logging_mixin.py:151} INFO - [2023-10-19T04:17:59.128+0000] {dag.py:2915} INFO - Sync 1 DAGs
[2023-10-19T04:17:59.141+0000] {logging_mixin.py:151} INFO - [2023-10-19T04:17:59.141+0000] {dag.py:3696} INFO - Setting next_dagrun for gx to None, run_after=None
[2023-10-19T04:17:59.170+0000] {processor.py:179} INFO - Processing /opt/airflow/dags/gx.py took 2.954 seconds
[2023-10-19T04:18:29.627+0000] {processor.py:157} INFO - Started process (PID=97) to work on /opt/airflow/dags/gx.py
[2023-10-19T04:18:29.628+0000] {processor.py:829} INFO - Processing file /opt/airflow/dags/gx.py for tasks to queue
[2023-10-19T04:18:29.631+0000] {logging_mixin.py:151} INFO - [2023-10-19T04:18:29.631+0000] {dagbag.py:539} INFO - Filling up the DagBag from /opt/airflow/dags/gx.py
[2023-10-19T04:18:31.235+0000] {logging_mixin.py:151} INFO - [2023-10-19T04:18:31.234+0000] {warnings.py:109} WARNING - /home/airflow/.local/lib/python3.8/site-packages/snowflake/connector/options.py:103: UserWarning: You have an incompatible version of 'pyarrow' installed (11.0.0), please install a version that adheres to: 'pyarrow<10.1.0,>=10.0.1; extra == "pandas"'
  warn_incompatible_dep(
[2023-10-19T04:18:32.472+0000] {logging_mixin.py:151} INFO - [2023-10-19T04:18:32.472+0000] {warnings.py:109} WARNING - /opt/airflow/dags/gx.py:12: AirflowProviderDeprecationWarning: This class is deprecated.
            Please use `airflow.providers.common.sql.operators.sql.SQLExecuteQueryOperator`.
            Also, you can provide `hook_params={'schema': <database>}`.
  create_table_pg = PostgresOperator(
[2023-10-19T04:18:32.473+0000] {logging_mixin.py:151} INFO - [2023-10-19T04:18:32.473+0000] {warnings.py:109} WARNING - /opt/airflow/dags/gx.py:41: AirflowProviderDeprecationWarning: This class is deprecated.
            Please use `airflow.providers.common.sql.operators.sql.SQLExecuteQueryOperator`.
            Also, you can provide `hook_params={'schema': <database>}`.
  drop_table_pg = PostgresOperator(
[2023-10-19T04:18:32.476+0000] {processor.py:839} INFO - DAG(s) dict_keys(['gx']) retrieved from /opt/airflow/dags/gx.py
[2023-10-19T04:18:32.497+0000] {logging_mixin.py:151} INFO - [2023-10-19T04:18:32.497+0000] {dag.py:2915} INFO - Sync 1 DAGs
[2023-10-19T04:18:32.509+0000] {logging_mixin.py:151} INFO - [2023-10-19T04:18:32.509+0000] {dag.py:3696} INFO - Setting next_dagrun for gx to None, run_after=None
[2023-10-19T04:18:32.535+0000] {processor.py:179} INFO - Processing /opt/airflow/dags/gx.py took 2.912 seconds
[2023-10-19T04:19:03.005+0000] {processor.py:157} INFO - Started process (PID=117) to work on /opt/airflow/dags/gx.py
[2023-10-19T04:19:03.006+0000] {processor.py:829} INFO - Processing file /opt/airflow/dags/gx.py for tasks to queue
[2023-10-19T04:19:03.010+0000] {logging_mixin.py:151} INFO - [2023-10-19T04:19:03.010+0000] {dagbag.py:539} INFO - Filling up the DagBag from /opt/airflow/dags/gx.py
[2023-10-19T04:19:04.619+0000] {logging_mixin.py:151} INFO - [2023-10-19T04:19:04.619+0000] {warnings.py:109} WARNING - /home/airflow/.local/lib/python3.8/site-packages/snowflake/connector/options.py:103: UserWarning: You have an incompatible version of 'pyarrow' installed (11.0.0), please install a version that adheres to: 'pyarrow<10.1.0,>=10.0.1; extra == "pandas"'
  warn_incompatible_dep(
[2023-10-19T04:19:05.837+0000] {logging_mixin.py:151} INFO - [2023-10-19T04:19:05.837+0000] {warnings.py:109} WARNING - /opt/airflow/dags/gx.py:12: AirflowProviderDeprecationWarning: This class is deprecated.
            Please use `airflow.providers.common.sql.operators.sql.SQLExecuteQueryOperator`.
            Also, you can provide `hook_params={'schema': <database>}`.
  create_table_pg = PostgresOperator(
[2023-10-19T04:19:05.839+0000] {logging_mixin.py:151} INFO - [2023-10-19T04:19:05.839+0000] {warnings.py:109} WARNING - /opt/airflow/dags/gx.py:41: AirflowProviderDeprecationWarning: This class is deprecated.
            Please use `airflow.providers.common.sql.operators.sql.SQLExecuteQueryOperator`.
            Also, you can provide `hook_params={'schema': <database>}`.
  drop_table_pg = PostgresOperator(
[2023-10-19T04:19:05.843+0000] {processor.py:839} INFO - DAG(s) dict_keys(['gx']) retrieved from /opt/airflow/dags/gx.py
[2023-10-19T04:19:05.866+0000] {logging_mixin.py:151} INFO - [2023-10-19T04:19:05.866+0000] {dag.py:2915} INFO - Sync 1 DAGs
[2023-10-19T04:19:05.877+0000] {logging_mixin.py:151} INFO - [2023-10-19T04:19:05.877+0000] {dag.py:3696} INFO - Setting next_dagrun for gx to None, run_after=None
[2023-10-19T04:19:05.904+0000] {processor.py:179} INFO - Processing /opt/airflow/dags/gx.py took 2.902 seconds
[2023-10-19T04:19:36.460+0000] {processor.py:157} INFO - Started process (PID=137) to work on /opt/airflow/dags/gx.py
[2023-10-19T04:19:36.461+0000] {processor.py:829} INFO - Processing file /opt/airflow/dags/gx.py for tasks to queue
[2023-10-19T04:19:36.466+0000] {logging_mixin.py:151} INFO - [2023-10-19T04:19:36.465+0000] {dagbag.py:539} INFO - Filling up the DagBag from /opt/airflow/dags/gx.py
[2023-10-19T04:19:38.003+0000] {logging_mixin.py:151} INFO - [2023-10-19T04:19:38.003+0000] {warnings.py:109} WARNING - /home/airflow/.local/lib/python3.8/site-packages/snowflake/connector/options.py:103: UserWarning: You have an incompatible version of 'pyarrow' installed (11.0.0), please install a version that adheres to: 'pyarrow<10.1.0,>=10.0.1; extra == "pandas"'
  warn_incompatible_dep(
[2023-10-19T04:19:39.213+0000] {logging_mixin.py:151} INFO - [2023-10-19T04:19:39.213+0000] {warnings.py:109} WARNING - /opt/airflow/dags/gx.py:12: AirflowProviderDeprecationWarning: This class is deprecated.
            Please use `airflow.providers.common.sql.operators.sql.SQLExecuteQueryOperator`.
            Also, you can provide `hook_params={'schema': <database>}`.
  create_table_pg = PostgresOperator(
[2023-10-19T04:19:39.214+0000] {logging_mixin.py:151} INFO - [2023-10-19T04:19:39.214+0000] {warnings.py:109} WARNING - /opt/airflow/dags/gx.py:41: AirflowProviderDeprecationWarning: This class is deprecated.
            Please use `airflow.providers.common.sql.operators.sql.SQLExecuteQueryOperator`.
            Also, you can provide `hook_params={'schema': <database>}`.
  drop_table_pg = PostgresOperator(
[2023-10-19T04:19:39.217+0000] {processor.py:839} INFO - DAG(s) dict_keys(['gx']) retrieved from /opt/airflow/dags/gx.py
[2023-10-19T04:19:39.240+0000] {logging_mixin.py:151} INFO - [2023-10-19T04:19:39.240+0000] {dag.py:2915} INFO - Sync 1 DAGs
[2023-10-19T04:19:39.253+0000] {logging_mixin.py:151} INFO - [2023-10-19T04:19:39.253+0000] {dag.py:3696} INFO - Setting next_dagrun for gx to None, run_after=None
[2023-10-19T04:19:39.293+0000] {processor.py:179} INFO - Processing /opt/airflow/dags/gx.py took 2.841 seconds
[2023-10-19T04:20:09.897+0000] {processor.py:157} INFO - Started process (PID=164) to work on /opt/airflow/dags/gx.py
[2023-10-19T04:20:09.898+0000] {processor.py:829} INFO - Processing file /opt/airflow/dags/gx.py for tasks to queue
[2023-10-19T04:20:09.903+0000] {logging_mixin.py:151} INFO - [2023-10-19T04:20:09.902+0000] {dagbag.py:539} INFO - Filling up the DagBag from /opt/airflow/dags/gx.py
[2023-10-19T04:20:11.446+0000] {logging_mixin.py:151} INFO - [2023-10-19T04:20:11.445+0000] {warnings.py:109} WARNING - /home/airflow/.local/lib/python3.8/site-packages/snowflake/connector/options.py:103: UserWarning: You have an incompatible version of 'pyarrow' installed (11.0.0), please install a version that adheres to: 'pyarrow<10.1.0,>=10.0.1; extra == "pandas"'
  warn_incompatible_dep(
[2023-10-19T04:20:12.609+0000] {logging_mixin.py:151} INFO - [2023-10-19T04:20:12.609+0000] {warnings.py:109} WARNING - /opt/airflow/dags/gx.py:12: AirflowProviderDeprecationWarning: This class is deprecated.
            Please use `airflow.providers.common.sql.operators.sql.SQLExecuteQueryOperator`.
            Also, you can provide `hook_params={'schema': <database>}`.
  create_table_pg = PostgresOperator(
[2023-10-19T04:20:12.610+0000] {logging_mixin.py:151} INFO - [2023-10-19T04:20:12.610+0000] {warnings.py:109} WARNING - /opt/airflow/dags/gx.py:41: AirflowProviderDeprecationWarning: This class is deprecated.
            Please use `airflow.providers.common.sql.operators.sql.SQLExecuteQueryOperator`.
            Also, you can provide `hook_params={'schema': <database>}`.
  drop_table_pg = PostgresOperator(
[2023-10-19T04:20:12.623+0000] {processor.py:839} INFO - DAG(s) dict_keys(['gx']) retrieved from /opt/airflow/dags/gx.py
[2023-10-19T04:20:12.647+0000] {logging_mixin.py:151} INFO - [2023-10-19T04:20:12.647+0000] {dag.py:2915} INFO - Sync 1 DAGs
[2023-10-19T04:20:12.659+0000] {logging_mixin.py:151} INFO - [2023-10-19T04:20:12.659+0000] {dag.py:3696} INFO - Setting next_dagrun for gx to None, run_after=None
[2023-10-19T04:20:12.674+0000] {processor.py:179} INFO - Processing /opt/airflow/dags/gx.py took 2.787 seconds
[2023-10-19T04:20:43.196+0000] {processor.py:157} INFO - Started process (PID=184) to work on /opt/airflow/dags/gx.py
[2023-10-19T04:20:43.199+0000] {processor.py:829} INFO - Processing file /opt/airflow/dags/gx.py for tasks to queue
[2023-10-19T04:20:43.203+0000] {logging_mixin.py:151} INFO - [2023-10-19T04:20:43.203+0000] {dagbag.py:539} INFO - Filling up the DagBag from /opt/airflow/dags/gx.py
[2023-10-19T04:20:44.734+0000] {logging_mixin.py:151} INFO - [2023-10-19T04:20:44.734+0000] {warnings.py:109} WARNING - /home/airflow/.local/lib/python3.8/site-packages/snowflake/connector/options.py:103: UserWarning: You have an incompatible version of 'pyarrow' installed (11.0.0), please install a version that adheres to: 'pyarrow<10.1.0,>=10.0.1; extra == "pandas"'
  warn_incompatible_dep(
[2023-10-19T04:20:45.928+0000] {logging_mixin.py:151} INFO - [2023-10-19T04:20:45.928+0000] {warnings.py:109} WARNING - /opt/airflow/dags/gx.py:12: AirflowProviderDeprecationWarning: This class is deprecated.
            Please use `airflow.providers.common.sql.operators.sql.SQLExecuteQueryOperator`.
            Also, you can provide `hook_params={'schema': <database>}`.
  create_table_pg = PostgresOperator(
[2023-10-19T04:20:45.929+0000] {logging_mixin.py:151} INFO - [2023-10-19T04:20:45.929+0000] {warnings.py:109} WARNING - /opt/airflow/dags/gx.py:41: AirflowProviderDeprecationWarning: This class is deprecated.
            Please use `airflow.providers.common.sql.operators.sql.SQLExecuteQueryOperator`.
            Also, you can provide `hook_params={'schema': <database>}`.
  drop_table_pg = PostgresOperator(
[2023-10-19T04:20:45.932+0000] {processor.py:839} INFO - DAG(s) dict_keys(['gx']) retrieved from /opt/airflow/dags/gx.py
[2023-10-19T04:20:45.956+0000] {logging_mixin.py:151} INFO - [2023-10-19T04:20:45.956+0000] {dag.py:2915} INFO - Sync 1 DAGs
[2023-10-19T04:20:45.969+0000] {logging_mixin.py:151} INFO - [2023-10-19T04:20:45.968+0000] {dag.py:3696} INFO - Setting next_dagrun for gx to None, run_after=None
[2023-10-19T04:20:45.985+0000] {processor.py:179} INFO - Processing /opt/airflow/dags/gx.py took 2.800 seconds
[2023-10-19T04:21:16.516+0000] {processor.py:157} INFO - Started process (PID=205) to work on /opt/airflow/dags/gx.py
[2023-10-19T04:21:16.519+0000] {processor.py:829} INFO - Processing file /opt/airflow/dags/gx.py for tasks to queue
[2023-10-19T04:21:16.524+0000] {logging_mixin.py:151} INFO - [2023-10-19T04:21:16.523+0000] {dagbag.py:539} INFO - Filling up the DagBag from /opt/airflow/dags/gx.py
[2023-10-19T04:21:18.154+0000] {logging_mixin.py:151} INFO - [2023-10-19T04:21:18.154+0000] {warnings.py:109} WARNING - /home/airflow/.local/lib/python3.8/site-packages/snowflake/connector/options.py:103: UserWarning: You have an incompatible version of 'pyarrow' installed (11.0.0), please install a version that adheres to: 'pyarrow<10.1.0,>=10.0.1; extra == "pandas"'
  warn_incompatible_dep(
[2023-10-19T04:21:19.465+0000] {logging_mixin.py:151} INFO - [2023-10-19T04:21:19.465+0000] {warnings.py:109} WARNING - /opt/airflow/dags/gx.py:12: AirflowProviderDeprecationWarning: This class is deprecated.
            Please use `airflow.providers.common.sql.operators.sql.SQLExecuteQueryOperator`.
            Also, you can provide `hook_params={'schema': <database>}`.
  create_table_pg = PostgresOperator(
[2023-10-19T04:21:19.467+0000] {logging_mixin.py:151} INFO - [2023-10-19T04:21:19.467+0000] {warnings.py:109} WARNING - /opt/airflow/dags/gx.py:41: AirflowProviderDeprecationWarning: This class is deprecated.
            Please use `airflow.providers.common.sql.operators.sql.SQLExecuteQueryOperator`.
            Also, you can provide `hook_params={'schema': <database>}`.
  drop_table_pg = PostgresOperator(
[2023-10-19T04:21:19.470+0000] {processor.py:839} INFO - DAG(s) dict_keys(['gx']) retrieved from /opt/airflow/dags/gx.py
[2023-10-19T04:21:19.497+0000] {logging_mixin.py:151} INFO - [2023-10-19T04:21:19.497+0000] {dag.py:2915} INFO - Sync 1 DAGs
[2023-10-19T04:21:19.511+0000] {logging_mixin.py:151} INFO - [2023-10-19T04:21:19.511+0000] {dag.py:3696} INFO - Setting next_dagrun for gx to None, run_after=None
[2023-10-19T04:21:19.540+0000] {processor.py:179} INFO - Processing /opt/airflow/dags/gx.py took 3.038 seconds
[2023-10-19T04:21:49.896+0000] {processor.py:157} INFO - Started process (PID=225) to work on /opt/airflow/dags/gx.py
[2023-10-19T04:21:49.897+0000] {processor.py:829} INFO - Processing file /opt/airflow/dags/gx.py for tasks to queue
[2023-10-19T04:21:49.900+0000] {logging_mixin.py:151} INFO - [2023-10-19T04:21:49.900+0000] {dagbag.py:539} INFO - Filling up the DagBag from /opt/airflow/dags/gx.py
[2023-10-19T04:21:51.983+0000] {logging_mixin.py:151} INFO - [2023-10-19T04:21:51.983+0000] {warnings.py:109} WARNING - /home/airflow/.local/lib/python3.8/site-packages/snowflake/connector/options.py:103: UserWarning: You have an incompatible version of 'pyarrow' installed (11.0.0), please install a version that adheres to: 'pyarrow<10.1.0,>=10.0.1; extra == "pandas"'
  warn_incompatible_dep(
[2023-10-19T04:21:53.506+0000] {logging_mixin.py:151} INFO - [2023-10-19T04:21:53.505+0000] {warnings.py:109} WARNING - /opt/airflow/dags/gx.py:12: AirflowProviderDeprecationWarning: This class is deprecated.
            Please use `airflow.providers.common.sql.operators.sql.SQLExecuteQueryOperator`.
            Also, you can provide `hook_params={'schema': <database>}`.
  create_table_pg = PostgresOperator(
[2023-10-19T04:21:53.508+0000] {logging_mixin.py:151} INFO - [2023-10-19T04:21:53.507+0000] {warnings.py:109} WARNING - /opt/airflow/dags/gx.py:41: AirflowProviderDeprecationWarning: This class is deprecated.
            Please use `airflow.providers.common.sql.operators.sql.SQLExecuteQueryOperator`.
            Also, you can provide `hook_params={'schema': <database>}`.
  drop_table_pg = PostgresOperator(
[2023-10-19T04:21:53.512+0000] {processor.py:839} INFO - DAG(s) dict_keys(['gx']) retrieved from /opt/airflow/dags/gx.py
[2023-10-19T04:21:53.546+0000] {logging_mixin.py:151} INFO - [2023-10-19T04:21:53.546+0000] {dag.py:2915} INFO - Sync 1 DAGs
[2023-10-19T04:21:53.564+0000] {logging_mixin.py:151} INFO - [2023-10-19T04:21:53.564+0000] {dag.py:3696} INFO - Setting next_dagrun for gx to None, run_after=None
[2023-10-19T04:21:53.601+0000] {processor.py:179} INFO - Processing /opt/airflow/dags/gx.py took 3.711 seconds
[2023-10-19T04:22:23.929+0000] {processor.py:157} INFO - Started process (PID=248) to work on /opt/airflow/dags/gx.py
[2023-10-19T04:22:23.931+0000] {processor.py:829} INFO - Processing file /opt/airflow/dags/gx.py for tasks to queue
[2023-10-19T04:22:23.934+0000] {logging_mixin.py:151} INFO - [2023-10-19T04:22:23.934+0000] {dagbag.py:539} INFO - Filling up the DagBag from /opt/airflow/dags/gx.py
[2023-10-19T04:22:25.642+0000] {logging_mixin.py:151} INFO - [2023-10-19T04:22:25.642+0000] {warnings.py:109} WARNING - /home/airflow/.local/lib/python3.8/site-packages/snowflake/connector/options.py:103: UserWarning: You have an incompatible version of 'pyarrow' installed (11.0.0), please install a version that adheres to: 'pyarrow<10.1.0,>=10.0.1; extra == "pandas"'
  warn_incompatible_dep(
[2023-10-19T04:22:26.963+0000] {logging_mixin.py:151} INFO - [2023-10-19T04:22:26.963+0000] {warnings.py:109} WARNING - /opt/airflow/dags/gx.py:12: AirflowProviderDeprecationWarning: This class is deprecated.
            Please use `airflow.providers.common.sql.operators.sql.SQLExecuteQueryOperator`.
            Also, you can provide `hook_params={'schema': <database>}`.
  create_table_pg = PostgresOperator(
[2023-10-19T04:22:26.964+0000] {logging_mixin.py:151} INFO - [2023-10-19T04:22:26.964+0000] {warnings.py:109} WARNING - /opt/airflow/dags/gx.py:41: AirflowProviderDeprecationWarning: This class is deprecated.
            Please use `airflow.providers.common.sql.operators.sql.SQLExecuteQueryOperator`.
            Also, you can provide `hook_params={'schema': <database>}`.
  drop_table_pg = PostgresOperator(
[2023-10-19T04:22:26.967+0000] {processor.py:839} INFO - DAG(s) dict_keys(['gx']) retrieved from /opt/airflow/dags/gx.py
[2023-10-19T04:22:26.990+0000] {logging_mixin.py:151} INFO - [2023-10-19T04:22:26.990+0000] {dag.py:2915} INFO - Sync 1 DAGs
[2023-10-19T04:22:27.012+0000] {logging_mixin.py:151} INFO - [2023-10-19T04:22:27.011+0000] {dag.py:3696} INFO - Setting next_dagrun for gx to None, run_after=None
[2023-10-19T04:22:27.045+0000] {processor.py:179} INFO - Processing /opt/airflow/dags/gx.py took 3.122 seconds
[2023-10-19T04:22:57.443+0000] {processor.py:157} INFO - Started process (PID=270) to work on /opt/airflow/dags/gx.py
[2023-10-19T04:22:57.446+0000] {processor.py:829} INFO - Processing file /opt/airflow/dags/gx.py for tasks to queue
[2023-10-19T04:22:57.451+0000] {logging_mixin.py:151} INFO - [2023-10-19T04:22:57.451+0000] {dagbag.py:539} INFO - Filling up the DagBag from /opt/airflow/dags/gx.py
[2023-10-19T04:22:59.003+0000] {logging_mixin.py:151} INFO - [2023-10-19T04:22:59.003+0000] {warnings.py:109} WARNING - /home/airflow/.local/lib/python3.8/site-packages/snowflake/connector/options.py:103: UserWarning: You have an incompatible version of 'pyarrow' installed (11.0.0), please install a version that adheres to: 'pyarrow<10.1.0,>=10.0.1; extra == "pandas"'
  warn_incompatible_dep(
[2023-10-19T04:23:00.206+0000] {logging_mixin.py:151} INFO - [2023-10-19T04:23:00.205+0000] {warnings.py:109} WARNING - /opt/airflow/dags/gx.py:12: AirflowProviderDeprecationWarning: This class is deprecated.
            Please use `airflow.providers.common.sql.operators.sql.SQLExecuteQueryOperator`.
            Also, you can provide `hook_params={'schema': <database>}`.
  create_table_pg = PostgresOperator(
[2023-10-19T04:23:00.207+0000] {logging_mixin.py:151} INFO - [2023-10-19T04:23:00.207+0000] {warnings.py:109} WARNING - /opt/airflow/dags/gx.py:41: AirflowProviderDeprecationWarning: This class is deprecated.
            Please use `airflow.providers.common.sql.operators.sql.SQLExecuteQueryOperator`.
            Also, you can provide `hook_params={'schema': <database>}`.
  drop_table_pg = PostgresOperator(
[2023-10-19T04:23:00.210+0000] {processor.py:839} INFO - DAG(s) dict_keys(['gx']) retrieved from /opt/airflow/dags/gx.py
[2023-10-19T04:23:00.241+0000] {logging_mixin.py:151} INFO - [2023-10-19T04:23:00.241+0000] {dag.py:2915} INFO - Sync 1 DAGs
[2023-10-19T04:23:00.254+0000] {logging_mixin.py:151} INFO - [2023-10-19T04:23:00.254+0000] {dag.py:3696} INFO - Setting next_dagrun for gx to None, run_after=None
[2023-10-19T04:23:00.282+0000] {processor.py:179} INFO - Processing /opt/airflow/dags/gx.py took 2.854 seconds
[2023-10-19T04:23:30.792+0000] {processor.py:157} INFO - Started process (PID=290) to work on /opt/airflow/dags/gx.py
[2023-10-19T04:23:30.794+0000] {processor.py:829} INFO - Processing file /opt/airflow/dags/gx.py for tasks to queue
[2023-10-19T04:23:30.800+0000] {logging_mixin.py:151} INFO - [2023-10-19T04:23:30.799+0000] {dagbag.py:539} INFO - Filling up the DagBag from /opt/airflow/dags/gx.py
[2023-10-19T04:23:32.365+0000] {logging_mixin.py:151} INFO - [2023-10-19T04:23:32.364+0000] {warnings.py:109} WARNING - /home/airflow/.local/lib/python3.8/site-packages/snowflake/connector/options.py:103: UserWarning: You have an incompatible version of 'pyarrow' installed (11.0.0), please install a version that adheres to: 'pyarrow<10.1.0,>=10.0.1; extra == "pandas"'
  warn_incompatible_dep(
[2023-10-19T04:23:33.566+0000] {logging_mixin.py:151} INFO - [2023-10-19T04:23:33.565+0000] {warnings.py:109} WARNING - /opt/airflow/dags/gx.py:12: AirflowProviderDeprecationWarning: This class is deprecated.
            Please use `airflow.providers.common.sql.operators.sql.SQLExecuteQueryOperator`.
            Also, you can provide `hook_params={'schema': <database>}`.
  create_table_pg = PostgresOperator(
[2023-10-19T04:23:33.567+0000] {logging_mixin.py:151} INFO - [2023-10-19T04:23:33.567+0000] {warnings.py:109} WARNING - /opt/airflow/dags/gx.py:41: AirflowProviderDeprecationWarning: This class is deprecated.
            Please use `airflow.providers.common.sql.operators.sql.SQLExecuteQueryOperator`.
            Also, you can provide `hook_params={'schema': <database>}`.
  drop_table_pg = PostgresOperator(
[2023-10-19T04:23:33.570+0000] {processor.py:839} INFO - DAG(s) dict_keys(['gx']) retrieved from /opt/airflow/dags/gx.py
[2023-10-19T04:23:33.596+0000] {logging_mixin.py:151} INFO - [2023-10-19T04:23:33.596+0000] {dag.py:2915} INFO - Sync 1 DAGs
[2023-10-19T04:23:33.611+0000] {logging_mixin.py:151} INFO - [2023-10-19T04:23:33.610+0000] {dag.py:3696} INFO - Setting next_dagrun for gx to None, run_after=None
[2023-10-19T04:23:33.644+0000] {processor.py:179} INFO - Processing /opt/airflow/dags/gx.py took 2.864 seconds
[2023-10-19T04:24:04.181+0000] {processor.py:157} INFO - Started process (PID=310) to work on /opt/airflow/dags/gx.py
[2023-10-19T04:24:04.182+0000] {processor.py:829} INFO - Processing file /opt/airflow/dags/gx.py for tasks to queue
[2023-10-19T04:24:04.184+0000] {logging_mixin.py:151} INFO - [2023-10-19T04:24:04.184+0000] {dagbag.py:539} INFO - Filling up the DagBag from /opt/airflow/dags/gx.py
[2023-10-19T04:24:05.817+0000] {logging_mixin.py:151} INFO - [2023-10-19T04:24:05.816+0000] {warnings.py:109} WARNING - /home/airflow/.local/lib/python3.8/site-packages/snowflake/connector/options.py:103: UserWarning: You have an incompatible version of 'pyarrow' installed (11.0.0), please install a version that adheres to: 'pyarrow<10.1.0,>=10.0.1; extra == "pandas"'
  warn_incompatible_dep(
[2023-10-19T04:24:07.121+0000] {logging_mixin.py:151} INFO - [2023-10-19T04:24:07.121+0000] {warnings.py:109} WARNING - /opt/airflow/dags/gx.py:12: AirflowProviderDeprecationWarning: This class is deprecated.
            Please use `airflow.providers.common.sql.operators.sql.SQLExecuteQueryOperator`.
            Also, you can provide `hook_params={'schema': <database>}`.
  create_table_pg = PostgresOperator(
[2023-10-19T04:24:07.123+0000] {logging_mixin.py:151} INFO - [2023-10-19T04:24:07.123+0000] {warnings.py:109} WARNING - /opt/airflow/dags/gx.py:41: AirflowProviderDeprecationWarning: This class is deprecated.
            Please use `airflow.providers.common.sql.operators.sql.SQLExecuteQueryOperator`.
            Also, you can provide `hook_params={'schema': <database>}`.
  drop_table_pg = PostgresOperator(
[2023-10-19T04:24:07.126+0000] {processor.py:839} INFO - DAG(s) dict_keys(['gx']) retrieved from /opt/airflow/dags/gx.py
[2023-10-19T04:24:07.148+0000] {logging_mixin.py:151} INFO - [2023-10-19T04:24:07.148+0000] {dag.py:2915} INFO - Sync 1 DAGs
[2023-10-19T04:24:07.162+0000] {logging_mixin.py:151} INFO - [2023-10-19T04:24:07.161+0000] {dag.py:3696} INFO - Setting next_dagrun for gx to None, run_after=None
[2023-10-19T04:24:07.189+0000] {processor.py:179} INFO - Processing /opt/airflow/dags/gx.py took 3.011 seconds
[2023-10-19T04:24:37.656+0000] {processor.py:157} INFO - Started process (PID=330) to work on /opt/airflow/dags/gx.py
[2023-10-19T04:24:37.657+0000] {processor.py:829} INFO - Processing file /opt/airflow/dags/gx.py for tasks to queue
[2023-10-19T04:24:37.662+0000] {logging_mixin.py:151} INFO - [2023-10-19T04:24:37.661+0000] {dagbag.py:539} INFO - Filling up the DagBag from /opt/airflow/dags/gx.py
[2023-10-19T04:24:39.308+0000] {logging_mixin.py:151} INFO - [2023-10-19T04:24:39.307+0000] {warnings.py:109} WARNING - /home/airflow/.local/lib/python3.8/site-packages/snowflake/connector/options.py:103: UserWarning: You have an incompatible version of 'pyarrow' installed (11.0.0), please install a version that adheres to: 'pyarrow<10.1.0,>=10.0.1; extra == "pandas"'
  warn_incompatible_dep(
[2023-10-19T04:24:40.478+0000] {logging_mixin.py:151} INFO - [2023-10-19T04:24:40.478+0000] {warnings.py:109} WARNING - /opt/airflow/dags/gx.py:12: AirflowProviderDeprecationWarning: This class is deprecated.
            Please use `airflow.providers.common.sql.operators.sql.SQLExecuteQueryOperator`.
            Also, you can provide `hook_params={'schema': <database>}`.
  create_table_pg = PostgresOperator(
[2023-10-19T04:24:40.479+0000] {logging_mixin.py:151} INFO - [2023-10-19T04:24:40.479+0000] {warnings.py:109} WARNING - /opt/airflow/dags/gx.py:41: AirflowProviderDeprecationWarning: This class is deprecated.
            Please use `airflow.providers.common.sql.operators.sql.SQLExecuteQueryOperator`.
            Also, you can provide `hook_params={'schema': <database>}`.
  drop_table_pg = PostgresOperator(
[2023-10-19T04:24:40.481+0000] {processor.py:839} INFO - DAG(s) dict_keys(['gx']) retrieved from /opt/airflow/dags/gx.py
[2023-10-19T04:24:40.502+0000] {logging_mixin.py:151} INFO - [2023-10-19T04:24:40.502+0000] {dag.py:2915} INFO - Sync 1 DAGs
[2023-10-19T04:24:40.513+0000] {logging_mixin.py:151} INFO - [2023-10-19T04:24:40.513+0000] {dag.py:3696} INFO - Setting next_dagrun for gx to None, run_after=None
[2023-10-19T04:24:40.528+0000] {processor.py:179} INFO - Processing /opt/airflow/dags/gx.py took 2.878 seconds
[2023-10-19T04:25:11.100+0000] {processor.py:157} INFO - Started process (PID=357) to work on /opt/airflow/dags/gx.py
[2023-10-19T04:25:11.102+0000] {processor.py:829} INFO - Processing file /opt/airflow/dags/gx.py for tasks to queue
[2023-10-19T04:25:11.105+0000] {logging_mixin.py:151} INFO - [2023-10-19T04:25:11.105+0000] {dagbag.py:539} INFO - Filling up the DagBag from /opt/airflow/dags/gx.py
[2023-10-19T04:25:12.672+0000] {logging_mixin.py:151} INFO - [2023-10-19T04:25:12.671+0000] {warnings.py:109} WARNING - /home/airflow/.local/lib/python3.8/site-packages/snowflake/connector/options.py:103: UserWarning: You have an incompatible version of 'pyarrow' installed (11.0.0), please install a version that adheres to: 'pyarrow<10.1.0,>=10.0.1; extra == "pandas"'
  warn_incompatible_dep(
[2023-10-19T04:25:13.855+0000] {logging_mixin.py:151} INFO - [2023-10-19T04:25:13.855+0000] {warnings.py:109} WARNING - /opt/airflow/dags/gx.py:12: AirflowProviderDeprecationWarning: This class is deprecated.
            Please use `airflow.providers.common.sql.operators.sql.SQLExecuteQueryOperator`.
            Also, you can provide `hook_params={'schema': <database>}`.
  create_table_pg = PostgresOperator(
[2023-10-19T04:25:13.856+0000] {logging_mixin.py:151} INFO - [2023-10-19T04:25:13.856+0000] {warnings.py:109} WARNING - /opt/airflow/dags/gx.py:41: AirflowProviderDeprecationWarning: This class is deprecated.
            Please use `airflow.providers.common.sql.operators.sql.SQLExecuteQueryOperator`.
            Also, you can provide `hook_params={'schema': <database>}`.
  drop_table_pg = PostgresOperator(
[2023-10-19T04:25:13.859+0000] {processor.py:839} INFO - DAG(s) dict_keys(['gx']) retrieved from /opt/airflow/dags/gx.py
[2023-10-19T04:25:13.879+0000] {logging_mixin.py:151} INFO - [2023-10-19T04:25:13.879+0000] {dag.py:2915} INFO - Sync 1 DAGs
[2023-10-19T04:25:13.891+0000] {logging_mixin.py:151} INFO - [2023-10-19T04:25:13.891+0000] {dag.py:3696} INFO - Setting next_dagrun for gx to None, run_after=None
[2023-10-19T04:25:13.918+0000] {processor.py:179} INFO - Processing /opt/airflow/dags/gx.py took 2.826 seconds
[2023-10-19T04:25:44.334+0000] {processor.py:157} INFO - Started process (PID=377) to work on /opt/airflow/dags/gx.py
[2023-10-19T04:25:44.335+0000] {processor.py:829} INFO - Processing file /opt/airflow/dags/gx.py for tasks to queue
[2023-10-19T04:25:44.338+0000] {logging_mixin.py:151} INFO - [2023-10-19T04:25:44.338+0000] {dagbag.py:539} INFO - Filling up the DagBag from /opt/airflow/dags/gx.py
[2023-10-19T04:25:45.881+0000] {logging_mixin.py:151} INFO - [2023-10-19T04:25:45.880+0000] {warnings.py:109} WARNING - /home/airflow/.local/lib/python3.8/site-packages/snowflake/connector/options.py:103: UserWarning: You have an incompatible version of 'pyarrow' installed (11.0.0), please install a version that adheres to: 'pyarrow<10.1.0,>=10.0.1; extra == "pandas"'
  warn_incompatible_dep(
[2023-10-19T04:25:47.073+0000] {logging_mixin.py:151} INFO - [2023-10-19T04:25:47.073+0000] {warnings.py:109} WARNING - /opt/airflow/dags/gx.py:12: AirflowProviderDeprecationWarning: This class is deprecated.
            Please use `airflow.providers.common.sql.operators.sql.SQLExecuteQueryOperator`.
            Also, you can provide `hook_params={'schema': <database>}`.
  create_table_pg = PostgresOperator(
[2023-10-19T04:25:47.074+0000] {logging_mixin.py:151} INFO - [2023-10-19T04:25:47.074+0000] {warnings.py:109} WARNING - /opt/airflow/dags/gx.py:41: AirflowProviderDeprecationWarning: This class is deprecated.
            Please use `airflow.providers.common.sql.operators.sql.SQLExecuteQueryOperator`.
            Also, you can provide `hook_params={'schema': <database>}`.
  drop_table_pg = PostgresOperator(
[2023-10-19T04:25:47.077+0000] {processor.py:839} INFO - DAG(s) dict_keys(['gx']) retrieved from /opt/airflow/dags/gx.py
[2023-10-19T04:25:47.097+0000] {logging_mixin.py:151} INFO - [2023-10-19T04:25:47.097+0000] {dag.py:2915} INFO - Sync 1 DAGs
[2023-10-19T04:25:47.109+0000] {logging_mixin.py:151} INFO - [2023-10-19T04:25:47.109+0000] {dag.py:3696} INFO - Setting next_dagrun for gx to None, run_after=None
[2023-10-19T04:25:47.124+0000] {processor.py:179} INFO - Processing /opt/airflow/dags/gx.py took 2.795 seconds
[2023-10-19T04:26:17.601+0000] {processor.py:157} INFO - Started process (PID=397) to work on /opt/airflow/dags/gx.py
[2023-10-19T04:26:17.602+0000] {processor.py:829} INFO - Processing file /opt/airflow/dags/gx.py for tasks to queue
[2023-10-19T04:26:17.606+0000] {logging_mixin.py:151} INFO - [2023-10-19T04:26:17.605+0000] {dagbag.py:539} INFO - Filling up the DagBag from /opt/airflow/dags/gx.py
[2023-10-19T04:26:19.141+0000] {logging_mixin.py:151} INFO - [2023-10-19T04:26:19.141+0000] {warnings.py:109} WARNING - /home/airflow/.local/lib/python3.8/site-packages/snowflake/connector/options.py:103: UserWarning: You have an incompatible version of 'pyarrow' installed (11.0.0), please install a version that adheres to: 'pyarrow<10.1.0,>=10.0.1; extra == "pandas"'
  warn_incompatible_dep(
[2023-10-19T04:26:20.371+0000] {logging_mixin.py:151} INFO - [2023-10-19T04:26:20.371+0000] {warnings.py:109} WARNING - /opt/airflow/dags/gx.py:12: AirflowProviderDeprecationWarning: This class is deprecated.
            Please use `airflow.providers.common.sql.operators.sql.SQLExecuteQueryOperator`.
            Also, you can provide `hook_params={'schema': <database>}`.
  create_table_pg = PostgresOperator(
[2023-10-19T04:26:20.372+0000] {logging_mixin.py:151} INFO - [2023-10-19T04:26:20.372+0000] {warnings.py:109} WARNING - /opt/airflow/dags/gx.py:41: AirflowProviderDeprecationWarning: This class is deprecated.
            Please use `airflow.providers.common.sql.operators.sql.SQLExecuteQueryOperator`.
            Also, you can provide `hook_params={'schema': <database>}`.
  drop_table_pg = PostgresOperator(
[2023-10-19T04:26:20.375+0000] {processor.py:839} INFO - DAG(s) dict_keys(['gx']) retrieved from /opt/airflow/dags/gx.py
[2023-10-19T04:26:20.397+0000] {logging_mixin.py:151} INFO - [2023-10-19T04:26:20.397+0000] {dag.py:2915} INFO - Sync 1 DAGs
[2023-10-19T04:26:20.408+0000] {logging_mixin.py:151} INFO - [2023-10-19T04:26:20.408+0000] {dag.py:3696} INFO - Setting next_dagrun for gx to None, run_after=None
[2023-10-19T04:26:20.425+0000] {processor.py:179} INFO - Processing /opt/airflow/dags/gx.py took 2.832 seconds
[2023-10-19T04:26:50.941+0000] {processor.py:157} INFO - Started process (PID=417) to work on /opt/airflow/dags/gx.py
[2023-10-19T04:26:50.943+0000] {processor.py:829} INFO - Processing file /opt/airflow/dags/gx.py for tasks to queue
[2023-10-19T04:26:50.946+0000] {logging_mixin.py:151} INFO - [2023-10-19T04:26:50.945+0000] {dagbag.py:539} INFO - Filling up the DagBag from /opt/airflow/dags/gx.py
[2023-10-19T04:26:52.543+0000] {logging_mixin.py:151} INFO - [2023-10-19T04:26:52.543+0000] {warnings.py:109} WARNING - /home/airflow/.local/lib/python3.8/site-packages/snowflake/connector/options.py:103: UserWarning: You have an incompatible version of 'pyarrow' installed (11.0.0), please install a version that adheres to: 'pyarrow<10.1.0,>=10.0.1; extra == "pandas"'
  warn_incompatible_dep(
[2023-10-19T04:26:53.771+0000] {logging_mixin.py:151} INFO - [2023-10-19T04:26:53.771+0000] {warnings.py:109} WARNING - /opt/airflow/dags/gx.py:12: AirflowProviderDeprecationWarning: This class is deprecated.
            Please use `airflow.providers.common.sql.operators.sql.SQLExecuteQueryOperator`.
            Also, you can provide `hook_params={'schema': <database>}`.
  create_table_pg = PostgresOperator(
[2023-10-19T04:26:53.772+0000] {logging_mixin.py:151} INFO - [2023-10-19T04:26:53.772+0000] {warnings.py:109} WARNING - /opt/airflow/dags/gx.py:41: AirflowProviderDeprecationWarning: This class is deprecated.
            Please use `airflow.providers.common.sql.operators.sql.SQLExecuteQueryOperator`.
            Also, you can provide `hook_params={'schema': <database>}`.
  drop_table_pg = PostgresOperator(
[2023-10-19T04:26:53.775+0000] {processor.py:839} INFO - DAG(s) dict_keys(['gx']) retrieved from /opt/airflow/dags/gx.py
[2023-10-19T04:26:53.795+0000] {logging_mixin.py:151} INFO - [2023-10-19T04:26:53.795+0000] {dag.py:2915} INFO - Sync 1 DAGs
[2023-10-19T04:26:53.811+0000] {logging_mixin.py:151} INFO - [2023-10-19T04:26:53.811+0000] {dag.py:3696} INFO - Setting next_dagrun for gx to None, run_after=None
[2023-10-19T04:26:53.839+0000] {processor.py:179} INFO - Processing /opt/airflow/dags/gx.py took 2.902 seconds
[2023-10-19T04:27:24.351+0000] {processor.py:157} INFO - Started process (PID=437) to work on /opt/airflow/dags/gx.py
[2023-10-19T04:27:24.356+0000] {processor.py:829} INFO - Processing file /opt/airflow/dags/gx.py for tasks to queue
[2023-10-19T04:27:24.363+0000] {logging_mixin.py:151} INFO - [2023-10-19T04:27:24.362+0000] {dagbag.py:539} INFO - Filling up the DagBag from /opt/airflow/dags/gx.py
[2023-10-19T04:27:25.919+0000] {logging_mixin.py:151} INFO - [2023-10-19T04:27:25.918+0000] {warnings.py:109} WARNING - /home/airflow/.local/lib/python3.8/site-packages/snowflake/connector/options.py:103: UserWarning: You have an incompatible version of 'pyarrow' installed (11.0.0), please install a version that adheres to: 'pyarrow<10.1.0,>=10.0.1; extra == "pandas"'
  warn_incompatible_dep(
[2023-10-19T04:27:27.093+0000] {logging_mixin.py:151} INFO - [2023-10-19T04:27:27.092+0000] {warnings.py:109} WARNING - /opt/airflow/dags/gx.py:12: AirflowProviderDeprecationWarning: This class is deprecated.
            Please use `airflow.providers.common.sql.operators.sql.SQLExecuteQueryOperator`.
            Also, you can provide `hook_params={'schema': <database>}`.
  create_table_pg = PostgresOperator(
[2023-10-19T04:27:27.094+0000] {logging_mixin.py:151} INFO - [2023-10-19T04:27:27.094+0000] {warnings.py:109} WARNING - /opt/airflow/dags/gx.py:41: AirflowProviderDeprecationWarning: This class is deprecated.
            Please use `airflow.providers.common.sql.operators.sql.SQLExecuteQueryOperator`.
            Also, you can provide `hook_params={'schema': <database>}`.
  drop_table_pg = PostgresOperator(
[2023-10-19T04:27:27.097+0000] {processor.py:839} INFO - DAG(s) dict_keys(['gx']) retrieved from /opt/airflow/dags/gx.py
[2023-10-19T04:27:27.119+0000] {logging_mixin.py:151} INFO - [2023-10-19T04:27:27.119+0000] {dag.py:2915} INFO - Sync 1 DAGs
[2023-10-19T04:27:27.130+0000] {logging_mixin.py:151} INFO - [2023-10-19T04:27:27.130+0000] {dag.py:3696} INFO - Setting next_dagrun for gx to None, run_after=None
[2023-10-19T04:27:27.157+0000] {processor.py:179} INFO - Processing /opt/airflow/dags/gx.py took 2.822 seconds
[2023-10-19T04:27:58.066+0000] {processor.py:157} INFO - Started process (PID=460) to work on /opt/airflow/dags/gx.py
[2023-10-19T04:27:58.068+0000] {processor.py:829} INFO - Processing file /opt/airflow/dags/gx.py for tasks to queue
[2023-10-19T04:27:58.071+0000] {logging_mixin.py:151} INFO - [2023-10-19T04:27:58.071+0000] {dagbag.py:539} INFO - Filling up the DagBag from /opt/airflow/dags/gx.py
[2023-10-19T04:27:59.707+0000] {logging_mixin.py:151} INFO - [2023-10-19T04:27:59.707+0000] {warnings.py:109} WARNING - /home/airflow/.local/lib/python3.8/site-packages/snowflake/connector/options.py:103: UserWarning: You have an incompatible version of 'pyarrow' installed (11.0.0), please install a version that adheres to: 'pyarrow<10.1.0,>=10.0.1; extra == "pandas"'
  warn_incompatible_dep(
[2023-10-19T04:28:00.953+0000] {logging_mixin.py:151} INFO - [2023-10-19T04:28:00.953+0000] {warnings.py:109} WARNING - /opt/airflow/dags/gx.py:12: AirflowProviderDeprecationWarning: This class is deprecated.
            Please use `airflow.providers.common.sql.operators.sql.SQLExecuteQueryOperator`.
            Also, you can provide `hook_params={'schema': <database>}`.
  create_table_pg = PostgresOperator(
[2023-10-19T04:28:00.955+0000] {logging_mixin.py:151} INFO - [2023-10-19T04:28:00.955+0000] {warnings.py:109} WARNING - /opt/airflow/dags/gx.py:41: AirflowProviderDeprecationWarning: This class is deprecated.
            Please use `airflow.providers.common.sql.operators.sql.SQLExecuteQueryOperator`.
            Also, you can provide `hook_params={'schema': <database>}`.
  drop_table_pg = PostgresOperator(
[2023-10-19T04:28:00.957+0000] {processor.py:839} INFO - DAG(s) dict_keys(['gx']) retrieved from /opt/airflow/dags/gx.py
[2023-10-19T04:28:00.980+0000] {logging_mixin.py:151} INFO - [2023-10-19T04:28:00.980+0000] {dag.py:2915} INFO - Sync 1 DAGs
[2023-10-19T04:28:00.992+0000] {logging_mixin.py:151} INFO - [2023-10-19T04:28:00.992+0000] {dag.py:3696} INFO - Setting next_dagrun for gx to None, run_after=None
[2023-10-19T04:28:01.009+0000] {processor.py:179} INFO - Processing /opt/airflow/dags/gx.py took 2.948 seconds
[2023-10-19T04:28:31.491+0000] {processor.py:157} INFO - Started process (PID=480) to work on /opt/airflow/dags/gx.py
[2023-10-19T04:28:31.492+0000] {processor.py:829} INFO - Processing file /opt/airflow/dags/gx.py for tasks to queue
[2023-10-19T04:28:31.496+0000] {logging_mixin.py:151} INFO - [2023-10-19T04:28:31.495+0000] {dagbag.py:539} INFO - Filling up the DagBag from /opt/airflow/dags/gx.py
[2023-10-19T04:28:33.111+0000] {logging_mixin.py:151} INFO - [2023-10-19T04:28:33.111+0000] {warnings.py:109} WARNING - /home/airflow/.local/lib/python3.8/site-packages/snowflake/connector/options.py:103: UserWarning: You have an incompatible version of 'pyarrow' installed (11.0.0), please install a version that adheres to: 'pyarrow<10.1.0,>=10.0.1; extra == "pandas"'
  warn_incompatible_dep(
[2023-10-19T04:28:34.332+0000] {logging_mixin.py:151} INFO - [2023-10-19T04:28:34.331+0000] {warnings.py:109} WARNING - /opt/airflow/dags/gx.py:12: AirflowProviderDeprecationWarning: This class is deprecated.
            Please use `airflow.providers.common.sql.operators.sql.SQLExecuteQueryOperator`.
            Also, you can provide `hook_params={'schema': <database>}`.
  create_table_pg = PostgresOperator(
[2023-10-19T04:28:34.333+0000] {logging_mixin.py:151} INFO - [2023-10-19T04:28:34.333+0000] {warnings.py:109} WARNING - /opt/airflow/dags/gx.py:41: AirflowProviderDeprecationWarning: This class is deprecated.
            Please use `airflow.providers.common.sql.operators.sql.SQLExecuteQueryOperator`.
            Also, you can provide `hook_params={'schema': <database>}`.
  drop_table_pg = PostgresOperator(
[2023-10-19T04:28:34.335+0000] {processor.py:839} INFO - DAG(s) dict_keys(['gx']) retrieved from /opt/airflow/dags/gx.py
[2023-10-19T04:28:34.356+0000] {logging_mixin.py:151} INFO - [2023-10-19T04:28:34.356+0000] {dag.py:2915} INFO - Sync 1 DAGs
[2023-10-19T04:28:34.370+0000] {logging_mixin.py:151} INFO - [2023-10-19T04:28:34.369+0000] {dag.py:3696} INFO - Setting next_dagrun for gx to None, run_after=None
[2023-10-19T04:28:34.390+0000] {processor.py:179} INFO - Processing /opt/airflow/dags/gx.py took 2.904 seconds
[2023-10-19T04:29:04.846+0000] {processor.py:157} INFO - Started process (PID=500) to work on /opt/airflow/dags/gx.py
[2023-10-19T04:29:04.848+0000] {processor.py:829} INFO - Processing file /opt/airflow/dags/gx.py for tasks to queue
[2023-10-19T04:29:04.851+0000] {logging_mixin.py:151} INFO - [2023-10-19T04:29:04.851+0000] {dagbag.py:539} INFO - Filling up the DagBag from /opt/airflow/dags/gx.py
[2023-10-19T04:29:06.440+0000] {logging_mixin.py:151} INFO - [2023-10-19T04:29:06.439+0000] {warnings.py:109} WARNING - /home/airflow/.local/lib/python3.8/site-packages/snowflake/connector/options.py:103: UserWarning: You have an incompatible version of 'pyarrow' installed (11.0.0), please install a version that adheres to: 'pyarrow<10.1.0,>=10.0.1; extra == "pandas"'
  warn_incompatible_dep(
[2023-10-19T04:29:07.672+0000] {logging_mixin.py:151} INFO - [2023-10-19T04:29:07.672+0000] {warnings.py:109} WARNING - /opt/airflow/dags/gx.py:12: AirflowProviderDeprecationWarning: This class is deprecated.
            Please use `airflow.providers.common.sql.operators.sql.SQLExecuteQueryOperator`.
            Also, you can provide `hook_params={'schema': <database>}`.
  create_table_pg = PostgresOperator(
[2023-10-19T04:29:07.674+0000] {logging_mixin.py:151} INFO - [2023-10-19T04:29:07.673+0000] {warnings.py:109} WARNING - /opt/airflow/dags/gx.py:41: AirflowProviderDeprecationWarning: This class is deprecated.
            Please use `airflow.providers.common.sql.operators.sql.SQLExecuteQueryOperator`.
            Also, you can provide `hook_params={'schema': <database>}`.
  drop_table_pg = PostgresOperator(
[2023-10-19T04:29:07.676+0000] {processor.py:839} INFO - DAG(s) dict_keys(['gx']) retrieved from /opt/airflow/dags/gx.py
[2023-10-19T04:29:07.698+0000] {logging_mixin.py:151} INFO - [2023-10-19T04:29:07.698+0000] {dag.py:2915} INFO - Sync 1 DAGs
[2023-10-19T04:29:07.709+0000] {logging_mixin.py:151} INFO - [2023-10-19T04:29:07.709+0000] {dag.py:3696} INFO - Setting next_dagrun for gx to None, run_after=None
[2023-10-19T04:29:07.737+0000] {processor.py:179} INFO - Processing /opt/airflow/dags/gx.py took 2.894 seconds
[2023-10-19T04:29:38.116+0000] {processor.py:157} INFO - Started process (PID=522) to work on /opt/airflow/dags/gx.py
[2023-10-19T04:29:38.117+0000] {processor.py:829} INFO - Processing file /opt/airflow/dags/gx.py for tasks to queue
[2023-10-19T04:29:38.119+0000] {logging_mixin.py:151} INFO - [2023-10-19T04:29:38.119+0000] {dagbag.py:539} INFO - Filling up the DagBag from /opt/airflow/dags/gx.py
[2023-10-19T04:29:39.722+0000] {logging_mixin.py:151} INFO - [2023-10-19T04:29:39.722+0000] {warnings.py:109} WARNING - /home/airflow/.local/lib/python3.8/site-packages/snowflake/connector/options.py:103: UserWarning: You have an incompatible version of 'pyarrow' installed (11.0.0), please install a version that adheres to: 'pyarrow<10.1.0,>=10.0.1; extra == "pandas"'
  warn_incompatible_dep(
[2023-10-19T04:29:41.034+0000] {logging_mixin.py:151} INFO - [2023-10-19T04:29:41.034+0000] {warnings.py:109} WARNING - /opt/airflow/dags/gx.py:12: AirflowProviderDeprecationWarning: This class is deprecated.
            Please use `airflow.providers.common.sql.operators.sql.SQLExecuteQueryOperator`.
            Also, you can provide `hook_params={'schema': <database>}`.
  create_table_pg = PostgresOperator(
[2023-10-19T04:29:41.036+0000] {logging_mixin.py:151} INFO - [2023-10-19T04:29:41.036+0000] {warnings.py:109} WARNING - /opt/airflow/dags/gx.py:41: AirflowProviderDeprecationWarning: This class is deprecated.
            Please use `airflow.providers.common.sql.operators.sql.SQLExecuteQueryOperator`.
            Also, you can provide `hook_params={'schema': <database>}`.
  drop_table_pg = PostgresOperator(
[2023-10-19T04:29:41.040+0000] {processor.py:839} INFO - DAG(s) dict_keys(['gx']) retrieved from /opt/airflow/dags/gx.py
[2023-10-19T04:29:41.068+0000] {logging_mixin.py:151} INFO - [2023-10-19T04:29:41.068+0000] {dag.py:2915} INFO - Sync 1 DAGs
[2023-10-19T04:29:41.080+0000] {logging_mixin.py:151} INFO - [2023-10-19T04:29:41.080+0000] {dag.py:3696} INFO - Setting next_dagrun for gx to None, run_after=None
[2023-10-19T04:29:41.097+0000] {processor.py:179} INFO - Processing /opt/airflow/dags/gx.py took 2.985 seconds
[2023-10-19T04:30:11.528+0000] {processor.py:157} INFO - Started process (PID=549) to work on /opt/airflow/dags/gx.py
[2023-10-19T04:30:11.529+0000] {processor.py:829} INFO - Processing file /opt/airflow/dags/gx.py for tasks to queue
[2023-10-19T04:30:11.532+0000] {logging_mixin.py:151} INFO - [2023-10-19T04:30:11.532+0000] {dagbag.py:539} INFO - Filling up the DagBag from /opt/airflow/dags/gx.py
[2023-10-19T04:30:13.073+0000] {logging_mixin.py:151} INFO - [2023-10-19T04:30:13.073+0000] {warnings.py:109} WARNING - /home/airflow/.local/lib/python3.8/site-packages/snowflake/connector/options.py:103: UserWarning: You have an incompatible version of 'pyarrow' installed (11.0.0), please install a version that adheres to: 'pyarrow<10.1.0,>=10.0.1; extra == "pandas"'
  warn_incompatible_dep(
[2023-10-19T04:30:14.279+0000] {logging_mixin.py:151} INFO - [2023-10-19T04:30:14.279+0000] {warnings.py:109} WARNING - /opt/airflow/dags/gx.py:12: AirflowProviderDeprecationWarning: This class is deprecated.
            Please use `airflow.providers.common.sql.operators.sql.SQLExecuteQueryOperator`.
            Also, you can provide `hook_params={'schema': <database>}`.
  create_table_pg = PostgresOperator(
[2023-10-19T04:30:14.281+0000] {logging_mixin.py:151} INFO - [2023-10-19T04:30:14.280+0000] {warnings.py:109} WARNING - /opt/airflow/dags/gx.py:41: AirflowProviderDeprecationWarning: This class is deprecated.
            Please use `airflow.providers.common.sql.operators.sql.SQLExecuteQueryOperator`.
            Also, you can provide `hook_params={'schema': <database>}`.
  drop_table_pg = PostgresOperator(
[2023-10-19T04:30:14.283+0000] {processor.py:839} INFO - DAG(s) dict_keys(['gx']) retrieved from /opt/airflow/dags/gx.py
[2023-10-19T04:30:14.305+0000] {logging_mixin.py:151} INFO - [2023-10-19T04:30:14.305+0000] {dag.py:2915} INFO - Sync 1 DAGs
[2023-10-19T04:30:14.318+0000] {logging_mixin.py:151} INFO - [2023-10-19T04:30:14.317+0000] {dag.py:3696} INFO - Setting next_dagrun for gx to None, run_after=None
[2023-10-19T04:30:14.340+0000] {processor.py:179} INFO - Processing /opt/airflow/dags/gx.py took 2.816 seconds
[2023-10-19T04:30:44.723+0000] {processor.py:157} INFO - Started process (PID=569) to work on /opt/airflow/dags/gx.py
[2023-10-19T04:30:44.724+0000] {processor.py:829} INFO - Processing file /opt/airflow/dags/gx.py for tasks to queue
[2023-10-19T04:30:44.728+0000] {logging_mixin.py:151} INFO - [2023-10-19T04:30:44.727+0000] {dagbag.py:539} INFO - Filling up the DagBag from /opt/airflow/dags/gx.py
[2023-10-19T04:30:46.324+0000] {logging_mixin.py:151} INFO - [2023-10-19T04:30:46.323+0000] {warnings.py:109} WARNING - /home/airflow/.local/lib/python3.8/site-packages/snowflake/connector/options.py:103: UserWarning: You have an incompatible version of 'pyarrow' installed (11.0.0), please install a version that adheres to: 'pyarrow<10.1.0,>=10.0.1; extra == "pandas"'
  warn_incompatible_dep(
[2023-10-19T04:30:47.601+0000] {logging_mixin.py:151} INFO - [2023-10-19T04:30:47.600+0000] {warnings.py:109} WARNING - /opt/airflow/dags/gx.py:12: AirflowProviderDeprecationWarning: This class is deprecated.
            Please use `airflow.providers.common.sql.operators.sql.SQLExecuteQueryOperator`.
            Also, you can provide `hook_params={'schema': <database>}`.
  create_table_pg = PostgresOperator(
[2023-10-19T04:30:47.602+0000] {logging_mixin.py:151} INFO - [2023-10-19T04:30:47.602+0000] {warnings.py:109} WARNING - /opt/airflow/dags/gx.py:41: AirflowProviderDeprecationWarning: This class is deprecated.
            Please use `airflow.providers.common.sql.operators.sql.SQLExecuteQueryOperator`.
            Also, you can provide `hook_params={'schema': <database>}`.
  drop_table_pg = PostgresOperator(
[2023-10-19T04:30:47.605+0000] {processor.py:839} INFO - DAG(s) dict_keys(['gx']) retrieved from /opt/airflow/dags/gx.py
[2023-10-19T04:30:47.627+0000] {logging_mixin.py:151} INFO - [2023-10-19T04:30:47.627+0000] {dag.py:2915} INFO - Sync 1 DAGs
[2023-10-19T04:30:47.641+0000] {logging_mixin.py:151} INFO - [2023-10-19T04:30:47.640+0000] {dag.py:3696} INFO - Setting next_dagrun for gx to None, run_after=None
[2023-10-19T04:30:47.669+0000] {processor.py:179} INFO - Processing /opt/airflow/dags/gx.py took 2.950 seconds
[2023-10-19T04:31:18.055+0000] {processor.py:157} INFO - Started process (PID=589) to work on /opt/airflow/dags/gx.py
[2023-10-19T04:31:18.057+0000] {processor.py:829} INFO - Processing file /opt/airflow/dags/gx.py for tasks to queue
[2023-10-19T04:31:18.062+0000] {logging_mixin.py:151} INFO - [2023-10-19T04:31:18.062+0000] {dagbag.py:539} INFO - Filling up the DagBag from /opt/airflow/dags/gx.py
[2023-10-19T04:31:19.862+0000] {logging_mixin.py:151} INFO - [2023-10-19T04:31:19.861+0000] {warnings.py:109} WARNING - /home/airflow/.local/lib/python3.8/site-packages/snowflake/connector/options.py:103: UserWarning: You have an incompatible version of 'pyarrow' installed (11.0.0), please install a version that adheres to: 'pyarrow<10.1.0,>=10.0.1; extra == "pandas"'
  warn_incompatible_dep(
[2023-10-19T04:31:21.061+0000] {logging_mixin.py:151} INFO - [2023-10-19T04:31:21.061+0000] {warnings.py:109} WARNING - /opt/airflow/dags/gx.py:12: AirflowProviderDeprecationWarning: This class is deprecated.
            Please use `airflow.providers.common.sql.operators.sql.SQLExecuteQueryOperator`.
            Also, you can provide `hook_params={'schema': <database>}`.
  create_table_pg = PostgresOperator(
[2023-10-19T04:31:21.062+0000] {logging_mixin.py:151} INFO - [2023-10-19T04:31:21.062+0000] {warnings.py:109} WARNING - /opt/airflow/dags/gx.py:41: AirflowProviderDeprecationWarning: This class is deprecated.
            Please use `airflow.providers.common.sql.operators.sql.SQLExecuteQueryOperator`.
            Also, you can provide `hook_params={'schema': <database>}`.
  drop_table_pg = PostgresOperator(
[2023-10-19T04:31:21.065+0000] {processor.py:839} INFO - DAG(s) dict_keys(['gx']) retrieved from /opt/airflow/dags/gx.py
[2023-10-19T04:31:21.087+0000] {logging_mixin.py:151} INFO - [2023-10-19T04:31:21.086+0000] {dag.py:2915} INFO - Sync 1 DAGs
[2023-10-19T04:31:21.100+0000] {logging_mixin.py:151} INFO - [2023-10-19T04:31:21.099+0000] {dag.py:3696} INFO - Setting next_dagrun for gx to None, run_after=None
[2023-10-19T04:31:21.128+0000] {processor.py:179} INFO - Processing /opt/airflow/dags/gx.py took 3.080 seconds
[2023-10-19T06:13:57.952+0000] {processor.py:157} INFO - Started process (PID=113) to work on /opt/airflow/dags/gx.py
[2023-10-19T06:13:57.953+0000] {processor.py:829} INFO - Processing file /opt/airflow/dags/gx.py for tasks to queue
[2023-10-19T06:13:57.956+0000] {logging_mixin.py:151} INFO - [2023-10-19T06:13:57.956+0000] {dagbag.py:539} INFO - Filling up the DagBag from /opt/airflow/dags/gx.py
[2023-10-19T06:13:59.508+0000] {logging_mixin.py:151} INFO - [2023-10-19T06:13:59.507+0000] {warnings.py:109} WARNING - /home/airflow/.local/lib/python3.8/site-packages/snowflake/connector/options.py:103: UserWarning: You have an incompatible version of 'pyarrow' installed (11.0.0), please install a version that adheres to: 'pyarrow<10.1.0,>=10.0.1; extra == "pandas"'
  warn_incompatible_dep(
[2023-10-19T06:14:00.819+0000] {logging_mixin.py:151} INFO - [2023-10-19T06:14:00.819+0000] {warnings.py:109} WARNING - /opt/airflow/dags/gx.py:12: AirflowProviderDeprecationWarning: This class is deprecated.
            Please use `airflow.providers.common.sql.operators.sql.SQLExecuteQueryOperator`.
            Also, you can provide `hook_params={'schema': <database>}`.
  create_table_pg = PostgresOperator(
[2023-10-19T06:14:00.820+0000] {logging_mixin.py:151} INFO - [2023-10-19T06:14:00.820+0000] {warnings.py:109} WARNING - /opt/airflow/dags/gx.py:41: AirflowProviderDeprecationWarning: This class is deprecated.
            Please use `airflow.providers.common.sql.operators.sql.SQLExecuteQueryOperator`.
            Also, you can provide `hook_params={'schema': <database>}`.
  drop_table_pg = PostgresOperator(
[2023-10-19T06:14:00.823+0000] {processor.py:839} INFO - DAG(s) dict_keys(['gx']) retrieved from /opt/airflow/dags/gx.py
[2023-10-19T06:14:00.849+0000] {logging_mixin.py:151} INFO - [2023-10-19T06:14:00.848+0000] {dag.py:2915} INFO - Sync 1 DAGs
[2023-10-19T06:14:00.863+0000] {logging_mixin.py:151} INFO - [2023-10-19T06:14:00.863+0000] {dag.py:3696} INFO - Setting next_dagrun for gx to None, run_after=None
[2023-10-19T06:14:00.882+0000] {processor.py:179} INFO - Processing /opt/airflow/dags/gx.py took 2.934 seconds
