[2023-10-11T05:13:55.429+0000] {taskinstance.py:1157} INFO - Dependencies all met for dep_context=non-requeueable deps ti=<TaskInstance: python.virtualenv_python manual__2023-10-11T05:13:53.391510+00:00 [queued]>
[2023-10-11T05:13:55.433+0000] {taskinstance.py:1157} INFO - Dependencies all met for dep_context=requeueable deps ti=<TaskInstance: python.virtualenv_python manual__2023-10-11T05:13:53.391510+00:00 [queued]>
[2023-10-11T05:13:55.433+0000] {taskinstance.py:1359} INFO - Starting attempt 1 of 1
[2023-10-11T05:13:55.439+0000] {taskinstance.py:1380} INFO - Executing <Task(_PythonVirtualenvDecoratedOperator): virtualenv_python> on 2023-10-11 05:13:53.391510+00:00
[2023-10-11T05:13:55.445+0000] {standard_task_runner.py:57} INFO - Started process 893 to run task
[2023-10-11T05:13:55.447+0000] {standard_task_runner.py:84} INFO - Running: ['***', 'tasks', 'run', 'python', 'virtualenv_python', 'manual__2023-10-11T05:13:53.391510+00:00', '--job-id', '1432', '--raw', '--subdir', 'DAGS_FOLDER/python.py', '--cfg-path', '/tmp/tmph504jug6']
[2023-10-11T05:13:55.447+0000] {standard_task_runner.py:85} INFO - Job 1432: Subtask virtualenv_python
[2023-10-11T05:13:55.474+0000] {task_command.py:415} INFO - Running <TaskInstance: python.virtualenv_python manual__2023-10-11T05:13:53.391510+00:00 [running]> on host 806ac90253f5
[2023-10-11T05:13:55.513+0000] {taskinstance.py:1660} INFO - Exporting env vars: AIRFLOW_CTX_DAG_OWNER='***' AIRFLOW_CTX_DAG_ID='python' AIRFLOW_CTX_TASK_ID='virtualenv_python' AIRFLOW_CTX_EXECUTION_DATE='2023-10-11T05:13:53.391510+00:00' AIRFLOW_CTX_TRY_NUMBER='1' AIRFLOW_CTX_DAG_RUN_ID='manual__2023-10-11T05:13:53.391510+00:00'
[2023-10-11T05:13:55.514+0000] {process_utils.py:182} INFO - Executing cmd: /usr/local/bin/python -m virtualenv /tmp/venv5fn2qesi
[2023-10-11T05:13:55.528+0000] {process_utils.py:186} INFO - Output:
[2023-10-11T05:13:56.324+0000] {process_utils.py:190} INFO - created virtual environment CPython3.8.18.final.0-64 in 279ms
[2023-10-11T05:13:56.325+0000] {process_utils.py:190} INFO -   creator CPython3Posix(dest=/tmp/venv5fn2qesi, clear=False, no_vcs_ignore=False, global=False)
[2023-10-11T05:13:56.325+0000] {process_utils.py:190} INFO -   seeder FromAppData(download=False, pip=bundle, setuptools=bundle, wheel=bundle, via=copy, app_data_dir=/tmp/tmpp3maligj)
[2023-10-11T05:13:56.325+0000] {process_utils.py:190} INFO -     added seed packages: pip==23.2, setuptools==68.0.0, wheel==0.40.0
[2023-10-11T05:13:56.325+0000] {process_utils.py:190} INFO -   activators BashActivator,CShellActivator,FishActivator,NushellActivator,PowerShellActivator,PythonActivator
[2023-10-11T05:13:56.347+0000] {process_utils.py:182} INFO - Executing cmd: /tmp/venv5fn2qesi/bin/pip install -r /tmp/venv5fn2qesi/requirements.txt
[2023-10-11T05:13:56.359+0000] {process_utils.py:186} INFO - Output:
[2023-10-11T05:13:57.131+0000] {process_utils.py:190} INFO - WARNING: The directory '/home/***/.cache/pip' or its parent directory is not owned or is not writable by the current user. The cache has been disabled. Check the permissions and owner of that directory. If executing pip with sudo, you should use sudo's -H flag.
[2023-10-11T05:13:57.363+0000] {process_utils.py:190} INFO - Collecting lightgbm==4.1.0 (from -r /tmp/venv5fn2qesi/requirements.txt (line 1))
[2023-10-11T05:13:57.364+0000] {process_utils.py:190} INFO -   Obtaining dependency information for lightgbm==4.1.0 from https://files.pythonhosted.org/packages/b8/9d/1ce80cee7c5ef60f2fcc7e9fa97f29f7a8de3dc5a08922b3b2f1e9106481/lightgbm-4.1.0-py3-none-manylinux_2_28_x86_64.whl.metadata
[2023-10-11T05:13:57.500+0000] {process_utils.py:190} INFO -   Downloading lightgbm-4.1.0-py3-none-manylinux_2_28_x86_64.whl.metadata (19 kB)
[2023-10-11T05:13:57.786+0000] {process_utils.py:190} INFO - Collecting pandas==2.0.3 (from -r /tmp/venv5fn2qesi/requirements.txt (line 2))
[2023-10-11T05:13:57.786+0000] {process_utils.py:190} INFO -   Obtaining dependency information for pandas==2.0.3 from https://files.pythonhosted.org/packages/f8/7f/5b047effafbdd34e52c9e2d7e44f729a0655efafb22198c45cf692cdc157/pandas-2.0.3-cp38-cp38-manylinux_2_17_x86_64.manylinux2014_x86_64.whl.metadata
[2023-10-11T05:13:57.823+0000] {process_utils.py:190} INFO -   Downloading pandas-2.0.3-cp38-cp38-manylinux_2_17_x86_64.manylinux2014_x86_64.whl.metadata (18 kB)
[2023-10-11T05:13:57.977+0000] {process_utils.py:190} INFO - Collecting scikit-learn==1.3.1 (from -r /tmp/venv5fn2qesi/requirements.txt (line 3))
[2023-10-11T05:13:57.978+0000] {process_utils.py:190} INFO -   Obtaining dependency information for scikit-learn==1.3.1 from https://files.pythonhosted.org/packages/91/4e/752fd6e0b6b828a9cd815941fb70723eaef5d0f4efd8b9b0eee7864b3511/scikit_learn-1.3.1-cp38-cp38-manylinux_2_17_x86_64.manylinux2014_x86_64.whl.metadata
[2023-10-11T05:13:58.015+0000] {process_utils.py:190} INFO -   Downloading scikit_learn-1.3.1-cp38-cp38-manylinux_2_17_x86_64.manylinux2014_x86_64.whl.metadata (11 kB)
[2023-10-11T05:13:58.326+0000] {process_utils.py:190} INFO - Collecting numpy (from lightgbm==4.1.0->-r /tmp/venv5fn2qesi/requirements.txt (line 1))
[2023-10-11T05:13:58.327+0000] {process_utils.py:190} INFO -   Obtaining dependency information for numpy from https://files.pythonhosted.org/packages/98/5d/5738903efe0ecb73e51eb44feafba32bdba2081263d40c5043568ff60faf/numpy-1.24.4-cp38-cp38-manylinux_2_17_x86_64.manylinux2014_x86_64.whl.metadata
[2023-10-11T05:13:58.365+0000] {process_utils.py:190} INFO -   Downloading numpy-1.24.4-cp38-cp38-manylinux_2_17_x86_64.manylinux2014_x86_64.whl.metadata (5.6 kB)
[2023-10-11T05:13:58.546+0000] {process_utils.py:190} INFO - Collecting scipy (from lightgbm==4.1.0->-r /tmp/venv5fn2qesi/requirements.txt (line 1))
[2023-10-11T05:13:58.586+0000] {process_utils.py:190} INFO -   Downloading scipy-1.10.1-cp38-cp38-manylinux_2_17_x86_64.manylinux2014_x86_64.whl (34.5 MB)
[2023-10-11T05:14:01.725+0000] {process_utils.py:190} INFO -      ━━━━━━━━━━━━━━━━━━━━━━━━━━━━━━━━━━━━━━━━ 34.5/34.5 MB 11.5 MB/s eta 0:00:00
[2023-10-11T05:14:01.878+0000] {process_utils.py:190} INFO - Collecting python-dateutil>=2.8.2 (from pandas==2.0.3->-r /tmp/venv5fn2qesi/requirements.txt (line 2))
[2023-10-11T05:14:01.914+0000] {process_utils.py:190} INFO -   Downloading python_dateutil-2.8.2-py2.py3-none-any.whl (247 kB)
[2023-10-11T05:14:01.936+0000] {process_utils.py:190} INFO -      ━━━━━━━━━━━━━━━━━━━━━━━━━━━━━━━━━━━━━━ 247.7/247.7 kB 12.2 MB/s eta 0:00:00
[2023-10-11T05:14:02.026+0000] {process_utils.py:190} INFO - Collecting pytz>=2020.1 (from pandas==2.0.3->-r /tmp/venv5fn2qesi/requirements.txt (line 2))
[2023-10-11T05:14:02.027+0000] {process_utils.py:190} INFO -   Obtaining dependency information for pytz>=2020.1 from https://files.pythonhosted.org/packages/32/4d/aaf7eff5deb402fd9a24a1449a8119f00d74ae9c2efa79f8ef9994261fc2/pytz-2023.3.post1-py2.py3-none-any.whl.metadata
[2023-10-11T05:14:02.063+0000] {process_utils.py:190} INFO -   Downloading pytz-2023.3.post1-py2.py3-none-any.whl.metadata (22 kB)
[2023-10-11T05:14:02.113+0000] {process_utils.py:190} INFO - Collecting tzdata>=2022.1 (from pandas==2.0.3->-r /tmp/venv5fn2qesi/requirements.txt (line 2))
[2023-10-11T05:14:02.150+0000] {process_utils.py:190} INFO -   Downloading tzdata-2023.3-py2.py3-none-any.whl (341 kB)
[2023-10-11T05:14:02.179+0000] {process_utils.py:190} INFO -      ━━━━━━━━━━━━━━━━━━━━━━━━━━━━━━━━━━━━━━ 341.8/341.8 kB 12.1 MB/s eta 0:00:00
[2023-10-11T05:14:02.285+0000] {process_utils.py:190} INFO - Collecting joblib>=1.1.1 (from scikit-learn==1.3.1->-r /tmp/venv5fn2qesi/requirements.txt (line 3))
[2023-10-11T05:14:02.285+0000] {process_utils.py:190} INFO -   Obtaining dependency information for joblib>=1.1.1 from https://files.pythonhosted.org/packages/10/40/d551139c85db202f1f384ba8bcf96aca2f329440a844f924c8a0040b6d02/joblib-1.3.2-py3-none-any.whl.metadata
[2023-10-11T05:14:02.322+0000] {process_utils.py:190} INFO -   Downloading joblib-1.3.2-py3-none-any.whl.metadata (5.4 kB)
[2023-10-11T05:14:02.368+0000] {process_utils.py:190} INFO - Collecting threadpoolctl>=2.0.0 (from scikit-learn==1.3.1->-r /tmp/venv5fn2qesi/requirements.txt (line 3))
[2023-10-11T05:14:02.368+0000] {process_utils.py:190} INFO -   Obtaining dependency information for threadpoolctl>=2.0.0 from https://files.pythonhosted.org/packages/81/12/fd4dea011af9d69e1cad05c75f3f7202cdcbeac9b712eea58ca779a72865/threadpoolctl-3.2.0-py3-none-any.whl.metadata
[2023-10-11T05:14:02.405+0000] {process_utils.py:190} INFO -   Downloading threadpoolctl-3.2.0-py3-none-any.whl.metadata (10.0 kB)
[2023-10-11T05:14:02.456+0000] {process_utils.py:190} INFO - Collecting six>=1.5 (from python-dateutil>=2.8.2->pandas==2.0.3->-r /tmp/venv5fn2qesi/requirements.txt (line 2))
[2023-10-11T05:14:02.493+0000] {process_utils.py:190} INFO -   Downloading six-1.16.0-py2.py3-none-any.whl (11 kB)
[2023-10-11T05:14:02.575+0000] {process_utils.py:190} INFO - Downloading lightgbm-4.1.0-py3-none-manylinux_2_28_x86_64.whl (3.1 MB)
[2023-10-11T05:14:02.880+0000] {process_utils.py:190} INFO -    ━━━━━━━━━━━━━━━━━━━━━━━━━━━━━━━━━━━━━━━━ 3.1/3.1 MB 10.0 MB/s eta 0:00:00
[2023-10-11T05:14:02.917+0000] {process_utils.py:190} INFO - Downloading pandas-2.0.3-cp38-cp38-manylinux_2_17_x86_64.manylinux2014_x86_64.whl (12.4 MB)
[2023-10-11T05:14:04.226+0000] {process_utils.py:190} INFO -    ━━━━━━━━━━━━━━━━━━━━━━━━━━━━━━━━━━━━━━━━ 12.4/12.4 MB 9.5 MB/s eta 0:00:00
[2023-10-11T05:14:04.266+0000] {process_utils.py:190} INFO - Downloading scikit_learn-1.3.1-cp38-cp38-manylinux_2_17_x86_64.manylinux2014_x86_64.whl (11.1 MB)
[2023-10-11T05:14:05.355+0000] {process_utils.py:190} INFO -    ━━━━━━━━━━━━━━━━━━━━━━━━━━━━━━━━━━━━━━━━ 11.1/11.1 MB 10.2 MB/s eta 0:00:00
[2023-10-11T05:14:05.391+0000] {process_utils.py:190} INFO - Downloading joblib-1.3.2-py3-none-any.whl (302 kB)
[2023-10-11T05:14:05.419+0000] {process_utils.py:190} INFO -    ━━━━━━━━━━━━━━━━━━━━━━━━━━━━━━━━━━━━━━━━ 302.2/302.2 kB 12.0 MB/s eta 0:00:00
[2023-10-11T05:14:05.455+0000] {process_utils.py:190} INFO - Downloading numpy-1.24.4-cp38-cp38-manylinux_2_17_x86_64.manylinux2014_x86_64.whl (17.3 MB)
[2023-10-11T05:14:07.457+0000] {process_utils.py:190} INFO -    ━━━━━━━━━━━━━━━━━━━━━━━━━━━━━━━━━━━━━━━━ 17.3/17.3 MB 8.1 MB/s eta 0:00:00
[2023-10-11T05:14:07.496+0000] {process_utils.py:190} INFO - Downloading pytz-2023.3.post1-py2.py3-none-any.whl (502 kB)
[2023-10-11T05:14:07.551+0000] {process_utils.py:190} INFO -    ━━━━━━━━━━━━━━━━━━━━━━━━━━━━━━━━━━━━━━━━ 502.5/502.5 kB 9.2 MB/s eta 0:00:00
[2023-10-11T05:14:07.607+0000] {process_utils.py:190} INFO - Downloading threadpoolctl-3.2.0-py3-none-any.whl (15 kB)
[2023-10-11T05:14:07.822+0000] {process_utils.py:190} INFO - Installing collected packages: pytz, tzdata, threadpoolctl, six, numpy, joblib, scipy, python-dateutil, scikit-learn, pandas, lightgbm
[2023-10-11T05:14:14.572+0000] {process_utils.py:190} INFO - Successfully installed joblib-1.3.2 lightgbm-4.1.0 numpy-1.24.4 pandas-2.0.3 python-dateutil-2.8.2 pytz-2023.3.post1 scikit-learn-1.3.1 scipy-1.10.1 six-1.16.0 threadpoolctl-3.2.0 tzdata-2023.3
[2023-10-11T05:14:14.730+0000] {process_utils.py:190} INFO - 
[2023-10-11T05:14:14.730+0000] {process_utils.py:190} INFO - [notice] A new release of pip is available: 23.2 -> 23.2.1
[2023-10-11T05:14:14.731+0000] {process_utils.py:190} INFO - [notice] To update, run: python -m pip install --upgrade pip
[2023-10-11T05:14:14.827+0000] {process_utils.py:182} INFO - Executing cmd: /tmp/venv5fn2qesi/bin/python /tmp/venv5fn2qesi/script.py /tmp/venv5fn2qesi/script.in /tmp/venv5fn2qesi/script.out /tmp/venv5fn2qesi/string_args.txt /tmp/venv5fn2qesi/termination.log
[2023-10-11T05:14:14.838+0000] {process_utils.py:186} INFO - Output:
[2023-10-11T05:14:15.623+0000] {process_utils.py:190} INFO - Loading data...
[2023-10-11T05:14:15.624+0000] {process_utils.py:190} INFO - Starting training...
[2023-10-11T05:14:15.624+0000] {process_utils.py:190} INFO - Training until validation scores don't improve for 5 rounds
[2023-10-11T05:14:15.624+0000] {process_utils.py:190} INFO - Did not meet early stopping. Best iteration is:
[2023-10-11T05:14:15.625+0000] {process_utils.py:190} INFO - [20]	valid_0's l2: 0.198063	valid_0's l1: 0.431129
[2023-10-11T05:14:15.625+0000] {process_utils.py:190} INFO - Saving model...
[2023-10-11T05:14:15.625+0000] {process_utils.py:190} INFO - Starting predicting...
[2023-10-11T05:14:15.625+0000] {process_utils.py:190} INFO - The RMSE of prediction is: 0.4450426449744025
[2023-10-11T05:14:15.995+0000] {python.py:194} INFO - Done. Returned value was: None
[2023-10-11T05:14:16.003+0000] {taskinstance.py:1398} INFO - Marking task as SUCCESS. dag_id=python, task_id=virtualenv_python, execution_date=20231011T051353, start_date=20231011T051355, end_date=20231011T051416
[2023-10-11T05:14:16.028+0000] {local_task_job_runner.py:228} INFO - Task exited with return code 0
[2023-10-11T05:14:16.037+0000] {taskinstance.py:2776} INFO - 0 downstream tasks scheduled from follow-on schedule check
