[2023-10-16T15:32:17.294+0000] {processor.py:157} INFO - Started process (PID=33) to work on /opt/airflow/dags/lightgbm/docker.py
[2023-10-16T15:32:17.299+0000] {processor.py:829} INFO - Processing file /opt/airflow/dags/lightgbm/docker.py for tasks to queue
[2023-10-16T15:32:17.307+0000] {logging_mixin.py:151} INFO - [2023-10-16T15:32:17.306+0000] {dagbag.py:539} INFO - Filling up the DagBag from /opt/airflow/dags/lightgbm/docker.py
[2023-10-16T15:32:17.331+0000] {processor.py:839} INFO - DAG(s) dict_keys(['docker']) retrieved from /opt/airflow/dags/lightgbm/docker.py
[2023-10-16T15:32:17.403+0000] {logging_mixin.py:151} INFO - [2023-10-16T15:32:17.403+0000] {dag.py:2915} INFO - Sync 1 DAGs
[2023-10-16T15:32:17.426+0000] {logging_mixin.py:151} INFO - [2023-10-16T15:32:17.426+0000] {dag.py:3696} INFO - Setting next_dagrun for docker to None, run_after=None
[2023-10-16T15:32:17.452+0000] {processor.py:179} INFO - Processing /opt/airflow/dags/lightgbm/docker.py took 0.172 seconds
[2023-10-16T15:32:47.542+0000] {processor.py:157} INFO - Started process (PID=53) to work on /opt/airflow/dags/lightgbm/docker.py
[2023-10-16T15:32:47.545+0000] {processor.py:829} INFO - Processing file /opt/airflow/dags/lightgbm/docker.py for tasks to queue
[2023-10-16T15:32:47.549+0000] {logging_mixin.py:151} INFO - [2023-10-16T15:32:47.549+0000] {dagbag.py:539} INFO - Filling up the DagBag from /opt/airflow/dags/lightgbm/docker.py
[2023-10-16T15:32:47.559+0000] {processor.py:839} INFO - DAG(s) dict_keys(['docker']) retrieved from /opt/airflow/dags/lightgbm/docker.py
[2023-10-16T15:32:47.589+0000] {logging_mixin.py:151} INFO - [2023-10-16T15:32:47.589+0000] {dag.py:2915} INFO - Sync 1 DAGs
[2023-10-16T15:32:47.603+0000] {logging_mixin.py:151} INFO - [2023-10-16T15:32:47.603+0000] {dag.py:3696} INFO - Setting next_dagrun for docker to None, run_after=None
[2023-10-16T15:32:47.634+0000] {processor.py:179} INFO - Processing /opt/airflow/dags/lightgbm/docker.py took 0.108 seconds
[2023-10-16T15:33:17.979+0000] {processor.py:157} INFO - Started process (PID=73) to work on /opt/airflow/dags/lightgbm/docker.py
[2023-10-16T15:33:17.980+0000] {processor.py:829} INFO - Processing file /opt/airflow/dags/lightgbm/docker.py for tasks to queue
[2023-10-16T15:33:17.984+0000] {logging_mixin.py:151} INFO - [2023-10-16T15:33:17.984+0000] {dagbag.py:539} INFO - Filling up the DagBag from /opt/airflow/dags/lightgbm/docker.py
[2023-10-16T15:33:17.998+0000] {processor.py:839} INFO - DAG(s) dict_keys(['docker']) retrieved from /opt/airflow/dags/lightgbm/docker.py
[2023-10-16T15:33:18.032+0000] {logging_mixin.py:151} INFO - [2023-10-16T15:33:18.032+0000] {dag.py:2915} INFO - Sync 1 DAGs
[2023-10-16T15:33:18.048+0000] {logging_mixin.py:151} INFO - [2023-10-16T15:33:18.047+0000] {dag.py:3696} INFO - Setting next_dagrun for docker to None, run_after=None
[2023-10-16T15:33:18.081+0000] {processor.py:179} INFO - Processing /opt/airflow/dags/lightgbm/docker.py took 0.107 seconds
[2023-10-16T15:33:48.240+0000] {processor.py:157} INFO - Started process (PID=93) to work on /opt/airflow/dags/lightgbm/docker.py
[2023-10-16T15:33:48.242+0000] {processor.py:829} INFO - Processing file /opt/airflow/dags/lightgbm/docker.py for tasks to queue
[2023-10-16T15:33:48.245+0000] {logging_mixin.py:151} INFO - [2023-10-16T15:33:48.245+0000] {dagbag.py:539} INFO - Filling up the DagBag from /opt/airflow/dags/lightgbm/docker.py
[2023-10-16T15:33:48.259+0000] {processor.py:839} INFO - DAG(s) dict_keys(['docker']) retrieved from /opt/airflow/dags/lightgbm/docker.py
[2023-10-16T15:33:48.294+0000] {logging_mixin.py:151} INFO - [2023-10-16T15:33:48.293+0000] {dag.py:2915} INFO - Sync 1 DAGs
[2023-10-16T15:33:48.312+0000] {logging_mixin.py:151} INFO - [2023-10-16T15:33:48.312+0000] {dag.py:3696} INFO - Setting next_dagrun for docker to None, run_after=None
[2023-10-16T15:33:48.336+0000] {processor.py:179} INFO - Processing /opt/airflow/dags/lightgbm/docker.py took 0.103 seconds
[2023-10-16T15:34:18.626+0000] {processor.py:157} INFO - Started process (PID=113) to work on /opt/airflow/dags/lightgbm/docker.py
[2023-10-16T15:34:18.628+0000] {processor.py:829} INFO - Processing file /opt/airflow/dags/lightgbm/docker.py for tasks to queue
[2023-10-16T15:34:18.633+0000] {logging_mixin.py:151} INFO - [2023-10-16T15:34:18.633+0000] {dagbag.py:539} INFO - Filling up the DagBag from /opt/airflow/dags/lightgbm/docker.py
[2023-10-16T15:34:18.646+0000] {processor.py:839} INFO - DAG(s) dict_keys(['docker']) retrieved from /opt/airflow/dags/lightgbm/docker.py
[2023-10-16T15:34:18.680+0000] {logging_mixin.py:151} INFO - [2023-10-16T15:34:18.680+0000] {dag.py:2915} INFO - Sync 1 DAGs
[2023-10-16T15:34:18.701+0000] {logging_mixin.py:151} INFO - [2023-10-16T15:34:18.700+0000] {dag.py:3696} INFO - Setting next_dagrun for docker to None, run_after=None
[2023-10-16T15:34:18.727+0000] {processor.py:179} INFO - Processing /opt/airflow/dags/lightgbm/docker.py took 0.108 seconds
