[2023-10-11T02:27:47.737+0000] {taskinstance.py:1157} INFO - Dependencies all met for dep_context=non-requeueable deps ti=<TaskInstance: sklearn.generate_dataframe manual__2023-10-11T02:27:47.119506+00:00 [queued]>
[2023-10-11T02:27:47.741+0000] {taskinstance.py:1157} INFO - Dependencies all met for dep_context=requeueable deps ti=<TaskInstance: sklearn.generate_dataframe manual__2023-10-11T02:27:47.119506+00:00 [queued]>
[2023-10-11T02:27:47.741+0000] {taskinstance.py:1359} INFO - Starting attempt 1 of 1
[2023-10-11T02:27:47.747+0000] {taskinstance.py:1380} INFO - Executing <Task(_PythonDecoratedOperator): generate_dataframe> on 2023-10-11 02:27:47.119506+00:00
[2023-10-11T02:27:47.753+0000] {standard_task_runner.py:57} INFO - Started process 720 to run task
[2023-10-11T02:27:47.755+0000] {standard_task_runner.py:84} INFO - Running: ['***', 'tasks', 'run', 'sklearn', 'generate_dataframe', 'manual__2023-10-11T02:27:47.119506+00:00', '--job-id', '1397', '--raw', '--subdir', 'DAGS_FOLDER/sklearn.py', '--cfg-path', '/tmp/tmp0_thwhtc']
[2023-10-11T02:27:47.757+0000] {standard_task_runner.py:85} INFO - Job 1397: Subtask generate_dataframe
[2023-10-11T02:27:47.781+0000] {task_command.py:415} INFO - Running <TaskInstance: sklearn.generate_dataframe manual__2023-10-11T02:27:47.119506+00:00 [running]> on host c658243ed4ce
[2023-10-11T02:27:47.934+0000] {taskinstance.py:1660} INFO - Exporting env vars: AIRFLOW_CTX_DAG_OWNER='***' AIRFLOW_CTX_DAG_ID='sklearn' AIRFLOW_CTX_TASK_ID='generate_dataframe' AIRFLOW_CTX_EXECUTION_DATE='2023-10-11T02:27:47.119506+00:00' AIRFLOW_CTX_TRY_NUMBER='1' AIRFLOW_CTX_DAG_RUN_ID='manual__2023-10-11T02:27:47.119506+00:00'
[2023-10-11T02:27:47.935+0000] {python.py:194} INFO - Done. Returned value was:           0         1         2  ...         7         8         9
0  0.968792  0.282291  0.614900  ...  0.201552  0.921990  0.532507
1  0.756131  0.780679  0.092990  ...  0.562075  0.240297  0.997417
2  0.777386  0.105217  0.166541  ...  0.682308  0.244670  0.283198
3  0.345151  0.417558  0.371419  ...  0.005640  0.366602  0.213429
4  0.891801  0.603193  0.803498  ...  0.572258  0.924134  0.041161
5  0.915973  0.402721  0.584606  ...  0.005492  0.523385  0.998249
6  0.694376  0.702743  0.923615  ...  0.517940  0.324596  0.727563
7  0.937453  0.514375  0.001870  ...  0.960985  0.223342  0.411682
8  0.848660  0.749676  0.284170  ...  0.143695  0.165051  0.759293
9  0.675153  0.879927  0.251403  ...  0.503022  0.532874  0.353450

[10 rows x 10 columns]
[2023-10-11T02:27:47.999+0000] {taskinstance.py:1398} INFO - Marking task as SUCCESS. dag_id=sklearn, task_id=generate_dataframe, execution_date=20231011T022747, start_date=20231011T022747, end_date=20231011T022747
[2023-10-11T02:27:48.047+0000] {local_task_job_runner.py:228} INFO - Task exited with return code 0
[2023-10-11T02:27:48.060+0000] {taskinstance.py:2776} INFO - 1 downstream tasks scheduled from follow-on schedule check
