[2023-11-15T06:20:52.784+0000] {processor.py:157} INFO - Started process (PID=39) to work on /opt/airflow/dags/catboost/docker.py
[2023-11-15T06:20:52.785+0000] {processor.py:829} INFO - Processing file /opt/airflow/dags/catboost/docker.py for tasks to queue
[2023-11-15T06:20:52.788+0000] {logging_mixin.py:151} INFO - [2023-11-15T06:20:52.788+0000] {dagbag.py:539} INFO - Filling up the DagBag from /opt/airflow/dags/catboost/docker.py
[2023-11-15T06:20:52.812+0000] {processor.py:839} INFO - DAG(s) dict_keys(['docker_cb']) retrieved from /opt/airflow/dags/catboost/docker.py
[2023-11-15T06:20:53.048+0000] {logging_mixin.py:151} INFO - [2023-11-15T06:20:53.047+0000] {manager.py:499} INFO - Created Permission View: %s
[2023-11-15T06:20:53.061+0000] {logging_mixin.py:151} INFO - [2023-11-15T06:20:53.060+0000] {manager.py:499} INFO - Created Permission View: %s
[2023-11-15T06:20:53.067+0000] {logging_mixin.py:151} INFO - [2023-11-15T06:20:53.067+0000] {manager.py:499} INFO - Created Permission View: %s
[2023-11-15T06:20:53.067+0000] {logging_mixin.py:151} INFO - [2023-11-15T06:20:53.067+0000] {security.py:708} INFO - Not syncing DAG-level permissions for DAG 'DAG:docker_cb' as access control is unset.
[2023-11-15T06:20:53.068+0000] {logging_mixin.py:151} INFO - [2023-11-15T06:20:53.067+0000] {dag.py:2915} INFO - Sync 1 DAGs
[2023-11-15T06:20:53.082+0000] {logging_mixin.py:151} INFO - [2023-11-15T06:20:53.082+0000] {dag.py:2937} INFO - Creating ORM DAG for docker_cb
[2023-11-15T06:20:53.095+0000] {logging_mixin.py:151} INFO - [2023-11-15T06:20:53.095+0000] {dag.py:3696} INFO - Setting next_dagrun for docker_cb to 2023-12-01T00:00:00+00:00, run_after=2024-01-01T00:00:00+00:00
[2023-11-15T06:20:53.110+0000] {processor.py:179} INFO - Processing /opt/airflow/dags/catboost/docker.py took 0.332 seconds
[2023-11-15T06:21:23.298+0000] {processor.py:157} INFO - Started process (PID=47) to work on /opt/airflow/dags/catboost/docker.py
[2023-11-15T06:21:23.302+0000] {processor.py:829} INFO - Processing file /opt/airflow/dags/catboost/docker.py for tasks to queue
[2023-11-15T06:21:23.308+0000] {logging_mixin.py:151} INFO - [2023-11-15T06:21:23.307+0000] {dagbag.py:539} INFO - Filling up the DagBag from /opt/airflow/dags/catboost/docker.py
[2023-11-15T06:21:23.323+0000] {processor.py:839} INFO - DAG(s) dict_keys(['docker_cb']) retrieved from /opt/airflow/dags/catboost/docker.py
[2023-11-15T06:21:23.349+0000] {logging_mixin.py:151} INFO - [2023-11-15T06:21:23.348+0000] {dag.py:2915} INFO - Sync 1 DAGs
[2023-11-15T06:21:23.370+0000] {logging_mixin.py:151} INFO - [2023-11-15T06:21:23.370+0000] {dag.py:3696} INFO - Setting next_dagrun for docker_cb to 2023-12-01T00:00:00+00:00, run_after=2024-01-01T00:00:00+00:00
[2023-11-15T06:21:23.397+0000] {processor.py:179} INFO - Processing /opt/airflow/dags/catboost/docker.py took 0.113 seconds
[2023-11-15T06:21:53.560+0000] {processor.py:157} INFO - Started process (PID=55) to work on /opt/airflow/dags/catboost/docker.py
[2023-11-15T06:21:53.560+0000] {processor.py:829} INFO - Processing file /opt/airflow/dags/catboost/docker.py for tasks to queue
[2023-11-15T06:21:53.563+0000] {logging_mixin.py:151} INFO - [2023-11-15T06:21:53.563+0000] {dagbag.py:539} INFO - Filling up the DagBag from /opt/airflow/dags/catboost/docker.py
[2023-11-15T06:21:53.577+0000] {processor.py:839} INFO - DAG(s) dict_keys(['docker_cb']) retrieved from /opt/airflow/dags/catboost/docker.py
[2023-11-15T06:21:53.603+0000] {logging_mixin.py:151} INFO - [2023-11-15T06:21:53.602+0000] {dag.py:2915} INFO - Sync 1 DAGs
[2023-11-15T06:21:53.625+0000] {logging_mixin.py:151} INFO - [2023-11-15T06:21:53.625+0000] {dag.py:3696} INFO - Setting next_dagrun for docker_cb to 2023-12-01T00:00:00+00:00, run_after=2024-01-01T00:00:00+00:00
[2023-11-15T06:21:53.671+0000] {processor.py:179} INFO - Processing /opt/airflow/dags/catboost/docker.py took 0.117 seconds
[2023-11-15T06:22:23.869+0000] {processor.py:157} INFO - Started process (PID=63) to work on /opt/airflow/dags/catboost/docker.py
[2023-11-15T06:22:23.870+0000] {processor.py:829} INFO - Processing file /opt/airflow/dags/catboost/docker.py for tasks to queue
[2023-11-15T06:22:23.873+0000] {logging_mixin.py:151} INFO - [2023-11-15T06:22:23.872+0000] {dagbag.py:539} INFO - Filling up the DagBag from /opt/airflow/dags/catboost/docker.py
[2023-11-15T06:22:23.889+0000] {processor.py:839} INFO - DAG(s) dict_keys(['docker_cb']) retrieved from /opt/airflow/dags/catboost/docker.py
[2023-11-15T06:22:23.914+0000] {logging_mixin.py:151} INFO - [2023-11-15T06:22:23.914+0000] {dag.py:2915} INFO - Sync 1 DAGs
[2023-11-15T06:22:23.937+0000] {logging_mixin.py:151} INFO - [2023-11-15T06:22:23.937+0000] {dag.py:3696} INFO - Setting next_dagrun for docker_cb to 2023-12-01T00:00:00+00:00, run_after=2024-01-01T00:00:00+00:00
[2023-11-15T06:22:23.964+0000] {processor.py:179} INFO - Processing /opt/airflow/dags/catboost/docker.py took 0.100 seconds
[2023-11-15T06:22:54.087+0000] {processor.py:157} INFO - Started process (PID=71) to work on /opt/airflow/dags/catboost/docker.py
[2023-11-15T06:22:54.087+0000] {processor.py:829} INFO - Processing file /opt/airflow/dags/catboost/docker.py for tasks to queue
[2023-11-15T06:22:54.090+0000] {logging_mixin.py:151} INFO - [2023-11-15T06:22:54.089+0000] {dagbag.py:539} INFO - Filling up the DagBag from /opt/airflow/dags/catboost/docker.py
[2023-11-15T06:22:54.102+0000] {processor.py:839} INFO - DAG(s) dict_keys(['docker_cb']) retrieved from /opt/airflow/dags/catboost/docker.py
[2023-11-15T06:22:54.128+0000] {logging_mixin.py:151} INFO - [2023-11-15T06:22:54.127+0000] {dag.py:2915} INFO - Sync 1 DAGs
[2023-11-15T06:22:54.151+0000] {logging_mixin.py:151} INFO - [2023-11-15T06:22:54.151+0000] {dag.py:3696} INFO - Setting next_dagrun for docker_cb to 2023-12-01T00:00:00+00:00, run_after=2024-01-01T00:00:00+00:00
[2023-11-15T06:22:54.167+0000] {processor.py:179} INFO - Processing /opt/airflow/dags/catboost/docker.py took 0.084 seconds
[2023-11-15T06:23:24.383+0000] {processor.py:157} INFO - Started process (PID=79) to work on /opt/airflow/dags/catboost/docker.py
[2023-11-15T06:23:24.384+0000] {processor.py:829} INFO - Processing file /opt/airflow/dags/catboost/docker.py for tasks to queue
[2023-11-15T06:23:24.387+0000] {logging_mixin.py:151} INFO - [2023-11-15T06:23:24.386+0000] {dagbag.py:539} INFO - Filling up the DagBag from /opt/airflow/dags/catboost/docker.py
[2023-11-15T06:23:24.400+0000] {processor.py:839} INFO - DAG(s) dict_keys(['docker_cb']) retrieved from /opt/airflow/dags/catboost/docker.py
[2023-11-15T06:23:24.426+0000] {logging_mixin.py:151} INFO - [2023-11-15T06:23:24.426+0000] {dag.py:2915} INFO - Sync 1 DAGs
[2023-11-15T06:23:24.448+0000] {logging_mixin.py:151} INFO - [2023-11-15T06:23:24.448+0000] {dag.py:3696} INFO - Setting next_dagrun for docker_cb to 2023-12-01T00:00:00+00:00, run_after=2024-01-01T00:00:00+00:00
[2023-11-15T06:23:24.475+0000] {processor.py:179} INFO - Processing /opt/airflow/dags/catboost/docker.py took 0.096 seconds
[2023-11-15T06:23:54.591+0000] {processor.py:157} INFO - Started process (PID=87) to work on /opt/airflow/dags/catboost/docker.py
[2023-11-15T06:23:54.593+0000] {processor.py:829} INFO - Processing file /opt/airflow/dags/catboost/docker.py for tasks to queue
[2023-11-15T06:23:54.595+0000] {logging_mixin.py:151} INFO - [2023-11-15T06:23:54.595+0000] {dagbag.py:539} INFO - Filling up the DagBag from /opt/airflow/dags/catboost/docker.py
[2023-11-15T06:23:54.608+0000] {processor.py:839} INFO - DAG(s) dict_keys(['docker_cb']) retrieved from /opt/airflow/dags/catboost/docker.py
[2023-11-15T06:23:54.635+0000] {logging_mixin.py:151} INFO - [2023-11-15T06:23:54.634+0000] {dag.py:2915} INFO - Sync 1 DAGs
[2023-11-15T06:23:54.657+0000] {logging_mixin.py:151} INFO - [2023-11-15T06:23:54.657+0000] {dag.py:3696} INFO - Setting next_dagrun for docker_cb to 2023-12-01T00:00:00+00:00, run_after=2024-01-01T00:00:00+00:00
[2023-11-15T06:23:54.685+0000] {processor.py:179} INFO - Processing /opt/airflow/dags/catboost/docker.py took 0.100 seconds
[2023-11-15T06:24:24.785+0000] {processor.py:157} INFO - Started process (PID=95) to work on /opt/airflow/dags/catboost/docker.py
[2023-11-15T06:24:24.786+0000] {processor.py:829} INFO - Processing file /opt/airflow/dags/catboost/docker.py for tasks to queue
[2023-11-15T06:24:24.789+0000] {logging_mixin.py:151} INFO - [2023-11-15T06:24:24.788+0000] {dagbag.py:539} INFO - Filling up the DagBag from /opt/airflow/dags/catboost/docker.py
[2023-11-15T06:24:24.801+0000] {processor.py:839} INFO - DAG(s) dict_keys(['docker_cb']) retrieved from /opt/airflow/dags/catboost/docker.py
[2023-11-15T06:24:24.835+0000] {logging_mixin.py:151} INFO - [2023-11-15T06:24:24.834+0000] {dag.py:2915} INFO - Sync 1 DAGs
[2023-11-15T06:24:24.861+0000] {logging_mixin.py:151} INFO - [2023-11-15T06:24:24.861+0000] {dag.py:3696} INFO - Setting next_dagrun for docker_cb to 2023-12-01T00:00:00+00:00, run_after=2024-01-01T00:00:00+00:00
[2023-11-15T06:24:24.893+0000] {processor.py:179} INFO - Processing /opt/airflow/dags/catboost/docker.py took 0.112 seconds
[2023-11-15T06:24:55.049+0000] {processor.py:157} INFO - Started process (PID=102) to work on /opt/airflow/dags/catboost/docker.py
[2023-11-15T06:24:55.050+0000] {processor.py:829} INFO - Processing file /opt/airflow/dags/catboost/docker.py for tasks to queue
[2023-11-15T06:24:55.053+0000] {logging_mixin.py:151} INFO - [2023-11-15T06:24:55.053+0000] {dagbag.py:539} INFO - Filling up the DagBag from /opt/airflow/dags/catboost/docker.py
[2023-11-15T06:24:55.065+0000] {processor.py:839} INFO - DAG(s) dict_keys(['docker_cb']) retrieved from /opt/airflow/dags/catboost/docker.py
[2023-11-15T06:24:55.094+0000] {logging_mixin.py:151} INFO - [2023-11-15T06:24:55.093+0000] {dag.py:2915} INFO - Sync 1 DAGs
[2023-11-15T06:24:55.124+0000] {logging_mixin.py:151} INFO - [2023-11-15T06:24:55.123+0000] {dag.py:3696} INFO - Setting next_dagrun for docker_cb to 2023-12-01T00:00:00+00:00, run_after=2024-01-01T00:00:00+00:00
[2023-11-15T06:24:55.145+0000] {processor.py:179} INFO - Processing /opt/airflow/dags/catboost/docker.py took 0.100 seconds
[2023-11-15T06:25:25.312+0000] {processor.py:157} INFO - Started process (PID=110) to work on /opt/airflow/dags/catboost/docker.py
[2023-11-15T06:25:25.314+0000] {processor.py:829} INFO - Processing file /opt/airflow/dags/catboost/docker.py for tasks to queue
[2023-11-15T06:25:25.318+0000] {logging_mixin.py:151} INFO - [2023-11-15T06:25:25.317+0000] {dagbag.py:539} INFO - Filling up the DagBag from /opt/airflow/dags/catboost/docker.py
[2023-11-15T06:25:25.332+0000] {processor.py:839} INFO - DAG(s) dict_keys(['docker_cb']) retrieved from /opt/airflow/dags/catboost/docker.py
[2023-11-15T06:25:25.360+0000] {logging_mixin.py:151} INFO - [2023-11-15T06:25:25.359+0000] {dag.py:2915} INFO - Sync 1 DAGs
[2023-11-15T06:25:25.383+0000] {logging_mixin.py:151} INFO - [2023-11-15T06:25:25.382+0000] {dag.py:3696} INFO - Setting next_dagrun for docker_cb to 2023-12-01T00:00:00+00:00, run_after=2024-01-01T00:00:00+00:00
[2023-11-15T06:25:25.410+0000] {processor.py:179} INFO - Processing /opt/airflow/dags/catboost/docker.py took 0.103 seconds
[2023-11-15T06:25:55.532+0000] {processor.py:157} INFO - Started process (PID=118) to work on /opt/airflow/dags/catboost/docker.py
[2023-11-15T06:25:55.533+0000] {processor.py:829} INFO - Processing file /opt/airflow/dags/catboost/docker.py for tasks to queue
[2023-11-15T06:25:55.536+0000] {logging_mixin.py:151} INFO - [2023-11-15T06:25:55.535+0000] {dagbag.py:539} INFO - Filling up the DagBag from /opt/airflow/dags/catboost/docker.py
[2023-11-15T06:25:55.550+0000] {processor.py:839} INFO - DAG(s) dict_keys(['docker_cb']) retrieved from /opt/airflow/dags/catboost/docker.py
[2023-11-15T06:25:55.581+0000] {logging_mixin.py:151} INFO - [2023-11-15T06:25:55.580+0000] {dag.py:2915} INFO - Sync 1 DAGs
[2023-11-15T06:25:55.606+0000] {logging_mixin.py:151} INFO - [2023-11-15T06:25:55.605+0000] {dag.py:3696} INFO - Setting next_dagrun for docker_cb to 2023-12-01T00:00:00+00:00, run_after=2024-01-01T00:00:00+00:00
[2023-11-15T06:25:55.623+0000] {processor.py:179} INFO - Processing /opt/airflow/dags/catboost/docker.py took 0.094 seconds
[2023-11-15T06:26:25.701+0000] {processor.py:157} INFO - Started process (PID=125) to work on /opt/airflow/dags/catboost/docker.py
[2023-11-15T06:26:25.702+0000] {processor.py:829} INFO - Processing file /opt/airflow/dags/catboost/docker.py for tasks to queue
[2023-11-15T06:26:25.705+0000] {logging_mixin.py:151} INFO - [2023-11-15T06:26:25.704+0000] {dagbag.py:539} INFO - Filling up the DagBag from /opt/airflow/dags/catboost/docker.py
[2023-11-15T06:26:25.718+0000] {processor.py:839} INFO - DAG(s) dict_keys(['docker_cb']) retrieved from /opt/airflow/dags/catboost/docker.py
[2023-11-15T06:26:25.747+0000] {logging_mixin.py:151} INFO - [2023-11-15T06:26:25.746+0000] {dag.py:2915} INFO - Sync 1 DAGs
[2023-11-15T06:26:25.769+0000] {logging_mixin.py:151} INFO - [2023-11-15T06:26:25.769+0000] {dag.py:3696} INFO - Setting next_dagrun for docker_cb to 2023-12-01T00:00:00+00:00, run_after=2024-01-01T00:00:00+00:00
[2023-11-15T06:26:25.797+0000] {processor.py:179} INFO - Processing /opt/airflow/dags/catboost/docker.py took 0.100 seconds
[2023-11-15T06:26:55.943+0000] {processor.py:157} INFO - Started process (PID=133) to work on /opt/airflow/dags/catboost/docker.py
[2023-11-15T06:26:55.944+0000] {processor.py:829} INFO - Processing file /opt/airflow/dags/catboost/docker.py for tasks to queue
[2023-11-15T06:26:55.948+0000] {logging_mixin.py:151} INFO - [2023-11-15T06:26:55.948+0000] {dagbag.py:539} INFO - Filling up the DagBag from /opt/airflow/dags/catboost/docker.py
[2023-11-15T06:26:55.966+0000] {processor.py:839} INFO - DAG(s) dict_keys(['docker_cb']) retrieved from /opt/airflow/dags/catboost/docker.py
[2023-11-15T06:26:56.075+0000] {logging_mixin.py:151} INFO - [2023-11-15T06:26:56.075+0000] {security.py:708} INFO - Not syncing DAG-level permissions for DAG 'DAG:docker_cb' as access control is unset.
[2023-11-15T06:26:56.076+0000] {logging_mixin.py:151} INFO - [2023-11-15T06:26:56.075+0000] {dag.py:2915} INFO - Sync 1 DAGs
[2023-11-15T06:26:56.100+0000] {logging_mixin.py:151} INFO - [2023-11-15T06:26:56.099+0000] {dag.py:3696} INFO - Setting next_dagrun for docker_cb to 2023-12-01T00:00:00+00:00, run_after=2024-01-01T00:00:00+00:00
[2023-11-15T06:26:56.133+0000] {processor.py:179} INFO - Processing /opt/airflow/dags/catboost/docker.py took 0.197 seconds
[2023-11-15T06:27:26.292+0000] {processor.py:157} INFO - Started process (PID=141) to work on /opt/airflow/dags/catboost/docker.py
[2023-11-15T06:27:26.295+0000] {processor.py:829} INFO - Processing file /opt/airflow/dags/catboost/docker.py for tasks to queue
[2023-11-15T06:27:26.300+0000] {logging_mixin.py:151} INFO - [2023-11-15T06:27:26.299+0000] {dagbag.py:539} INFO - Filling up the DagBag from /opt/airflow/dags/catboost/docker.py
[2023-11-15T06:27:26.315+0000] {processor.py:839} INFO - DAG(s) dict_keys(['docker_cb']) retrieved from /opt/airflow/dags/catboost/docker.py
[2023-11-15T06:27:26.348+0000] {logging_mixin.py:151} INFO - [2023-11-15T06:27:26.347+0000] {dag.py:2915} INFO - Sync 1 DAGs
[2023-11-15T06:27:26.380+0000] {logging_mixin.py:151} INFO - [2023-11-15T06:27:26.380+0000] {dag.py:3696} INFO - Setting next_dagrun for docker_cb to 2023-12-01T00:00:00+00:00, run_after=2024-01-01T00:00:00+00:00
[2023-11-15T06:27:26.421+0000] {processor.py:179} INFO - Processing /opt/airflow/dags/catboost/docker.py took 0.143 seconds
[2023-11-15T06:27:56.565+0000] {processor.py:157} INFO - Started process (PID=149) to work on /opt/airflow/dags/catboost/docker.py
[2023-11-15T06:27:56.566+0000] {processor.py:829} INFO - Processing file /opt/airflow/dags/catboost/docker.py for tasks to queue
[2023-11-15T06:27:56.569+0000] {logging_mixin.py:151} INFO - [2023-11-15T06:27:56.569+0000] {dagbag.py:539} INFO - Filling up the DagBag from /opt/airflow/dags/catboost/docker.py
[2023-11-15T06:27:56.582+0000] {processor.py:839} INFO - DAG(s) dict_keys(['docker_cb']) retrieved from /opt/airflow/dags/catboost/docker.py
[2023-11-15T06:27:56.611+0000] {logging_mixin.py:151} INFO - [2023-11-15T06:27:56.610+0000] {dag.py:2915} INFO - Sync 1 DAGs
[2023-11-15T06:27:56.637+0000] {logging_mixin.py:151} INFO - [2023-11-15T06:27:56.637+0000] {dag.py:3696} INFO - Setting next_dagrun for docker_cb to 2023-12-01T00:00:00+00:00, run_after=2024-01-01T00:00:00+00:00
[2023-11-15T06:27:56.668+0000] {processor.py:179} INFO - Processing /opt/airflow/dags/catboost/docker.py took 0.107 seconds
[2023-11-15T06:28:26.790+0000] {processor.py:157} INFO - Started process (PID=157) to work on /opt/airflow/dags/catboost/docker.py
[2023-11-15T06:28:26.792+0000] {processor.py:829} INFO - Processing file /opt/airflow/dags/catboost/docker.py for tasks to queue
[2023-11-15T06:28:26.795+0000] {logging_mixin.py:151} INFO - [2023-11-15T06:28:26.795+0000] {dagbag.py:539} INFO - Filling up the DagBag from /opt/airflow/dags/catboost/docker.py
[2023-11-15T06:28:26.809+0000] {processor.py:839} INFO - DAG(s) dict_keys(['docker_cb']) retrieved from /opt/airflow/dags/catboost/docker.py
[2023-11-15T06:28:26.840+0000] {logging_mixin.py:151} INFO - [2023-11-15T06:28:26.840+0000] {dag.py:2915} INFO - Sync 1 DAGs
[2023-11-15T06:28:26.864+0000] {logging_mixin.py:151} INFO - [2023-11-15T06:28:26.864+0000] {dag.py:3696} INFO - Setting next_dagrun for docker_cb to 2023-12-01T00:00:00+00:00, run_after=2024-01-01T00:00:00+00:00
[2023-11-15T06:28:26.880+0000] {processor.py:179} INFO - Processing /opt/airflow/dags/catboost/docker.py took 0.093 seconds
[2023-11-15T06:28:56.939+0000] {processor.py:157} INFO - Started process (PID=165) to work on /opt/airflow/dags/catboost/docker.py
[2023-11-15T06:28:56.941+0000] {processor.py:829} INFO - Processing file /opt/airflow/dags/catboost/docker.py for tasks to queue
[2023-11-15T06:28:56.948+0000] {logging_mixin.py:151} INFO - [2023-11-15T06:28:56.947+0000] {dagbag.py:539} INFO - Filling up the DagBag from /opt/airflow/dags/catboost/docker.py
[2023-11-15T06:28:56.977+0000] {processor.py:839} INFO - DAG(s) dict_keys(['docker_cb']) retrieved from /opt/airflow/dags/catboost/docker.py
[2023-11-15T06:28:57.046+0000] {logging_mixin.py:151} INFO - [2023-11-15T06:28:57.045+0000] {dag.py:2915} INFO - Sync 1 DAGs
[2023-11-15T06:28:57.101+0000] {logging_mixin.py:151} INFO - [2023-11-15T06:28:57.100+0000] {dag.py:3696} INFO - Setting next_dagrun for docker_cb to 2023-12-01T00:00:00+00:00, run_after=2024-01-01T00:00:00+00:00
[2023-11-15T06:28:57.154+0000] {processor.py:179} INFO - Processing /opt/airflow/dags/catboost/docker.py took 0.221 seconds
[2023-11-15T06:29:27.275+0000] {processor.py:157} INFO - Started process (PID=173) to work on /opt/airflow/dags/catboost/docker.py
[2023-11-15T06:29:27.276+0000] {processor.py:829} INFO - Processing file /opt/airflow/dags/catboost/docker.py for tasks to queue
[2023-11-15T06:29:27.279+0000] {logging_mixin.py:151} INFO - [2023-11-15T06:29:27.279+0000] {dagbag.py:539} INFO - Filling up the DagBag from /opt/airflow/dags/catboost/docker.py
[2023-11-15T06:29:27.292+0000] {processor.py:839} INFO - DAG(s) dict_keys(['docker_cb']) retrieved from /opt/airflow/dags/catboost/docker.py
[2023-11-15T06:29:27.320+0000] {logging_mixin.py:151} INFO - [2023-11-15T06:29:27.319+0000] {dag.py:2915} INFO - Sync 1 DAGs
[2023-11-15T06:29:27.345+0000] {logging_mixin.py:151} INFO - [2023-11-15T06:29:27.345+0000] {dag.py:3696} INFO - Setting next_dagrun for docker_cb to 2023-12-01T00:00:00+00:00, run_after=2024-01-01T00:00:00+00:00
[2023-11-15T06:29:27.362+0000] {processor.py:179} INFO - Processing /opt/airflow/dags/catboost/docker.py took 0.091 seconds
[2023-11-15T06:30:57.411+0000] {processor.py:157} INFO - Started process (PID=39) to work on /opt/airflow/dags/catboost/docker.py
[2023-11-15T06:30:57.413+0000] {processor.py:829} INFO - Processing file /opt/airflow/dags/catboost/docker.py for tasks to queue
[2023-11-15T06:30:57.417+0000] {logging_mixin.py:151} INFO - [2023-11-15T06:30:57.416+0000] {dagbag.py:539} INFO - Filling up the DagBag from /opt/airflow/dags/catboost/docker.py
[2023-11-15T06:30:57.448+0000] {processor.py:839} INFO - DAG(s) dict_keys(['docker_cb']) retrieved from /opt/airflow/dags/catboost/docker.py
[2023-11-15T06:30:57.901+0000] {logging_mixin.py:151} INFO - [2023-11-15T06:30:57.900+0000] {manager.py:499} INFO - Created Permission View: %s
[2023-11-15T06:30:57.930+0000] {logging_mixin.py:151} INFO - [2023-11-15T06:30:57.930+0000] {manager.py:499} INFO - Created Permission View: %s
[2023-11-15T06:30:57.951+0000] {logging_mixin.py:151} INFO - [2023-11-15T06:30:57.951+0000] {manager.py:499} INFO - Created Permission View: %s
[2023-11-15T06:30:57.955+0000] {logging_mixin.py:151} INFO - [2023-11-15T06:30:57.954+0000] {security.py:708} INFO - Not syncing DAG-level permissions for DAG 'DAG:docker_cb' as access control is unset.
[2023-11-15T06:30:57.958+0000] {logging_mixin.py:151} INFO - [2023-11-15T06:30:57.956+0000] {dag.py:2915} INFO - Sync 1 DAGs
[2023-11-15T06:30:57.984+0000] {logging_mixin.py:151} INFO - [2023-11-15T06:30:57.983+0000] {dag.py:2937} INFO - Creating ORM DAG for docker_cb
[2023-11-15T06:30:58.005+0000] {logging_mixin.py:151} INFO - [2023-11-15T06:30:58.004+0000] {dag.py:3696} INFO - Setting next_dagrun for docker_cb to 2023-12-01T00:00:00+00:00, run_after=2024-01-01T00:00:00+00:00
[2023-11-15T06:30:58.041+0000] {processor.py:179} INFO - Processing /opt/airflow/dags/catboost/docker.py took 0.635 seconds
[2023-11-15T06:31:28.201+0000] {processor.py:157} INFO - Started process (PID=47) to work on /opt/airflow/dags/catboost/docker.py
[2023-11-15T06:31:28.202+0000] {processor.py:829} INFO - Processing file /opt/airflow/dags/catboost/docker.py for tasks to queue
[2023-11-15T06:31:28.205+0000] {logging_mixin.py:151} INFO - [2023-11-15T06:31:28.204+0000] {dagbag.py:539} INFO - Filling up the DagBag from /opt/airflow/dags/catboost/docker.py
[2023-11-15T06:31:28.225+0000] {processor.py:839} INFO - DAG(s) dict_keys(['docker_cb']) retrieved from /opt/airflow/dags/catboost/docker.py
[2023-11-15T06:31:28.258+0000] {logging_mixin.py:151} INFO - [2023-11-15T06:31:28.258+0000] {dag.py:2915} INFO - Sync 1 DAGs
[2023-11-15T06:31:28.291+0000] {logging_mixin.py:151} INFO - [2023-11-15T06:31:28.291+0000] {dag.py:3696} INFO - Setting next_dagrun for docker_cb to 2023-12-01T00:00:00+00:00, run_after=2024-01-01T00:00:00+00:00
[2023-11-15T06:31:28.556+0000] {processor.py:179} INFO - Processing /opt/airflow/dags/catboost/docker.py took 0.359 seconds
[2023-11-15T06:31:58.698+0000] {processor.py:157} INFO - Started process (PID=55) to work on /opt/airflow/dags/catboost/docker.py
[2023-11-15T06:31:58.699+0000] {processor.py:829} INFO - Processing file /opt/airflow/dags/catboost/docker.py for tasks to queue
[2023-11-15T06:31:58.703+0000] {logging_mixin.py:151} INFO - [2023-11-15T06:31:58.702+0000] {dagbag.py:539} INFO - Filling up the DagBag from /opt/airflow/dags/catboost/docker.py
[2023-11-15T06:31:58.719+0000] {processor.py:839} INFO - DAG(s) dict_keys(['docker_cb']) retrieved from /opt/airflow/dags/catboost/docker.py
[2023-11-15T06:31:58.755+0000] {logging_mixin.py:151} INFO - [2023-11-15T06:31:58.754+0000] {dag.py:2915} INFO - Sync 1 DAGs
[2023-11-15T06:31:58.787+0000] {logging_mixin.py:151} INFO - [2023-11-15T06:31:58.786+0000] {dag.py:3696} INFO - Setting next_dagrun for docker_cb to 2023-12-01T00:00:00+00:00, run_after=2024-01-01T00:00:00+00:00
[2023-11-15T06:31:58.823+0000] {processor.py:179} INFO - Processing /opt/airflow/dags/catboost/docker.py took 0.130 seconds
[2023-11-15T06:32:28.945+0000] {processor.py:157} INFO - Started process (PID=63) to work on /opt/airflow/dags/catboost/docker.py
[2023-11-15T06:32:28.946+0000] {processor.py:829} INFO - Processing file /opt/airflow/dags/catboost/docker.py for tasks to queue
[2023-11-15T06:32:28.948+0000] {logging_mixin.py:151} INFO - [2023-11-15T06:32:28.948+0000] {dagbag.py:539} INFO - Filling up the DagBag from /opt/airflow/dags/catboost/docker.py
[2023-11-15T06:32:28.960+0000] {processor.py:839} INFO - DAG(s) dict_keys(['docker_cb']) retrieved from /opt/airflow/dags/catboost/docker.py
[2023-11-15T06:32:28.990+0000] {logging_mixin.py:151} INFO - [2023-11-15T06:32:28.989+0000] {dag.py:2915} INFO - Sync 1 DAGs
[2023-11-15T06:32:29.016+0000] {logging_mixin.py:151} INFO - [2023-11-15T06:32:29.015+0000] {dag.py:3696} INFO - Setting next_dagrun for docker_cb to 2023-12-01T00:00:00+00:00, run_after=2024-01-01T00:00:00+00:00
[2023-11-15T06:32:29.036+0000] {processor.py:179} INFO - Processing /opt/airflow/dags/catboost/docker.py took 0.095 seconds
[2023-11-15T06:32:59.089+0000] {processor.py:157} INFO - Started process (PID=71) to work on /opt/airflow/dags/catboost/docker.py
[2023-11-15T06:32:59.090+0000] {processor.py:829} INFO - Processing file /opt/airflow/dags/catboost/docker.py for tasks to queue
[2023-11-15T06:32:59.093+0000] {logging_mixin.py:151} INFO - [2023-11-15T06:32:59.092+0000] {dagbag.py:539} INFO - Filling up the DagBag from /opt/airflow/dags/catboost/docker.py
[2023-11-15T06:32:59.114+0000] {processor.py:839} INFO - DAG(s) dict_keys(['docker_cb']) retrieved from /opt/airflow/dags/catboost/docker.py
[2023-11-15T06:32:59.152+0000] {logging_mixin.py:151} INFO - [2023-11-15T06:32:59.151+0000] {dag.py:2915} INFO - Sync 1 DAGs
[2023-11-15T06:32:59.191+0000] {logging_mixin.py:151} INFO - [2023-11-15T06:32:59.190+0000] {dag.py:3696} INFO - Setting next_dagrun for docker_cb to 2023-12-01T00:00:00+00:00, run_after=2024-01-01T00:00:00+00:00
[2023-11-15T06:32:59.219+0000] {processor.py:179} INFO - Processing /opt/airflow/dags/catboost/docker.py took 0.135 seconds
[2023-11-15T06:33:29.336+0000] {processor.py:157} INFO - Started process (PID=79) to work on /opt/airflow/dags/catboost/docker.py
[2023-11-15T06:33:29.338+0000] {processor.py:829} INFO - Processing file /opt/airflow/dags/catboost/docker.py for tasks to queue
[2023-11-15T06:33:29.343+0000] {logging_mixin.py:151} INFO - [2023-11-15T06:33:29.342+0000] {dagbag.py:539} INFO - Filling up the DagBag from /opt/airflow/dags/catboost/docker.py
[2023-11-15T06:33:29.372+0000] {processor.py:839} INFO - DAG(s) dict_keys(['docker_cb']) retrieved from /opt/airflow/dags/catboost/docker.py
[2023-11-15T06:33:29.416+0000] {logging_mixin.py:151} INFO - [2023-11-15T06:33:29.416+0000] {dag.py:2915} INFO - Sync 1 DAGs
[2023-11-15T06:33:29.443+0000] {logging_mixin.py:151} INFO - [2023-11-15T06:33:29.443+0000] {dag.py:3696} INFO - Setting next_dagrun for docker_cb to 2023-12-01T00:00:00+00:00, run_after=2024-01-01T00:00:00+00:00
[2023-11-15T06:33:29.461+0000] {processor.py:179} INFO - Processing /opt/airflow/dags/catboost/docker.py took 0.131 seconds
[2023-11-15T06:33:59.522+0000] {processor.py:157} INFO - Started process (PID=87) to work on /opt/airflow/dags/catboost/docker.py
[2023-11-15T06:33:59.523+0000] {processor.py:829} INFO - Processing file /opt/airflow/dags/catboost/docker.py for tasks to queue
[2023-11-15T06:33:59.527+0000] {logging_mixin.py:151} INFO - [2023-11-15T06:33:59.526+0000] {dagbag.py:539} INFO - Filling up the DagBag from /opt/airflow/dags/catboost/docker.py
[2023-11-15T06:33:59.547+0000] {processor.py:839} INFO - DAG(s) dict_keys(['docker_cb']) retrieved from /opt/airflow/dags/catboost/docker.py
[2023-11-15T06:33:59.587+0000] {logging_mixin.py:151} INFO - [2023-11-15T06:33:59.587+0000] {dag.py:2915} INFO - Sync 1 DAGs
[2023-11-15T06:33:59.617+0000] {logging_mixin.py:151} INFO - [2023-11-15T06:33:59.617+0000] {dag.py:3696} INFO - Setting next_dagrun for docker_cb to 2023-12-01T00:00:00+00:00, run_after=2024-01-01T00:00:00+00:00
[2023-11-15T06:33:59.636+0000] {processor.py:179} INFO - Processing /opt/airflow/dags/catboost/docker.py took 0.119 seconds
[2023-11-15T06:34:29.813+0000] {processor.py:157} INFO - Started process (PID=95) to work on /opt/airflow/dags/catboost/docker.py
[2023-11-15T06:34:29.814+0000] {processor.py:829} INFO - Processing file /opt/airflow/dags/catboost/docker.py for tasks to queue
[2023-11-15T06:34:29.819+0000] {logging_mixin.py:151} INFO - [2023-11-15T06:34:29.818+0000] {dagbag.py:539} INFO - Filling up the DagBag from /opt/airflow/dags/catboost/docker.py
[2023-11-15T06:34:29.842+0000] {processor.py:839} INFO - DAG(s) dict_keys(['docker_cb']) retrieved from /opt/airflow/dags/catboost/docker.py
[2023-11-15T06:34:29.883+0000] {logging_mixin.py:151} INFO - [2023-11-15T06:34:29.882+0000] {dag.py:2915} INFO - Sync 1 DAGs
[2023-11-15T06:34:29.910+0000] {logging_mixin.py:151} INFO - [2023-11-15T06:34:29.910+0000] {dag.py:3696} INFO - Setting next_dagrun for docker_cb to 2023-12-01T00:00:00+00:00, run_after=2024-01-01T00:00:00+00:00
[2023-11-15T06:34:29.928+0000] {processor.py:179} INFO - Processing /opt/airflow/dags/catboost/docker.py took 0.120 seconds
[2023-11-15T06:34:59.989+0000] {processor.py:157} INFO - Started process (PID=103) to work on /opt/airflow/dags/catboost/docker.py
[2023-11-15T06:34:59.990+0000] {processor.py:829} INFO - Processing file /opt/airflow/dags/catboost/docker.py for tasks to queue
[2023-11-15T06:34:59.994+0000] {logging_mixin.py:151} INFO - [2023-11-15T06:34:59.994+0000] {dagbag.py:539} INFO - Filling up the DagBag from /opt/airflow/dags/catboost/docker.py
[2023-11-15T06:35:00.012+0000] {processor.py:839} INFO - DAG(s) dict_keys(['docker_cb']) retrieved from /opt/airflow/dags/catboost/docker.py
[2023-11-15T06:35:00.048+0000] {logging_mixin.py:151} INFO - [2023-11-15T06:35:00.048+0000] {dag.py:2915} INFO - Sync 1 DAGs
[2023-11-15T06:35:00.075+0000] {logging_mixin.py:151} INFO - [2023-11-15T06:35:00.074+0000] {dag.py:3696} INFO - Setting next_dagrun for docker_cb to 2023-12-01T00:00:00+00:00, run_after=2024-01-01T00:00:00+00:00
[2023-11-15T06:35:00.107+0000] {processor.py:179} INFO - Processing /opt/airflow/dags/catboost/docker.py took 0.122 seconds
[2023-11-15T06:35:30.285+0000] {processor.py:157} INFO - Started process (PID=111) to work on /opt/airflow/dags/catboost/docker.py
[2023-11-15T06:35:30.286+0000] {processor.py:829} INFO - Processing file /opt/airflow/dags/catboost/docker.py for tasks to queue
[2023-11-15T06:35:30.290+0000] {logging_mixin.py:151} INFO - [2023-11-15T06:35:30.289+0000] {dagbag.py:539} INFO - Filling up the DagBag from /opt/airflow/dags/catboost/docker.py
[2023-11-15T06:35:30.306+0000] {processor.py:839} INFO - DAG(s) dict_keys(['docker_cb']) retrieved from /opt/airflow/dags/catboost/docker.py
[2023-11-15T06:35:30.343+0000] {logging_mixin.py:151} INFO - [2023-11-15T06:35:30.342+0000] {dag.py:2915} INFO - Sync 1 DAGs
[2023-11-15T06:35:30.378+0000] {logging_mixin.py:151} INFO - [2023-11-15T06:35:30.377+0000] {dag.py:3696} INFO - Setting next_dagrun for docker_cb to 2023-12-01T00:00:00+00:00, run_after=2024-01-01T00:00:00+00:00
[2023-11-15T06:35:30.414+0000] {processor.py:179} INFO - Processing /opt/airflow/dags/catboost/docker.py took 0.133 seconds
[2023-11-15T06:36:00.453+0000] {processor.py:157} INFO - Started process (PID=119) to work on /opt/airflow/dags/catboost/docker.py
[2023-11-15T06:36:00.454+0000] {processor.py:829} INFO - Processing file /opt/airflow/dags/catboost/docker.py for tasks to queue
[2023-11-15T06:36:00.458+0000] {logging_mixin.py:151} INFO - [2023-11-15T06:36:00.458+0000] {dagbag.py:539} INFO - Filling up the DagBag from /opt/airflow/dags/catboost/docker.py
[2023-11-15T06:36:00.480+0000] {processor.py:839} INFO - DAG(s) dict_keys(['docker_cb']) retrieved from /opt/airflow/dags/catboost/docker.py
[2023-11-15T06:36:00.535+0000] {logging_mixin.py:151} INFO - [2023-11-15T06:36:00.534+0000] {dag.py:2915} INFO - Sync 1 DAGs
[2023-11-15T06:36:00.569+0000] {logging_mixin.py:151} INFO - [2023-11-15T06:36:00.569+0000] {dag.py:3696} INFO - Setting next_dagrun for docker_cb to 2023-12-01T00:00:00+00:00, run_after=2024-01-01T00:00:00+00:00
[2023-11-15T06:36:00.603+0000] {processor.py:179} INFO - Processing /opt/airflow/dags/catboost/docker.py took 0.155 seconds
[2023-11-15T06:36:30.683+0000] {processor.py:157} INFO - Started process (PID=127) to work on /opt/airflow/dags/catboost/docker.py
[2023-11-15T06:36:30.685+0000] {processor.py:829} INFO - Processing file /opt/airflow/dags/catboost/docker.py for tasks to queue
[2023-11-15T06:36:30.689+0000] {logging_mixin.py:151} INFO - [2023-11-15T06:36:30.688+0000] {dagbag.py:539} INFO - Filling up the DagBag from /opt/airflow/dags/catboost/docker.py
[2023-11-15T06:36:30.706+0000] {processor.py:839} INFO - DAG(s) dict_keys(['docker_cb']) retrieved from /opt/airflow/dags/catboost/docker.py
[2023-11-15T06:36:30.739+0000] {logging_mixin.py:151} INFO - [2023-11-15T06:36:30.738+0000] {dag.py:2915} INFO - Sync 1 DAGs
[2023-11-15T06:36:30.770+0000] {logging_mixin.py:151} INFO - [2023-11-15T06:36:30.770+0000] {dag.py:3696} INFO - Setting next_dagrun for docker_cb to 2023-12-01T00:00:00+00:00, run_after=2024-01-01T00:00:00+00:00
[2023-11-15T06:36:30.806+0000] {processor.py:179} INFO - Processing /opt/airflow/dags/catboost/docker.py took 0.128 seconds
[2023-11-15T06:38:39.609+0000] {processor.py:157} INFO - Started process (PID=39) to work on /opt/airflow/dags/catboost/docker.py
[2023-11-15T06:38:39.611+0000] {processor.py:829} INFO - Processing file /opt/airflow/dags/catboost/docker.py for tasks to queue
[2023-11-15T06:38:39.621+0000] {logging_mixin.py:151} INFO - [2023-11-15T06:38:39.620+0000] {dagbag.py:539} INFO - Filling up the DagBag from /opt/airflow/dags/catboost/docker.py
[2023-11-15T06:38:39.670+0000] {processor.py:839} INFO - DAG(s) dict_keys(['docker_cb']) retrieved from /opt/airflow/dags/catboost/docker.py
[2023-11-15T06:38:40.133+0000] {logging_mixin.py:151} INFO - [2023-11-15T06:38:40.132+0000] {manager.py:499} INFO - Created Permission View: %s
[2023-11-15T06:38:40.167+0000] {logging_mixin.py:151} INFO - [2023-11-15T06:38:40.166+0000] {manager.py:499} INFO - Created Permission View: %s
[2023-11-15T06:38:40.181+0000] {logging_mixin.py:151} INFO - [2023-11-15T06:38:40.181+0000] {manager.py:499} INFO - Created Permission View: %s
[2023-11-15T06:38:40.182+0000] {logging_mixin.py:151} INFO - [2023-11-15T06:38:40.182+0000] {security.py:708} INFO - Not syncing DAG-level permissions for DAG 'DAG:docker_cb' as access control is unset.
[2023-11-15T06:38:40.184+0000] {logging_mixin.py:151} INFO - [2023-11-15T06:38:40.183+0000] {dag.py:2915} INFO - Sync 1 DAGs
[2023-11-15T06:38:40.206+0000] {logging_mixin.py:151} INFO - [2023-11-15T06:38:40.206+0000] {dag.py:2937} INFO - Creating ORM DAG for docker_cb
[2023-11-15T06:38:40.230+0000] {logging_mixin.py:151} INFO - [2023-11-15T06:38:40.230+0000] {dag.py:3696} INFO - Setting next_dagrun for docker_cb to 2023-12-01T00:00:00+00:00, run_after=2024-01-01T00:00:00+00:00
[2023-11-15T06:38:40.288+0000] {processor.py:179} INFO - Processing /opt/airflow/dags/catboost/docker.py took 0.689 seconds
[2023-11-15T06:39:10.455+0000] {processor.py:157} INFO - Started process (PID=48) to work on /opt/airflow/dags/catboost/docker.py
[2023-11-15T06:39:10.458+0000] {processor.py:829} INFO - Processing file /opt/airflow/dags/catboost/docker.py for tasks to queue
[2023-11-15T06:39:10.461+0000] {logging_mixin.py:151} INFO - [2023-11-15T06:39:10.461+0000] {dagbag.py:539} INFO - Filling up the DagBag from /opt/airflow/dags/catboost/docker.py
[2023-11-15T06:39:10.486+0000] {processor.py:839} INFO - DAG(s) dict_keys(['docker_cb']) retrieved from /opt/airflow/dags/catboost/docker.py
[2023-11-15T06:39:10.526+0000] {logging_mixin.py:151} INFO - [2023-11-15T06:39:10.525+0000] {dag.py:2915} INFO - Sync 1 DAGs
[2023-11-15T06:39:10.570+0000] {logging_mixin.py:151} INFO - [2023-11-15T06:39:10.570+0000] {dag.py:3696} INFO - Setting next_dagrun for docker_cb to 2023-12-01T00:00:00+00:00, run_after=2024-01-01T00:00:00+00:00
[2023-11-15T06:39:10.628+0000] {processor.py:179} INFO - Processing /opt/airflow/dags/catboost/docker.py took 0.179 seconds
[2023-11-15T06:39:40.781+0000] {processor.py:157} INFO - Started process (PID=56) to work on /opt/airflow/dags/catboost/docker.py
[2023-11-15T06:39:40.782+0000] {processor.py:829} INFO - Processing file /opt/airflow/dags/catboost/docker.py for tasks to queue
[2023-11-15T06:39:40.785+0000] {logging_mixin.py:151} INFO - [2023-11-15T06:39:40.785+0000] {dagbag.py:539} INFO - Filling up the DagBag from /opt/airflow/dags/catboost/docker.py
[2023-11-15T06:39:40.803+0000] {processor.py:839} INFO - DAG(s) dict_keys(['docker_cb']) retrieved from /opt/airflow/dags/catboost/docker.py
[2023-11-15T06:39:40.842+0000] {logging_mixin.py:151} INFO - [2023-11-15T06:39:40.841+0000] {dag.py:2915} INFO - Sync 1 DAGs
[2023-11-15T06:39:40.879+0000] {logging_mixin.py:151} INFO - [2023-11-15T06:39:40.878+0000] {dag.py:3696} INFO - Setting next_dagrun for docker_cb to 2023-12-01T00:00:00+00:00, run_after=2024-01-01T00:00:00+00:00
[2023-11-15T06:39:40.906+0000] {processor.py:179} INFO - Processing /opt/airflow/dags/catboost/docker.py took 0.129 seconds
[2023-11-15T06:40:11.021+0000] {processor.py:157} INFO - Started process (PID=64) to work on /opt/airflow/dags/catboost/docker.py
[2023-11-15T06:40:11.023+0000] {processor.py:829} INFO - Processing file /opt/airflow/dags/catboost/docker.py for tasks to queue
[2023-11-15T06:40:11.028+0000] {logging_mixin.py:151} INFO - [2023-11-15T06:40:11.028+0000] {dagbag.py:539} INFO - Filling up the DagBag from /opt/airflow/dags/catboost/docker.py
[2023-11-15T06:40:11.047+0000] {processor.py:839} INFO - DAG(s) dict_keys(['docker_cb']) retrieved from /opt/airflow/dags/catboost/docker.py
[2023-11-15T06:40:11.083+0000] {logging_mixin.py:151} INFO - [2023-11-15T06:40:11.082+0000] {dag.py:2915} INFO - Sync 1 DAGs
[2023-11-15T06:40:11.115+0000] {logging_mixin.py:151} INFO - [2023-11-15T06:40:11.114+0000] {dag.py:3696} INFO - Setting next_dagrun for docker_cb to 2023-12-01T00:00:00+00:00, run_after=2024-01-01T00:00:00+00:00
[2023-11-15T06:40:11.158+0000] {processor.py:179} INFO - Processing /opt/airflow/dags/catboost/docker.py took 0.142 seconds
[2023-11-15T06:40:41.291+0000] {processor.py:157} INFO - Started process (PID=72) to work on /opt/airflow/dags/catboost/docker.py
[2023-11-15T06:40:41.292+0000] {processor.py:829} INFO - Processing file /opt/airflow/dags/catboost/docker.py for tasks to queue
[2023-11-15T06:40:41.295+0000] {logging_mixin.py:151} INFO - [2023-11-15T06:40:41.295+0000] {dagbag.py:539} INFO - Filling up the DagBag from /opt/airflow/dags/catboost/docker.py
[2023-11-15T06:40:41.308+0000] {processor.py:839} INFO - DAG(s) dict_keys(['docker_cb']) retrieved from /opt/airflow/dags/catboost/docker.py
[2023-11-15T06:40:41.337+0000] {logging_mixin.py:151} INFO - [2023-11-15T06:40:41.336+0000] {dag.py:2915} INFO - Sync 1 DAGs
[2023-11-15T06:40:41.362+0000] {logging_mixin.py:151} INFO - [2023-11-15T06:40:41.361+0000] {dag.py:3696} INFO - Setting next_dagrun for docker_cb to 2023-12-01T00:00:00+00:00, run_after=2024-01-01T00:00:00+00:00
[2023-11-15T06:40:41.390+0000] {processor.py:179} INFO - Processing /opt/airflow/dags/catboost/docker.py took 0.103 seconds
[2023-11-15T06:41:11.429+0000] {processor.py:157} INFO - Started process (PID=80) to work on /opt/airflow/dags/catboost/docker.py
[2023-11-15T06:41:11.430+0000] {processor.py:829} INFO - Processing file /opt/airflow/dags/catboost/docker.py for tasks to queue
[2023-11-15T06:41:11.433+0000] {logging_mixin.py:151} INFO - [2023-11-15T06:41:11.432+0000] {dagbag.py:539} INFO - Filling up the DagBag from /opt/airflow/dags/catboost/docker.py
[2023-11-15T06:41:11.446+0000] {processor.py:839} INFO - DAG(s) dict_keys(['docker_cb']) retrieved from /opt/airflow/dags/catboost/docker.py
[2023-11-15T06:41:11.475+0000] {logging_mixin.py:151} INFO - [2023-11-15T06:41:11.475+0000] {dag.py:2915} INFO - Sync 1 DAGs
[2023-11-15T06:41:11.501+0000] {logging_mixin.py:151} INFO - [2023-11-15T06:41:11.501+0000] {dag.py:3696} INFO - Setting next_dagrun for docker_cb to 2023-12-01T00:00:00+00:00, run_after=2024-01-01T00:00:00+00:00
[2023-11-15T06:41:11.530+0000] {processor.py:179} INFO - Processing /opt/airflow/dags/catboost/docker.py took 0.105 seconds
[2023-11-15T06:41:41.635+0000] {processor.py:157} INFO - Started process (PID=87) to work on /opt/airflow/dags/catboost/docker.py
[2023-11-15T06:41:41.636+0000] {processor.py:829} INFO - Processing file /opt/airflow/dags/catboost/docker.py for tasks to queue
[2023-11-15T06:41:41.639+0000] {logging_mixin.py:151} INFO - [2023-11-15T06:41:41.638+0000] {dagbag.py:539} INFO - Filling up the DagBag from /opt/airflow/dags/catboost/docker.py
[2023-11-15T06:41:41.652+0000] {processor.py:839} INFO - DAG(s) dict_keys(['docker_cb']) retrieved from /opt/airflow/dags/catboost/docker.py
[2023-11-15T06:41:41.681+0000] {logging_mixin.py:151} INFO - [2023-11-15T06:41:41.681+0000] {dag.py:2915} INFO - Sync 1 DAGs
[2023-11-15T06:41:41.709+0000] {logging_mixin.py:151} INFO - [2023-11-15T06:41:41.709+0000] {dag.py:3696} INFO - Setting next_dagrun for docker_cb to 2023-12-01T00:00:00+00:00, run_after=2024-01-01T00:00:00+00:00
[2023-11-15T06:41:41.737+0000] {processor.py:179} INFO - Processing /opt/airflow/dags/catboost/docker.py took 0.106 seconds
[2023-11-15T06:42:11.782+0000] {processor.py:157} INFO - Started process (PID=95) to work on /opt/airflow/dags/catboost/docker.py
[2023-11-15T06:42:11.783+0000] {processor.py:829} INFO - Processing file /opt/airflow/dags/catboost/docker.py for tasks to queue
[2023-11-15T06:42:11.789+0000] {logging_mixin.py:151} INFO - [2023-11-15T06:42:11.788+0000] {dagbag.py:539} INFO - Filling up the DagBag from /opt/airflow/dags/catboost/docker.py
[2023-11-15T06:42:11.811+0000] {processor.py:839} INFO - DAG(s) dict_keys(['docker_cb']) retrieved from /opt/airflow/dags/catboost/docker.py
[2023-11-15T06:42:11.854+0000] {logging_mixin.py:151} INFO - [2023-11-15T06:42:11.853+0000] {dag.py:2915} INFO - Sync 1 DAGs
[2023-11-15T06:42:11.879+0000] {logging_mixin.py:151} INFO - [2023-11-15T06:42:11.879+0000] {dag.py:3696} INFO - Setting next_dagrun for docker_cb to 2023-12-01T00:00:00+00:00, run_after=2024-01-01T00:00:00+00:00
[2023-11-15T06:42:11.897+0000] {processor.py:179} INFO - Processing /opt/airflow/dags/catboost/docker.py took 0.121 seconds
[2023-11-15T06:42:42.017+0000] {processor.py:157} INFO - Started process (PID=103) to work on /opt/airflow/dags/catboost/docker.py
[2023-11-15T06:42:42.019+0000] {processor.py:829} INFO - Processing file /opt/airflow/dags/catboost/docker.py for tasks to queue
[2023-11-15T06:42:42.026+0000] {logging_mixin.py:151} INFO - [2023-11-15T06:42:42.025+0000] {dagbag.py:539} INFO - Filling up the DagBag from /opt/airflow/dags/catboost/docker.py
[2023-11-15T06:42:42.049+0000] {processor.py:839} INFO - DAG(s) dict_keys(['docker_cb']) retrieved from /opt/airflow/dags/catboost/docker.py
[2023-11-15T06:42:42.095+0000] {logging_mixin.py:151} INFO - [2023-11-15T06:42:42.094+0000] {dag.py:2915} INFO - Sync 1 DAGs
[2023-11-15T06:42:42.132+0000] {logging_mixin.py:151} INFO - [2023-11-15T06:42:42.132+0000] {dag.py:3696} INFO - Setting next_dagrun for docker_cb to 2023-12-01T00:00:00+00:00, run_after=2024-01-01T00:00:00+00:00
[2023-11-15T06:42:42.161+0000] {processor.py:179} INFO - Processing /opt/airflow/dags/catboost/docker.py took 0.151 seconds
[2023-11-15T06:43:12.312+0000] {processor.py:157} INFO - Started process (PID=111) to work on /opt/airflow/dags/catboost/docker.py
[2023-11-15T06:43:12.315+0000] {processor.py:829} INFO - Processing file /opt/airflow/dags/catboost/docker.py for tasks to queue
[2023-11-15T06:43:12.322+0000] {logging_mixin.py:151} INFO - [2023-11-15T06:43:12.321+0000] {dagbag.py:539} INFO - Filling up the DagBag from /opt/airflow/dags/catboost/docker.py
[2023-11-15T06:43:12.345+0000] {processor.py:839} INFO - DAG(s) dict_keys(['docker_cb']) retrieved from /opt/airflow/dags/catboost/docker.py
[2023-11-15T06:43:12.447+0000] {logging_mixin.py:151} INFO - [2023-11-15T06:43:12.445+0000] {dag.py:2915} INFO - Sync 1 DAGs
[2023-11-15T06:43:12.538+0000] {logging_mixin.py:151} INFO - [2023-11-15T06:43:12.537+0000] {dag.py:3696} INFO - Setting next_dagrun for docker_cb to 2023-12-01T00:00:00+00:00, run_after=2024-01-01T00:00:00+00:00
[2023-11-15T06:43:12.594+0000] {processor.py:179} INFO - Processing /opt/airflow/dags/catboost/docker.py took 0.288 seconds
[2023-11-15T06:43:42.754+0000] {processor.py:157} INFO - Started process (PID=119) to work on /opt/airflow/dags/catboost/docker.py
[2023-11-15T06:43:42.755+0000] {processor.py:829} INFO - Processing file /opt/airflow/dags/catboost/docker.py for tasks to queue
[2023-11-15T06:43:42.758+0000] {logging_mixin.py:151} INFO - [2023-11-15T06:43:42.757+0000] {dagbag.py:539} INFO - Filling up the DagBag from /opt/airflow/dags/catboost/docker.py
[2023-11-15T06:43:42.771+0000] {processor.py:839} INFO - DAG(s) dict_keys(['docker_cb']) retrieved from /opt/airflow/dags/catboost/docker.py
[2023-11-15T06:43:42.798+0000] {logging_mixin.py:151} INFO - [2023-11-15T06:43:42.798+0000] {dag.py:2915} INFO - Sync 1 DAGs
[2023-11-15T06:43:42.822+0000] {logging_mixin.py:151} INFO - [2023-11-15T06:43:42.822+0000] {dag.py:3696} INFO - Setting next_dagrun for docker_cb to 2023-12-01T00:00:00+00:00, run_after=2024-01-01T00:00:00+00:00
[2023-11-15T06:43:42.840+0000] {processor.py:179} INFO - Processing /opt/airflow/dags/catboost/docker.py took 0.090 seconds
[2023-11-15T06:44:12.889+0000] {processor.py:157} INFO - Started process (PID=127) to work on /opt/airflow/dags/catboost/docker.py
[2023-11-15T06:44:12.890+0000] {processor.py:829} INFO - Processing file /opt/airflow/dags/catboost/docker.py for tasks to queue
[2023-11-15T06:44:12.893+0000] {logging_mixin.py:151} INFO - [2023-11-15T06:44:12.892+0000] {dagbag.py:539} INFO - Filling up the DagBag from /opt/airflow/dags/catboost/docker.py
[2023-11-15T06:44:12.908+0000] {processor.py:839} INFO - DAG(s) dict_keys(['docker_cb']) retrieved from /opt/airflow/dags/catboost/docker.py
[2023-11-15T06:44:12.943+0000] {logging_mixin.py:151} INFO - [2023-11-15T06:44:12.943+0000] {dag.py:2915} INFO - Sync 1 DAGs
[2023-11-15T06:44:12.968+0000] {logging_mixin.py:151} INFO - [2023-11-15T06:44:12.968+0000] {dag.py:3696} INFO - Setting next_dagrun for docker_cb to 2023-12-01T00:00:00+00:00, run_after=2024-01-01T00:00:00+00:00
[2023-11-15T06:44:12.997+0000] {processor.py:179} INFO - Processing /opt/airflow/dags/catboost/docker.py took 0.112 seconds
[2023-11-15T06:44:43.114+0000] {processor.py:157} INFO - Started process (PID=135) to work on /opt/airflow/dags/catboost/docker.py
[2023-11-15T06:44:43.115+0000] {processor.py:829} INFO - Processing file /opt/airflow/dags/catboost/docker.py for tasks to queue
[2023-11-15T06:44:43.119+0000] {logging_mixin.py:151} INFO - [2023-11-15T06:44:43.118+0000] {dagbag.py:539} INFO - Filling up the DagBag from /opt/airflow/dags/catboost/docker.py
[2023-11-15T06:44:43.143+0000] {processor.py:839} INFO - DAG(s) dict_keys(['docker_cb']) retrieved from /opt/airflow/dags/catboost/docker.py
[2023-11-15T06:44:43.190+0000] {logging_mixin.py:151} INFO - [2023-11-15T06:44:43.190+0000] {dag.py:2915} INFO - Sync 1 DAGs
[2023-11-15T06:44:43.218+0000] {logging_mixin.py:151} INFO - [2023-11-15T06:44:43.218+0000] {dag.py:3696} INFO - Setting next_dagrun for docker_cb to 2023-12-01T00:00:00+00:00, run_after=2024-01-01T00:00:00+00:00
[2023-11-15T06:44:43.250+0000] {processor.py:179} INFO - Processing /opt/airflow/dags/catboost/docker.py took 0.142 seconds
[2023-11-15T06:45:13.466+0000] {processor.py:157} INFO - Started process (PID=143) to work on /opt/airflow/dags/catboost/docker.py
[2023-11-15T06:45:13.469+0000] {processor.py:829} INFO - Processing file /opt/airflow/dags/catboost/docker.py for tasks to queue
[2023-11-15T06:45:13.488+0000] {logging_mixin.py:151} INFO - [2023-11-15T06:45:13.478+0000] {dagbag.py:539} INFO - Filling up the DagBag from /opt/airflow/dags/catboost/docker.py
[2023-11-15T06:45:13.512+0000] {processor.py:839} INFO - DAG(s) dict_keys(['docker_cb']) retrieved from /opt/airflow/dags/catboost/docker.py
[2023-11-15T06:45:13.555+0000] {logging_mixin.py:151} INFO - [2023-11-15T06:45:13.554+0000] {dag.py:2915} INFO - Sync 1 DAGs
[2023-11-15T06:45:13.589+0000] {logging_mixin.py:151} INFO - [2023-11-15T06:45:13.589+0000] {dag.py:3696} INFO - Setting next_dagrun for docker_cb to 2023-12-01T00:00:00+00:00, run_after=2024-01-01T00:00:00+00:00
[2023-11-15T06:45:13.619+0000] {processor.py:179} INFO - Processing /opt/airflow/dags/catboost/docker.py took 0.171 seconds
[2023-11-15T06:45:43.676+0000] {processor.py:157} INFO - Started process (PID=151) to work on /opt/airflow/dags/catboost/docker.py
[2023-11-15T06:45:43.677+0000] {processor.py:829} INFO - Processing file /opt/airflow/dags/catboost/docker.py for tasks to queue
[2023-11-15T06:45:43.681+0000] {logging_mixin.py:151} INFO - [2023-11-15T06:45:43.680+0000] {dagbag.py:539} INFO - Filling up the DagBag from /opt/airflow/dags/catboost/docker.py
[2023-11-15T06:45:43.709+0000] {processor.py:839} INFO - DAG(s) dict_keys(['docker_cb']) retrieved from /opt/airflow/dags/catboost/docker.py
[2023-11-15T06:45:43.790+0000] {logging_mixin.py:151} INFO - [2023-11-15T06:45:43.790+0000] {dag.py:2915} INFO - Sync 1 DAGs
[2023-11-15T06:45:43.834+0000] {logging_mixin.py:151} INFO - [2023-11-15T06:45:43.834+0000] {dag.py:3696} INFO - Setting next_dagrun for docker_cb to 2023-12-01T00:00:00+00:00, run_after=2024-01-01T00:00:00+00:00
[2023-11-15T06:45:43.877+0000] {processor.py:179} INFO - Processing /opt/airflow/dags/catboost/docker.py took 0.208 seconds
[2023-11-15T06:46:13.916+0000] {processor.py:157} INFO - Started process (PID=159) to work on /opt/airflow/dags/catboost/docker.py
[2023-11-15T06:46:13.917+0000] {processor.py:829} INFO - Processing file /opt/airflow/dags/catboost/docker.py for tasks to queue
[2023-11-15T06:46:13.922+0000] {logging_mixin.py:151} INFO - [2023-11-15T06:46:13.921+0000] {dagbag.py:539} INFO - Filling up the DagBag from /opt/airflow/dags/catboost/docker.py
[2023-11-15T06:46:13.945+0000] {processor.py:839} INFO - DAG(s) dict_keys(['docker_cb']) retrieved from /opt/airflow/dags/catboost/docker.py
[2023-11-15T06:46:14.006+0000] {logging_mixin.py:151} INFO - [2023-11-15T06:46:14.006+0000] {dag.py:2915} INFO - Sync 1 DAGs
[2023-11-15T06:46:14.042+0000] {logging_mixin.py:151} INFO - [2023-11-15T06:46:14.042+0000] {dag.py:3696} INFO - Setting next_dagrun for docker_cb to 2023-12-01T00:00:00+00:00, run_after=2024-01-01T00:00:00+00:00
[2023-11-15T06:46:14.075+0000] {processor.py:179} INFO - Processing /opt/airflow/dags/catboost/docker.py took 0.165 seconds
[2023-11-15T06:46:44.252+0000] {processor.py:157} INFO - Started process (PID=167) to work on /opt/airflow/dags/catboost/docker.py
[2023-11-15T06:46:44.253+0000] {processor.py:829} INFO - Processing file /opt/airflow/dags/catboost/docker.py for tasks to queue
[2023-11-15T06:46:44.258+0000] {logging_mixin.py:151} INFO - [2023-11-15T06:46:44.256+0000] {dagbag.py:539} INFO - Filling up the DagBag from /opt/airflow/dags/catboost/docker.py
[2023-11-15T06:46:44.285+0000] {processor.py:839} INFO - DAG(s) dict_keys(['docker_cb']) retrieved from /opt/airflow/dags/catboost/docker.py
[2023-11-15T06:46:44.354+0000] {logging_mixin.py:151} INFO - [2023-11-15T06:46:44.353+0000] {dag.py:2915} INFO - Sync 1 DAGs
[2023-11-15T06:46:44.389+0000] {logging_mixin.py:151} INFO - [2023-11-15T06:46:44.389+0000] {dag.py:3696} INFO - Setting next_dagrun for docker_cb to 2023-12-01T00:00:00+00:00, run_after=2024-01-01T00:00:00+00:00
[2023-11-15T06:46:44.422+0000] {processor.py:179} INFO - Processing /opt/airflow/dags/catboost/docker.py took 0.197 seconds
[2023-11-15T06:47:14.640+0000] {processor.py:157} INFO - Started process (PID=175) to work on /opt/airflow/dags/catboost/docker.py
[2023-11-15T06:47:14.644+0000] {processor.py:829} INFO - Processing file /opt/airflow/dags/catboost/docker.py for tasks to queue
[2023-11-15T06:47:14.652+0000] {logging_mixin.py:151} INFO - [2023-11-15T06:47:14.650+0000] {dagbag.py:539} INFO - Filling up the DagBag from /opt/airflow/dags/catboost/docker.py
[2023-11-15T06:47:14.693+0000] {processor.py:839} INFO - DAG(s) dict_keys(['docker_cb']) retrieved from /opt/airflow/dags/catboost/docker.py
[2023-11-15T06:47:14.815+0000] {logging_mixin.py:151} INFO - [2023-11-15T06:47:14.812+0000] {dag.py:2915} INFO - Sync 1 DAGs
[2023-11-15T06:47:15.019+0000] {logging_mixin.py:151} INFO - [2023-11-15T06:47:14.981+0000] {dag.py:3696} INFO - Setting next_dagrun for docker_cb to 2023-12-01T00:00:00+00:00, run_after=2024-01-01T00:00:00+00:00
[2023-11-15T06:47:15.206+0000] {processor.py:179} INFO - Processing /opt/airflow/dags/catboost/docker.py took 0.581 seconds
[2023-11-15T06:47:45.328+0000] {processor.py:157} INFO - Started process (PID=183) to work on /opt/airflow/dags/catboost/docker.py
[2023-11-15T06:47:45.329+0000] {processor.py:829} INFO - Processing file /opt/airflow/dags/catboost/docker.py for tasks to queue
[2023-11-15T06:47:45.333+0000] {logging_mixin.py:151} INFO - [2023-11-15T06:47:45.332+0000] {dagbag.py:539} INFO - Filling up the DagBag from /opt/airflow/dags/catboost/docker.py
[2023-11-15T06:47:45.352+0000] {processor.py:839} INFO - DAG(s) dict_keys(['docker_cb']) retrieved from /opt/airflow/dags/catboost/docker.py
[2023-11-15T06:47:45.399+0000] {logging_mixin.py:151} INFO - [2023-11-15T06:47:45.398+0000] {dag.py:2915} INFO - Sync 1 DAGs
[2023-11-15T06:47:45.426+0000] {logging_mixin.py:151} INFO - [2023-11-15T06:47:45.426+0000] {dag.py:3696} INFO - Setting next_dagrun for docker_cb to 2023-12-01T00:00:00+00:00, run_after=2024-01-01T00:00:00+00:00
[2023-11-15T06:47:45.457+0000] {processor.py:179} INFO - Processing /opt/airflow/dags/catboost/docker.py took 0.136 seconds
[2023-11-15T06:48:15.802+0000] {processor.py:157} INFO - Started process (PID=191) to work on /opt/airflow/dags/catboost/docker.py
[2023-11-15T06:48:15.803+0000] {processor.py:829} INFO - Processing file /opt/airflow/dags/catboost/docker.py for tasks to queue
[2023-11-15T06:48:15.806+0000] {logging_mixin.py:151} INFO - [2023-11-15T06:48:15.806+0000] {dagbag.py:539} INFO - Filling up the DagBag from /opt/airflow/dags/catboost/docker.py
[2023-11-15T06:48:15.824+0000] {processor.py:839} INFO - DAG(s) dict_keys(['docker_cb']) retrieved from /opt/airflow/dags/catboost/docker.py
[2023-11-15T06:48:15.876+0000] {logging_mixin.py:151} INFO - [2023-11-15T06:48:15.875+0000] {dag.py:2915} INFO - Sync 1 DAGs
[2023-11-15T06:48:15.918+0000] {logging_mixin.py:151} INFO - [2023-11-15T06:48:15.917+0000] {dag.py:3696} INFO - Setting next_dagrun for docker_cb to 2023-12-01T00:00:00+00:00, run_after=2024-01-01T00:00:00+00:00
[2023-11-15T06:48:15.961+0000] {processor.py:179} INFO - Processing /opt/airflow/dags/catboost/docker.py took 0.169 seconds
[2023-11-15T06:48:46.038+0000] {processor.py:157} INFO - Started process (PID=199) to work on /opt/airflow/dags/catboost/docker.py
[2023-11-15T06:48:46.041+0000] {processor.py:829} INFO - Processing file /opt/airflow/dags/catboost/docker.py for tasks to queue
[2023-11-15T06:48:46.046+0000] {logging_mixin.py:151} INFO - [2023-11-15T06:48:46.044+0000] {dagbag.py:539} INFO - Filling up the DagBag from /opt/airflow/dags/catboost/docker.py
[2023-11-15T06:48:46.091+0000] {processor.py:839} INFO - DAG(s) dict_keys(['docker_cb']) retrieved from /opt/airflow/dags/catboost/docker.py
[2023-11-15T06:48:46.151+0000] {logging_mixin.py:151} INFO - [2023-11-15T06:48:46.150+0000] {dag.py:2915} INFO - Sync 1 DAGs
[2023-11-15T06:48:46.233+0000] {logging_mixin.py:151} INFO - [2023-11-15T06:48:46.232+0000] {dag.py:3696} INFO - Setting next_dagrun for docker_cb to 2023-12-01T00:00:00+00:00, run_after=2024-01-01T00:00:00+00:00
[2023-11-15T06:48:46.266+0000] {processor.py:179} INFO - Processing /opt/airflow/dags/catboost/docker.py took 0.236 seconds
[2023-11-15T06:49:16.513+0000] {processor.py:157} INFO - Started process (PID=206) to work on /opt/airflow/dags/catboost/docker.py
[2023-11-15T06:49:16.514+0000] {processor.py:829} INFO - Processing file /opt/airflow/dags/catboost/docker.py for tasks to queue
[2023-11-15T06:49:16.519+0000] {logging_mixin.py:151} INFO - [2023-11-15T06:49:16.518+0000] {dagbag.py:539} INFO - Filling up the DagBag from /opt/airflow/dags/catboost/docker.py
[2023-11-15T06:49:16.539+0000] {processor.py:839} INFO - DAG(s) dict_keys(['docker_cb']) retrieved from /opt/airflow/dags/catboost/docker.py
[2023-11-15T06:49:16.585+0000] {logging_mixin.py:151} INFO - [2023-11-15T06:49:16.585+0000] {dag.py:2915} INFO - Sync 1 DAGs
[2023-11-15T06:49:16.617+0000] {logging_mixin.py:151} INFO - [2023-11-15T06:49:16.617+0000] {dag.py:3696} INFO - Setting next_dagrun for docker_cb to 2023-12-01T00:00:00+00:00, run_after=2024-01-01T00:00:00+00:00
[2023-11-15T06:49:16.649+0000] {processor.py:179} INFO - Processing /opt/airflow/dags/catboost/docker.py took 0.142 seconds
[2023-11-15T06:49:46.771+0000] {processor.py:157} INFO - Started process (PID=214) to work on /opt/airflow/dags/catboost/docker.py
[2023-11-15T06:49:46.772+0000] {processor.py:829} INFO - Processing file /opt/airflow/dags/catboost/docker.py for tasks to queue
[2023-11-15T06:49:46.781+0000] {logging_mixin.py:151} INFO - [2023-11-15T06:49:46.777+0000] {dagbag.py:539} INFO - Filling up the DagBag from /opt/airflow/dags/catboost/docker.py
[2023-11-15T06:49:46.844+0000] {processor.py:839} INFO - DAG(s) dict_keys(['docker_cb']) retrieved from /opt/airflow/dags/catboost/docker.py
[2023-11-15T06:49:46.944+0000] {logging_mixin.py:151} INFO - [2023-11-15T06:49:46.941+0000] {dag.py:2915} INFO - Sync 1 DAGs
[2023-11-15T06:49:47.107+0000] {logging_mixin.py:151} INFO - [2023-11-15T06:49:47.103+0000] {dag.py:3696} INFO - Setting next_dagrun for docker_cb to 2023-12-01T00:00:00+00:00, run_after=2024-01-01T00:00:00+00:00
[2023-11-15T06:49:47.158+0000] {processor.py:179} INFO - Processing /opt/airflow/dags/catboost/docker.py took 0.393 seconds
[2023-11-15T06:50:17.350+0000] {processor.py:157} INFO - Started process (PID=222) to work on /opt/airflow/dags/catboost/docker.py
[2023-11-15T06:50:17.351+0000] {processor.py:829} INFO - Processing file /opt/airflow/dags/catboost/docker.py for tasks to queue
[2023-11-15T06:50:17.355+0000] {logging_mixin.py:151} INFO - [2023-11-15T06:50:17.354+0000] {dagbag.py:539} INFO - Filling up the DagBag from /opt/airflow/dags/catboost/docker.py
[2023-11-15T06:50:17.375+0000] {processor.py:839} INFO - DAG(s) dict_keys(['docker_cb']) retrieved from /opt/airflow/dags/catboost/docker.py
[2023-11-15T06:50:17.427+0000] {logging_mixin.py:151} INFO - [2023-11-15T06:50:17.427+0000] {dag.py:2915} INFO - Sync 1 DAGs
[2023-11-15T06:50:17.459+0000] {logging_mixin.py:151} INFO - [2023-11-15T06:50:17.459+0000] {dag.py:3696} INFO - Setting next_dagrun for docker_cb to 2023-12-01T00:00:00+00:00, run_after=2024-01-01T00:00:00+00:00
[2023-11-15T06:50:17.492+0000] {processor.py:179} INFO - Processing /opt/airflow/dags/catboost/docker.py took 0.147 seconds
[2023-11-15T06:50:47.576+0000] {processor.py:157} INFO - Started process (PID=230) to work on /opt/airflow/dags/catboost/docker.py
[2023-11-15T06:50:47.577+0000] {processor.py:829} INFO - Processing file /opt/airflow/dags/catboost/docker.py for tasks to queue
[2023-11-15T06:50:47.582+0000] {logging_mixin.py:151} INFO - [2023-11-15T06:50:47.581+0000] {dagbag.py:539} INFO - Filling up the DagBag from /opt/airflow/dags/catboost/docker.py
[2023-11-15T06:50:47.608+0000] {processor.py:839} INFO - DAG(s) dict_keys(['docker_cb']) retrieved from /opt/airflow/dags/catboost/docker.py
[2023-11-15T06:50:47.669+0000] {logging_mixin.py:151} INFO - [2023-11-15T06:50:47.668+0000] {dag.py:2915} INFO - Sync 1 DAGs
[2023-11-15T06:50:47.718+0000] {logging_mixin.py:151} INFO - [2023-11-15T06:50:47.718+0000] {dag.py:3696} INFO - Setting next_dagrun for docker_cb to 2023-12-01T00:00:00+00:00, run_after=2024-01-01T00:00:00+00:00
[2023-11-15T06:50:47.751+0000] {processor.py:179} INFO - Processing /opt/airflow/dags/catboost/docker.py took 0.182 seconds
[2023-11-15T06:51:17.828+0000] {processor.py:157} INFO - Started process (PID=238) to work on /opt/airflow/dags/catboost/docker.py
[2023-11-15T06:51:17.832+0000] {processor.py:829} INFO - Processing file /opt/airflow/dags/catboost/docker.py for tasks to queue
[2023-11-15T06:51:17.839+0000] {logging_mixin.py:151} INFO - [2023-11-15T06:51:17.837+0000] {dagbag.py:539} INFO - Filling up the DagBag from /opt/airflow/dags/catboost/docker.py
[2023-11-15T06:51:17.866+0000] {processor.py:839} INFO - DAG(s) dict_keys(['docker_cb']) retrieved from /opt/airflow/dags/catboost/docker.py
[2023-11-15T06:51:17.956+0000] {logging_mixin.py:151} INFO - [2023-11-15T06:51:17.955+0000] {dag.py:2915} INFO - Sync 1 DAGs
[2023-11-15T06:51:17.994+0000] {logging_mixin.py:151} INFO - [2023-11-15T06:51:17.994+0000] {dag.py:3696} INFO - Setting next_dagrun for docker_cb to 2023-12-01T00:00:00+00:00, run_after=2024-01-01T00:00:00+00:00
[2023-11-15T06:51:18.028+0000] {processor.py:179} INFO - Processing /opt/airflow/dags/catboost/docker.py took 0.209 seconds
[2023-11-15T06:51:48.212+0000] {processor.py:157} INFO - Started process (PID=246) to work on /opt/airflow/dags/catboost/docker.py
[2023-11-15T06:51:48.213+0000] {processor.py:829} INFO - Processing file /opt/airflow/dags/catboost/docker.py for tasks to queue
[2023-11-15T06:51:48.217+0000] {logging_mixin.py:151} INFO - [2023-11-15T06:51:48.216+0000] {dagbag.py:539} INFO - Filling up the DagBag from /opt/airflow/dags/catboost/docker.py
[2023-11-15T06:51:48.245+0000] {processor.py:839} INFO - DAG(s) dict_keys(['docker_cb']) retrieved from /opt/airflow/dags/catboost/docker.py
[2023-11-15T06:51:48.302+0000] {logging_mixin.py:151} INFO - [2023-11-15T06:51:48.301+0000] {dag.py:2915} INFO - Sync 1 DAGs
[2023-11-15T06:51:48.367+0000] {logging_mixin.py:151} INFO - [2023-11-15T06:51:48.366+0000] {dag.py:3696} INFO - Setting next_dagrun for docker_cb to 2023-12-01T00:00:00+00:00, run_after=2024-01-01T00:00:00+00:00
[2023-11-15T06:51:48.404+0000] {processor.py:179} INFO - Processing /opt/airflow/dags/catboost/docker.py took 0.198 seconds
[2023-11-15T06:53:20.307+0000] {processor.py:157} INFO - Started process (PID=254) to work on /opt/airflow/dags/catboost/docker.py
[2023-11-15T06:53:33.137+0000] {processor.py:829} INFO - Processing file /opt/airflow/dags/catboost/docker.py for tasks to queue
[2023-11-15T06:54:31.889+0000] {logging_mixin.py:151} INFO - [2023-11-15T06:54:01.478+0000] {dagbag.py:539} INFO - Filling up the DagBag from /opt/airflow/dags/catboost/docker.py
[2023-11-15T06:55:19.651+0000] {processor.py:157} INFO - Started process (PID=38) to work on /opt/airflow/dags/catboost/docker.py
[2023-11-15T06:55:19.653+0000] {processor.py:829} INFO - Processing file /opt/airflow/dags/catboost/docker.py for tasks to queue
[2023-11-15T06:55:19.658+0000] {logging_mixin.py:151} INFO - [2023-11-15T06:55:19.658+0000] {dagbag.py:539} INFO - Filling up the DagBag from /opt/airflow/dags/catboost/docker.py
[2023-11-15T06:55:19.682+0000] {processor.py:839} INFO - DAG(s) dict_keys(['docker_cb']) retrieved from /opt/airflow/dags/catboost/docker.py
[2023-11-15T06:55:19.744+0000] {logging_mixin.py:151} INFO - [2023-11-15T06:55:19.744+0000] {dag.py:2915} INFO - Sync 1 DAGs
[2023-11-15T06:55:19.797+0000] {logging_mixin.py:151} INFO - [2023-11-15T06:55:19.797+0000] {dag.py:3696} INFO - Setting next_dagrun for docker_cb to 2023-12-01T00:00:00+00:00, run_after=2024-01-01T00:00:00+00:00
[2023-11-15T06:55:19.851+0000] {processor.py:179} INFO - Processing /opt/airflow/dags/catboost/docker.py took 0.207 seconds
[2023-11-15T06:55:49.991+0000] {processor.py:157} INFO - Started process (PID=46) to work on /opt/airflow/dags/catboost/docker.py
[2023-11-15T06:55:49.994+0000] {processor.py:829} INFO - Processing file /opt/airflow/dags/catboost/docker.py for tasks to queue
[2023-11-15T06:55:49.998+0000] {logging_mixin.py:151} INFO - [2023-11-15T06:55:49.997+0000] {dagbag.py:539} INFO - Filling up the DagBag from /opt/airflow/dags/catboost/docker.py
[2023-11-15T06:55:50.015+0000] {processor.py:839} INFO - DAG(s) dict_keys(['docker_cb']) retrieved from /opt/airflow/dags/catboost/docker.py
[2023-11-15T06:55:50.057+0000] {logging_mixin.py:151} INFO - [2023-11-15T06:55:50.056+0000] {dag.py:2915} INFO - Sync 1 DAGs
[2023-11-15T06:55:50.094+0000] {logging_mixin.py:151} INFO - [2023-11-15T06:55:50.094+0000] {dag.py:3696} INFO - Setting next_dagrun for docker_cb to 2023-12-01T00:00:00+00:00, run_after=2024-01-01T00:00:00+00:00
[2023-11-15T06:55:50.128+0000] {processor.py:179} INFO - Processing /opt/airflow/dags/catboost/docker.py took 0.142 seconds
