[2023-10-11T01:55:22.194+0000] {taskinstance.py:1157} INFO - Dependencies all met for dep_context=non-requeueable deps ti=<TaskInstance: gx.create_table_pg manual__2023-10-11T01:55:19.312362+00:00 [queued]>
[2023-10-11T01:55:22.199+0000] {taskinstance.py:1157} INFO - Dependencies all met for dep_context=requeueable deps ti=<TaskInstance: gx.create_table_pg manual__2023-10-11T01:55:19.312362+00:00 [queued]>
[2023-10-11T01:55:22.199+0000] {taskinstance.py:1359} INFO - Starting attempt 1 of 1
[2023-10-11T01:55:22.205+0000] {taskinstance.py:1380} INFO - Executing <Task(PostgresOperator): create_table_pg> on 2023-10-11 01:55:19.312362+00:00
[2023-10-11T01:55:22.213+0000] {standard_task_runner.py:57} INFO - Started process 133 to run task
[2023-10-11T01:55:22.215+0000] {standard_task_runner.py:84} INFO - Running: ['***', 'tasks', 'run', 'gx', 'create_table_pg', 'manual__2023-10-11T01:55:19.312362+00:00', '--job-id', '1392', '--raw', '--subdir', 'DAGS_FOLDER/gx.py', '--cfg-path', '/tmp/tmpumocacoo']
[2023-10-11T01:55:22.216+0000] {standard_task_runner.py:85} INFO - Job 1392: Subtask create_table_pg
[2023-10-11T01:55:22.241+0000] {task_command.py:415} INFO - Running <TaskInstance: gx.create_table_pg manual__2023-10-11T01:55:19.312362+00:00 [running]> on host c658243ed4ce
[2023-10-11T01:55:22.280+0000] {taskinstance.py:1660} INFO - Exporting env vars: AIRFLOW_CTX_DAG_OWNER='***' AIRFLOW_CTX_DAG_ID='gx' AIRFLOW_CTX_TASK_ID='create_table_pg' AIRFLOW_CTX_EXECUTION_DATE='2023-10-11T01:55:19.312362+00:00' AIRFLOW_CTX_TRY_NUMBER='1' AIRFLOW_CTX_DAG_RUN_ID='manual__2023-10-11T01:55:19.312362+00:00'
[2023-10-11T01:55:22.281+0000] {sql.py:274} INFO - Executing: 
            CREATE TABLE strawberries (
                id VARCHAR(10) PRIMARY KEY,
                name VARCHAR(100),
                amount INT
            );

            INSERT INTO strawberries (id, name, amount)
            VALUES ('001', 'Strawberry Order 1', 10),
                ('002', 'Strawberry Order 2', 5),
                ('003', 'Strawberry Order 3', 8),
                ('004', 'Strawberry Order 4', 3),
                ('005', 'Strawberry Order 5', 12);
            
[2023-10-11T01:55:22.285+0000] {base.py:73} INFO - Using connection ID 'postgres_default' for task execution.
[2023-10-11T01:55:22.290+0000] {base.py:73} INFO - Using connection ID 'postgres_default' for task execution.
[2023-10-11T01:55:22.292+0000] {sql.py:418} INFO - Running statement: 
            CREATE TABLE strawberries (
                id VARCHAR(10) PRIMARY KEY,
                name VARCHAR(100),
                amount INT
            );

            INSERT INTO strawberries (id, name, amount)
            VALUES ('001', 'Strawberry Order 1', 10),
                ('002', 'Strawberry Order 2', 5),
                ('003', 'Strawberry Order 3', 8),
                ('004', 'Strawberry Order 4', 3),
                ('005', 'Strawberry Order 5', 12);
            , parameters: None
[2023-10-11T01:55:22.295+0000] {sql.py:427} INFO - Rows affected: 5
[2023-10-11T01:55:22.300+0000] {taskinstance.py:1398} INFO - Marking task as SUCCESS. dag_id=gx, task_id=create_table_pg, execution_date=20231011T015519, start_date=20231011T015522, end_date=20231011T015522
[2023-10-11T01:55:22.386+0000] {local_task_job_runner.py:228} INFO - Task exited with return code 0
[2023-10-11T01:55:22.401+0000] {taskinstance.py:2776} INFO - 1 downstream tasks scheduled from follow-on schedule check
