[2023-11-14T04:49:10.170+0000] {taskinstance.py:1157} INFO - Dependencies all met for dep_context=non-requeueable deps ti=<TaskInstance: docker_cb.train_task scheduled__2023-11-10T00:00:00+00:00 [queued]>
[2023-11-14T04:49:10.183+0000] {taskinstance.py:1157} INFO - Dependencies all met for dep_context=requeueable deps ti=<TaskInstance: docker_cb.train_task scheduled__2023-11-10T00:00:00+00:00 [queued]>
[2023-11-14T04:49:10.183+0000] {taskinstance.py:1359} INFO - Starting attempt 1 of 1
[2023-11-14T04:49:10.199+0000] {taskinstance.py:1380} INFO - Executing <Task(DockerOperator): train_task> on 2023-11-10 00:00:00+00:00
[2023-11-14T04:49:10.206+0000] {standard_task_runner.py:57} INFO - Started process 61 to run task
[2023-11-14T04:49:10.213+0000] {standard_task_runner.py:84} INFO - Running: ['***', 'tasks', 'run', 'docker_cb', 'train_task', 'scheduled__2023-11-10T00:00:00+00:00', '--job-id', '14', '--raw', '--subdir', 'DAGS_FOLDER/catboost/docker.py', '--cfg-path', '/tmp/tmpfjwu6oyq']
[2023-11-14T04:49:10.214+0000] {standard_task_runner.py:85} INFO - Job 14: Subtask train_task
[2023-11-14T04:49:10.293+0000] {task_command.py:415} INFO - Running <TaskInstance: docker_cb.train_task scheduled__2023-11-10T00:00:00+00:00 [running]> on host 184a7c5917fb
[2023-11-14T04:49:10.382+0000] {taskinstance.py:1660} INFO - Exporting env vars: AIRFLOW_CTX_DAG_OWNER='***' AIRFLOW_CTX_DAG_ID='docker_cb' AIRFLOW_CTX_TASK_ID='train_task' AIRFLOW_CTX_EXECUTION_DATE='2023-11-10T00:00:00+00:00' AIRFLOW_CTX_TRY_NUMBER='1' AIRFLOW_CTX_DAG_RUN_ID='scheduled__2023-11-10T00:00:00+00:00'
[2023-11-14T04:49:10.461+0000] {docker.py:337} INFO - Starting docker container from image dunghoang99/***-cb-stage:0.0.1
[2023-11-14T04:49:10.469+0000] {docker.py:345} WARNING - Using remote engine or docker-in-docker and mounting temporary volume from host is not supported. Falling back to `mount_tmp_dir=False` mode. You can set `mount_tmp_dir` parameter to False to disable mounting and remove the warning
[2023-11-14T04:49:12.669+0000] {docker.py:406} INFO - Data train: X_train shape (10099, 8), y_train shape (10099,)
Data test: X_test shape (1123, 8), y_test shape (1123,)
0:	learn: 0.6923545	total: 71.8ms	remaining: 1m 11s
1:	learn: 0.6913143	total: 75.2ms	remaining: 37.5s
2:	learn: 0.6906878	total: 77.8ms	remaining: 25.8s
3:	learn: 0.6900529	total: 79.4ms	remaining: 19.8s
4:	learn: 0.6897233	total: 82.9ms	remaining: 16.5s
5:	learn: 0.6892247	total: 87.3ms	remaining: 14.5s
6:	learn: 0.6885198	total: 89.1ms	remaining: 12.6s
7:	learn: 0.6880513	total: 91.6ms	remaining: 11.4s
8:	learn: 0.6877893	total: 93.5ms	remaining: 10.3s
9:	learn: 0.6875833	total: 95.7ms	remaining: 9.47s
10:	learn: 0.6872280	total: 97.5ms	remaining: 8.76s
11:	learn: 0.6868182	total: 102ms	remaining: 8.38s
12:	learn: 0.6862553	total: 103ms	remaining: 7.85s
13:	learn: 0.6859891	total: 105ms	remaining: 7.4s
14:	learn: 0.6857149	total: 107ms	remaining: 7.01s
15:	learn: 0.6855171	total: 108ms	remaining: 6.67s
16:	learn: 0.6855153	total: 110ms	remaining: 6.33s
17:	learn: 0.6852749	total: 111ms	remaining: 6.07s
18:	learn: 0.6851199	total: 113ms	remaining: 5.84s
19:	learn: 0.6848347	total: 115ms	remaining: 5.62s
20:	learn: 0.6846181	total: 117ms	remaining: 5.43s
21:	learn: 0.6843719	total: 118ms	remaining: 5.26s
22:	learn: 0.6839465	total: 120ms	remaining: 5.1s
23:	learn: 0.6836066	total: 122ms	remaining: 4.95s
24:	learn: 0.6834304	total: 124ms	remaining: 4.83s
25:	learn: 0.6832733	total: 126ms	remaining: 4.7s
26:	learn: 0.6830688	total: 131ms	remaining: 4.71s
27:	learn: 0.6829331	total: 133ms	remaining: 4.6s
28:	learn: 0.6825356	total: 135ms	remaining: 4.51s
29:	learn: 0.6823513	total: 136ms	remaining: 4.41s
30:	learn: 0.6821528	total: 138ms	remaining: 4.32s
31:	learn: 0.6819569	total: 140ms	remaining: 4.24s
32:	learn: 0.6817422	total: 145ms	remaining: 4.24s
33:	learn: 0.6813849	total: 146ms	remaining: 4.16s
34:	learn: 0.6811909	total: 148ms	remaining: 4.08s
35:	learn: 0.6810236	total: 150ms	remaining: 4.01s
36:	learn: 0.6808135	total: 152ms	remaining: 3.94s
37:	learn: 0.6805637	total: 154ms	remaining: 3.89s
38:	learn: 0.6801210	total: 157ms	remaining: 3.87s
39:	learn: 0.6800493	total: 159ms	remaining: 3.81s
40:	learn: 0.6800143	total: 160ms	remaining: 3.75s
41:	learn: 0.6798275	total: 162ms	remaining: 3.7s
42:	learn: 0.6796377	total: 167ms	remaining: 3.71s
43:	learn: 0.6795499	total: 168ms	remaining: 3.66s
44:	learn: 0.6794253	total: 170ms	remaining: 3.61s
45:	learn: 0.6793035	total: 172ms	remaining: 3.56s
46:	learn: 0.6789688	total: 174ms	remaining: 3.52s
47:	learn: 0.6789078	total: 176ms	remaining: 3.48s
48:	learn: 0.6787898	total: 177ms	remaining: 3.44s
49:	learn: 0.6786445	total: 179ms	remaining: 3.4s
50:	learn: 0.6785399	total: 181ms	remaining: 3.37s
51:	learn: 0.6783132	total: 183ms	remaining: 3.34s
52:	learn: 0.6781841	total: 185ms	remaining: 3.31s
53:	learn: 0.6779797	total: 187ms	remaining: 3.27s
54:	learn: 0.6777721	total: 189ms	remaining: 3.24s
55:	learn: 0.6776195	total: 190ms	remaining: 3.21s
56:	learn: 0.6774137	total: 192ms	remaining: 3.18s
57:	learn: 0.6771868	total: 194ms	remaining: 3.15s
58:	learn: 0.6770286	total: 196ms	remaining: 3.13s
59:	learn: 0.6768593	total: 198ms	remaining: 3.1s
60:	learn: 0.6766314	total: 200ms	remaining: 3.07s
61:	learn: 0.6764341	total: 201ms	remaining: 3.05s
62:	learn: 0.6762894	total: 203ms	remaining: 3.02s
63:	learn: 0.6762179	total: 205ms	remaining: 3s
64:	learn: 0.6761877	total: 206ms	remaining: 2.97s
65:	learn: 0.6760788	total: 208ms	remaining: 2.94s
66:	learn: 0.6759794	total: 210ms	remaining: 2.92s
67:	learn: 0.6757549	total: 212ms	remaining: 2.9s
68:	learn: 0.6756725	total: 214ms	remaining: 2.88s
69:	learn: 0.6755437	total: 215ms	remaining: 2.86s
70:	learn: 0.6754571	total: 217ms	remaining: 2.84s
71:	learn: 0.6754200	total: 219ms	remaining: 2.82s
72:	learn: 0.6753029	total: 220ms	remaining: 2.79s
73:	learn: 0.6751809	total: 222ms	remaining: 2.77s
74:	learn: 0.6750787	total: 224ms	remaining: 2.76s
75:	learn: 0.6748238	total: 225ms	remaining: 2.74s
76:	learn: 0.6747360	total: 227ms	remaining: 2.72s
77:	learn: 0.6746475	total: 231ms	remaining: 2.73s
78:	learn: 0.6744962	total: 233ms	remaining: 2.72s
79:	learn: 0.6743493	total: 235ms	remaining: 2.7s
80:	learn: 0.6742165	total: 237ms	remaining: 2.69s
81:	learn: 0.6741563	total: 239ms	remaining: 2.67s
82:	learn: 0.6739410	total: 240ms	remaining: 2.65s
83:	learn: 0.6738319	total: 242ms	remaining: 2.64s
84:	learn: 0.6737218	total: 244ms	remaining: 2.62s
85:	learn: 0.6736046	total: 246ms	remaining: 2.61s
86:	learn: 0.6733830	total: 247ms	remaining: 2.6s
87:	learn: 0.6732236	total: 249ms	remaining: 2.58s
88:	learn: 0.6731003	total: 251ms	remaining: 2.57s
89:	learn: 0.6729525	total: 252ms	remaining: 2.55s
90:	learn: 0.6728208	total: 254ms	remaining: 2.54s
91:	learn: 0.6726889	total: 256ms	remaining: 2.52s
92:	learn: 0.6725423	total: 258ms	remaining: 2.51s
93:	learn: 0.6724975	total: 260ms	remaining: 2.5s
94:	learn: 0.6724268	total: 262ms	remaining: 2.49s
95:	learn: 0.6723531	total: 266ms	remaining: 2.51s
96:	learn: 0.6722101	total: 268ms	remaining: 2.49s
97:	learn: 0.6720749	total: 270ms	remaining: 2.48s
98:	learn: 0.6719205	total: 271ms	remaining: 2.47s
99:	learn: 0.6717257	total: 273ms	remaining: 2.46s
100:	learn: 0.6715174	total: 275ms	remaining: 2.45s
101:	learn: 0.6714281	total: 277ms	remaining: 2.44s
102:	learn: 0.6712881	total: 279ms	remaining: 2.43s
103:	learn: 0.6712261	total: 281ms	remaining: 2.42s
104:	learn: 0.6710531	total: 283ms	remaining: 2.41s
105:	learn: 0.6708603	total: 285ms	remaining: 2.4s
106:	learn: 0.6708004	total: 287ms	remaining: 2.4s
107:	learn: 0.6705155	total: 289ms	remaining: 2.39s
108:	learn: 0.6704792	total: 291ms	remaining: 2.38s
109:	learn: 0.6703968	total: 293ms	remaining: 2.37s
110:	learn: 0.6703340	total: 295ms	remaining: 2.37s
111:	learn: 0.6701382	total: 297ms	remaining: 2.36s
112:	learn: 0.6700373	total: 301ms	remaining: 2.36s
113:	learn: 0.6700006	total: 303ms	remaining: 2.35s
114:	learn: 0.6699201	total: 308ms	remaining: 2.37s
115:	learn: 0.6698275	total: 310ms	remaining: 2.36s
116:	learn: 0.6695725	total: 312ms	remaining: 2.35s
117:	learn: 0.6694414	total: 314ms	remaining: 2.35s
118:	learn: 0.6694031	total: 316ms	remaining: 2.34s
119:	learn: 0.6693459	total: 319ms	remaining: 2.34s
120:	learn: 0.6692019	total: 321ms	remaining: 2.33s
121:	learn: 0.6690772	total: 323ms	remaining: 2.32s
122:	learn: 0.6689413	total: 327ms	remaining: 2.33s
123:	learn: 0.6688726	total: 329ms	remaining: 2.33s
124:	learn: 0.6687473	total: 331ms	remaining: 2.32s
125:	learn: 0.6685968	total: 333ms	remaining: 2.31s
126:	learn: 0.6684084	total: 335ms	remaining: 2.3s
127:	learn: 0.6682150	total: 337ms	remaining: 2.29s
128:	learn: 0.6680815	total: 339ms	remaining: 2.29s
129:	learn: 0.6679709	total: 341ms	remaining: 2.28s
130:	learn: 0.6678207	total: 343ms	remaining: 2.27s
131:	learn: 0.6677146	total: 344ms	remaining: 2.26s
132:	learn: 0.6676089	total: 346ms	remaining: 2.26s
133:	learn: 0.6674313	total: 348ms	remaining: 2.25s
134:	learn: 0.6671831	total: 350ms	remaining: 2.24s
135:	learn: 0.6670552	total: 351ms	remaining: 2.23s
136:	learn: 0.6668790	total: 353ms	remaining: 2.22s
137:	learn: 0.6667174	total: 355ms	remaining: 2.22s
138:	learn: 0.6666482	total: 357ms	remaining: 2.21s
139:	learn: 0.6665386	total: 358ms	remaining: 2.2s
140:	learn: 0.6663495	total: 360ms	remaining: 2.19s
141:	learn: 0.6661794	total: 362ms	remaining: 2.19s
142:	learn: 0.6661590	total: 364ms	remaining: 2.18s
143:	learn: 0.6660321	total: 365ms	remaining: 2.17s
144:	learn: 0.6658155	total: 367ms	remaining: 2.16s
145:	learn: 0.6656449	total: 369ms	remaining: 2.16s
146:	learn: 0.6655221	total: 371ms	remaining: 2.15s
147:	learn: 0.6653024	total: 372ms	remaining: 2.14s
148:	learn: 0.6651524	total: 374ms	remaining: 2.14s
149:	learn: 0.6649713	total: 376ms	remaining: 2.13s
150:	learn: 0.6648136	total: 378ms	remaining: 2.12s
151:	learn: 0.6646632	total: 379ms	remaining: 2.12s
152:	learn: 0.6644969	total: 381ms	remaining: 2.11s
153:	learn: 0.6643464	total: 383ms	remaining: 2.1s
154:	learn: 0.6642447	total: 385ms	remaining: 2.1s
155:	learn: 0.6640367	total: 387ms	remaining: 2.09s
156:	learn: 0.6638552	total: 389ms	remaining: 2.09s
[2023-11-14T04:49:12.983+0000] {docker.py:406} INFO - 157:	learn: 0.6637109	total: 390ms	remaining: 2.08s
158:	learn: 0.6634351	total: 393ms	remaining: 2.08s
159:	learn: 0.6632889	total: 395ms	remaining: 2.08s
160:	learn: 0.6631542	total: 398ms	remaining: 2.08s
161:	learn: 0.6629496	total: 400ms	remaining: 2.07s
162:	learn: 0.6627833	total: 402ms	remaining: 2.06s
163:	learn: 0.6626750	total: 404ms	remaining: 2.06s
164:	learn: 0.6625964	total: 406ms	remaining: 2.06s
165:	learn: 0.6623659	total: 408ms	remaining: 2.05s
166:	learn: 0.6621916	total: 410ms	remaining: 2.04s
167:	learn: 0.6620252	total: 412ms	remaining: 2.04s
168:	learn: 0.6619368	total: 413ms	remaining: 2.03s
169:	learn: 0.6617943	total: 416ms	remaining: 2.03s
170:	learn: 0.6616135	total: 417ms	remaining: 2.02s
171:	learn: 0.6616135	total: 418ms	remaining: 2.01s
172:	learn: 0.6614725	total: 420ms	remaining: 2.01s
173:	learn: 0.6612787	total: 422ms	remaining: 2s
174:	learn: 0.6610207	total: 424ms	remaining: 2s
175:	learn: 0.6607788	total: 426ms	remaining: 1.99s
176:	learn: 0.6605449	total: 428ms	remaining: 1.99s
177:	learn: 0.6603259	total: 429ms	remaining: 1.98s
178:	learn: 0.6601970	total: 432ms	remaining: 1.98s
179:	learn: 0.6600261	total: 433ms	remaining: 1.97s
180:	learn: 0.6599586	total: 438ms	remaining: 1.98s
181:	learn: 0.6597647	total: 440ms	remaining: 1.98s
182:	learn: 0.6596627	total: 442ms	remaining: 1.97s
183:	learn: 0.6594542	total: 444ms	remaining: 1.97s
184:	learn: 0.6593410	total: 446ms	remaining: 1.96s
185:	learn: 0.6591718	total: 448ms	remaining: 1.96s
186:	learn: 0.6589531	total: 449ms	remaining: 1.95s
187:	learn: 0.6588014	total: 451ms	remaining: 1.95s
188:	learn: 0.6586800	total: 453ms	remaining: 1.94s
189:	learn: 0.6584902	total: 455ms	remaining: 1.94s
190:	learn: 0.6583022	total: 456ms	remaining: 1.93s
191:	learn: 0.6581046	total: 458ms	remaining: 1.93s
192:	learn: 0.6580166	total: 460ms	remaining: 1.92s
193:	learn: 0.6578429	total: 462ms	remaining: 1.92s
194:	learn: 0.6577077	total: 464ms	remaining: 1.92s
195:	learn: 0.6574877	total: 467ms	remaining: 1.91s
196:	learn: 0.6572999	total: 469ms	remaining: 1.91s
197:	learn: 0.6572095	total: 470ms	remaining: 1.91s
198:	learn: 0.6569655	total: 475ms	remaining: 1.91s
199:	learn: 0.6568617	total: 477ms	remaining: 1.91s
200:	learn: 0.6565798	total: 479ms	remaining: 1.9s
201:	learn: 0.6564259	total: 481ms	remaining: 1.9s
202:	learn: 0.6561717	total: 483ms	remaining: 1.9s
203:	learn: 0.6560340	total: 485ms	remaining: 1.89s
204:	learn: 0.6558652	total: 486ms	remaining: 1.89s
205:	learn: 0.6557193	total: 488ms	remaining: 1.88s
206:	learn: 0.6556036	total: 490ms	remaining: 1.88s
207:	learn: 0.6554811	total: 492ms	remaining: 1.87s
208:	learn: 0.6554763	total: 493ms	remaining: 1.86s
209:	learn: 0.6553613	total: 495ms	remaining: 1.86s
210:	learn: 0.6552443	total: 497ms	remaining: 1.86s
211:	learn: 0.6550976	total: 499ms	remaining: 1.85s
212:	learn: 0.6549317	total: 500ms	remaining: 1.85s
213:	learn: 0.6547798	total: 502ms	remaining: 1.84s
214:	learn: 0.6546310	total: 504ms	remaining: 1.84s
215:	learn: 0.6544378	total: 506ms	remaining: 1.83s
216:	learn: 0.6543269	total: 508ms	remaining: 1.83s
217:	learn: 0.6541406	total: 509ms	remaining: 1.83s
218:	learn: 0.6539838	total: 511ms	remaining: 1.82s
219:	learn: 0.6538683	total: 513ms	remaining: 1.82s
220:	learn: 0.6536508	total: 515ms	remaining: 1.82s
221:	learn: 0.6534545	total: 517ms	remaining: 1.81s
222:	learn: 0.6533396	total: 519ms	remaining: 1.81s
223:	learn: 0.6531538	total: 521ms	remaining: 1.8s
224:	learn: 0.6530258	total: 523ms	remaining: 1.8s
225:	learn: 0.6528791	total: 525ms	remaining: 1.8s
226:	learn: 0.6527151	total: 527ms	remaining: 1.79s
227:	learn: 0.6525848	total: 529ms	remaining: 1.79s
228:	learn: 0.6523876	total: 531ms	remaining: 1.79s
229:	learn: 0.6522678	total: 533ms	remaining: 1.78s
230:	learn: 0.6521190	total: 535ms	remaining: 1.78s
231:	learn: 0.6521191	total: 536ms	remaining: 1.77s
232:	learn: 0.6521173	total: 537ms	remaining: 1.77s
233:	learn: 0.6519352	total: 539ms	remaining: 1.76s
234:	learn: 0.6517780	total: 541ms	remaining: 1.76s
235:	learn: 0.6515648	total: 543ms	remaining: 1.76s
236:	learn: 0.6513618	total: 546ms	remaining: 1.76s
237:	learn: 0.6512065	total: 548ms	remaining: 1.75s
238:	learn: 0.6510439	total: 550ms	remaining: 1.75s
239:	learn: 0.6509295	total: 552ms	remaining: 1.75s
240:	learn: 0.6508055	total: 553ms	remaining: 1.74s
241:	learn: 0.6506306	total: 555ms	remaining: 1.74s
242:	learn: 0.6504772	total: 557ms	remaining: 1.74s
243:	learn: 0.6503497	total: 559ms	remaining: 1.73s
244:	learn: 0.6502412	total: 560ms	remaining: 1.73s
245:	learn: 0.6501359	total: 562ms	remaining: 1.72s
246:	learn: 0.6500582	total: 564ms	remaining: 1.72s
247:	learn: 0.6498874	total: 567ms	remaining: 1.72s
248:	learn: 0.6497259	total: 568ms	remaining: 1.71s
249:	learn: 0.6495829	total: 570ms	remaining: 1.71s
250:	learn: 0.6494570	total: 572ms	remaining: 1.71s
251:	learn: 0.6492818	total: 574ms	remaining: 1.7s
252:	learn: 0.6491128	total: 576ms	remaining: 1.7s
253:	learn: 0.6489535	total: 578ms	remaining: 1.7s
254:	learn: 0.6488234	total: 580ms	remaining: 1.69s
255:	learn: 0.6486278	total: 582ms	remaining: 1.69s
256:	learn: 0.6484436	total: 584ms	remaining: 1.69s
257:	learn: 0.6482941	total: 586ms	remaining: 1.68s
258:	learn: 0.6481567	total: 588ms	remaining: 1.68s
259:	learn: 0.6479962	total: 589ms	remaining: 1.68s
260:	learn: 0.6478962	total: 591ms	remaining: 1.67s
261:	learn: 0.6477476	total: 593ms	remaining: 1.67s
262:	learn: 0.6476332	total: 595ms	remaining: 1.67s
263:	learn: 0.6474140	total: 597ms	remaining: 1.66s
264:	learn: 0.6472302	total: 598ms	remaining: 1.66s
265:	learn: 0.6470893	total: 600ms	remaining: 1.66s
266:	learn: 0.6469457	total: 605ms	remaining: 1.66s
267:	learn: 0.6468276	total: 607ms	remaining: 1.66s
268:	learn: 0.6466445	total: 609ms	remaining: 1.66s
269:	learn: 0.6465414	total: 611ms	remaining: 1.65s
270:	learn: 0.6464202	total: 613ms	remaining: 1.65s
271:	learn: 0.6461884	total: 615ms	remaining: 1.65s
272:	learn: 0.6460123	total: 617ms	remaining: 1.64s
273:	learn: 0.6458164	total: 619ms	remaining: 1.64s
274:	learn: 0.6456974	total: 621ms	remaining: 1.64s
275:	learn: 0.6454389	total: 623ms	remaining: 1.63s
276:	learn: 0.6452355	total: 625ms	remaining: 1.63s
277:	learn: 0.6450866	total: 626ms	remaining: 1.63s
278:	learn: 0.6449374	total: 628ms	remaining: 1.62s
279:	learn: 0.6448507	total: 630ms	remaining: 1.62s
280:	learn: 0.6447082	total: 632ms	remaining: 1.62s
281:	learn: 0.6445816	total: 634ms	remaining: 1.61s
282:	learn: 0.6443848	total: 636ms	remaining: 1.61s
283:	learn: 0.6441610	total: 637ms	remaining: 1.61s
284:	learn: 0.6440332	total: 639ms	remaining: 1.6s
285:	learn: 0.6439043	total: 641ms	remaining: 1.6s
286:	learn: 0.6437655	total: 643ms	remaining: 1.6s
287:	learn: 0.6436392	total: 645ms	remaining: 1.59s
288:	learn: 0.6435035	total: 646ms	remaining: 1.59s
289:	learn: 0.6434154	total: 648ms	remaining: 1.59s
290:	learn: 0.6432800	total: 650ms	remaining: 1.58s
291:	learn: 0.6431579	total: 652ms	remaining: 1.58s
292:	learn: 0.6430574	total: 653ms	remaining: 1.58s
293:	learn: 0.6429570	total: 655ms	remaining: 1.57s
294:	learn: 0.6428061	total: 657ms	remaining: 1.57s
295:	learn: 0.6428062	total: 658ms	remaining: 1.56s
296:	learn: 0.6426816	total: 660ms	remaining: 1.56s
297:	learn: 0.6425846	total: 662ms	remaining: 1.56s
298:	learn: 0.6424794	total: 664ms	remaining: 1.56s
299:	learn: 0.6423869	total: 666ms	remaining: 1.55s
300:	learn: 0.6421857	total: 668ms	remaining: 1.55s
301:	learn: 0.6420837	total: 671ms	remaining: 1.55s
302:	learn: 0.6419440	total: 673ms	remaining: 1.55s
303:	learn: 0.6418271	total: 674ms	remaining: 1.54s
304:	learn: 0.6416806	total: 676ms	remaining: 1.54s
305:	learn: 0.6415509	total: 678ms	remaining: 1.54s
306:	learn: 0.6415509	total: 679ms	remaining: 1.53s
307:	learn: 0.6414118	total: 681ms	remaining: 1.53s
308:	learn: 0.6413172	total: 682ms	remaining: 1.52s
309:	learn: 0.6411958	total: 684ms	remaining: 1.52s
310:	learn: 0.6411791	total: 685ms	remaining: 1.52s
311:	learn: 0.6410938	total: 687ms	remaining: 1.51s
312:	learn: 0.6409000	total: 689ms	remaining: 1.51s
313:	learn: 0.6407517	total: 691ms	remaining: 1.51s
[2023-11-14T04:49:13.286+0000] {docker.py:406} INFO - 314:	learn: 0.6405832	total: 692ms	remaining: 1.5s
315:	learn: 0.6404451	total: 695ms	remaining: 1.5s
316:	learn: 0.6403909	total: 696ms	remaining: 1.5s
317:	learn: 0.6402305	total: 699ms	remaining: 1.5s
318:	learn: 0.6400967	total: 701ms	remaining: 1.5s
319:	learn: 0.6398358	total: 703ms	remaining: 1.49s
320:	learn: 0.6397236	total: 705ms	remaining: 1.49s
321:	learn: 0.6395857	total: 706ms	remaining: 1.49s
322:	learn: 0.6394765	total: 708ms	remaining: 1.48s
323:	learn: 0.6394059	total: 710ms	remaining: 1.48s
324:	learn: 0.6392361	total: 712ms	remaining: 1.48s
325:	learn: 0.6390888	total: 714ms	remaining: 1.48s
326:	learn: 0.6389307	total: 716ms	remaining: 1.47s
327:	learn: 0.6387515	total: 718ms	remaining: 1.47s
328:	learn: 0.6386513	total: 721ms	remaining: 1.47s
329:	learn: 0.6385424	total: 723ms	remaining: 1.47s
330:	learn: 0.6383519	total: 726ms	remaining: 1.47s
331:	learn: 0.6382336	total: 728ms	remaining: 1.46s
332:	learn: 0.6381028	total: 730ms	remaining: 1.46s
333:	learn: 0.6379294	total: 731ms	remaining: 1.46s
334:	learn: 0.6377213	total: 733ms	remaining: 1.46s
335:	learn: 0.6375987	total: 735ms	remaining: 1.45s
336:	learn: 0.6374804	total: 737ms	remaining: 1.45s
337:	learn: 0.6373476	total: 739ms	remaining: 1.45s
338:	learn: 0.6372223	total: 741ms	remaining: 1.44s
339:	learn: 0.6370235	total: 742ms	remaining: 1.44s
340:	learn: 0.6368777	total: 744ms	remaining: 1.44s
341:	learn: 0.6367628	total: 746ms	remaining: 1.44s
342:	learn: 0.6366362	total: 748ms	remaining: 1.43s
343:	learn: 0.6365123	total: 749ms	remaining: 1.43s
344:	learn: 0.6363394	total: 751ms	remaining: 1.43s
345:	learn: 0.6362098	total: 753ms	remaining: 1.42s
346:	learn: 0.6359662	total: 755ms	remaining: 1.42s
347:	learn: 0.6358130	total: 757ms	remaining: 1.42s
348:	learn: 0.6357234	total: 758ms	remaining: 1.41s
349:	learn: 0.6355574	total: 760ms	remaining: 1.41s
350:	learn: 0.6353760	total: 762ms	remaining: 1.41s
351:	learn: 0.6352258	total: 764ms	remaining: 1.41s
352:	learn: 0.6351527	total: 766ms	remaining: 1.4s
353:	learn: 0.6350450	total: 768ms	remaining: 1.4s
354:	learn: 0.6349051	total: 770ms	remaining: 1.4s
355:	learn: 0.6348274	total: 773ms	remaining: 1.4s
356:	learn: 0.6347232	total: 775ms	remaining: 1.4s
357:	learn: 0.6346129	total: 777ms	remaining: 1.39s
358:	learn: 0.6344361	total: 779ms	remaining: 1.39s
359:	learn: 0.6342646	total: 780ms	remaining: 1.39s
360:	learn: 0.6341037	total: 782ms	remaining: 1.38s
361:	learn: 0.6339405	total: 784ms	remaining: 1.38s
362:	learn: 0.6337902	total: 786ms	remaining: 1.38s
363:	learn: 0.6336802	total: 788ms	remaining: 1.38s
364:	learn: 0.6335661	total: 790ms	remaining: 1.37s
365:	learn: 0.6334620	total: 791ms	remaining: 1.37s
366:	learn: 0.6333713	total: 793ms	remaining: 1.37s
367:	learn: 0.6332358	total: 795ms	remaining: 1.37s
368:	learn: 0.6330254	total: 797ms	remaining: 1.36s
369:	learn: 0.6329128	total: 799ms	remaining: 1.36s
370:	learn: 0.6327953	total: 801ms	remaining: 1.36s
371:	learn: 0.6326773	total: 803ms	remaining: 1.35s
372:	learn: 0.6325804	total: 804ms	remaining: 1.35s
373:	learn: 0.6324880	total: 806ms	remaining: 1.35s
374:	learn: 0.6323788	total: 808ms	remaining: 1.35s
375:	learn: 0.6322640	total: 810ms	remaining: 1.34s
376:	learn: 0.6321636	total: 812ms	remaining: 1.34s
377:	learn: 0.6319384	total: 814ms	remaining: 1.34s
378:	learn: 0.6317791	total: 815ms	remaining: 1.33s
379:	learn: 0.6316548	total: 817ms	remaining: 1.33s
380:	learn: 0.6314433	total: 819ms	remaining: 1.33s
381:	learn: 0.6313654	total: 821ms	remaining: 1.33s
382:	learn: 0.6311741	total: 823ms	remaining: 1.32s
383:	learn: 0.6310642	total: 825ms	remaining: 1.32s
384:	learn: 0.6309661	total: 827ms	remaining: 1.32s
385:	learn: 0.6309140	total: 829ms	remaining: 1.32s
386:	learn: 0.6307977	total: 831ms	remaining: 1.32s
387:	learn: 0.6306638	total: 833ms	remaining: 1.31s
388:	learn: 0.6305415	total: 835ms	remaining: 1.31s
389:	learn: 0.6304331	total: 837ms	remaining: 1.31s
390:	learn: 0.6303814	total: 838ms	remaining: 1.3s
391:	learn: 0.6302764	total: 840ms	remaining: 1.3s
392:	learn: 0.6301565	total: 842ms	remaining: 1.3s
393:	learn: 0.6299922	total: 844ms	remaining: 1.3s
394:	learn: 0.6298995	total: 845ms	remaining: 1.29s
395:	learn: 0.6297126	total: 847ms	remaining: 1.29s
396:	learn: 0.6296159	total: 849ms	remaining: 1.29s
397:	learn: 0.6294850	total: 851ms	remaining: 1.29s
398:	learn: 0.6293827	total: 852ms	remaining: 1.28s
399:	learn: 0.6292972	total: 854ms	remaining: 1.28s
400:	learn: 0.6292146	total: 856ms	remaining: 1.28s
401:	learn: 0.6291288	total: 858ms	remaining: 1.28s
402:	learn: 0.6289567	total: 859ms	remaining: 1.27s
403:	learn: 0.6288679	total: 861ms	remaining: 1.27s
404:	learn: 0.6286697	total: 863ms	remaining: 1.27s
405:	learn: 0.6286098	total: 865ms	remaining: 1.26s
406:	learn: 0.6284586	total: 867ms	remaining: 1.26s
407:	learn: 0.6283428	total: 869ms	remaining: 1.26s
408:	learn: 0.6281978	total: 871ms	remaining: 1.26s
409:	learn: 0.6280356	total: 873ms	remaining: 1.25s
410:	learn: 0.6280356	total: 874ms	remaining: 1.25s
411:	learn: 0.6279721	total: 876ms	remaining: 1.25s
412:	learn: 0.6278084	total: 877ms	remaining: 1.25s
413:	learn: 0.6276854	total: 879ms	remaining: 1.24s
414:	learn: 0.6275563	total: 881ms	remaining: 1.24s
415:	learn: 0.6274238	total: 883ms	remaining: 1.24s
416:	learn: 0.6273017	total: 885ms	remaining: 1.24s
417:	learn: 0.6272296	total: 887ms	remaining: 1.23s
418:	learn: 0.6271100	total: 889ms	remaining: 1.23s
419:	learn: 0.6269836	total: 890ms	remaining: 1.23s
420:	learn: 0.6268295	total: 892ms	remaining: 1.23s
421:	learn: 0.6267429	total: 894ms	remaining: 1.22s
422:	learn: 0.6266819	total: 896ms	remaining: 1.22s
423:	learn: 0.6265600	total: 898ms	remaining: 1.22s
424:	learn: 0.6264649	total: 899ms	remaining: 1.22s
425:	learn: 0.6263729	total: 901ms	remaining: 1.21s
426:	learn: 0.6262960	total: 903ms	remaining: 1.21s
427:	learn: 0.6262138	total: 905ms	remaining: 1.21s
428:	learn: 0.6260509	total: 907ms	remaining: 1.21s
429:	learn: 0.6260509	total: 908ms	remaining: 1.2s
430:	learn: 0.6259464	total: 910ms	remaining: 1.2s
431:	learn: 0.6258391	total: 912ms	remaining: 1.2s
432:	learn: 0.6256904	total: 914ms	remaining: 1.2s
433:	learn: 0.6255751	total: 916ms	remaining: 1.19s
434:	learn: 0.6254203	total: 918ms	remaining: 1.19s
435:	learn: 0.6252360	total: 920ms	remaining: 1.19s
436:	learn: 0.6251150	total: 922ms	remaining: 1.19s
437:	learn: 0.6249570	total: 924ms	remaining: 1.19s
438:	learn: 0.6247714	total: 925ms	remaining: 1.18s
439:	learn: 0.6246823	total: 927ms	remaining: 1.18s
440:	learn: 0.6245888	total: 929ms	remaining: 1.18s
441:	learn: 0.6245143	total: 931ms	remaining: 1.17s
442:	learn: 0.6244528	total: 933ms	remaining: 1.17s
443:	learn: 0.6243121	total: 934ms	remaining: 1.17s
444:	learn: 0.6241623	total: 936ms	remaining: 1.17s
445:	learn: 0.6240554	total: 938ms	remaining: 1.17s
446:	learn: 0.6239575	total: 940ms	remaining: 1.16s
447:	learn: 0.6239317	total: 941ms	remaining: 1.16s
448:	learn: 0.6238319	total: 943ms	remaining: 1.16s
449:	learn: 0.6237147	total: 945ms	remaining: 1.16s
450:	learn: 0.6235994	total: 947ms	remaining: 1.15s
451:	learn: 0.6234537	total: 950ms	remaining: 1.15s
452:	learn: 0.6234537	total: 951ms	remaining: 1.15s
453:	learn: 0.6234131	total: 953ms	remaining: 1.15s
454:	learn: 0.6232737	total: 954ms	remaining: 1.14s
455:	learn: 0.6231524	total: 956ms	remaining: 1.14s
456:	learn: 0.6230397	total: 958ms	remaining: 1.14s
457:	learn: 0.6228921	total: 960ms	remaining: 1.14s
458:	learn: 0.6227709	total: 961ms	remaining: 1.13s
459:	learn: 0.6226567	total: 963ms	remaining: 1.13s
460:	learn: 0.6225236	total: 965ms	remaining: 1.13s
461:	learn: 0.6223781	total: 967ms	remaining: 1.13s
462:	learn: 0.6223077	total: 969ms	remaining: 1.12s
463:	learn: 0.6222188	total: 970ms	remaining: 1.12s
464:	learn: 0.6221189	total: 972ms	remaining: 1.12s
465:	learn: 0.6220332	total: 973ms	remaining: 1.11s
466:	learn: 0.6219585	total: 976ms	remaining: 1.11s
467:	learn: 0.6217562	total: 978ms	remaining: 1.11s
468:	learn: 0.6216426	total: 980ms	remaining: 1.11s
469:	learn: 0.6214774	total: 982ms	remaining: 1.11s
470:	learn: 0.6213476	total: 984ms	remaining: 1.1s
[2023-11-14T04:49:13.892+0000] {docker.py:406} INFO - 471:	learn: 0.6211440	total: 986ms	remaining: 1.1s
472:	learn: 0.6210928	total: 988ms	remaining: 1.1s
473:	learn: 0.6209256	total: 990ms	remaining: 1.1s
474:	learn: 0.6208523	total: 992ms	remaining: 1.1s
475:	learn: 0.6207312	total: 994ms	remaining: 1.09s
476:	learn: 0.6206322	total: 996ms	remaining: 1.09s
477:	learn: 0.6205293	total: 998ms	remaining: 1.09s
478:	learn: 0.6204387	total: 1000ms	remaining: 1.09s
479:	learn: 0.6203276	total: 1s	remaining: 1.08s
480:	learn: 0.6202013	total: 1s	remaining: 1.08s
481:	learn: 0.6201027	total: 1s	remaining: 1.08s
482:	learn: 0.6199864	total: 1.01s	remaining: 1.08s
483:	learn: 0.6198647	total: 1.01s	remaining: 1.07s
484:	learn: 0.6197893	total: 1.01s	remaining: 1.07s
485:	learn: 0.6196563	total: 1.01s	remaining: 1.07s
486:	learn: 0.6195380	total: 1.01s	remaining: 1.07s
487:	learn: 0.6193138	total: 1.02s	remaining: 1.07s
488:	learn: 0.6192141	total: 1.02s	remaining: 1.06s
489:	learn: 0.6191219	total: 1.02s	remaining: 1.06s
490:	learn: 0.6189904	total: 1.02s	remaining: 1.06s
491:	learn: 0.6189125	total: 1.02s	remaining: 1.06s
492:	learn: 0.6188145	total: 1.02s	remaining: 1.05s
493:	learn: 0.6186781	total: 1.03s	remaining: 1.05s
494:	learn: 0.6185692	total: 1.03s	remaining: 1.05s
495:	learn: 0.6184836	total: 1.03s	remaining: 1.05s
496:	learn: 0.6183807	total: 1.03s	remaining: 1.04s
497:	learn: 0.6182751	total: 1.03s	remaining: 1.04s
498:	learn: 0.6180984	total: 1.04s	remaining: 1.04s
499:	learn: 0.6180262	total: 1.04s	remaining: 1.04s
500:	learn: 0.6179351	total: 1.04s	remaining: 1.04s
501:	learn: 0.6177696	total: 1.04s	remaining: 1.03s
502:	learn: 0.6176762	total: 1.04s	remaining: 1.03s
503:	learn: 0.6175644	total: 1.05s	remaining: 1.03s
504:	learn: 0.6174453	total: 1.05s	remaining: 1.03s
505:	learn: 0.6174023	total: 1.05s	remaining: 1.03s
506:	learn: 0.6173151	total: 1.06s	remaining: 1.03s
507:	learn: 0.6171657	total: 1.06s	remaining: 1.03s
508:	learn: 0.6170813	total: 1.07s	remaining: 1.03s
509:	learn: 0.6169006	total: 1.08s	remaining: 1.04s
510:	learn: 0.6167746	total: 1.08s	remaining: 1.04s
511:	learn: 0.6167084	total: 1.09s	remaining: 1.04s
512:	learn: 0.6165966	total: 1.1s	remaining: 1.04s
513:	learn: 0.6164887	total: 1.1s	remaining: 1.04s
514:	learn: 0.6163787	total: 1.1s	remaining: 1.04s
515:	learn: 0.6162456	total: 1.11s	remaining: 1.04s
516:	learn: 0.6160456	total: 1.11s	remaining: 1.04s
517:	learn: 0.6159373	total: 1.12s	remaining: 1.04s
518:	learn: 0.6158952	total: 1.12s	remaining: 1.04s
519:	learn: 0.6158095	total: 1.13s	remaining: 1.04s
520:	learn: 0.6157180	total: 1.13s	remaining: 1.04s
521:	learn: 0.6155973	total: 1.13s	remaining: 1.04s
522:	learn: 0.6154672	total: 1.14s	remaining: 1.04s
523:	learn: 0.6153784	total: 1.14s	remaining: 1.04s
524:	learn: 0.6152734	total: 1.15s	remaining: 1.04s
525:	learn: 0.6151918	total: 1.15s	remaining: 1.04s
526:	learn: 0.6150743	total: 1.16s	remaining: 1.04s
527:	learn: 0.6149737	total: 1.16s	remaining: 1.04s
528:	learn: 0.6147595	total: 1.16s	remaining: 1.03s
529:	learn: 0.6146458	total: 1.17s	remaining: 1.03s
530:	learn: 0.6145814	total: 1.17s	remaining: 1.03s
531:	learn: 0.6145101	total: 1.17s	remaining: 1.03s
532:	learn: 0.6144299	total: 1.18s	remaining: 1.04s
533:	learn: 0.6142412	total: 1.19s	remaining: 1.03s
534:	learn: 0.6141756	total: 1.19s	remaining: 1.03s
535:	learn: 0.6140862	total: 1.19s	remaining: 1.03s
536:	learn: 0.6139905	total: 1.2s	remaining: 1.03s
537:	learn: 0.6138335	total: 1.2s	remaining: 1.03s
538:	learn: 0.6137928	total: 1.21s	remaining: 1.03s
539:	learn: 0.6136780	total: 1.21s	remaining: 1.03s
540:	learn: 0.6135036	total: 1.22s	remaining: 1.03s
541:	learn: 0.6133998	total: 1.22s	remaining: 1.03s
542:	learn: 0.6132955	total: 1.22s	remaining: 1.03s
543:	learn: 0.6131732	total: 1.23s	remaining: 1.03s
544:	learn: 0.6130442	total: 1.23s	remaining: 1.03s
545:	learn: 0.6129667	total: 1.24s	remaining: 1.03s
546:	learn: 0.6128662	total: 1.24s	remaining: 1.03s
547:	learn: 0.6128030	total: 1.24s	remaining: 1.03s
548:	learn: 0.6126894	total: 1.25s	remaining: 1.02s
549:	learn: 0.6126088	total: 1.25s	remaining: 1.02s
550:	learn: 0.6125312	total: 1.25s	remaining: 1.02s
551:	learn: 0.6124693	total: 1.26s	remaining: 1.02s
552:	learn: 0.6122937	total: 1.26s	remaining: 1.02s
553:	learn: 0.6122089	total: 1.27s	remaining: 1.02s
554:	learn: 0.6122077	total: 1.27s	remaining: 1.02s
555:	learn: 0.6120588	total: 1.27s	remaining: 1.02s
556:	learn: 0.6119519	total: 1.28s	remaining: 1.02s
557:	learn: 0.6117772	total: 1.28s	remaining: 1.02s
558:	learn: 0.6116340	total: 1.29s	remaining: 1.01s
559:	learn: 0.6115722	total: 1.29s	remaining: 1.01s
560:	learn: 0.6114904	total: 1.29s	remaining: 1.01s
561:	learn: 0.6114182	total: 1.3s	remaining: 1.01s
562:	learn: 0.6113002	total: 1.3s	remaining: 1.01s
563:	learn: 0.6112423	total: 1.31s	remaining: 1.01s
564:	learn: 0.6112295	total: 1.31s	remaining: 1.01s
565:	learn: 0.6111500	total: 1.31s	remaining: 1.01s
566:	learn: 0.6110689	total: 1.32s	remaining: 1.01s
567:	learn: 0.6109381	total: 1.32s	remaining: 1s
568:	learn: 0.6108695	total: 1.32s	remaining: 1s
569:	learn: 0.6107041	total: 1.33s	remaining: 1s
570:	learn: 0.6106115	total: 1.33s	remaining: 1s
571:	learn: 0.6105060	total: 1.34s	remaining: 1000ms
572:	learn: 0.6103796	total: 1.34s	remaining: 999ms
573:	learn: 0.6102991	total: 1.34s	remaining: 998ms
574:	learn: 0.6101938	total: 1.35s	remaining: 996ms
575:	learn: 0.6100903	total: 1.35s	remaining: 995ms
576:	learn: 0.6100025	total: 1.36s	remaining: 994ms
577:	learn: 0.6098966	total: 1.36s	remaining: 993ms
578:	learn: 0.6097982	total: 1.36s	remaining: 992ms
579:	learn: 0.6096434	total: 1.37s	remaining: 990ms
580:	learn: 0.6095652	total: 1.37s	remaining: 990ms
581:	learn: 0.6094722	total: 1.38s	remaining: 988ms
582:	learn: 0.6094164	total: 1.38s	remaining: 990ms
583:	learn: 0.6093740	total: 1.39s	remaining: 987ms
584:	learn: 0.6093186	total: 1.39s	remaining: 985ms
585:	learn: 0.6092638	total: 1.39s	remaining: 984ms
586:	learn: 0.6090566	total: 1.4s	remaining: 987ms
587:	learn: 0.6089740	total: 1.41s	remaining: 990ms
588:	learn: 0.6088874	total: 1.42s	remaining: 988ms
589:	learn: 0.6087092	total: 1.42s	remaining: 985ms
590:	learn: 0.6085722	total: 1.42s	remaining: 982ms
591:	learn: 0.6084803	total: 1.42s	remaining: 980ms
592:	learn: 0.6084392	total: 1.43s	remaining: 979ms
593:	learn: 0.6083359	total: 1.43s	remaining: 977ms
594:	learn: 0.6082674	total: 1.43s	remaining: 975ms
595:	learn: 0.6081754	total: 1.44s	remaining: 974ms
596:	learn: 0.6081297	total: 1.44s	remaining: 973ms
597:	learn: 0.6080050	total: 1.44s	remaining: 971ms
598:	learn: 0.6078888	total: 1.45s	remaining: 970ms
599:	learn: 0.6077513	total: 1.45s	remaining: 969ms
600:	learn: 0.6076531	total: 1.46s	remaining: 967ms
601:	learn: 0.6075413	total: 1.46s	remaining: 966ms
602:	learn: 0.6074877	total: 1.47s	remaining: 965ms
603:	learn: 0.6074039	total: 1.47s	remaining: 964ms
604:	learn: 0.6073348	total: 1.47s	remaining: 963ms
605:	learn: 0.6072145	total: 1.48s	remaining: 961ms
606:	learn: 0.6071670	total: 1.48s	remaining: 960ms
607:	learn: 0.6071075	total: 1.49s	remaining: 958ms
608:	learn: 0.6070028	total: 1.49s	remaining: 957ms
609:	learn: 0.6069359	total: 1.49s	remaining: 955ms
610:	learn: 0.6068634	total: 1.5s	remaining: 954ms
611:	learn: 0.6067466	total: 1.5s	remaining: 953ms
612:	learn: 0.6066537	total: 1.5s	remaining: 951ms
613:	learn: 0.6065326	total: 1.51s	remaining: 949ms
614:	learn: 0.6063912	total: 1.51s	remaining: 947ms
615:	learn: 0.6062132	total: 1.52s	remaining: 946ms
616:	learn: 0.6060704	total: 1.52s	remaining: 945ms
617:	learn: 0.6059390	total: 1.52s	remaining: 943ms
618:	learn: 0.6058713	total: 1.53s	remaining: 942ms
619:	learn: 0.6057550	total: 1.53s	remaining: 941ms
620:	learn: 0.6057052	total: 1.54s	remaining: 939ms
621:	learn: 0.6056852	total: 1.54s	remaining: 937ms
622:	learn: 0.6055799	total: 1.55s	remaining: 936ms
623:	learn: 0.6054673	total: 1.55s	remaining: 934ms
624:	learn: 0.6054069	total: 1.55s	remaining: 933ms
625:	learn: 0.6053312	total: 1.56s	remaining: 931ms
626:	learn: 0.6051600	total: 1.56s	remaining: 930ms
627:	learn: 0.6049576	total: 1.56s	remaining: 928ms
628:	learn: 0.6048490	total: 1.57s	remaining: 926ms
[2023-11-14T04:49:14.503+0000] {docker.py:406} INFO - 629:	learn: 0.6047749	total: 1.57s	remaining: 925ms
630:	learn: 0.6046933	total: 1.58s	remaining: 923ms
631:	learn: 0.6046094	total: 1.58s	remaining: 923ms
632:	learn: 0.6044353	total: 1.59s	remaining: 921ms
633:	learn: 0.6043207	total: 1.59s	remaining: 920ms
634:	learn: 0.6042230	total: 1.6s	remaining: 918ms
635:	learn: 0.6041278	total: 1.6s	remaining: 916ms
636:	learn: 0.6040377	total: 1.61s	remaining: 918ms
637:	learn: 0.6039709	total: 1.61s	remaining: 916ms
638:	learn: 0.6038374	total: 1.62s	remaining: 914ms
639:	learn: 0.6037782	total: 1.62s	remaining: 913ms
640:	learn: 0.6036384	total: 1.63s	remaining: 911ms
641:	learn: 0.6035739	total: 1.63s	remaining: 909ms
642:	learn: 0.6034793	total: 1.63s	remaining: 907ms
643:	learn: 0.6033878	total: 1.64s	remaining: 906ms
644:	learn: 0.6032866	total: 1.64s	remaining: 904ms
645:	learn: 0.6032062	total: 1.65s	remaining: 902ms
646:	learn: 0.6030868	total: 1.65s	remaining: 900ms
647:	learn: 0.6029938	total: 1.65s	remaining: 898ms
648:	learn: 0.6028860	total: 1.66s	remaining: 897ms
649:	learn: 0.6027671	total: 1.66s	remaining: 895ms
650:	learn: 0.6026900	total: 1.66s	remaining: 893ms
651:	learn: 0.6026424	total: 1.67s	remaining: 891ms
652:	learn: 0.6025217	total: 1.67s	remaining: 889ms
653:	learn: 0.6023912	total: 1.68s	remaining: 888ms
654:	learn: 0.6022715	total: 1.68s	remaining: 886ms
655:	learn: 0.6022150	total: 1.69s	remaining: 885ms
656:	learn: 0.6021426	total: 1.69s	remaining: 883ms
657:	learn: 0.6020810	total: 1.7s	remaining: 881ms
658:	learn: 0.6019780	total: 1.7s	remaining: 879ms
659:	learn: 0.6018520	total: 1.71s	remaining: 879ms
660:	learn: 0.6016971	total: 1.71s	remaining: 877ms
661:	learn: 0.6015920	total: 1.71s	remaining: 875ms
662:	learn: 0.6015157	total: 1.72s	remaining: 873ms
663:	learn: 0.6014053	total: 1.72s	remaining: 872ms
664:	learn: 0.6012893	total: 1.73s	remaining: 870ms
665:	learn: 0.6011772	total: 1.73s	remaining: 868ms
666:	learn: 0.6011102	total: 1.73s	remaining: 866ms
667:	learn: 0.6009869	total: 1.74s	remaining: 864ms
668:	learn: 0.6009087	total: 1.74s	remaining: 862ms
669:	learn: 0.6008322	total: 1.75s	remaining: 860ms
670:	learn: 0.6007167	total: 1.75s	remaining: 858ms
671:	learn: 0.6005667	total: 1.75s	remaining: 857ms
672:	learn: 0.6004829	total: 1.76s	remaining: 854ms
673:	learn: 0.6003507	total: 1.76s	remaining: 852ms
674:	learn: 0.6002303	total: 1.77s	remaining: 850ms
675:	learn: 0.6001088	total: 1.77s	remaining: 849ms
676:	learn: 0.6000533	total: 1.77s	remaining: 847ms
677:	learn: 0.5999437	total: 1.78s	remaining: 845ms
678:	learn: 0.5998976	total: 1.78s	remaining: 843ms
679:	learn: 0.5997578	total: 1.79s	remaining: 842ms
680:	learn: 0.5996726	total: 1.79s	remaining: 840ms
681:	learn: 0.5995687	total: 1.8s	remaining: 838ms
682:	learn: 0.5994953	total: 1.8s	remaining: 836ms
683:	learn: 0.5993978	total: 1.8s	remaining: 834ms
684:	learn: 0.5993031	total: 1.81s	remaining: 832ms
685:	learn: 0.5992445	total: 1.81s	remaining: 830ms
686:	learn: 0.5991299	total: 1.82s	remaining: 828ms
687:	learn: 0.5990325	total: 1.82s	remaining: 826ms
688:	learn: 0.5989902	total: 1.82s	remaining: 823ms
689:	learn: 0.5988753	total: 1.83s	remaining: 821ms
690:	learn: 0.5987664	total: 1.83s	remaining: 819ms
691:	learn: 0.5987009	total: 1.83s	remaining: 817ms
692:	learn: 0.5985753	total: 1.84s	remaining: 815ms
693:	learn: 0.5984900	total: 1.84s	remaining: 813ms
694:	learn: 0.5984148	total: 1.85s	remaining: 811ms
695:	learn: 0.5983357	total: 1.85s	remaining: 809ms
696:	learn: 0.5982749	total: 1.85s	remaining: 807ms
697:	learn: 0.5981909	total: 1.86s	remaining: 805ms
698:	learn: 0.5980910	total: 1.86s	remaining: 803ms
699:	learn: 0.5980260	total: 1.87s	remaining: 801ms
700:	learn: 0.5979191	total: 1.87s	remaining: 799ms
701:	learn: 0.5978037	total: 1.88s	remaining: 797ms
702:	learn: 0.5977343	total: 1.88s	remaining: 796ms
703:	learn: 0.5976170	total: 1.89s	remaining: 794ms
704:	learn: 0.5975095	total: 1.89s	remaining: 792ms
705:	learn: 0.5974202	total: 1.9s	remaining: 790ms
706:	learn: 0.5973473	total: 1.9s	remaining: 788ms
707:	learn: 0.5972137	total: 1.91s	remaining: 786ms
708:	learn: 0.5970867	total: 1.91s	remaining: 784ms
709:	learn: 0.5969810	total: 1.91s	remaining: 782ms
710:	learn: 0.5969333	total: 1.92s	remaining: 780ms
711:	learn: 0.5968795	total: 1.92s	remaining: 778ms
712:	learn: 0.5967732	total: 1.93s	remaining: 775ms
713:	learn: 0.5967403	total: 1.93s	remaining: 773ms
714:	learn: 0.5966134	total: 1.93s	remaining: 771ms
715:	learn: 0.5965445	total: 1.94s	remaining: 769ms
716:	learn: 0.5964703	total: 1.94s	remaining: 766ms
717:	learn: 0.5963553	total: 1.95s	remaining: 764ms
718:	learn: 0.5962813	total: 1.95s	remaining: 762ms
719:	learn: 0.5961982	total: 1.95s	remaining: 760ms
720:	learn: 0.5961385	total: 1.96s	remaining: 758ms
721:	learn: 0.5960245	total: 1.96s	remaining: 756ms
722:	learn: 0.5959447	total: 1.97s	remaining: 754ms
723:	learn: 0.5958390	total: 1.97s	remaining: 752ms
724:	learn: 0.5957071	total: 1.98s	remaining: 750ms
725:	learn: 0.5956044	total: 1.98s	remaining: 748ms
726:	learn: 0.5956033	total: 1.98s	remaining: 745ms
727:	learn: 0.5955277	total: 1.99s	remaining: 743ms
728:	learn: 0.5954542	total: 1.99s	remaining: 741ms
729:	learn: 0.5953395	total: 2s	remaining: 739ms
730:	learn: 0.5952274	total: 2s	remaining: 736ms
731:	learn: 0.5951639	total: 2s	remaining: 734ms
732:	learn: 0.5950368	total: 2.01s	remaining: 732ms
733:	learn: 0.5949547	total: 2.01s	remaining: 729ms
734:	learn: 0.5948531	total: 2.02s	remaining: 727ms
735:	learn: 0.5947723	total: 2.02s	remaining: 725ms
736:	learn: 0.5946683	total: 2.02s	remaining: 723ms
737:	learn: 0.5945559	total: 2.03s	remaining: 720ms
738:	learn: 0.5944439	total: 2.03s	remaining: 718ms
739:	learn: 0.5943590	total: 2.04s	remaining: 716ms
740:	learn: 0.5942890	total: 2.04s	remaining: 713ms
741:	learn: 0.5941699	total: 2.04s	remaining: 711ms
742:	learn: 0.5940891	total: 2.05s	remaining: 709ms
743:	learn: 0.5939653	total: 2.05s	remaining: 706ms
744:	learn: 0.5938354	total: 2.06s	remaining: 704ms
745:	learn: 0.5937388	total: 2.06s	remaining: 702ms
746:	learn: 0.5936562	total: 2.06s	remaining: 699ms
747:	learn: 0.5935702	total: 2.07s	remaining: 697ms
748:	learn: 0.5934879	total: 2.07s	remaining: 695ms
749:	learn: 0.5933924	total: 2.08s	remaining: 692ms
750:	learn: 0.5932553	total: 2.08s	remaining: 690ms
751:	learn: 0.5931867	total: 2.08s	remaining: 688ms
752:	learn: 0.5930640	total: 2.09s	remaining: 686ms
753:	learn: 0.5929048	total: 2.09s	remaining: 683ms
754:	learn: 0.5928198	total: 2.1s	remaining: 680ms
755:	learn: 0.5927269	total: 2.1s	remaining: 678ms
756:	learn: 0.5926412	total: 2.1s	remaining: 676ms
757:	learn: 0.5925426	total: 2.11s	remaining: 674ms
758:	learn: 0.5924362	total: 2.11s	remaining: 671ms
759:	learn: 0.5923687	total: 2.12s	remaining: 669ms
760:	learn: 0.5923095	total: 2.13s	remaining: 669ms
761:	learn: 0.5922518	total: 2.13s	remaining: 666ms
762:	learn: 0.5921993	total: 2.13s	remaining: 663ms
763:	learn: 0.5921196	total: 2.14s	remaining: 660ms
764:	learn: 0.5919699	total: 2.14s	remaining: 657ms
765:	learn: 0.5919124	total: 2.14s	remaining: 654ms
766:	learn: 0.5918462	total: 2.14s	remaining: 651ms
767:	learn: 0.5917750	total: 2.15s	remaining: 648ms
768:	learn: 0.5916816	total: 2.15s	remaining: 645ms
769:	learn: 0.5916174	total: 2.15s	remaining: 642ms
770:	learn: 0.5916021	total: 2.15s	remaining: 639ms
771:	learn: 0.5915089	total: 2.15s	remaining: 636ms
772:	learn: 0.5913795	total: 2.15s	remaining: 633ms
773:	learn: 0.5913009	total: 2.16s	remaining: 630ms
774:	learn: 0.5911790	total: 2.16s	remaining: 627ms
775:	learn: 0.5910786	total: 2.16s	remaining: 624ms
776:	learn: 0.5909180	total: 2.16s	remaining: 621ms
777:	learn: 0.5908401	total: 2.16s	remaining: 618ms
778:	learn: 0.5907770	total: 2.17s	remaining: 615ms
779:	learn: 0.5906373	total: 2.17s	remaining: 612ms
780:	learn: 0.5905301	total: 2.17s	remaining: 608ms
781:	learn: 0.5904298	total: 2.17s	remaining: 605ms
782:	learn: 0.5903744	total: 2.17s	remaining: 602ms
783:	learn: 0.5903106	total: 2.17s	remaining: 599ms
784:	learn: 0.5901682	total: 2.18s	remaining: 596ms
785:	learn: 0.5900799	total: 2.18s	remaining: 593ms
[2023-11-14T04:49:14.814+0000] {docker.py:406} INFO - 786:	learn: 0.5899582	total: 2.18s	remaining: 590ms
787:	learn: 0.5898748	total: 2.18s	remaining: 587ms
788:	learn: 0.5897986	total: 2.19s	remaining: 584ms
789:	learn: 0.5896713	total: 2.19s	remaining: 582ms
790:	learn: 0.5896408	total: 2.19s	remaining: 579ms
791:	learn: 0.5895792	total: 2.19s	remaining: 576ms
792:	learn: 0.5895186	total: 2.19s	remaining: 573ms
793:	learn: 0.5894267	total: 2.2s	remaining: 570ms
794:	learn: 0.5893518	total: 2.2s	remaining: 567ms
795:	learn: 0.5892410	total: 2.2s	remaining: 564ms
796:	learn: 0.5891956	total: 2.2s	remaining: 561ms
797:	learn: 0.5891578	total: 2.2s	remaining: 558ms
798:	learn: 0.5891193	total: 2.21s	remaining: 555ms
799:	learn: 0.5890058	total: 2.21s	remaining: 552ms
800:	learn: 0.5889376	total: 2.21s	remaining: 549ms
801:	learn: 0.5888586	total: 2.21s	remaining: 546ms
802:	learn: 0.5888112	total: 2.21s	remaining: 543ms
803:	learn: 0.5886874	total: 2.21s	remaining: 540ms
804:	learn: 0.5885370	total: 2.22s	remaining: 537ms
805:	learn: 0.5884585	total: 2.22s	remaining: 534ms
806:	learn: 0.5883726	total: 2.22s	remaining: 531ms
807:	learn: 0.5883029	total: 2.22s	remaining: 528ms
808:	learn: 0.5882104	total: 2.22s	remaining: 525ms
809:	learn: 0.5881415	total: 2.23s	remaining: 522ms
810:	learn: 0.5880230	total: 2.23s	remaining: 519ms
811:	learn: 0.5878853	total: 2.23s	remaining: 516ms
812:	learn: 0.5877640	total: 2.23s	remaining: 513ms
813:	learn: 0.5875987	total: 2.23s	remaining: 511ms
814:	learn: 0.5874921	total: 2.24s	remaining: 508ms
815:	learn: 0.5874206	total: 2.24s	remaining: 505ms
816:	learn: 0.5873679	total: 2.24s	remaining: 502ms
817:	learn: 0.5872779	total: 2.24s	remaining: 499ms
818:	learn: 0.5871892	total: 2.24s	remaining: 496ms
819:	learn: 0.5871079	total: 2.24s	remaining: 493ms
820:	learn: 0.5870386	total: 2.25s	remaining: 490ms
821:	learn: 0.5869418	total: 2.25s	remaining: 487ms
822:	learn: 0.5868107	total: 2.25s	remaining: 484ms
823:	learn: 0.5867710	total: 2.25s	remaining: 481ms
824:	learn: 0.5866984	total: 2.25s	remaining: 478ms
825:	learn: 0.5865940	total: 2.26s	remaining: 475ms
826:	learn: 0.5864783	total: 2.26s	remaining: 472ms
827:	learn: 0.5864234	total: 2.26s	remaining: 469ms
828:	learn: 0.5863468	total: 2.26s	remaining: 466ms
829:	learn: 0.5863016	total: 2.26s	remaining: 464ms
830:	learn: 0.5862171	total: 2.27s	remaining: 461ms
831:	learn: 0.5861150	total: 2.27s	remaining: 458ms
832:	learn: 0.5860153	total: 2.27s	remaining: 455ms
833:	learn: 0.5858680	total: 2.27s	remaining: 452ms
834:	learn: 0.5857698	total: 2.27s	remaining: 449ms
835:	learn: 0.5856432	total: 2.27s	remaining: 446ms
836:	learn: 0.5855664	total: 2.27s	remaining: 443ms
837:	learn: 0.5854531	total: 2.28s	remaining: 440ms
838:	learn: 0.5853355	total: 2.28s	remaining: 437ms
839:	learn: 0.5851643	total: 2.28s	remaining: 435ms
840:	learn: 0.5850892	total: 2.28s	remaining: 432ms
841:	learn: 0.5850387	total: 2.28s	remaining: 429ms
842:	learn: 0.5849310	total: 2.29s	remaining: 426ms
843:	learn: 0.5848404	total: 2.29s	remaining: 423ms
844:	learn: 0.5847255	total: 2.29s	remaining: 420ms
845:	learn: 0.5846146	total: 2.29s	remaining: 417ms
846:	learn: 0.5845491	total: 2.29s	remaining: 414ms
847:	learn: 0.5844789	total: 2.3s	remaining: 412ms
848:	learn: 0.5843555	total: 2.3s	remaining: 409ms
849:	learn: 0.5842530	total: 2.3s	remaining: 406ms
850:	learn: 0.5841806	total: 2.3s	remaining: 403ms
851:	learn: 0.5841120	total: 2.3s	remaining: 400ms
852:	learn: 0.5840516	total: 2.31s	remaining: 397ms
853:	learn: 0.5839534	total: 2.31s	remaining: 395ms
854:	learn: 0.5838411	total: 2.31s	remaining: 392ms
855:	learn: 0.5837695	total: 2.31s	remaining: 389ms
856:	learn: 0.5836927	total: 2.31s	remaining: 386ms
857:	learn: 0.5836264	total: 2.31s	remaining: 383ms
858:	learn: 0.5835116	total: 2.32s	remaining: 380ms
859:	learn: 0.5834216	total: 2.32s	remaining: 377ms
860:	learn: 0.5833554	total: 2.32s	remaining: 375ms
861:	learn: 0.5832319	total: 2.32s	remaining: 372ms
862:	learn: 0.5830756	total: 2.32s	remaining: 369ms
863:	learn: 0.5829258	total: 2.33s	remaining: 366ms
864:	learn: 0.5827924	total: 2.33s	remaining: 363ms
865:	learn: 0.5826899	total: 2.33s	remaining: 360ms
866:	learn: 0.5826250	total: 2.33s	remaining: 358ms
867:	learn: 0.5825394	total: 2.33s	remaining: 355ms
868:	learn: 0.5824445	total: 2.33s	remaining: 352ms
869:	learn: 0.5823544	total: 2.34s	remaining: 349ms
870:	learn: 0.5822439	total: 2.34s	remaining: 346ms
871:	learn: 0.5821722	total: 2.34s	remaining: 343ms
872:	learn: 0.5821157	total: 2.34s	remaining: 341ms
873:	learn: 0.5820207	total: 2.34s	remaining: 338ms
874:	learn: 0.5819889	total: 2.35s	remaining: 335ms
875:	learn: 0.5818712	total: 2.35s	remaining: 332ms
876:	learn: 0.5818232	total: 2.35s	remaining: 329ms
877:	learn: 0.5817490	total: 2.35s	remaining: 327ms
878:	learn: 0.5816930	total: 2.35s	remaining: 324ms
879:	learn: 0.5816322	total: 2.35s	remaining: 321ms
880:	learn: 0.5814966	total: 2.36s	remaining: 318ms
881:	learn: 0.5813886	total: 2.36s	remaining: 316ms
882:	learn: 0.5813048	total: 2.36s	remaining: 313ms
883:	learn: 0.5811598	total: 2.36s	remaining: 310ms
884:	learn: 0.5811155	total: 2.36s	remaining: 307ms
885:	learn: 0.5809740	total: 2.37s	remaining: 304ms
886:	learn: 0.5808822	total: 2.37s	remaining: 302ms
887:	learn: 0.5807199	total: 2.37s	remaining: 299ms
888:	learn: 0.5805875	total: 2.37s	remaining: 296ms
889:	learn: 0.5804735	total: 2.37s	remaining: 293ms
890:	learn: 0.5803349	total: 2.38s	remaining: 291ms
891:	learn: 0.5802452	total: 2.38s	remaining: 288ms
892:	learn: 0.5801805	total: 2.38s	remaining: 285ms
893:	learn: 0.5800998	total: 2.38s	remaining: 282ms
894:	learn: 0.5799965	total: 2.38s	remaining: 280ms
895:	learn: 0.5799091	total: 2.38s	remaining: 277ms
896:	learn: 0.5797722	total: 2.39s	remaining: 274ms
897:	learn: 0.5796338	total: 2.39s	remaining: 271ms
898:	learn: 0.5795831	total: 2.39s	remaining: 269ms
899:	learn: 0.5794855	total: 2.39s	remaining: 266ms
900:	learn: 0.5793961	total: 2.39s	remaining: 263ms
901:	learn: 0.5793064	total: 2.4s	remaining: 260ms
902:	learn: 0.5792521	total: 2.4s	remaining: 258ms
903:	learn: 0.5791666	total: 2.4s	remaining: 255ms
904:	learn: 0.5790901	total: 2.4s	remaining: 252ms
905:	learn: 0.5789364	total: 2.4s	remaining: 249ms
906:	learn: 0.5788361	total: 2.4s	remaining: 247ms
907:	learn: 0.5787378	total: 2.41s	remaining: 244ms
908:	learn: 0.5786542	total: 2.41s	remaining: 241ms
909:	learn: 0.5785224	total: 2.41s	remaining: 238ms
910:	learn: 0.5784141	total: 2.41s	remaining: 236ms
911:	learn: 0.5783624	total: 2.41s	remaining: 233ms
912:	learn: 0.5782159	total: 2.42s	remaining: 230ms
913:	learn: 0.5781249	total: 2.42s	remaining: 228ms
914:	learn: 0.5780592	total: 2.42s	remaining: 225ms
915:	learn: 0.5779507	total: 2.42s	remaining: 222ms
916:	learn: 0.5778010	total: 2.42s	remaining: 220ms
917:	learn: 0.5776929	total: 2.43s	remaining: 217ms
918:	learn: 0.5776149	total: 2.43s	remaining: 214ms
919:	learn: 0.5775374	total: 2.43s	remaining: 211ms
920:	learn: 0.5774172	total: 2.43s	remaining: 209ms
921:	learn: 0.5773697	total: 2.43s	remaining: 206ms
922:	learn: 0.5772965	total: 2.44s	remaining: 203ms
923:	learn: 0.5771946	total: 2.44s	remaining: 201ms
924:	learn: 0.5771034	total: 2.44s	remaining: 198ms
925:	learn: 0.5770479	total: 2.44s	remaining: 195ms
926:	learn: 0.5769767	total: 2.44s	remaining: 192ms
927:	learn: 0.5769025	total: 2.45s	remaining: 190ms
928:	learn: 0.5768147	total: 2.45s	remaining: 187ms
929:	learn: 0.5767028	total: 2.45s	remaining: 184ms
930:	learn: 0.5766407	total: 2.45s	remaining: 182ms
931:	learn: 0.5765888	total: 2.45s	remaining: 179ms
932:	learn: 0.5764642	total: 2.46s	remaining: 176ms
933:	learn: 0.5763661	total: 2.46s	remaining: 174ms
934:	learn: 0.5762807	total: 2.46s	remaining: 171ms
935:	learn: 0.5762437	total: 2.46s	remaining: 168ms
936:	learn: 0.5761966	total: 2.46s	remaining: 166ms
937:	learn: 0.5760788	total: 2.46s	remaining: 163ms
938:	learn: 0.5760283	total: 2.47s	remaining: 160ms
939:	learn: 0.5759461	total: 2.47s	remaining: 158ms
940:	learn: 0.5758989	total: 2.47s	remaining: 155ms
941:	learn: 0.5758033	total: 2.47s	remaining: 152ms
942:	learn: 0.5757197	total: 2.47s	remaining: 150ms
[2023-11-14T04:49:15.008+0000] {docker.py:406} INFO - 943:	learn: 0.5756850	total: 2.48s	remaining: 147ms
944:	learn: 0.5755708	total: 2.48s	remaining: 144ms
945:	learn: 0.5755240	total: 2.48s	remaining: 142ms
946:	learn: 0.5754725	total: 2.48s	remaining: 139ms
947:	learn: 0.5754186	total: 2.49s	remaining: 136ms
948:	learn: 0.5753616	total: 2.49s	remaining: 134ms
949:	learn: 0.5753118	total: 2.49s	remaining: 131ms
950:	learn: 0.5752439	total: 2.49s	remaining: 129ms
951:	learn: 0.5751338	total: 2.5s	remaining: 126ms
952:	learn: 0.5750738	total: 2.5s	remaining: 123ms
953:	learn: 0.5749410	total: 2.5s	remaining: 121ms
954:	learn: 0.5748491	total: 2.5s	remaining: 118ms
955:	learn: 0.5747610	total: 2.5s	remaining: 115ms
956:	learn: 0.5746978	total: 2.51s	remaining: 113ms
957:	learn: 0.5746448	total: 2.51s	remaining: 110ms
958:	learn: 0.5745428	total: 2.52s	remaining: 108ms
959:	learn: 0.5745058	total: 2.52s	remaining: 105ms
960:	learn: 0.5743878	total: 2.52s	remaining: 102ms
961:	learn: 0.5743865	total: 2.52s	remaining: 99.6ms
962:	learn: 0.5742804	total: 2.52s	remaining: 97ms
963:	learn: 0.5741873	total: 2.53s	remaining: 94.4ms
964:	learn: 0.5740813	total: 2.53s	remaining: 91.7ms
965:	learn: 0.5740183	total: 2.53s	remaining: 89.1ms
966:	learn: 0.5739227	total: 2.53s	remaining: 86.5ms
967:	learn: 0.5738025	total: 2.54s	remaining: 83.8ms
968:	learn: 0.5737645	total: 2.54s	remaining: 81.2ms
969:	learn: 0.5736840	total: 2.54s	remaining: 78.6ms
970:	learn: 0.5735843	total: 2.54s	remaining: 75.9ms
971:	learn: 0.5735098	total: 2.54s	remaining: 73.3ms
972:	learn: 0.5734360	total: 2.55s	remaining: 70.7ms
973:	learn: 0.5733767	total: 2.55s	remaining: 68.1ms
974:	learn: 0.5732689	total: 2.55s	remaining: 65.4ms
975:	learn: 0.5731925	total: 2.55s	remaining: 62.8ms
976:	learn: 0.5731106	total: 2.56s	remaining: 60.2ms
977:	learn: 0.5729792	total: 2.56s	remaining: 57.6ms
978:	learn: 0.5729237	total: 2.56s	remaining: 55ms
979:	learn: 0.5728511	total: 2.56s	remaining: 52.3ms
980:	learn: 0.5727578	total: 2.57s	remaining: 49.7ms
981:	learn: 0.5726447	total: 2.57s	remaining: 47.1ms
982:	learn: 0.5726277	total: 2.57s	remaining: 44.5ms
983:	learn: 0.5725307	total: 2.57s	remaining: 41.8ms
984:	learn: 0.5724545	total: 2.58s	remaining: 39.2ms
985:	learn: 0.5723902	total: 2.58s	remaining: 36.6ms
986:	learn: 0.5723488	total: 2.58s	remaining: 34ms
987:	learn: 0.5723087	total: 2.58s	remaining: 31.4ms
988:	learn: 0.5722219	total: 2.58s	remaining: 28.8ms
989:	learn: 0.5721147	total: 2.59s	remaining: 26.1ms
990:	learn: 0.5719970	total: 2.59s	remaining: 23.5ms
991:	learn: 0.5718775	total: 2.59s	remaining: 20.9ms
992:	learn: 0.5717912	total: 2.6s	remaining: 18.3ms
993:	learn: 0.5717005	total: 2.6s	remaining: 15.7ms
994:	learn: 0.5715796	total: 2.6s	remaining: 13.1ms
995:	learn: 0.5714889	total: 2.6s	remaining: 10.4ms
996:	learn: 0.5713936	total: 2.6s	remaining: 7.83ms
997:	learn: 0.5713161	total: 2.61s	remaining: 5.22ms
998:	learn: 0.5712574	total: 2.61s	remaining: 2.61ms
999:	learn: 0.5711515	total: 2.61s	remaining: 0us
Accuracy: 0.54942
Precision: 0.58100
Recall: 0.61148
Fbeta_score: 0.60618
              precision    recall  f1-score   support

           0       0.51      0.48      0.49       513
           1       0.58      0.61      0.60       610

    accuracy                           0.55      1123
   macro avg       0.54      0.54      0.54      1123
weighted avg       0.55      0.55      0.55      1123
[2023-11-14T04:49:15.308+0000] {taskinstance.py:1398} INFO - Marking task as SUCCESS. dag_id=docker_cb, task_id=train_task, execution_date=20231110T000000, start_date=20231114T044910, end_date=20231114T044915
[2023-11-14T04:49:15.345+0000] {local_task_job_runner.py:228} INFO - Task exited with return code 0
[2023-11-14T04:49:15.364+0000] {taskinstance.py:2776} INFO - 0 downstream tasks scheduled from follow-on schedule check
