[2024-01-10T08:53:50.925+0000] {processor.py:157} INFO - Started process (PID=38) to work on /opt/airflow/dags/catboost/docker.py
[2024-01-10T08:53:50.930+0000] {processor.py:829} INFO - Processing file /opt/airflow/dags/catboost/docker.py for tasks to queue
[2024-01-10T08:53:50.938+0000] {logging_mixin.py:151} INFO - [2024-01-10T08:53:50.937+0000] {dagbag.py:539} INFO - Filling up the DagBag from /opt/airflow/dags/catboost/docker.py
[2024-01-10T08:53:50.985+0000] {processor.py:839} INFO - DAG(s) dict_keys(['docker_cb']) retrieved from /opt/airflow/dags/catboost/docker.py
[2024-01-10T08:53:51.469+0000] {logging_mixin.py:151} INFO - [2024-01-10T08:53:51.467+0000] {manager.py:499} INFO - Created Permission View: %s
[2024-01-10T08:53:51.515+0000] {logging_mixin.py:151} INFO - [2024-01-10T08:53:51.514+0000] {manager.py:499} INFO - Created Permission View: %s
[2024-01-10T08:53:51.541+0000] {logging_mixin.py:151} INFO - [2024-01-10T08:53:51.540+0000] {manager.py:499} INFO - Created Permission View: %s
[2024-01-10T08:53:51.542+0000] {logging_mixin.py:151} INFO - [2024-01-10T08:53:51.542+0000] {security.py:708} INFO - Not syncing DAG-level permissions for DAG 'DAG:docker_cb' as access control is unset.
[2024-01-10T08:53:51.547+0000] {logging_mixin.py:151} INFO - [2024-01-10T08:53:51.545+0000] {dag.py:2915} INFO - Sync 1 DAGs
[2024-01-10T08:53:51.588+0000] {logging_mixin.py:151} INFO - [2024-01-10T08:53:51.587+0000] {dag.py:2937} INFO - Creating ORM DAG for docker_cb
[2024-01-10T08:53:51.630+0000] {logging_mixin.py:151} INFO - [2024-01-10T08:53:51.629+0000] {dag.py:3696} INFO - Setting next_dagrun for docker_cb to 2023-12-01T00:00:00+00:00, run_after=2024-01-01T00:00:00+00:00
[2024-01-10T08:53:51.737+0000] {processor.py:179} INFO - Processing /opt/airflow/dags/catboost/docker.py took 0.820 seconds
[2024-01-10T08:54:22.458+0000] {processor.py:157} INFO - Started process (PID=45) to work on /opt/airflow/dags/catboost/docker.py
[2024-01-10T08:54:22.481+0000] {processor.py:829} INFO - Processing file /opt/airflow/dags/catboost/docker.py for tasks to queue
[2024-01-10T08:54:22.508+0000] {logging_mixin.py:151} INFO - [2024-01-10T08:54:22.507+0000] {dagbag.py:539} INFO - Filling up the DagBag from /opt/airflow/dags/catboost/docker.py
[2024-01-10T08:54:22.612+0000] {processor.py:839} INFO - DAG(s) dict_keys(['docker_cb']) retrieved from /opt/airflow/dags/catboost/docker.py
[2024-01-10T08:54:22.794+0000] {logging_mixin.py:151} INFO - [2024-01-10T08:54:22.791+0000] {dag.py:2915} INFO - Sync 1 DAGs
[2024-01-10T08:54:22.944+0000] {logging_mixin.py:151} INFO - [2024-01-10T08:54:22.943+0000] {dag.py:3696} INFO - Setting next_dagrun for docker_cb to 2023-12-01T00:00:00+00:00, run_after=2024-01-01T00:00:00+00:00
[2024-01-10T08:54:23.226+0000] {processor.py:179} INFO - Processing /opt/airflow/dags/catboost/docker.py took 0.875 seconds
[2024-01-10T08:54:53.792+0000] {processor.py:157} INFO - Started process (PID=60) to work on /opt/airflow/dags/catboost/docker.py
[2024-01-10T08:54:53.797+0000] {processor.py:829} INFO - Processing file /opt/airflow/dags/catboost/docker.py for tasks to queue
[2024-01-10T08:54:53.814+0000] {logging_mixin.py:151} INFO - [2024-01-10T08:54:53.810+0000] {dagbag.py:539} INFO - Filling up the DagBag from /opt/airflow/dags/catboost/docker.py
[2024-01-10T08:54:53.890+0000] {processor.py:839} INFO - DAG(s) dict_keys(['docker_cb']) retrieved from /opt/airflow/dags/catboost/docker.py
[2024-01-10T08:54:54.069+0000] {logging_mixin.py:151} INFO - [2024-01-10T08:54:54.065+0000] {dag.py:2915} INFO - Sync 1 DAGs
[2024-01-10T08:54:54.244+0000] {logging_mixin.py:151} INFO - [2024-01-10T08:54:54.243+0000] {dag.py:3696} INFO - Setting next_dagrun for docker_cb to 2023-12-01T00:00:00+00:00, run_after=2024-01-01T00:00:00+00:00
[2024-01-10T08:54:54.342+0000] {processor.py:179} INFO - Processing /opt/airflow/dags/catboost/docker.py took 0.571 seconds
[2024-01-10T08:55:24.586+0000] {processor.py:157} INFO - Started process (PID=68) to work on /opt/airflow/dags/catboost/docker.py
[2024-01-10T08:55:24.588+0000] {processor.py:829} INFO - Processing file /opt/airflow/dags/catboost/docker.py for tasks to queue
[2024-01-10T08:55:24.595+0000] {logging_mixin.py:151} INFO - [2024-01-10T08:55:24.593+0000] {dagbag.py:539} INFO - Filling up the DagBag from /opt/airflow/dags/catboost/docker.py
[2024-01-10T08:55:24.721+0000] {processor.py:839} INFO - DAG(s) dict_keys(['docker_cb']) retrieved from /opt/airflow/dags/catboost/docker.py
[2024-01-10T08:55:24.849+0000] {logging_mixin.py:151} INFO - [2024-01-10T08:55:24.847+0000] {dag.py:2915} INFO - Sync 1 DAGs
[2024-01-10T08:55:24.964+0000] {logging_mixin.py:151} INFO - [2024-01-10T08:55:24.964+0000] {dag.py:3696} INFO - Setting next_dagrun for docker_cb to 2023-12-01T00:00:00+00:00, run_after=2024-01-01T00:00:00+00:00
[2024-01-10T08:55:25.298+0000] {processor.py:179} INFO - Processing /opt/airflow/dags/catboost/docker.py took 0.717 seconds
[2024-01-10T08:55:55.519+0000] {processor.py:157} INFO - Started process (PID=77) to work on /opt/airflow/dags/catboost/docker.py
[2024-01-10T08:55:55.524+0000] {processor.py:829} INFO - Processing file /opt/airflow/dags/catboost/docker.py for tasks to queue
[2024-01-10T08:55:55.528+0000] {logging_mixin.py:151} INFO - [2024-01-10T08:55:55.527+0000] {dagbag.py:539} INFO - Filling up the DagBag from /opt/airflow/dags/catboost/docker.py
[2024-01-10T08:55:55.599+0000] {processor.py:839} INFO - DAG(s) dict_keys(['docker_cb']) retrieved from /opt/airflow/dags/catboost/docker.py
[2024-01-10T08:55:55.755+0000] {logging_mixin.py:151} INFO - [2024-01-10T08:55:55.753+0000] {dag.py:2915} INFO - Sync 1 DAGs
[2024-01-10T08:55:55.846+0000] {logging_mixin.py:151} INFO - [2024-01-10T08:55:55.845+0000] {dag.py:3696} INFO - Setting next_dagrun for docker_cb to 2023-12-01T00:00:00+00:00, run_after=2024-01-01T00:00:00+00:00
[2024-01-10T08:55:55.923+0000] {processor.py:179} INFO - Processing /opt/airflow/dags/catboost/docker.py took 0.410 seconds
[2024-01-10T08:56:25.968+0000] {processor.py:157} INFO - Started process (PID=89) to work on /opt/airflow/dags/catboost/docker.py
[2024-01-10T08:56:25.970+0000] {processor.py:829} INFO - Processing file /opt/airflow/dags/catboost/docker.py for tasks to queue
[2024-01-10T08:56:25.974+0000] {logging_mixin.py:151} INFO - [2024-01-10T08:56:25.974+0000] {dagbag.py:539} INFO - Filling up the DagBag from /opt/airflow/dags/catboost/docker.py
[2024-01-10T08:56:25.991+0000] {processor.py:839} INFO - DAG(s) dict_keys(['docker_cb']) retrieved from /opt/airflow/dags/catboost/docker.py
[2024-01-10T08:56:26.027+0000] {logging_mixin.py:151} INFO - [2024-01-10T08:56:26.026+0000] {dag.py:2915} INFO - Sync 1 DAGs
[2024-01-10T08:56:26.055+0000] {logging_mixin.py:151} INFO - [2024-01-10T08:56:26.055+0000] {dag.py:3696} INFO - Setting next_dagrun for docker_cb to 2024-01-01T00:00:00+00:00, run_after=2024-02-01T00:00:00+00:00
[2024-01-10T08:56:26.080+0000] {processor.py:179} INFO - Processing /opt/airflow/dags/catboost/docker.py took 0.116 seconds
[2024-01-10T08:56:56.263+0000] {processor.py:157} INFO - Started process (PID=97) to work on /opt/airflow/dags/catboost/docker.py
[2024-01-10T08:56:56.265+0000] {processor.py:829} INFO - Processing file /opt/airflow/dags/catboost/docker.py for tasks to queue
[2024-01-10T08:56:56.270+0000] {logging_mixin.py:151} INFO - [2024-01-10T08:56:56.269+0000] {dagbag.py:539} INFO - Filling up the DagBag from /opt/airflow/dags/catboost/docker.py
[2024-01-10T08:56:56.321+0000] {processor.py:839} INFO - DAG(s) dict_keys(['docker_cb']) retrieved from /opt/airflow/dags/catboost/docker.py
[2024-01-10T08:56:56.378+0000] {logging_mixin.py:151} INFO - [2024-01-10T08:56:56.377+0000] {dag.py:2915} INFO - Sync 1 DAGs
[2024-01-10T08:56:56.429+0000] {logging_mixin.py:151} INFO - [2024-01-10T08:56:56.429+0000] {dag.py:3696} INFO - Setting next_dagrun for docker_cb to 2024-01-01T00:00:00+00:00, run_after=2024-02-01T00:00:00+00:00
[2024-01-10T08:56:56.478+0000] {processor.py:179} INFO - Processing /opt/airflow/dags/catboost/docker.py took 0.221 seconds
[2024-01-10T08:57:26.758+0000] {processor.py:157} INFO - Started process (PID=105) to work on /opt/airflow/dags/catboost/docker.py
[2024-01-10T08:57:26.761+0000] {processor.py:829} INFO - Processing file /opt/airflow/dags/catboost/docker.py for tasks to queue
[2024-01-10T08:57:26.780+0000] {logging_mixin.py:151} INFO - [2024-01-10T08:57:26.768+0000] {dagbag.py:539} INFO - Filling up the DagBag from /opt/airflow/dags/catboost/docker.py
[2024-01-10T08:57:26.898+0000] {processor.py:839} INFO - DAG(s) dict_keys(['docker_cb']) retrieved from /opt/airflow/dags/catboost/docker.py
[2024-01-10T08:57:27.179+0000] {logging_mixin.py:151} INFO - [2024-01-10T08:57:27.178+0000] {dag.py:2915} INFO - Sync 1 DAGs
[2024-01-10T08:57:27.265+0000] {logging_mixin.py:151} INFO - [2024-01-10T08:57:27.264+0000] {dag.py:3696} INFO - Setting next_dagrun for docker_cb to 2024-01-01T00:00:00+00:00, run_after=2024-02-01T00:00:00+00:00
[2024-01-10T08:57:27.344+0000] {processor.py:179} INFO - Processing /opt/airflow/dags/catboost/docker.py took 0.613 seconds
[2024-01-10T08:57:57.730+0000] {processor.py:157} INFO - Started process (PID=113) to work on /opt/airflow/dags/catboost/docker.py
[2024-01-10T08:57:57.734+0000] {processor.py:829} INFO - Processing file /opt/airflow/dags/catboost/docker.py for tasks to queue
[2024-01-10T08:57:57.746+0000] {logging_mixin.py:151} INFO - [2024-01-10T08:57:57.744+0000] {dagbag.py:539} INFO - Filling up the DagBag from /opt/airflow/dags/catboost/docker.py
[2024-01-10T08:57:57.811+0000] {processor.py:839} INFO - DAG(s) dict_keys(['docker_cb']) retrieved from /opt/airflow/dags/catboost/docker.py
[2024-01-10T08:57:57.940+0000] {logging_mixin.py:151} INFO - [2024-01-10T08:57:57.938+0000] {dag.py:2915} INFO - Sync 1 DAGs
[2024-01-10T08:57:58.041+0000] {logging_mixin.py:151} INFO - [2024-01-10T08:57:58.040+0000] {dag.py:3696} INFO - Setting next_dagrun for docker_cb to 2024-01-01T00:00:00+00:00, run_after=2024-02-01T00:00:00+00:00
[2024-01-10T08:57:58.120+0000] {processor.py:179} INFO - Processing /opt/airflow/dags/catboost/docker.py took 0.402 seconds
[2024-01-10T09:00:06.388+0000] {processor.py:157} INFO - Started process (PID=39) to work on /opt/airflow/dags/catboost/docker.py
[2024-01-10T09:00:06.390+0000] {processor.py:829} INFO - Processing file /opt/airflow/dags/catboost/docker.py for tasks to queue
[2024-01-10T09:00:06.395+0000] {logging_mixin.py:151} INFO - [2024-01-10T09:00:06.394+0000] {dagbag.py:539} INFO - Filling up the DagBag from /opt/airflow/dags/catboost/docker.py
[2024-01-10T09:00:06.424+0000] {processor.py:839} INFO - DAG(s) dict_keys(['docker_cb']) retrieved from /opt/airflow/dags/catboost/docker.py
[2024-01-10T09:00:06.622+0000] {logging_mixin.py:151} INFO - [2024-01-10T09:00:06.622+0000] {manager.py:499} INFO - Created Permission View: %s
[2024-01-10T09:00:06.633+0000] {logging_mixin.py:151} INFO - [2024-01-10T09:00:06.633+0000] {manager.py:499} INFO - Created Permission View: %s
[2024-01-10T09:00:06.642+0000] {logging_mixin.py:151} INFO - [2024-01-10T09:00:06.642+0000] {manager.py:499} INFO - Created Permission View: %s
[2024-01-10T09:00:06.643+0000] {logging_mixin.py:151} INFO - [2024-01-10T09:00:06.643+0000] {security.py:708} INFO - Not syncing DAG-level permissions for DAG 'DAG:docker_cb' as access control is unset.
[2024-01-10T09:00:06.644+0000] {logging_mixin.py:151} INFO - [2024-01-10T09:00:06.643+0000] {dag.py:2915} INFO - Sync 1 DAGs
[2024-01-10T09:00:06.660+0000] {logging_mixin.py:151} INFO - [2024-01-10T09:00:06.659+0000] {dag.py:2937} INFO - Creating ORM DAG for docker_cb
[2024-01-10T09:00:06.674+0000] {logging_mixin.py:151} INFO - [2024-01-10T09:00:06.674+0000] {dag.py:3696} INFO - Setting next_dagrun for docker_cb to 2023-12-01T00:00:00+00:00, run_after=2024-01-01T00:00:00+00:00
[2024-01-10T09:00:06.696+0000] {processor.py:179} INFO - Processing /opt/airflow/dags/catboost/docker.py took 0.313 seconds
[2024-01-10T09:00:36.883+0000] {processor.py:157} INFO - Started process (PID=47) to work on /opt/airflow/dags/catboost/docker.py
[2024-01-10T09:00:36.885+0000] {processor.py:829} INFO - Processing file /opt/airflow/dags/catboost/docker.py for tasks to queue
[2024-01-10T09:00:36.888+0000] {logging_mixin.py:151} INFO - [2024-01-10T09:00:36.888+0000] {dagbag.py:539} INFO - Filling up the DagBag from /opt/airflow/dags/catboost/docker.py
[2024-01-10T09:00:36.932+0000] {processor.py:839} INFO - DAG(s) dict_keys(['docker_cb']) retrieved from /opt/airflow/dags/catboost/docker.py
[2024-01-10T09:00:36.996+0000] {logging_mixin.py:151} INFO - [2024-01-10T09:00:36.996+0000] {dag.py:2915} INFO - Sync 1 DAGs
[2024-01-10T09:00:37.026+0000] {logging_mixin.py:151} INFO - [2024-01-10T09:00:37.026+0000] {dag.py:3696} INFO - Setting next_dagrun for docker_cb to 2023-12-01T00:00:00+00:00, run_after=2024-01-01T00:00:00+00:00
[2024-01-10T09:00:37.837+0000] {processor.py:179} INFO - Processing /opt/airflow/dags/catboost/docker.py took 1.025 seconds
[2024-01-10T09:01:07.974+0000] {processor.py:157} INFO - Started process (PID=55) to work on /opt/airflow/dags/catboost/docker.py
[2024-01-10T09:01:07.978+0000] {processor.py:829} INFO - Processing file /opt/airflow/dags/catboost/docker.py for tasks to queue
[2024-01-10T09:01:07.989+0000] {logging_mixin.py:151} INFO - [2024-01-10T09:01:07.987+0000] {dagbag.py:539} INFO - Filling up the DagBag from /opt/airflow/dags/catboost/docker.py
[2024-01-10T09:01:08.011+0000] {processor.py:839} INFO - DAG(s) dict_keys(['docker_cb']) retrieved from /opt/airflow/dags/catboost/docker.py
[2024-01-10T09:01:08.056+0000] {logging_mixin.py:151} INFO - [2024-01-10T09:01:08.055+0000] {dag.py:2915} INFO - Sync 1 DAGs
[2024-01-10T09:01:08.117+0000] {logging_mixin.py:151} INFO - [2024-01-10T09:01:08.116+0000] {dag.py:3696} INFO - Setting next_dagrun for docker_cb to 2023-12-01T00:00:00+00:00, run_after=2024-01-01T00:00:00+00:00
[2024-01-10T09:01:08.150+0000] {processor.py:179} INFO - Processing /opt/airflow/dags/catboost/docker.py took 0.188 seconds
[2024-01-10T09:01:38.269+0000] {processor.py:157} INFO - Started process (PID=63) to work on /opt/airflow/dags/catboost/docker.py
[2024-01-10T09:01:38.270+0000] {processor.py:829} INFO - Processing file /opt/airflow/dags/catboost/docker.py for tasks to queue
[2024-01-10T09:01:38.273+0000] {logging_mixin.py:151} INFO - [2024-01-10T09:01:38.273+0000] {dagbag.py:539} INFO - Filling up the DagBag from /opt/airflow/dags/catboost/docker.py
[2024-01-10T09:01:38.286+0000] {processor.py:839} INFO - DAG(s) dict_keys(['docker_cb']) retrieved from /opt/airflow/dags/catboost/docker.py
[2024-01-10T09:01:38.315+0000] {logging_mixin.py:151} INFO - [2024-01-10T09:01:38.315+0000] {dag.py:2915} INFO - Sync 1 DAGs
[2024-01-10T09:01:38.341+0000] {logging_mixin.py:151} INFO - [2024-01-10T09:01:38.341+0000] {dag.py:3696} INFO - Setting next_dagrun for docker_cb to 2023-12-01T00:00:00+00:00, run_after=2024-01-01T00:00:00+00:00
[2024-01-10T09:01:38.359+0000] {processor.py:179} INFO - Processing /opt/airflow/dags/catboost/docker.py took 0.093 seconds
[2024-01-10T09:02:08.478+0000] {processor.py:157} INFO - Started process (PID=75) to work on /opt/airflow/dags/catboost/docker.py
[2024-01-10T09:02:08.480+0000] {processor.py:829} INFO - Processing file /opt/airflow/dags/catboost/docker.py for tasks to queue
[2024-01-10T09:02:08.486+0000] {logging_mixin.py:151} INFO - [2024-01-10T09:02:08.485+0000] {dagbag.py:539} INFO - Filling up the DagBag from /opt/airflow/dags/catboost/docker.py
[2024-01-10T09:02:08.501+0000] {processor.py:839} INFO - DAG(s) dict_keys(['docker_cb']) retrieved from /opt/airflow/dags/catboost/docker.py
[2024-01-10T09:02:08.529+0000] {logging_mixin.py:151} INFO - [2024-01-10T09:02:08.528+0000] {dag.py:2915} INFO - Sync 1 DAGs
[2024-01-10T09:02:08.555+0000] {logging_mixin.py:151} INFO - [2024-01-10T09:02:08.555+0000] {dag.py:3696} INFO - Setting next_dagrun for docker_cb to 2024-01-01T00:00:00+00:00, run_after=2024-02-01T00:00:00+00:00
[2024-01-10T09:02:08.593+0000] {processor.py:179} INFO - Processing /opt/airflow/dags/catboost/docker.py took 0.129 seconds
[2024-01-10T09:02:38.699+0000] {processor.py:157} INFO - Started process (PID=83) to work on /opt/airflow/dags/catboost/docker.py
[2024-01-10T09:02:38.702+0000] {processor.py:829} INFO - Processing file /opt/airflow/dags/catboost/docker.py for tasks to queue
[2024-01-10T09:02:38.709+0000] {logging_mixin.py:151} INFO - [2024-01-10T09:02:38.708+0000] {dagbag.py:539} INFO - Filling up the DagBag from /opt/airflow/dags/catboost/docker.py
[2024-01-10T09:02:38.724+0000] {processor.py:839} INFO - DAG(s) dict_keys(['docker_cb']) retrieved from /opt/airflow/dags/catboost/docker.py
[2024-01-10T09:02:38.756+0000] {logging_mixin.py:151} INFO - [2024-01-10T09:02:38.755+0000] {dag.py:2915} INFO - Sync 1 DAGs
[2024-01-10T09:02:38.784+0000] {logging_mixin.py:151} INFO - [2024-01-10T09:02:38.784+0000] {dag.py:3696} INFO - Setting next_dagrun for docker_cb to 2024-01-01T00:00:00+00:00, run_after=2024-02-01T00:00:00+00:00
[2024-01-10T09:02:38.803+0000] {processor.py:179} INFO - Processing /opt/airflow/dags/catboost/docker.py took 0.115 seconds
[2024-01-10T09:02:47.790+0000] {processor.py:157} INFO - Started process (PID=84) to work on /opt/airflow/dags/catboost/docker.py
[2024-01-10T09:02:47.791+0000] {processor.py:829} INFO - Processing file /opt/airflow/dags/catboost/docker.py for tasks to queue
[2024-01-10T09:02:47.796+0000] {logging_mixin.py:151} INFO - [2024-01-10T09:02:47.795+0000] {dagbag.py:539} INFO - Filling up the DagBag from /opt/airflow/dags/catboost/docker.py
[2024-01-10T09:02:47.816+0000] {processor.py:839} INFO - DAG(s) dict_keys(['docker_cb']) retrieved from /opt/airflow/dags/catboost/docker.py
[2024-01-10T09:02:47.860+0000] {logging_mixin.py:151} INFO - [2024-01-10T09:02:47.859+0000] {dag.py:2915} INFO - Sync 1 DAGs
[2024-01-10T09:02:47.895+0000] {logging_mixin.py:151} INFO - [2024-01-10T09:02:47.895+0000] {dag.py:3696} INFO - Setting next_dagrun for docker_cb to 2024-01-01T00:00:00+00:00, run_after=2024-02-01T00:00:00+00:00
[2024-01-10T09:02:47.931+0000] {processor.py:179} INFO - Processing /opt/airflow/dags/catboost/docker.py took 0.147 seconds
[2024-01-10T09:03:18.045+0000] {processor.py:157} INFO - Started process (PID=92) to work on /opt/airflow/dags/catboost/docker.py
[2024-01-10T09:03:18.046+0000] {processor.py:829} INFO - Processing file /opt/airflow/dags/catboost/docker.py for tasks to queue
[2024-01-10T09:03:18.049+0000] {logging_mixin.py:151} INFO - [2024-01-10T09:03:18.049+0000] {dagbag.py:539} INFO - Filling up the DagBag from /opt/airflow/dags/catboost/docker.py
[2024-01-10T09:03:18.064+0000] {processor.py:839} INFO - DAG(s) dict_keys(['docker_cb']) retrieved from /opt/airflow/dags/catboost/docker.py
[2024-01-10T09:03:18.180+0000] {logging_mixin.py:151} INFO - [2024-01-10T09:03:18.180+0000] {security.py:708} INFO - Not syncing DAG-level permissions for DAG 'DAG:docker_cb' as access control is unset.
[2024-01-10T09:03:18.181+0000] {logging_mixin.py:151} INFO - [2024-01-10T09:03:18.181+0000] {dag.py:2915} INFO - Sync 1 DAGs
[2024-01-10T09:03:18.205+0000] {logging_mixin.py:151} INFO - [2024-01-10T09:03:18.204+0000] {dag.py:3696} INFO - Setting next_dagrun for docker_cb to 2024-01-01T00:00:00+00:00, run_after=2024-02-01T00:00:00+00:00
[2024-01-10T09:03:18.234+0000] {processor.py:179} INFO - Processing /opt/airflow/dags/catboost/docker.py took 0.193 seconds
[2024-01-10T09:03:48.423+0000] {processor.py:157} INFO - Started process (PID=100) to work on /opt/airflow/dags/catboost/docker.py
[2024-01-10T09:03:48.426+0000] {processor.py:829} INFO - Processing file /opt/airflow/dags/catboost/docker.py for tasks to queue
[2024-01-10T09:03:48.433+0000] {logging_mixin.py:151} INFO - [2024-01-10T09:03:48.432+0000] {dagbag.py:539} INFO - Filling up the DagBag from /opt/airflow/dags/catboost/docker.py
[2024-01-10T09:03:48.448+0000] {processor.py:839} INFO - DAG(s) dict_keys(['docker_cb']) retrieved from /opt/airflow/dags/catboost/docker.py
[2024-01-10T09:03:48.476+0000] {logging_mixin.py:151} INFO - [2024-01-10T09:03:48.475+0000] {dag.py:2915} INFO - Sync 1 DAGs
[2024-01-10T09:03:48.500+0000] {logging_mixin.py:151} INFO - [2024-01-10T09:03:48.499+0000] {dag.py:3696} INFO - Setting next_dagrun for docker_cb to 2024-01-01T00:00:00+00:00, run_after=2024-02-01T00:00:00+00:00
[2024-01-10T09:03:48.531+0000] {processor.py:179} INFO - Processing /opt/airflow/dags/catboost/docker.py took 0.121 seconds
[2024-01-10T09:04:18.598+0000] {processor.py:157} INFO - Started process (PID=108) to work on /opt/airflow/dags/catboost/docker.py
[2024-01-10T09:04:18.600+0000] {processor.py:829} INFO - Processing file /opt/airflow/dags/catboost/docker.py for tasks to queue
[2024-01-10T09:04:18.604+0000] {logging_mixin.py:151} INFO - [2024-01-10T09:04:18.603+0000] {dagbag.py:539} INFO - Filling up the DagBag from /opt/airflow/dags/catboost/docker.py
[2024-01-10T09:04:18.618+0000] {processor.py:839} INFO - DAG(s) dict_keys(['docker_cb']) retrieved from /opt/airflow/dags/catboost/docker.py
[2024-01-10T09:04:18.646+0000] {logging_mixin.py:151} INFO - [2024-01-10T09:04:18.646+0000] {dag.py:2915} INFO - Sync 1 DAGs
[2024-01-10T09:04:18.671+0000] {logging_mixin.py:151} INFO - [2024-01-10T09:04:18.671+0000] {dag.py:3696} INFO - Setting next_dagrun for docker_cb to 2024-01-01T00:00:00+00:00, run_after=2024-02-01T00:00:00+00:00
[2024-01-10T09:04:18.690+0000] {processor.py:179} INFO - Processing /opt/airflow/dags/catboost/docker.py took 0.097 seconds
[2024-01-10T09:04:48.829+0000] {processor.py:157} INFO - Started process (PID=116) to work on /opt/airflow/dags/catboost/docker.py
[2024-01-10T09:04:48.830+0000] {processor.py:829} INFO - Processing file /opt/airflow/dags/catboost/docker.py for tasks to queue
[2024-01-10T09:04:48.833+0000] {logging_mixin.py:151} INFO - [2024-01-10T09:04:48.833+0000] {dagbag.py:539} INFO - Filling up the DagBag from /opt/airflow/dags/catboost/docker.py
[2024-01-10T09:04:48.848+0000] {processor.py:839} INFO - DAG(s) dict_keys(['docker_cb']) retrieved from /opt/airflow/dags/catboost/docker.py
[2024-01-10T09:04:48.876+0000] {logging_mixin.py:151} INFO - [2024-01-10T09:04:48.876+0000] {dag.py:2915} INFO - Sync 1 DAGs
[2024-01-10T09:04:48.902+0000] {logging_mixin.py:151} INFO - [2024-01-10T09:04:48.902+0000] {dag.py:3696} INFO - Setting next_dagrun for docker_cb to 2024-01-01T00:00:00+00:00, run_after=2024-02-01T00:00:00+00:00
[2024-01-10T09:04:48.931+0000] {processor.py:179} INFO - Processing /opt/airflow/dags/catboost/docker.py took 0.106 seconds
[2024-01-10T09:05:11.057+0000] {processor.py:157} INFO - Started process (PID=123) to work on /opt/airflow/dags/catboost/docker.py
[2024-01-10T09:05:11.065+0000] {processor.py:829} INFO - Processing file /opt/airflow/dags/catboost/docker.py for tasks to queue
[2024-01-10T09:05:11.097+0000] {logging_mixin.py:151} INFO - [2024-01-10T09:05:11.096+0000] {dagbag.py:539} INFO - Filling up the DagBag from /opt/airflow/dags/catboost/docker.py
[2024-01-10T09:05:11.137+0000] {processor.py:839} INFO - DAG(s) dict_keys(['docker_cb']) retrieved from /opt/airflow/dags/catboost/docker.py
[2024-01-10T09:05:11.191+0000] {logging_mixin.py:151} INFO - [2024-01-10T09:05:11.191+0000] {dag.py:2915} INFO - Sync 1 DAGs
[2024-01-10T09:05:11.237+0000] {logging_mixin.py:151} INFO - [2024-01-10T09:05:11.237+0000] {dag.py:3696} INFO - Setting next_dagrun for docker_cb to 2024-01-01T00:00:00+00:00, run_after=2024-02-01T00:00:00+00:00
[2024-01-10T09:05:11.264+0000] {processor.py:179} INFO - Processing /opt/airflow/dags/catboost/docker.py took 0.211 seconds
[2024-01-10T09:05:58.880+0000] {processor.py:157} INFO - Started process (PID=39) to work on /opt/airflow/dags/catboost/docker.py
[2024-01-10T09:05:58.881+0000] {processor.py:829} INFO - Processing file /opt/airflow/dags/catboost/docker.py for tasks to queue
[2024-01-10T09:05:58.884+0000] {logging_mixin.py:151} INFO - [2024-01-10T09:05:58.884+0000] {dagbag.py:539} INFO - Filling up the DagBag from /opt/airflow/dags/catboost/docker.py
[2024-01-10T09:05:58.904+0000] {processor.py:839} INFO - DAG(s) dict_keys(['docker_cb']) retrieved from /opt/airflow/dags/catboost/docker.py
[2024-01-10T09:05:59.144+0000] {logging_mixin.py:151} INFO - [2024-01-10T09:05:59.144+0000] {security.py:708} INFO - Not syncing DAG-level permissions for DAG 'DAG:docker_cb' as access control is unset.
[2024-01-10T09:05:59.146+0000] {logging_mixin.py:151} INFO - [2024-01-10T09:05:59.145+0000] {dag.py:2915} INFO - Sync 1 DAGs
[2024-01-10T09:05:59.168+0000] {logging_mixin.py:151} INFO - [2024-01-10T09:05:59.168+0000] {dag.py:3696} INFO - Setting next_dagrun for docker_cb to 2024-01-01T00:00:00+00:00, run_after=2024-02-01T00:00:00+00:00
[2024-01-10T09:05:59.188+0000] {processor.py:179} INFO - Processing /opt/airflow/dags/catboost/docker.py took 0.312 seconds
[2024-01-10T09:06:29.319+0000] {processor.py:157} INFO - Started process (PID=47) to work on /opt/airflow/dags/catboost/docker.py
[2024-01-10T09:06:29.320+0000] {processor.py:829} INFO - Processing file /opt/airflow/dags/catboost/docker.py for tasks to queue
[2024-01-10T09:06:29.323+0000] {logging_mixin.py:151} INFO - [2024-01-10T09:06:29.322+0000] {dagbag.py:539} INFO - Filling up the DagBag from /opt/airflow/dags/catboost/docker.py
[2024-01-10T09:06:29.336+0000] {processor.py:839} INFO - DAG(s) dict_keys(['docker_cb']) retrieved from /opt/airflow/dags/catboost/docker.py
[2024-01-10T09:06:29.373+0000] {logging_mixin.py:151} INFO - [2024-01-10T09:06:29.372+0000] {dag.py:2915} INFO - Sync 1 DAGs
[2024-01-10T09:06:29.401+0000] {logging_mixin.py:151} INFO - [2024-01-10T09:06:29.401+0000] {dag.py:3696} INFO - Setting next_dagrun for docker_cb to 2024-01-01T00:00:00+00:00, run_after=2024-02-01T00:00:00+00:00
[2024-01-10T09:06:29.420+0000] {processor.py:179} INFO - Processing /opt/airflow/dags/catboost/docker.py took 0.105 seconds
[2024-01-10T09:06:59.477+0000] {processor.py:157} INFO - Started process (PID=55) to work on /opt/airflow/dags/catboost/docker.py
[2024-01-10T09:06:59.478+0000] {processor.py:829} INFO - Processing file /opt/airflow/dags/catboost/docker.py for tasks to queue
[2024-01-10T09:06:59.480+0000] {logging_mixin.py:151} INFO - [2024-01-10T09:06:59.479+0000] {dagbag.py:539} INFO - Filling up the DagBag from /opt/airflow/dags/catboost/docker.py
[2024-01-10T09:06:59.493+0000] {processor.py:839} INFO - DAG(s) dict_keys(['docker_cb']) retrieved from /opt/airflow/dags/catboost/docker.py
[2024-01-10T09:06:59.521+0000] {logging_mixin.py:151} INFO - [2024-01-10T09:06:59.520+0000] {dag.py:2915} INFO - Sync 1 DAGs
[2024-01-10T09:06:59.546+0000] {logging_mixin.py:151} INFO - [2024-01-10T09:06:59.546+0000] {dag.py:3696} INFO - Setting next_dagrun for docker_cb to 2024-01-01T00:00:00+00:00, run_after=2024-02-01T00:00:00+00:00
[2024-01-10T09:06:59.565+0000] {processor.py:179} INFO - Processing /opt/airflow/dags/catboost/docker.py took 0.092 seconds
[2024-01-10T09:07:29.728+0000] {processor.py:157} INFO - Started process (PID=63) to work on /opt/airflow/dags/catboost/docker.py
[2024-01-10T09:07:29.728+0000] {processor.py:829} INFO - Processing file /opt/airflow/dags/catboost/docker.py for tasks to queue
[2024-01-10T09:07:29.731+0000] {logging_mixin.py:151} INFO - [2024-01-10T09:07:29.731+0000] {dagbag.py:539} INFO - Filling up the DagBag from /opt/airflow/dags/catboost/docker.py
[2024-01-10T09:07:29.743+0000] {processor.py:839} INFO - DAG(s) dict_keys(['docker_cb']) retrieved from /opt/airflow/dags/catboost/docker.py
[2024-01-10T09:07:29.769+0000] {logging_mixin.py:151} INFO - [2024-01-10T09:07:29.768+0000] {dag.py:2915} INFO - Sync 1 DAGs
[2024-01-10T09:07:29.793+0000] {logging_mixin.py:151} INFO - [2024-01-10T09:07:29.792+0000] {dag.py:3696} INFO - Setting next_dagrun for docker_cb to 2024-01-01T00:00:00+00:00, run_after=2024-02-01T00:00:00+00:00
[2024-01-10T09:07:29.819+0000] {processor.py:179} INFO - Processing /opt/airflow/dags/catboost/docker.py took 0.095 seconds
[2024-01-10T09:07:59.925+0000] {processor.py:157} INFO - Started process (PID=71) to work on /opt/airflow/dags/catboost/docker.py
[2024-01-10T09:07:59.927+0000] {processor.py:829} INFO - Processing file /opt/airflow/dags/catboost/docker.py for tasks to queue
[2024-01-10T09:07:59.940+0000] {logging_mixin.py:151} INFO - [2024-01-10T09:07:59.940+0000] {dagbag.py:539} INFO - Filling up the DagBag from /opt/airflow/dags/catboost/docker.py
[2024-01-10T09:07:59.955+0000] {processor.py:839} INFO - DAG(s) dict_keys(['docker_cb']) retrieved from /opt/airflow/dags/catboost/docker.py
[2024-01-10T09:07:59.984+0000] {logging_mixin.py:151} INFO - [2024-01-10T09:07:59.983+0000] {dag.py:2915} INFO - Sync 1 DAGs
[2024-01-10T09:08:00.013+0000] {logging_mixin.py:151} INFO - [2024-01-10T09:08:00.013+0000] {dag.py:3696} INFO - Setting next_dagrun for docker_cb to 2024-01-01T00:00:00+00:00, run_after=2024-02-01T00:00:00+00:00
[2024-01-10T09:08:00.037+0000] {processor.py:179} INFO - Processing /opt/airflow/dags/catboost/docker.py took 0.119 seconds
[2024-01-10T09:08:30.246+0000] {processor.py:157} INFO - Started process (PID=79) to work on /opt/airflow/dags/catboost/docker.py
[2024-01-10T09:08:30.247+0000] {processor.py:829} INFO - Processing file /opt/airflow/dags/catboost/docker.py for tasks to queue
[2024-01-10T09:08:30.250+0000] {logging_mixin.py:151} INFO - [2024-01-10T09:08:30.249+0000] {dagbag.py:539} INFO - Filling up the DagBag from /opt/airflow/dags/catboost/docker.py
[2024-01-10T09:08:30.263+0000] {processor.py:839} INFO - DAG(s) dict_keys(['docker_cb']) retrieved from /opt/airflow/dags/catboost/docker.py
[2024-01-10T09:08:30.289+0000] {logging_mixin.py:151} INFO - [2024-01-10T09:08:30.288+0000] {dag.py:2915} INFO - Sync 1 DAGs
[2024-01-10T09:08:30.312+0000] {logging_mixin.py:151} INFO - [2024-01-10T09:08:30.312+0000] {dag.py:3696} INFO - Setting next_dagrun for docker_cb to 2024-01-01T00:00:00+00:00, run_after=2024-02-01T00:00:00+00:00
[2024-01-10T09:08:30.339+0000] {processor.py:179} INFO - Processing /opt/airflow/dags/catboost/docker.py took 0.098 seconds
[2024-01-10T09:09:00.442+0000] {processor.py:157} INFO - Started process (PID=87) to work on /opt/airflow/dags/catboost/docker.py
[2024-01-10T09:09:00.443+0000] {processor.py:829} INFO - Processing file /opt/airflow/dags/catboost/docker.py for tasks to queue
[2024-01-10T09:09:00.446+0000] {logging_mixin.py:151} INFO - [2024-01-10T09:09:00.445+0000] {dagbag.py:539} INFO - Filling up the DagBag from /opt/airflow/dags/catboost/docker.py
[2024-01-10T09:09:00.461+0000] {processor.py:839} INFO - DAG(s) dict_keys(['docker_cb']) retrieved from /opt/airflow/dags/catboost/docker.py
[2024-01-10T09:09:00.501+0000] {logging_mixin.py:151} INFO - [2024-01-10T09:09:00.500+0000] {dag.py:2915} INFO - Sync 1 DAGs
[2024-01-10T09:09:00.528+0000] {logging_mixin.py:151} INFO - [2024-01-10T09:09:00.528+0000] {dag.py:3696} INFO - Setting next_dagrun for docker_cb to 2024-01-01T00:00:00+00:00, run_after=2024-02-01T00:00:00+00:00
[2024-01-10T09:09:00.556+0000] {processor.py:179} INFO - Processing /opt/airflow/dags/catboost/docker.py took 0.118 seconds
[2024-01-10T09:09:30.704+0000] {processor.py:157} INFO - Started process (PID=95) to work on /opt/airflow/dags/catboost/docker.py
[2024-01-10T09:09:30.705+0000] {processor.py:829} INFO - Processing file /opt/airflow/dags/catboost/docker.py for tasks to queue
[2024-01-10T09:09:30.711+0000] {logging_mixin.py:151} INFO - [2024-01-10T09:09:30.710+0000] {dagbag.py:539} INFO - Filling up the DagBag from /opt/airflow/dags/catboost/docker.py
[2024-01-10T09:09:30.729+0000] {processor.py:839} INFO - DAG(s) dict_keys(['docker_cb']) retrieved from /opt/airflow/dags/catboost/docker.py
[2024-01-10T09:09:30.795+0000] {logging_mixin.py:151} INFO - [2024-01-10T09:09:30.794+0000] {dag.py:2915} INFO - Sync 1 DAGs
[2024-01-10T09:09:30.827+0000] {logging_mixin.py:151} INFO - [2024-01-10T09:09:30.826+0000] {dag.py:3696} INFO - Setting next_dagrun for docker_cb to 2024-01-01T00:00:00+00:00, run_after=2024-02-01T00:00:00+00:00
[2024-01-10T09:09:30.855+0000] {processor.py:179} INFO - Processing /opt/airflow/dags/catboost/docker.py took 0.157 seconds
[2024-01-10T09:10:00.903+0000] {processor.py:157} INFO - Started process (PID=103) to work on /opt/airflow/dags/catboost/docker.py
[2024-01-10T09:10:00.904+0000] {processor.py:829} INFO - Processing file /opt/airflow/dags/catboost/docker.py for tasks to queue
[2024-01-10T09:10:00.907+0000] {logging_mixin.py:151} INFO - [2024-01-10T09:10:00.907+0000] {dagbag.py:539} INFO - Filling up the DagBag from /opt/airflow/dags/catboost/docker.py
[2024-01-10T09:10:00.920+0000] {processor.py:839} INFO - DAG(s) dict_keys(['docker_cb']) retrieved from /opt/airflow/dags/catboost/docker.py
[2024-01-10T09:10:00.948+0000] {logging_mixin.py:151} INFO - [2024-01-10T09:10:00.948+0000] {dag.py:2915} INFO - Sync 1 DAGs
[2024-01-10T09:10:00.973+0000] {logging_mixin.py:151} INFO - [2024-01-10T09:10:00.973+0000] {dag.py:3696} INFO - Setting next_dagrun for docker_cb to 2024-01-01T00:00:00+00:00, run_after=2024-02-01T00:00:00+00:00
[2024-01-10T09:10:00.991+0000] {processor.py:179} INFO - Processing /opt/airflow/dags/catboost/docker.py took 0.092 seconds
[2024-01-10T09:10:31.080+0000] {processor.py:157} INFO - Started process (PID=111) to work on /opt/airflow/dags/catboost/docker.py
[2024-01-10T09:10:31.081+0000] {processor.py:829} INFO - Processing file /opt/airflow/dags/catboost/docker.py for tasks to queue
[2024-01-10T09:10:31.084+0000] {logging_mixin.py:151} INFO - [2024-01-10T09:10:31.084+0000] {dagbag.py:539} INFO - Filling up the DagBag from /opt/airflow/dags/catboost/docker.py
[2024-01-10T09:10:31.097+0000] {processor.py:839} INFO - DAG(s) dict_keys(['docker_cb']) retrieved from /opt/airflow/dags/catboost/docker.py
[2024-01-10T09:10:31.129+0000] {logging_mixin.py:151} INFO - [2024-01-10T09:10:31.129+0000] {dag.py:2915} INFO - Sync 1 DAGs
[2024-01-10T09:10:31.157+0000] {logging_mixin.py:151} INFO - [2024-01-10T09:10:31.157+0000] {dag.py:3696} INFO - Setting next_dagrun for docker_cb to 2024-01-01T00:00:00+00:00, run_after=2024-02-01T00:00:00+00:00
[2024-01-10T09:10:31.175+0000] {processor.py:179} INFO - Processing /opt/airflow/dags/catboost/docker.py took 0.098 seconds
[2024-01-10T09:11:01.335+0000] {processor.py:157} INFO - Started process (PID=119) to work on /opt/airflow/dags/catboost/docker.py
[2024-01-10T09:11:01.336+0000] {processor.py:829} INFO - Processing file /opt/airflow/dags/catboost/docker.py for tasks to queue
[2024-01-10T09:11:01.339+0000] {logging_mixin.py:151} INFO - [2024-01-10T09:11:01.339+0000] {dagbag.py:539} INFO - Filling up the DagBag from /opt/airflow/dags/catboost/docker.py
[2024-01-10T09:11:01.354+0000] {processor.py:839} INFO - DAG(s) dict_keys(['docker_cb']) retrieved from /opt/airflow/dags/catboost/docker.py
[2024-01-10T09:11:01.382+0000] {logging_mixin.py:151} INFO - [2024-01-10T09:11:01.381+0000] {dag.py:2915} INFO - Sync 1 DAGs
[2024-01-10T09:11:01.406+0000] {logging_mixin.py:151} INFO - [2024-01-10T09:11:01.406+0000] {dag.py:3696} INFO - Setting next_dagrun for docker_cb to 2024-01-01T00:00:00+00:00, run_after=2024-02-01T00:00:00+00:00
[2024-01-10T09:11:01.425+0000] {processor.py:179} INFO - Processing /opt/airflow/dags/catboost/docker.py took 0.096 seconds
[2024-01-10T09:11:31.518+0000] {processor.py:157} INFO - Started process (PID=127) to work on /opt/airflow/dags/catboost/docker.py
[2024-01-10T09:11:31.519+0000] {processor.py:829} INFO - Processing file /opt/airflow/dags/catboost/docker.py for tasks to queue
[2024-01-10T09:11:31.521+0000] {logging_mixin.py:151} INFO - [2024-01-10T09:11:31.521+0000] {dagbag.py:539} INFO - Filling up the DagBag from /opt/airflow/dags/catboost/docker.py
[2024-01-10T09:11:31.534+0000] {processor.py:839} INFO - DAG(s) dict_keys(['docker_cb']) retrieved from /opt/airflow/dags/catboost/docker.py
[2024-01-10T09:11:31.563+0000] {logging_mixin.py:151} INFO - [2024-01-10T09:11:31.562+0000] {dag.py:2915} INFO - Sync 1 DAGs
[2024-01-10T09:11:31.600+0000] {logging_mixin.py:151} INFO - [2024-01-10T09:11:31.600+0000] {dag.py:3696} INFO - Setting next_dagrun for docker_cb to 2024-01-01T00:00:00+00:00, run_after=2024-02-01T00:00:00+00:00
[2024-01-10T09:11:31.629+0000] {processor.py:179} INFO - Processing /opt/airflow/dags/catboost/docker.py took 0.115 seconds
[2024-01-10T09:12:01.778+0000] {processor.py:157} INFO - Started process (PID=135) to work on /opt/airflow/dags/catboost/docker.py
[2024-01-10T09:12:01.779+0000] {processor.py:829} INFO - Processing file /opt/airflow/dags/catboost/docker.py for tasks to queue
[2024-01-10T09:12:01.782+0000] {logging_mixin.py:151} INFO - [2024-01-10T09:12:01.781+0000] {dagbag.py:539} INFO - Filling up the DagBag from /opt/airflow/dags/catboost/docker.py
[2024-01-10T09:12:01.795+0000] {processor.py:839} INFO - DAG(s) dict_keys(['docker_cb']) retrieved from /opt/airflow/dags/catboost/docker.py
[2024-01-10T09:12:01.823+0000] {logging_mixin.py:151} INFO - [2024-01-10T09:12:01.822+0000] {dag.py:2915} INFO - Sync 1 DAGs
[2024-01-10T09:12:01.859+0000] {logging_mixin.py:151} INFO - [2024-01-10T09:12:01.858+0000] {dag.py:3696} INFO - Setting next_dagrun for docker_cb to 2024-01-01T00:00:00+00:00, run_after=2024-02-01T00:00:00+00:00
[2024-01-10T09:12:01.889+0000] {processor.py:179} INFO - Processing /opt/airflow/dags/catboost/docker.py took 0.116 seconds
[2024-01-10T09:12:32.002+0000] {processor.py:157} INFO - Started process (PID=143) to work on /opt/airflow/dags/catboost/docker.py
[2024-01-10T09:12:32.003+0000] {processor.py:829} INFO - Processing file /opt/airflow/dags/catboost/docker.py for tasks to queue
[2024-01-10T09:12:32.006+0000] {logging_mixin.py:151} INFO - [2024-01-10T09:12:32.006+0000] {dagbag.py:539} INFO - Filling up the DagBag from /opt/airflow/dags/catboost/docker.py
[2024-01-10T09:12:32.020+0000] {processor.py:839} INFO - DAG(s) dict_keys(['docker_cb']) retrieved from /opt/airflow/dags/catboost/docker.py
[2024-01-10T09:12:32.047+0000] {logging_mixin.py:151} INFO - [2024-01-10T09:12:32.047+0000] {dag.py:2915} INFO - Sync 1 DAGs
[2024-01-10T09:12:32.071+0000] {logging_mixin.py:151} INFO - [2024-01-10T09:12:32.071+0000] {dag.py:3696} INFO - Setting next_dagrun for docker_cb to 2024-01-01T00:00:00+00:00, run_after=2024-02-01T00:00:00+00:00
[2024-01-10T09:12:32.101+0000] {processor.py:179} INFO - Processing /opt/airflow/dags/catboost/docker.py took 0.105 seconds
[2024-01-10T09:13:02.254+0000] {processor.py:157} INFO - Started process (PID=151) to work on /opt/airflow/dags/catboost/docker.py
[2024-01-10T09:13:02.255+0000] {processor.py:829} INFO - Processing file /opt/airflow/dags/catboost/docker.py for tasks to queue
[2024-01-10T09:13:02.258+0000] {logging_mixin.py:151} INFO - [2024-01-10T09:13:02.258+0000] {dagbag.py:539} INFO - Filling up the DagBag from /opt/airflow/dags/catboost/docker.py
[2024-01-10T09:13:02.272+0000] {processor.py:839} INFO - DAG(s) dict_keys(['docker_cb']) retrieved from /opt/airflow/dags/catboost/docker.py
[2024-01-10T09:13:02.299+0000] {logging_mixin.py:151} INFO - [2024-01-10T09:13:02.298+0000] {dag.py:2915} INFO - Sync 1 DAGs
[2024-01-10T09:13:02.323+0000] {logging_mixin.py:151} INFO - [2024-01-10T09:13:02.323+0000] {dag.py:3696} INFO - Setting next_dagrun for docker_cb to 2024-01-01T00:00:00+00:00, run_after=2024-02-01T00:00:00+00:00
[2024-01-10T09:13:02.352+0000] {processor.py:179} INFO - Processing /opt/airflow/dags/catboost/docker.py took 0.102 seconds
[2024-01-10T09:13:32.454+0000] {processor.py:157} INFO - Started process (PID=159) to work on /opt/airflow/dags/catboost/docker.py
[2024-01-10T09:13:32.455+0000] {processor.py:829} INFO - Processing file /opt/airflow/dags/catboost/docker.py for tasks to queue
[2024-01-10T09:13:32.459+0000] {logging_mixin.py:151} INFO - [2024-01-10T09:13:32.458+0000] {dagbag.py:539} INFO - Filling up the DagBag from /opt/airflow/dags/catboost/docker.py
[2024-01-10T09:13:32.474+0000] {processor.py:839} INFO - DAG(s) dict_keys(['docker_cb']) retrieved from /opt/airflow/dags/catboost/docker.py
[2024-01-10T09:13:32.503+0000] {logging_mixin.py:151} INFO - [2024-01-10T09:13:32.502+0000] {dag.py:2915} INFO - Sync 1 DAGs
[2024-01-10T09:13:32.527+0000] {logging_mixin.py:151} INFO - [2024-01-10T09:13:32.527+0000] {dag.py:3696} INFO - Setting next_dagrun for docker_cb to 2024-01-01T00:00:00+00:00, run_after=2024-02-01T00:00:00+00:00
[2024-01-10T09:13:32.556+0000] {processor.py:179} INFO - Processing /opt/airflow/dags/catboost/docker.py took 0.107 seconds
[2024-01-10T09:14:02.659+0000] {processor.py:157} INFO - Started process (PID=167) to work on /opt/airflow/dags/catboost/docker.py
[2024-01-10T09:14:02.660+0000] {processor.py:829} INFO - Processing file /opt/airflow/dags/catboost/docker.py for tasks to queue
[2024-01-10T09:14:02.664+0000] {logging_mixin.py:151} INFO - [2024-01-10T09:14:02.663+0000] {dagbag.py:539} INFO - Filling up the DagBag from /opt/airflow/dags/catboost/docker.py
[2024-01-10T09:14:02.685+0000] {processor.py:839} INFO - DAG(s) dict_keys(['docker_cb']) retrieved from /opt/airflow/dags/catboost/docker.py
[2024-01-10T09:14:02.713+0000] {logging_mixin.py:151} INFO - [2024-01-10T09:14:02.712+0000] {dag.py:2915} INFO - Sync 1 DAGs
[2024-01-10T09:14:02.736+0000] {logging_mixin.py:151} INFO - [2024-01-10T09:14:02.736+0000] {dag.py:3696} INFO - Setting next_dagrun for docker_cb to 2024-01-01T00:00:00+00:00, run_after=2024-02-01T00:00:00+00:00
[2024-01-10T09:14:02.764+0000] {processor.py:179} INFO - Processing /opt/airflow/dags/catboost/docker.py took 0.109 seconds
[2024-01-10T09:14:32.887+0000] {processor.py:157} INFO - Started process (PID=175) to work on /opt/airflow/dags/catboost/docker.py
[2024-01-10T09:14:32.889+0000] {processor.py:829} INFO - Processing file /opt/airflow/dags/catboost/docker.py for tasks to queue
[2024-01-10T09:14:32.894+0000] {logging_mixin.py:151} INFO - [2024-01-10T09:14:32.893+0000] {dagbag.py:539} INFO - Filling up the DagBag from /opt/airflow/dags/catboost/docker.py
[2024-01-10T09:14:32.907+0000] {processor.py:839} INFO - DAG(s) dict_keys(['docker_cb']) retrieved from /opt/airflow/dags/catboost/docker.py
[2024-01-10T09:14:32.936+0000] {logging_mixin.py:151} INFO - [2024-01-10T09:14:32.935+0000] {dag.py:2915} INFO - Sync 1 DAGs
[2024-01-10T09:14:32.969+0000] {logging_mixin.py:151} INFO - [2024-01-10T09:14:32.969+0000] {dag.py:3696} INFO - Setting next_dagrun for docker_cb to 2024-01-01T00:00:00+00:00, run_after=2024-02-01T00:00:00+00:00
[2024-01-10T09:14:32.987+0000] {processor.py:179} INFO - Processing /opt/airflow/dags/catboost/docker.py took 0.108 seconds
[2024-01-10T09:15:03.139+0000] {processor.py:157} INFO - Started process (PID=183) to work on /opt/airflow/dags/catboost/docker.py
[2024-01-10T09:15:03.140+0000] {processor.py:829} INFO - Processing file /opt/airflow/dags/catboost/docker.py for tasks to queue
[2024-01-10T09:15:03.144+0000] {logging_mixin.py:151} INFO - [2024-01-10T09:15:03.143+0000] {dagbag.py:539} INFO - Filling up the DagBag from /opt/airflow/dags/catboost/docker.py
[2024-01-10T09:15:03.159+0000] {processor.py:839} INFO - DAG(s) dict_keys(['docker_cb']) retrieved from /opt/airflow/dags/catboost/docker.py
[2024-01-10T09:15:03.185+0000] {logging_mixin.py:151} INFO - [2024-01-10T09:15:03.185+0000] {dag.py:2915} INFO - Sync 1 DAGs
[2024-01-10T09:15:03.210+0000] {logging_mixin.py:151} INFO - [2024-01-10T09:15:03.210+0000] {dag.py:3696} INFO - Setting next_dagrun for docker_cb to 2024-01-01T00:00:00+00:00, run_after=2024-02-01T00:00:00+00:00
[2024-01-10T09:15:03.236+0000] {processor.py:179} INFO - Processing /opt/airflow/dags/catboost/docker.py took 0.103 seconds
[2024-01-10T09:15:33.393+0000] {processor.py:157} INFO - Started process (PID=191) to work on /opt/airflow/dags/catboost/docker.py
[2024-01-10T09:15:33.394+0000] {processor.py:829} INFO - Processing file /opt/airflow/dags/catboost/docker.py for tasks to queue
[2024-01-10T09:15:33.398+0000] {logging_mixin.py:151} INFO - [2024-01-10T09:15:33.398+0000] {dagbag.py:539} INFO - Filling up the DagBag from /opt/airflow/dags/catboost/docker.py
[2024-01-10T09:15:33.412+0000] {processor.py:839} INFO - DAG(s) dict_keys(['docker_cb']) retrieved from /opt/airflow/dags/catboost/docker.py
[2024-01-10T09:15:33.439+0000] {logging_mixin.py:151} INFO - [2024-01-10T09:15:33.438+0000] {dag.py:2915} INFO - Sync 1 DAGs
[2024-01-10T09:15:33.463+0000] {logging_mixin.py:151} INFO - [2024-01-10T09:15:33.463+0000] {dag.py:3696} INFO - Setting next_dagrun for docker_cb to 2024-01-01T00:00:00+00:00, run_after=2024-02-01T00:00:00+00:00
[2024-01-10T09:15:33.508+0000] {processor.py:179} INFO - Processing /opt/airflow/dags/catboost/docker.py took 0.121 seconds
[2024-01-10T09:16:03.616+0000] {processor.py:157} INFO - Started process (PID=199) to work on /opt/airflow/dags/catboost/docker.py
[2024-01-10T09:16:03.617+0000] {processor.py:829} INFO - Processing file /opt/airflow/dags/catboost/docker.py for tasks to queue
[2024-01-10T09:16:03.621+0000] {logging_mixin.py:151} INFO - [2024-01-10T09:16:03.620+0000] {dagbag.py:539} INFO - Filling up the DagBag from /opt/airflow/dags/catboost/docker.py
[2024-01-10T09:16:03.640+0000] {processor.py:839} INFO - DAG(s) dict_keys(['docker_cb']) retrieved from /opt/airflow/dags/catboost/docker.py
[2024-01-10T09:16:03.670+0000] {logging_mixin.py:151} INFO - [2024-01-10T09:16:03.670+0000] {dag.py:2915} INFO - Sync 1 DAGs
[2024-01-10T09:16:03.696+0000] {logging_mixin.py:151} INFO - [2024-01-10T09:16:03.696+0000] {dag.py:3696} INFO - Setting next_dagrun for docker_cb to 2024-01-01T00:00:00+00:00, run_after=2024-02-01T00:00:00+00:00
[2024-01-10T09:16:03.713+0000] {processor.py:179} INFO - Processing /opt/airflow/dags/catboost/docker.py took 0.101 seconds
[2024-01-10T09:16:33.817+0000] {processor.py:157} INFO - Started process (PID=207) to work on /opt/airflow/dags/catboost/docker.py
[2024-01-10T09:16:33.818+0000] {processor.py:829} INFO - Processing file /opt/airflow/dags/catboost/docker.py for tasks to queue
[2024-01-10T09:16:33.821+0000] {logging_mixin.py:151} INFO - [2024-01-10T09:16:33.820+0000] {dagbag.py:539} INFO - Filling up the DagBag from /opt/airflow/dags/catboost/docker.py
[2024-01-10T09:16:33.835+0000] {processor.py:839} INFO - DAG(s) dict_keys(['docker_cb']) retrieved from /opt/airflow/dags/catboost/docker.py
[2024-01-10T09:16:33.869+0000] {logging_mixin.py:151} INFO - [2024-01-10T09:16:33.868+0000] {dag.py:2915} INFO - Sync 1 DAGs
[2024-01-10T09:16:33.902+0000] {logging_mixin.py:151} INFO - [2024-01-10T09:16:33.901+0000] {dag.py:3696} INFO - Setting next_dagrun for docker_cb to 2024-01-01T00:00:00+00:00, run_after=2024-02-01T00:00:00+00:00
[2024-01-10T09:16:33.937+0000] {processor.py:179} INFO - Processing /opt/airflow/dags/catboost/docker.py took 0.123 seconds
[2024-01-10T09:17:04.080+0000] {processor.py:157} INFO - Started process (PID=215) to work on /opt/airflow/dags/catboost/docker.py
[2024-01-10T09:17:04.082+0000] {processor.py:829} INFO - Processing file /opt/airflow/dags/catboost/docker.py for tasks to queue
[2024-01-10T09:17:04.086+0000] {logging_mixin.py:151} INFO - [2024-01-10T09:17:04.085+0000] {dagbag.py:539} INFO - Filling up the DagBag from /opt/airflow/dags/catboost/docker.py
[2024-01-10T09:17:04.105+0000] {processor.py:839} INFO - DAG(s) dict_keys(['docker_cb']) retrieved from /opt/airflow/dags/catboost/docker.py
[2024-01-10T09:17:04.143+0000] {logging_mixin.py:151} INFO - [2024-01-10T09:17:04.142+0000] {dag.py:2915} INFO - Sync 1 DAGs
[2024-01-10T09:17:04.168+0000] {logging_mixin.py:151} INFO - [2024-01-10T09:17:04.167+0000] {dag.py:3696} INFO - Setting next_dagrun for docker_cb to 2024-01-01T00:00:00+00:00, run_after=2024-02-01T00:00:00+00:00
[2024-01-10T09:17:04.196+0000] {processor.py:179} INFO - Processing /opt/airflow/dags/catboost/docker.py took 0.122 seconds
[2024-01-10T09:17:34.303+0000] {processor.py:157} INFO - Started process (PID=223) to work on /opt/airflow/dags/catboost/docker.py
[2024-01-10T09:17:34.304+0000] {processor.py:829} INFO - Processing file /opt/airflow/dags/catboost/docker.py for tasks to queue
[2024-01-10T09:17:34.308+0000] {logging_mixin.py:151} INFO - [2024-01-10T09:17:34.307+0000] {dagbag.py:539} INFO - Filling up the DagBag from /opt/airflow/dags/catboost/docker.py
[2024-01-10T09:17:34.330+0000] {processor.py:839} INFO - DAG(s) dict_keys(['docker_cb']) retrieved from /opt/airflow/dags/catboost/docker.py
[2024-01-10T09:17:34.368+0000] {logging_mixin.py:151} INFO - [2024-01-10T09:17:34.367+0000] {dag.py:2915} INFO - Sync 1 DAGs
[2024-01-10T09:17:34.392+0000] {logging_mixin.py:151} INFO - [2024-01-10T09:17:34.392+0000] {dag.py:3696} INFO - Setting next_dagrun for docker_cb to 2024-01-01T00:00:00+00:00, run_after=2024-02-01T00:00:00+00:00
[2024-01-10T09:17:34.421+0000] {processor.py:179} INFO - Processing /opt/airflow/dags/catboost/docker.py took 0.125 seconds
[2024-01-10T09:18:04.645+0000] {processor.py:157} INFO - Started process (PID=231) to work on /opt/airflow/dags/catboost/docker.py
[2024-01-10T09:18:04.646+0000] {processor.py:829} INFO - Processing file /opt/airflow/dags/catboost/docker.py for tasks to queue
[2024-01-10T09:18:04.649+0000] {logging_mixin.py:151} INFO - [2024-01-10T09:18:04.649+0000] {dagbag.py:539} INFO - Filling up the DagBag from /opt/airflow/dags/catboost/docker.py
[2024-01-10T09:18:04.662+0000] {processor.py:839} INFO - DAG(s) dict_keys(['docker_cb']) retrieved from /opt/airflow/dags/catboost/docker.py
[2024-01-10T09:18:04.689+0000] {logging_mixin.py:151} INFO - [2024-01-10T09:18:04.689+0000] {dag.py:2915} INFO - Sync 1 DAGs
[2024-01-10T09:18:04.713+0000] {logging_mixin.py:151} INFO - [2024-01-10T09:18:04.713+0000] {dag.py:3696} INFO - Setting next_dagrun for docker_cb to 2024-01-01T00:00:00+00:00, run_after=2024-02-01T00:00:00+00:00
[2024-01-10T09:18:04.740+0000] {processor.py:179} INFO - Processing /opt/airflow/dags/catboost/docker.py took 0.099 seconds
[2024-01-10T09:18:34.784+0000] {processor.py:157} INFO - Started process (PID=238) to work on /opt/airflow/dags/catboost/docker.py
[2024-01-10T09:18:34.785+0000] {processor.py:829} INFO - Processing file /opt/airflow/dags/catboost/docker.py for tasks to queue
[2024-01-10T09:18:34.788+0000] {logging_mixin.py:151} INFO - [2024-01-10T09:18:34.787+0000] {dagbag.py:539} INFO - Filling up the DagBag from /opt/airflow/dags/catboost/docker.py
[2024-01-10T09:18:34.800+0000] {processor.py:839} INFO - DAG(s) dict_keys(['docker_cb']) retrieved from /opt/airflow/dags/catboost/docker.py
[2024-01-10T09:18:34.828+0000] {logging_mixin.py:151} INFO - [2024-01-10T09:18:34.827+0000] {dag.py:2915} INFO - Sync 1 DAGs
[2024-01-10T09:18:34.851+0000] {logging_mixin.py:151} INFO - [2024-01-10T09:18:34.851+0000] {dag.py:3696} INFO - Setting next_dagrun for docker_cb to 2024-01-01T00:00:00+00:00, run_after=2024-02-01T00:00:00+00:00
[2024-01-10T09:18:34.888+0000] {processor.py:179} INFO - Processing /opt/airflow/dags/catboost/docker.py took 0.107 seconds
[2024-01-10T09:19:05.050+0000] {processor.py:157} INFO - Started process (PID=246) to work on /opt/airflow/dags/catboost/docker.py
[2024-01-10T09:19:05.051+0000] {processor.py:829} INFO - Processing file /opt/airflow/dags/catboost/docker.py for tasks to queue
[2024-01-10T09:19:05.055+0000] {logging_mixin.py:151} INFO - [2024-01-10T09:19:05.055+0000] {dagbag.py:539} INFO - Filling up the DagBag from /opt/airflow/dags/catboost/docker.py
[2024-01-10T09:19:05.068+0000] {processor.py:839} INFO - DAG(s) dict_keys(['docker_cb']) retrieved from /opt/airflow/dags/catboost/docker.py
[2024-01-10T09:19:05.095+0000] {logging_mixin.py:151} INFO - [2024-01-10T09:19:05.094+0000] {dag.py:2915} INFO - Sync 1 DAGs
[2024-01-10T09:19:05.119+0000] {logging_mixin.py:151} INFO - [2024-01-10T09:19:05.119+0000] {dag.py:3696} INFO - Setting next_dagrun for docker_cb to 2024-01-01T00:00:00+00:00, run_after=2024-02-01T00:00:00+00:00
[2024-01-10T09:19:05.147+0000] {processor.py:179} INFO - Processing /opt/airflow/dags/catboost/docker.py took 0.101 seconds
[2024-01-10T09:19:35.253+0000] {processor.py:157} INFO - Started process (PID=254) to work on /opt/airflow/dags/catboost/docker.py
[2024-01-10T09:19:35.254+0000] {processor.py:829} INFO - Processing file /opt/airflow/dags/catboost/docker.py for tasks to queue
[2024-01-10T09:19:35.259+0000] {logging_mixin.py:151} INFO - [2024-01-10T09:19:35.258+0000] {dagbag.py:539} INFO - Filling up the DagBag from /opt/airflow/dags/catboost/docker.py
[2024-01-10T09:19:35.274+0000] {processor.py:839} INFO - DAG(s) dict_keys(['docker_cb']) retrieved from /opt/airflow/dags/catboost/docker.py
[2024-01-10T09:19:35.305+0000] {logging_mixin.py:151} INFO - [2024-01-10T09:19:35.304+0000] {dag.py:2915} INFO - Sync 1 DAGs
[2024-01-10T09:19:35.331+0000] {logging_mixin.py:151} INFO - [2024-01-10T09:19:35.331+0000] {dag.py:3696} INFO - Setting next_dagrun for docker_cb to 2024-01-01T00:00:00+00:00, run_after=2024-02-01T00:00:00+00:00
[2024-01-10T09:19:35.363+0000] {processor.py:179} INFO - Processing /opt/airflow/dags/catboost/docker.py took 0.116 seconds
[2024-01-10T09:20:23.869+0000] {processor.py:157} INFO - Started process (PID=39) to work on /opt/airflow/dags/catboost/docker.py
[2024-01-10T09:20:23.870+0000] {processor.py:829} INFO - Processing file /opt/airflow/dags/catboost/docker.py for tasks to queue
[2024-01-10T09:20:23.873+0000] {logging_mixin.py:151} INFO - [2024-01-10T09:20:23.873+0000] {dagbag.py:539} INFO - Filling up the DagBag from /opt/airflow/dags/catboost/docker.py
[2024-01-10T09:20:23.892+0000] {processor.py:839} INFO - DAG(s) dict_keys(['docker_cb']) retrieved from /opt/airflow/dags/catboost/docker.py
[2024-01-10T09:20:24.089+0000] {logging_mixin.py:151} INFO - [2024-01-10T09:20:24.089+0000] {manager.py:499} INFO - Created Permission View: %s
[2024-01-10T09:20:24.099+0000] {logging_mixin.py:151} INFO - [2024-01-10T09:20:24.098+0000] {manager.py:499} INFO - Created Permission View: %s
[2024-01-10T09:20:24.105+0000] {logging_mixin.py:151} INFO - [2024-01-10T09:20:24.105+0000] {manager.py:499} INFO - Created Permission View: %s
[2024-01-10T09:20:24.105+0000] {logging_mixin.py:151} INFO - [2024-01-10T09:20:24.105+0000] {security.py:708} INFO - Not syncing DAG-level permissions for DAG 'DAG:docker_cb' as access control is unset.
[2024-01-10T09:20:24.106+0000] {logging_mixin.py:151} INFO - [2024-01-10T09:20:24.106+0000] {dag.py:2915} INFO - Sync 1 DAGs
[2024-01-10T09:20:24.118+0000] {logging_mixin.py:151} INFO - [2024-01-10T09:20:24.118+0000] {dag.py:2937} INFO - Creating ORM DAG for docker_cb
[2024-01-10T09:20:24.130+0000] {logging_mixin.py:151} INFO - [2024-01-10T09:20:24.129+0000] {dag.py:3696} INFO - Setting next_dagrun for docker_cb to 2023-12-01T00:00:00+00:00, run_after=2024-01-01T00:00:00+00:00
[2024-01-10T09:20:24.145+0000] {processor.py:179} INFO - Processing /opt/airflow/dags/catboost/docker.py took 0.279 seconds
[2024-01-10T09:20:54.275+0000] {processor.py:157} INFO - Started process (PID=51) to work on /opt/airflow/dags/catboost/docker.py
[2024-01-10T09:20:54.276+0000] {processor.py:829} INFO - Processing file /opt/airflow/dags/catboost/docker.py for tasks to queue
[2024-01-10T09:20:54.279+0000] {logging_mixin.py:151} INFO - [2024-01-10T09:20:54.279+0000] {dagbag.py:539} INFO - Filling up the DagBag from /opt/airflow/dags/catboost/docker.py
[2024-01-10T09:20:54.293+0000] {processor.py:839} INFO - DAG(s) dict_keys(['docker_cb']) retrieved from /opt/airflow/dags/catboost/docker.py
[2024-01-10T09:20:54.323+0000] {logging_mixin.py:151} INFO - [2024-01-10T09:20:54.322+0000] {dag.py:2915} INFO - Sync 1 DAGs
[2024-01-10T09:20:54.349+0000] {logging_mixin.py:151} INFO - [2024-01-10T09:20:54.349+0000] {dag.py:3696} INFO - Setting next_dagrun for docker_cb to 2024-01-01T00:00:00+00:00, run_after=2024-02-01T00:00:00+00:00
[2024-01-10T09:20:54.378+0000] {processor.py:179} INFO - Processing /opt/airflow/dags/catboost/docker.py took 0.106 seconds
[2024-01-10T09:21:24.505+0000] {processor.py:157} INFO - Started process (PID=59) to work on /opt/airflow/dags/catboost/docker.py
[2024-01-10T09:21:24.506+0000] {processor.py:829} INFO - Processing file /opt/airflow/dags/catboost/docker.py for tasks to queue
[2024-01-10T09:21:24.509+0000] {logging_mixin.py:151} INFO - [2024-01-10T09:21:24.508+0000] {dagbag.py:539} INFO - Filling up the DagBag from /opt/airflow/dags/catboost/docker.py
[2024-01-10T09:21:24.523+0000] {processor.py:839} INFO - DAG(s) dict_keys(['docker_cb']) retrieved from /opt/airflow/dags/catboost/docker.py
[2024-01-10T09:21:24.552+0000] {logging_mixin.py:151} INFO - [2024-01-10T09:21:24.551+0000] {dag.py:2915} INFO - Sync 1 DAGs
[2024-01-10T09:21:24.576+0000] {logging_mixin.py:151} INFO - [2024-01-10T09:21:24.576+0000] {dag.py:3696} INFO - Setting next_dagrun for docker_cb to 2024-01-01T00:00:00+00:00, run_after=2024-02-01T00:00:00+00:00
[2024-01-10T09:21:24.607+0000] {processor.py:179} INFO - Processing /opt/airflow/dags/catboost/docker.py took 0.107 seconds
[2024-01-10T09:21:54.681+0000] {processor.py:157} INFO - Started process (PID=67) to work on /opt/airflow/dags/catboost/docker.py
[2024-01-10T09:21:54.682+0000] {processor.py:829} INFO - Processing file /opt/airflow/dags/catboost/docker.py for tasks to queue
[2024-01-10T09:21:54.685+0000] {logging_mixin.py:151} INFO - [2024-01-10T09:21:54.685+0000] {dagbag.py:539} INFO - Filling up the DagBag from /opt/airflow/dags/catboost/docker.py
[2024-01-10T09:21:54.698+0000] {processor.py:839} INFO - DAG(s) dict_keys(['docker_cb']) retrieved from /opt/airflow/dags/catboost/docker.py
[2024-01-10T09:21:54.727+0000] {logging_mixin.py:151} INFO - [2024-01-10T09:21:54.726+0000] {dag.py:2915} INFO - Sync 1 DAGs
[2024-01-10T09:21:54.763+0000] {logging_mixin.py:151} INFO - [2024-01-10T09:21:54.763+0000] {dag.py:3696} INFO - Setting next_dagrun for docker_cb to 2024-01-01T00:00:00+00:00, run_after=2024-02-01T00:00:00+00:00
[2024-01-10T09:21:54.791+0000] {processor.py:179} INFO - Processing /opt/airflow/dags/catboost/docker.py took 0.114 seconds
[2024-01-10T09:22:24.881+0000] {processor.py:157} INFO - Started process (PID=75) to work on /opt/airflow/dags/catboost/docker.py
[2024-01-10T09:22:24.882+0000] {processor.py:829} INFO - Processing file /opt/airflow/dags/catboost/docker.py for tasks to queue
[2024-01-10T09:22:24.884+0000] {logging_mixin.py:151} INFO - [2024-01-10T09:22:24.884+0000] {dagbag.py:539} INFO - Filling up the DagBag from /opt/airflow/dags/catboost/docker.py
[2024-01-10T09:22:24.897+0000] {processor.py:839} INFO - DAG(s) dict_keys(['docker_cb']) retrieved from /opt/airflow/dags/catboost/docker.py
[2024-01-10T09:22:24.924+0000] {logging_mixin.py:151} INFO - [2024-01-10T09:22:24.923+0000] {dag.py:2915} INFO - Sync 1 DAGs
[2024-01-10T09:22:24.948+0000] {logging_mixin.py:151} INFO - [2024-01-10T09:22:24.948+0000] {dag.py:3696} INFO - Setting next_dagrun for docker_cb to 2024-01-01T00:00:00+00:00, run_after=2024-02-01T00:00:00+00:00
[2024-01-10T09:22:24.965+0000] {processor.py:179} INFO - Processing /opt/airflow/dags/catboost/docker.py took 0.088 seconds
[2024-01-10T09:22:55.115+0000] {processor.py:157} INFO - Started process (PID=83) to work on /opt/airflow/dags/catboost/docker.py
[2024-01-10T09:22:55.116+0000] {processor.py:829} INFO - Processing file /opt/airflow/dags/catboost/docker.py for tasks to queue
[2024-01-10T09:22:55.119+0000] {logging_mixin.py:151} INFO - [2024-01-10T09:22:55.118+0000] {dagbag.py:539} INFO - Filling up the DagBag from /opt/airflow/dags/catboost/docker.py
[2024-01-10T09:22:55.132+0000] {processor.py:839} INFO - DAG(s) dict_keys(['docker_cb']) retrieved from /opt/airflow/dags/catboost/docker.py
[2024-01-10T09:22:55.159+0000] {logging_mixin.py:151} INFO - [2024-01-10T09:22:55.158+0000] {dag.py:2915} INFO - Sync 1 DAGs
[2024-01-10T09:22:55.183+0000] {logging_mixin.py:151} INFO - [2024-01-10T09:22:55.182+0000] {dag.py:3696} INFO - Setting next_dagrun for docker_cb to 2024-01-01T00:00:00+00:00, run_after=2024-02-01T00:00:00+00:00
[2024-01-10T09:22:55.211+0000] {processor.py:179} INFO - Processing /opt/airflow/dags/catboost/docker.py took 0.102 seconds
