[2023-10-10T18:04:39.449+0000] {taskinstance.py:1157} INFO - Dependencies all met for dep_context=non-requeueable deps ti=<TaskInstance: gx.create_table_pg manual__2023-10-10T18:04:37.090829+00:00 [queued]>
[2023-10-10T18:04:39.453+0000] {taskinstance.py:1157} INFO - Dependencies all met for dep_context=requeueable deps ti=<TaskInstance: gx.create_table_pg manual__2023-10-10T18:04:37.090829+00:00 [queued]>
[2023-10-10T18:04:39.453+0000] {taskinstance.py:1359} INFO - Starting attempt 1 of 1
[2023-10-10T18:04:39.459+0000] {taskinstance.py:1380} INFO - Executing <Task(PostgresOperator): create_table_pg> on 2023-10-10 18:04:37.090829+00:00
[2023-10-10T18:04:39.467+0000] {standard_task_runner.py:57} INFO - Started process 368 to run task
[2023-10-10T18:04:39.469+0000] {standard_task_runner.py:84} INFO - Running: ['***', 'tasks', 'run', 'gx', 'create_table_pg', 'manual__2023-10-10T18:04:37.090829+00:00', '--job-id', '1376', '--raw', '--subdir', 'DAGS_FOLDER/gx.py', '--cfg-path', '/tmp/tmpx42u54ek']
[2023-10-10T18:04:39.470+0000] {standard_task_runner.py:85} INFO - Job 1376: Subtask create_table_pg
[2023-10-10T18:04:39.494+0000] {task_command.py:415} INFO - Running <TaskInstance: gx.create_table_pg manual__2023-10-10T18:04:37.090829+00:00 [running]> on host 08721473190e
[2023-10-10T18:04:39.532+0000] {taskinstance.py:1660} INFO - Exporting env vars: AIRFLOW_CTX_DAG_OWNER='***' AIRFLOW_CTX_DAG_ID='gx' AIRFLOW_CTX_TASK_ID='create_table_pg' AIRFLOW_CTX_EXECUTION_DATE='2023-10-10T18:04:37.090829+00:00' AIRFLOW_CTX_TRY_NUMBER='1' AIRFLOW_CTX_DAG_RUN_ID='manual__2023-10-10T18:04:37.090829+00:00'
[2023-10-10T18:04:39.533+0000] {sql.py:274} INFO - Executing: 
            CREATE TABLE strawberries (
                id VARCHAR(10) PRIMARY KEY,
                name VARCHAR(100),
                amount INT
            );

            INSERT INTO strawberries (id, name, amount)
            VALUES ('001', 'Strawberry Order 1', 10),
                ('002', 'Strawberry Order 2', 5),
                ('003', 'Strawberry Order 3', 8),
                ('004', 'Strawberry Order 4', 3),
                ('005', 'Strawberry Order 5', 12);
            
[2023-10-10T18:04:39.537+0000] {base.py:73} INFO - Using connection ID 'postgres_default' for task execution.
[2023-10-10T18:04:39.542+0000] {base.py:73} INFO - Using connection ID 'postgres_default' for task execution.
[2023-10-10T18:04:39.544+0000] {sql.py:418} INFO - Running statement: 
            CREATE TABLE strawberries (
                id VARCHAR(10) PRIMARY KEY,
                name VARCHAR(100),
                amount INT
            );

            INSERT INTO strawberries (id, name, amount)
            VALUES ('001', 'Strawberry Order 1', 10),
                ('002', 'Strawberry Order 2', 5),
                ('003', 'Strawberry Order 3', 8),
                ('004', 'Strawberry Order 4', 3),
                ('005', 'Strawberry Order 5', 12);
            , parameters: None
[2023-10-10T18:04:39.546+0000] {sql.py:427} INFO - Rows affected: 5
[2023-10-10T18:04:39.552+0000] {taskinstance.py:1398} INFO - Marking task as SUCCESS. dag_id=gx, task_id=create_table_pg, execution_date=20231010T180437, start_date=20231010T180439, end_date=20231010T180439
[2023-10-10T18:04:39.600+0000] {local_task_job_runner.py:228} INFO - Task exited with return code 0
[2023-10-10T18:04:39.613+0000] {taskinstance.py:2776} INFO - 0 downstream tasks scheduled from follow-on schedule check
