[2023-10-16T15:32:17.558+0000] {processor.py:157} INFO - Started process (PID=36) to work on /opt/airflow/dags/gx.py
[2023-10-16T15:32:17.560+0000] {processor.py:829} INFO - Processing file /opt/airflow/dags/gx.py for tasks to queue
[2023-10-16T15:32:17.563+0000] {logging_mixin.py:151} INFO - [2023-10-16T15:32:17.563+0000] {dagbag.py:539} INFO - Filling up the DagBag from /opt/airflow/dags/gx.py
[2023-10-16T15:32:20.291+0000] {logging_mixin.py:151} INFO - [2023-10-16T15:32:20.290+0000] {warnings.py:109} WARNING - /home/airflow/.local/lib/python3.8/site-packages/snowflake/connector/options.py:103: UserWarning: You have an incompatible version of 'pyarrow' installed (11.0.0), please install a version that adheres to: 'pyarrow<10.1.0,>=10.0.1; extra == "pandas"'
  warn_incompatible_dep(
[2023-10-16T15:32:22.224+0000] {logging_mixin.py:151} INFO - [2023-10-16T15:32:22.223+0000] {warnings.py:109} WARNING - /opt/airflow/dags/gx.py:12: AirflowProviderDeprecationWarning: This class is deprecated.
            Please use `airflow.providers.common.sql.operators.sql.SQLExecuteQueryOperator`.
            Also, you can provide `hook_params={'schema': <database>}`.
  create_table_pg = PostgresOperator(
[2023-10-16T15:32:22.225+0000] {logging_mixin.py:151} INFO - [2023-10-16T15:32:22.225+0000] {warnings.py:109} WARNING - /opt/airflow/dags/gx.py:41: AirflowProviderDeprecationWarning: This class is deprecated.
            Please use `airflow.providers.common.sql.operators.sql.SQLExecuteQueryOperator`.
            Also, you can provide `hook_params={'schema': <database>}`.
  drop_table_pg = PostgresOperator(
[2023-10-16T15:32:22.228+0000] {processor.py:839} INFO - DAG(s) dict_keys(['gx']) retrieved from /opt/airflow/dags/gx.py
[2023-10-16T15:32:22.256+0000] {logging_mixin.py:151} INFO - [2023-10-16T15:32:22.256+0000] {dag.py:2915} INFO - Sync 1 DAGs
[2023-10-16T15:32:22.272+0000] {logging_mixin.py:151} INFO - [2023-10-16T15:32:22.272+0000] {dag.py:3696} INFO - Setting next_dagrun for gx to None, run_after=None
[2023-10-16T15:32:22.296+0000] {processor.py:179} INFO - Processing /opt/airflow/dags/gx.py took 4.743 seconds
[2023-10-16T15:32:52.901+0000] {processor.py:157} INFO - Started process (PID=58) to work on /opt/airflow/dags/gx.py
[2023-10-16T15:32:52.904+0000] {processor.py:829} INFO - Processing file /opt/airflow/dags/gx.py for tasks to queue
[2023-10-16T15:32:52.908+0000] {logging_mixin.py:151} INFO - [2023-10-16T15:32:52.907+0000] {dagbag.py:539} INFO - Filling up the DagBag from /opt/airflow/dags/gx.py
[2023-10-16T15:32:54.422+0000] {logging_mixin.py:151} INFO - [2023-10-16T15:32:54.422+0000] {warnings.py:109} WARNING - /home/airflow/.local/lib/python3.8/site-packages/snowflake/connector/options.py:103: UserWarning: You have an incompatible version of 'pyarrow' installed (11.0.0), please install a version that adheres to: 'pyarrow<10.1.0,>=10.0.1; extra == "pandas"'
  warn_incompatible_dep(
[2023-10-16T15:32:55.729+0000] {logging_mixin.py:151} INFO - [2023-10-16T15:32:55.729+0000] {warnings.py:109} WARNING - /opt/airflow/dags/gx.py:12: AirflowProviderDeprecationWarning: This class is deprecated.
            Please use `airflow.providers.common.sql.operators.sql.SQLExecuteQueryOperator`.
            Also, you can provide `hook_params={'schema': <database>}`.
  create_table_pg = PostgresOperator(
[2023-10-16T15:32:55.731+0000] {logging_mixin.py:151} INFO - [2023-10-16T15:32:55.730+0000] {warnings.py:109} WARNING - /opt/airflow/dags/gx.py:41: AirflowProviderDeprecationWarning: This class is deprecated.
            Please use `airflow.providers.common.sql.operators.sql.SQLExecuteQueryOperator`.
            Also, you can provide `hook_params={'schema': <database>}`.
  drop_table_pg = PostgresOperator(
[2023-10-16T15:32:55.734+0000] {processor.py:839} INFO - DAG(s) dict_keys(['gx']) retrieved from /opt/airflow/dags/gx.py
[2023-10-16T15:32:55.761+0000] {logging_mixin.py:151} INFO - [2023-10-16T15:32:55.761+0000] {dag.py:2915} INFO - Sync 1 DAGs
[2023-10-16T15:32:55.776+0000] {logging_mixin.py:151} INFO - [2023-10-16T15:32:55.776+0000] {dag.py:3696} INFO - Setting next_dagrun for gx to None, run_after=None
[2023-10-16T15:32:55.805+0000] {processor.py:179} INFO - Processing /opt/airflow/dags/gx.py took 2.916 seconds
[2023-10-16T15:33:26.268+0000] {processor.py:157} INFO - Started process (PID=78) to work on /opt/airflow/dags/gx.py
[2023-10-16T15:33:26.270+0000] {processor.py:829} INFO - Processing file /opt/airflow/dags/gx.py for tasks to queue
[2023-10-16T15:33:26.273+0000] {logging_mixin.py:151} INFO - [2023-10-16T15:33:26.273+0000] {dagbag.py:539} INFO - Filling up the DagBag from /opt/airflow/dags/gx.py
[2023-10-16T15:33:27.810+0000] {logging_mixin.py:151} INFO - [2023-10-16T15:33:27.809+0000] {warnings.py:109} WARNING - /home/airflow/.local/lib/python3.8/site-packages/snowflake/connector/options.py:103: UserWarning: You have an incompatible version of 'pyarrow' installed (11.0.0), please install a version that adheres to: 'pyarrow<10.1.0,>=10.0.1; extra == "pandas"'
  warn_incompatible_dep(
[2023-10-16T15:33:29.038+0000] {logging_mixin.py:151} INFO - [2023-10-16T15:33:29.038+0000] {warnings.py:109} WARNING - /opt/airflow/dags/gx.py:12: AirflowProviderDeprecationWarning: This class is deprecated.
            Please use `airflow.providers.common.sql.operators.sql.SQLExecuteQueryOperator`.
            Also, you can provide `hook_params={'schema': <database>}`.
  create_table_pg = PostgresOperator(
[2023-10-16T15:33:29.040+0000] {logging_mixin.py:151} INFO - [2023-10-16T15:33:29.040+0000] {warnings.py:109} WARNING - /opt/airflow/dags/gx.py:41: AirflowProviderDeprecationWarning: This class is deprecated.
            Please use `airflow.providers.common.sql.operators.sql.SQLExecuteQueryOperator`.
            Also, you can provide `hook_params={'schema': <database>}`.
  drop_table_pg = PostgresOperator(
[2023-10-16T15:33:29.043+0000] {processor.py:839} INFO - DAG(s) dict_keys(['gx']) retrieved from /opt/airflow/dags/gx.py
[2023-10-16T15:33:29.072+0000] {logging_mixin.py:151} INFO - [2023-10-16T15:33:29.071+0000] {dag.py:2915} INFO - Sync 1 DAGs
[2023-10-16T15:33:29.087+0000] {logging_mixin.py:151} INFO - [2023-10-16T15:33:29.087+0000] {dag.py:3696} INFO - Setting next_dagrun for gx to None, run_after=None
[2023-10-16T15:33:29.107+0000] {processor.py:179} INFO - Processing /opt/airflow/dags/gx.py took 2.845 seconds
[2023-10-16T15:33:59.581+0000] {processor.py:157} INFO - Started process (PID=98) to work on /opt/airflow/dags/gx.py
[2023-10-16T15:33:59.584+0000] {processor.py:829} INFO - Processing file /opt/airflow/dags/gx.py for tasks to queue
[2023-10-16T15:33:59.588+0000] {logging_mixin.py:151} INFO - [2023-10-16T15:33:59.588+0000] {dagbag.py:539} INFO - Filling up the DagBag from /opt/airflow/dags/gx.py
[2023-10-16T15:34:01.193+0000] {logging_mixin.py:151} INFO - [2023-10-16T15:34:01.193+0000] {warnings.py:109} WARNING - /home/airflow/.local/lib/python3.8/site-packages/snowflake/connector/options.py:103: UserWarning: You have an incompatible version of 'pyarrow' installed (11.0.0), please install a version that adheres to: 'pyarrow<10.1.0,>=10.0.1; extra == "pandas"'
  warn_incompatible_dep(
[2023-10-16T15:34:02.396+0000] {logging_mixin.py:151} INFO - [2023-10-16T15:34:02.396+0000] {warnings.py:109} WARNING - /opt/airflow/dags/gx.py:12: AirflowProviderDeprecationWarning: This class is deprecated.
            Please use `airflow.providers.common.sql.operators.sql.SQLExecuteQueryOperator`.
            Also, you can provide `hook_params={'schema': <database>}`.
  create_table_pg = PostgresOperator(
[2023-10-16T15:34:02.398+0000] {logging_mixin.py:151} INFO - [2023-10-16T15:34:02.397+0000] {warnings.py:109} WARNING - /opt/airflow/dags/gx.py:41: AirflowProviderDeprecationWarning: This class is deprecated.
            Please use `airflow.providers.common.sql.operators.sql.SQLExecuteQueryOperator`.
            Also, you can provide `hook_params={'schema': <database>}`.
  drop_table_pg = PostgresOperator(
[2023-10-16T15:34:02.401+0000] {processor.py:839} INFO - DAG(s) dict_keys(['gx']) retrieved from /opt/airflow/dags/gx.py
[2023-10-16T15:34:02.425+0000] {logging_mixin.py:151} INFO - [2023-10-16T15:34:02.424+0000] {dag.py:2915} INFO - Sync 1 DAGs
[2023-10-16T15:34:02.443+0000] {logging_mixin.py:151} INFO - [2023-10-16T15:34:02.443+0000] {dag.py:3696} INFO - Setting next_dagrun for gx to None, run_after=None
[2023-10-16T15:34:02.471+0000] {processor.py:179} INFO - Processing /opt/airflow/dags/gx.py took 2.900 seconds
[2023-10-16T15:34:33.031+0000] {processor.py:157} INFO - Started process (PID=118) to work on /opt/airflow/dags/gx.py
[2023-10-16T15:34:33.033+0000] {processor.py:829} INFO - Processing file /opt/airflow/dags/gx.py for tasks to queue
[2023-10-16T15:34:33.037+0000] {logging_mixin.py:151} INFO - [2023-10-16T15:34:33.037+0000] {dagbag.py:539} INFO - Filling up the DagBag from /opt/airflow/dags/gx.py
[2023-10-16T15:34:34.578+0000] {logging_mixin.py:151} INFO - [2023-10-16T15:34:34.578+0000] {warnings.py:109} WARNING - /home/airflow/.local/lib/python3.8/site-packages/snowflake/connector/options.py:103: UserWarning: You have an incompatible version of 'pyarrow' installed (11.0.0), please install a version that adheres to: 'pyarrow<10.1.0,>=10.0.1; extra == "pandas"'
  warn_incompatible_dep(
[2023-10-16T15:34:35.812+0000] {logging_mixin.py:151} INFO - [2023-10-16T15:34:35.812+0000] {warnings.py:109} WARNING - /opt/airflow/dags/gx.py:12: AirflowProviderDeprecationWarning: This class is deprecated.
            Please use `airflow.providers.common.sql.operators.sql.SQLExecuteQueryOperator`.
            Also, you can provide `hook_params={'schema': <database>}`.
  create_table_pg = PostgresOperator(
[2023-10-16T15:34:35.813+0000] {logging_mixin.py:151} INFO - [2023-10-16T15:34:35.813+0000] {warnings.py:109} WARNING - /opt/airflow/dags/gx.py:41: AirflowProviderDeprecationWarning: This class is deprecated.
            Please use `airflow.providers.common.sql.operators.sql.SQLExecuteQueryOperator`.
            Also, you can provide `hook_params={'schema': <database>}`.
  drop_table_pg = PostgresOperator(
[2023-10-16T15:34:35.816+0000] {processor.py:839} INFO - DAG(s) dict_keys(['gx']) retrieved from /opt/airflow/dags/gx.py
[2023-10-16T15:34:35.838+0000] {logging_mixin.py:151} INFO - [2023-10-16T15:34:35.838+0000] {dag.py:2915} INFO - Sync 1 DAGs
[2023-10-16T15:34:35.850+0000] {logging_mixin.py:151} INFO - [2023-10-16T15:34:35.850+0000] {dag.py:3696} INFO - Setting next_dagrun for gx to None, run_after=None
[2023-10-16T15:34:35.890+0000] {processor.py:179} INFO - Processing /opt/airflow/dags/gx.py took 2.868 seconds
