[2023-10-16T15:32:17.613+0000] {processor.py:157} INFO - Started process (PID=37) to work on /opt/airflow/dags/sklearn.py
[2023-10-16T15:32:17.615+0000] {processor.py:829} INFO - Processing file /opt/airflow/dags/sklearn.py for tasks to queue
[2023-10-16T15:32:17.619+0000] {logging_mixin.py:151} INFO - [2023-10-16T15:32:17.618+0000] {dagbag.py:539} INFO - Filling up the DagBag from /opt/airflow/dags/sklearn.py
[2023-10-16T15:32:18.188+0000] {processor.py:839} INFO - DAG(s) dict_keys(['sklearn']) retrieved from /opt/airflow/dags/sklearn.py
[2023-10-16T15:32:18.233+0000] {logging_mixin.py:151} INFO - [2023-10-16T15:32:18.232+0000] {dag.py:2915} INFO - Sync 1 DAGs
[2023-10-16T15:32:18.254+0000] {logging_mixin.py:151} INFO - [2023-10-16T15:32:18.254+0000] {dag.py:3696} INFO - Setting next_dagrun for sklearn to None, run_after=None
[2023-10-16T15:32:18.283+0000] {processor.py:179} INFO - Processing /opt/airflow/dags/sklearn.py took 0.675 seconds
[2023-10-16T15:32:48.817+0000] {processor.py:157} INFO - Started process (PID=56) to work on /opt/airflow/dags/sklearn.py
[2023-10-16T15:32:48.818+0000] {processor.py:829} INFO - Processing file /opt/airflow/dags/sklearn.py for tasks to queue
[2023-10-16T15:32:48.823+0000] {logging_mixin.py:151} INFO - [2023-10-16T15:32:48.822+0000] {dagbag.py:539} INFO - Filling up the DagBag from /opt/airflow/dags/sklearn.py
[2023-10-16T15:32:49.097+0000] {processor.py:839} INFO - DAG(s) dict_keys(['sklearn']) retrieved from /opt/airflow/dags/sklearn.py
[2023-10-16T15:32:49.127+0000] {logging_mixin.py:151} INFO - [2023-10-16T15:32:49.126+0000] {dag.py:2915} INFO - Sync 1 DAGs
[2023-10-16T15:32:49.144+0000] {logging_mixin.py:151} INFO - [2023-10-16T15:32:49.144+0000] {dag.py:3696} INFO - Setting next_dagrun for sklearn to None, run_after=None
[2023-10-16T15:32:49.182+0000] {processor.py:179} INFO - Processing /opt/airflow/dags/sklearn.py took 0.371 seconds
[2023-10-16T15:33:19.216+0000] {processor.py:157} INFO - Started process (PID=76) to work on /opt/airflow/dags/sklearn.py
[2023-10-16T15:33:19.217+0000] {processor.py:829} INFO - Processing file /opt/airflow/dags/sklearn.py for tasks to queue
[2023-10-16T15:33:19.220+0000] {logging_mixin.py:151} INFO - [2023-10-16T15:33:19.220+0000] {dagbag.py:539} INFO - Filling up the DagBag from /opt/airflow/dags/sklearn.py
[2023-10-16T15:33:19.499+0000] {processor.py:839} INFO - DAG(s) dict_keys(['sklearn']) retrieved from /opt/airflow/dags/sklearn.py
[2023-10-16T15:33:19.528+0000] {logging_mixin.py:151} INFO - [2023-10-16T15:33:19.528+0000] {dag.py:2915} INFO - Sync 1 DAGs
[2023-10-16T15:33:19.546+0000] {logging_mixin.py:151} INFO - [2023-10-16T15:33:19.546+0000] {dag.py:3696} INFO - Setting next_dagrun for sklearn to None, run_after=None
[2023-10-16T15:33:19.568+0000] {processor.py:179} INFO - Processing /opt/airflow/dags/sklearn.py took 0.357 seconds
[2023-10-16T15:33:50.399+0000] {processor.py:157} INFO - Started process (PID=96) to work on /opt/airflow/dags/sklearn.py
[2023-10-16T15:33:50.401+0000] {processor.py:829} INFO - Processing file /opt/airflow/dags/sklearn.py for tasks to queue
[2023-10-16T15:33:50.404+0000] {logging_mixin.py:151} INFO - [2023-10-16T15:33:50.404+0000] {dagbag.py:539} INFO - Filling up the DagBag from /opt/airflow/dags/sklearn.py
[2023-10-16T15:33:50.739+0000] {processor.py:839} INFO - DAG(s) dict_keys(['sklearn']) retrieved from /opt/airflow/dags/sklearn.py
[2023-10-16T15:33:50.774+0000] {logging_mixin.py:151} INFO - [2023-10-16T15:33:50.773+0000] {dag.py:2915} INFO - Sync 1 DAGs
[2023-10-16T15:33:50.791+0000] {logging_mixin.py:151} INFO - [2023-10-16T15:33:50.791+0000] {dag.py:3696} INFO - Setting next_dagrun for sklearn to None, run_after=None
[2023-10-16T15:33:50.826+0000] {processor.py:179} INFO - Processing /opt/airflow/dags/sklearn.py took 0.432 seconds
[2023-10-16T15:34:20.894+0000] {processor.py:157} INFO - Started process (PID=116) to work on /opt/airflow/dags/sklearn.py
[2023-10-16T15:34:20.895+0000] {processor.py:829} INFO - Processing file /opt/airflow/dags/sklearn.py for tasks to queue
[2023-10-16T15:34:20.899+0000] {logging_mixin.py:151} INFO - [2023-10-16T15:34:20.898+0000] {dagbag.py:539} INFO - Filling up the DagBag from /opt/airflow/dags/sklearn.py
[2023-10-16T15:34:21.161+0000] {processor.py:839} INFO - DAG(s) dict_keys(['sklearn']) retrieved from /opt/airflow/dags/sklearn.py
[2023-10-16T15:34:21.189+0000] {logging_mixin.py:151} INFO - [2023-10-16T15:34:21.189+0000] {dag.py:2915} INFO - Sync 1 DAGs
[2023-10-16T15:34:21.204+0000] {logging_mixin.py:151} INFO - [2023-10-16T15:34:21.204+0000] {dag.py:3696} INFO - Setting next_dagrun for sklearn to None, run_after=None
[2023-10-16T15:34:21.234+0000] {processor.py:179} INFO - Processing /opt/airflow/dags/sklearn.py took 0.345 seconds
