[2023-10-11T04:38:55.805+0000] {taskinstance.py:1157} INFO - Dependencies all met for dep_context=non-requeueable deps ti=<TaskInstance: docker.virtualenv_python manual__2023-10-11T04:38:53.533787+00:00 [queued]>
[2023-10-11T04:38:55.810+0000] {taskinstance.py:1157} INFO - Dependencies all met for dep_context=requeueable deps ti=<TaskInstance: docker.virtualenv_python manual__2023-10-11T04:38:53.533787+00:00 [queued]>
[2023-10-11T04:38:55.810+0000] {taskinstance.py:1359} INFO - Starting attempt 1 of 1
[2023-10-11T04:38:55.816+0000] {taskinstance.py:1380} INFO - Executing <Task(_PythonVirtualenvDecoratedOperator): virtualenv_python> on 2023-10-11 04:38:53.533787+00:00
[2023-10-11T04:38:55.820+0000] {standard_task_runner.py:57} INFO - Started process 352 to run task
[2023-10-11T04:38:55.822+0000] {standard_task_runner.py:84} INFO - Running: ['***', 'tasks', 'run', 'docker', 'virtualenv_python', 'manual__2023-10-11T04:38:53.533787+00:00', '--job-id', '1410', '--raw', '--subdir', 'DAGS_FOLDER/docker.py', '--cfg-path', '/tmp/tmpgpjosqdf']
[2023-10-11T04:38:55.823+0000] {standard_task_runner.py:85} INFO - Job 1410: Subtask virtualenv_python
[2023-10-11T04:38:55.847+0000] {task_command.py:415} INFO - Running <TaskInstance: docker.virtualenv_python manual__2023-10-11T04:38:53.533787+00:00 [running]> on host 1e16ce4c9e98
[2023-10-11T04:38:55.883+0000] {taskinstance.py:1660} INFO - Exporting env vars: AIRFLOW_CTX_DAG_OWNER='***' AIRFLOW_CTX_DAG_ID='docker' AIRFLOW_CTX_TASK_ID='virtualenv_python' AIRFLOW_CTX_EXECUTION_DATE='2023-10-11T04:38:53.533787+00:00' AIRFLOW_CTX_TRY_NUMBER='1' AIRFLOW_CTX_DAG_RUN_ID='manual__2023-10-11T04:38:53.533787+00:00'
[2023-10-11T04:38:55.884+0000] {process_utils.py:182} INFO - Executing cmd: /usr/local/bin/python -m virtualenv /tmp/venvsuom2kjq
[2023-10-11T04:38:55.893+0000] {process_utils.py:186} INFO - Output:
[2023-10-11T04:38:56.671+0000] {process_utils.py:190} INFO - created virtual environment CPython3.8.18.final.0-64 in 279ms
[2023-10-11T04:38:56.671+0000] {process_utils.py:190} INFO -   creator CPython3Posix(dest=/tmp/venvsuom2kjq, clear=False, no_vcs_ignore=False, global=False)
[2023-10-11T04:38:56.671+0000] {process_utils.py:190} INFO -   seeder FromAppData(download=False, pip=bundle, setuptools=bundle, wheel=bundle, via=copy, app_data_dir=/tmp/tmpmh0ngdj7)
[2023-10-11T04:38:56.672+0000] {process_utils.py:190} INFO -     added seed packages: pip==23.2, setuptools==68.0.0, wheel==0.40.0
[2023-10-11T04:38:56.672+0000] {process_utils.py:190} INFO -   activators BashActivator,CShellActivator,FishActivator,NushellActivator,PowerShellActivator,PythonActivator
[2023-10-11T04:38:56.695+0000] {process_utils.py:182} INFO - Executing cmd: /tmp/venvsuom2kjq/bin/pip install -r /tmp/venvsuom2kjq/requirements.txt
[2023-10-11T04:38:56.705+0000] {process_utils.py:186} INFO - Output:
[2023-10-11T04:38:57.527+0000] {process_utils.py:190} INFO - WARNING: The directory '/home/***/.cache/pip' or its parent directory is not owned or is not writable by the current user. The cache has been disabled. Check the permissions and owner of that directory. If executing pip with sudo, you should use sudo's -H flag.
[2023-10-11T04:38:57.744+0000] {process_utils.py:190} INFO - Collecting lightgbm==4.1.0 (from -r /tmp/venvsuom2kjq/requirements.txt (line 1))
[2023-10-11T04:38:57.744+0000] {process_utils.py:190} INFO -   Obtaining dependency information for lightgbm==4.1.0 from https://files.pythonhosted.org/packages/b8/9d/1ce80cee7c5ef60f2fcc7e9fa97f29f7a8de3dc5a08922b3b2f1e9106481/lightgbm-4.1.0-py3-none-manylinux_2_28_x86_64.whl.metadata
[2023-10-11T04:38:57.882+0000] {process_utils.py:190} INFO -   Downloading lightgbm-4.1.0-py3-none-manylinux_2_28_x86_64.whl.metadata (19 kB)
[2023-10-11T04:38:58.157+0000] {process_utils.py:190} INFO - Collecting pandas==2.0.3 (from -r /tmp/venvsuom2kjq/requirements.txt (line 2))
[2023-10-11T04:38:58.157+0000] {process_utils.py:190} INFO -   Obtaining dependency information for pandas==2.0.3 from https://files.pythonhosted.org/packages/f8/7f/5b047effafbdd34e52c9e2d7e44f729a0655efafb22198c45cf692cdc157/pandas-2.0.3-cp38-cp38-manylinux_2_17_x86_64.manylinux2014_x86_64.whl.metadata
[2023-10-11T04:38:58.193+0000] {process_utils.py:190} INFO -   Downloading pandas-2.0.3-cp38-cp38-manylinux_2_17_x86_64.manylinux2014_x86_64.whl.metadata (18 kB)
[2023-10-11T04:38:58.510+0000] {process_utils.py:190} INFO - Collecting numpy (from lightgbm==4.1.0->-r /tmp/venvsuom2kjq/requirements.txt (line 1))
[2023-10-11T04:38:58.510+0000] {process_utils.py:190} INFO -   Obtaining dependency information for numpy from https://files.pythonhosted.org/packages/98/5d/5738903efe0ecb73e51eb44feafba32bdba2081263d40c5043568ff60faf/numpy-1.24.4-cp38-cp38-manylinux_2_17_x86_64.manylinux2014_x86_64.whl.metadata
[2023-10-11T04:38:58.546+0000] {process_utils.py:190} INFO -   Downloading numpy-1.24.4-cp38-cp38-manylinux_2_17_x86_64.manylinux2014_x86_64.whl.metadata (5.6 kB)
[2023-10-11T04:38:58.714+0000] {process_utils.py:190} INFO - Collecting scipy (from lightgbm==4.1.0->-r /tmp/venvsuom2kjq/requirements.txt (line 1))
[2023-10-11T04:38:58.753+0000] {process_utils.py:190} INFO -   Downloading scipy-1.10.1-cp38-cp38-manylinux_2_17_x86_64.manylinux2014_x86_64.whl (34.5 MB)
[2023-10-11T04:39:01.793+0000] {process_utils.py:190} INFO -      ━━━━━━━━━━━━━━━━━━━━━━━━━━━━━━━━━━━━━━━━ 34.5/34.5 MB 11.7 MB/s eta 0:00:00
[2023-10-11T04:39:01.940+0000] {process_utils.py:190} INFO - Collecting python-dateutil>=2.8.2 (from pandas==2.0.3->-r /tmp/venvsuom2kjq/requirements.txt (line 2))
[2023-10-11T04:39:01.978+0000] {process_utils.py:190} INFO -   Downloading python_dateutil-2.8.2-py2.py3-none-any.whl (247 kB)
[2023-10-11T04:39:02.000+0000] {process_utils.py:190} INFO -      ━━━━━━━━━━━━━━━━━━━━━━━━━━━━━━━━━━━━━━ 247.7/247.7 kB 12.0 MB/s eta 0:00:00
[2023-10-11T04:39:02.108+0000] {process_utils.py:190} INFO - Collecting pytz>=2020.1 (from pandas==2.0.3->-r /tmp/venvsuom2kjq/requirements.txt (line 2))
[2023-10-11T04:39:02.108+0000] {process_utils.py:190} INFO -   Obtaining dependency information for pytz>=2020.1 from https://files.pythonhosted.org/packages/32/4d/aaf7eff5deb402fd9a24a1449a8119f00d74ae9c2efa79f8ef9994261fc2/pytz-2023.3.post1-py2.py3-none-any.whl.metadata
[2023-10-11T04:39:02.145+0000] {process_utils.py:190} INFO -   Downloading pytz-2023.3.post1-py2.py3-none-any.whl.metadata (22 kB)
[2023-10-11T04:39:02.194+0000] {process_utils.py:190} INFO - Collecting tzdata>=2022.1 (from pandas==2.0.3->-r /tmp/venvsuom2kjq/requirements.txt (line 2))
[2023-10-11T04:39:02.231+0000] {process_utils.py:190} INFO -   Downloading tzdata-2023.3-py2.py3-none-any.whl (341 kB)
[2023-10-11T04:39:02.262+0000] {process_utils.py:190} INFO -      ━━━━━━━━━━━━━━━━━━━━━━━━━━━━━━━━━━━━━━ 341.8/341.8 kB 11.9 MB/s eta 0:00:00
[2023-10-11T04:39:02.330+0000] {process_utils.py:190} INFO - Collecting six>=1.5 (from python-dateutil>=2.8.2->pandas==2.0.3->-r /tmp/venvsuom2kjq/requirements.txt (line 2))
[2023-10-11T04:39:02.367+0000] {process_utils.py:190} INFO -   Downloading six-1.16.0-py2.py3-none-any.whl (11 kB)
[2023-10-11T04:39:02.445+0000] {process_utils.py:190} INFO - Downloading lightgbm-4.1.0-py3-none-manylinux_2_28_x86_64.whl (3.1 MB)
[2023-10-11T04:39:02.733+0000] {process_utils.py:190} INFO -    ━━━━━━━━━━━━━━━━━━━━━━━━━━━━━━━━━━━━━━━━ 3.1/3.1 MB 10.6 MB/s eta 0:00:00
[2023-10-11T04:39:02.771+0000] {process_utils.py:190} INFO - Downloading pandas-2.0.3-cp38-cp38-manylinux_2_17_x86_64.manylinux2014_x86_64.whl (12.4 MB)
[2023-10-11T04:39:04.055+0000] {process_utils.py:190} INFO -    ━━━━━━━━━━━━━━━━━━━━━━━━━━━━━━━━━━━━━━━━ 12.4/12.4 MB 9.9 MB/s eta 0:00:00
[2023-10-11T04:39:04.092+0000] {process_utils.py:190} INFO - Downloading numpy-1.24.4-cp38-cp38-manylinux_2_17_x86_64.manylinux2014_x86_64.whl (17.3 MB)
[2023-10-11T04:39:05.705+0000] {process_utils.py:190} INFO -    ━━━━━━━━━━━━━━━━━━━━━━━━━━━━━━━━━━━━━━━━ 17.3/17.3 MB 10.9 MB/s eta 0:00:00
[2023-10-11T04:39:05.743+0000] {process_utils.py:190} INFO - Downloading pytz-2023.3.post1-py2.py3-none-any.whl (502 kB)
[2023-10-11T04:39:05.789+0000] {process_utils.py:190} INFO -    ━━━━━━━━━━━━━━━━━━━━━━━━━━━━━━━━━━━━━━━━ 502.5/502.5 kB 11.3 MB/s eta 0:00:00
[2023-10-11T04:39:05.960+0000] {process_utils.py:190} INFO - Installing collected packages: pytz, tzdata, six, numpy, scipy, python-dateutil, pandas, lightgbm
[2023-10-11T04:39:11.589+0000] {process_utils.py:190} INFO - Successfully installed lightgbm-4.1.0 numpy-1.24.4 pandas-2.0.3 python-dateutil-2.8.2 pytz-2023.3.post1 scipy-1.10.1 six-1.16.0 tzdata-2023.3
[2023-10-11T04:39:11.765+0000] {process_utils.py:190} INFO - 
[2023-10-11T04:39:11.765+0000] {process_utils.py:190} INFO - [notice] A new release of pip is available: 23.2 -> 23.2.1
[2023-10-11T04:39:11.765+0000] {process_utils.py:190} INFO - [notice] To update, run: python -m pip install --upgrade pip
[2023-10-11T04:39:11.845+0000] {process_utils.py:182} INFO - Executing cmd: /tmp/venvsuom2kjq/bin/python /tmp/venvsuom2kjq/script.py /tmp/venvsuom2kjq/script.in /tmp/venvsuom2kjq/script.out /tmp/venvsuom2kjq/string_args.txt /tmp/venvsuom2kjq/termination.log
[2023-10-11T04:39:11.857+0000] {process_utils.py:186} INFO - Output:
[2023-10-11T04:39:12.215+0000] {process_utils.py:190} INFO - Traceback (most recent call last):
[2023-10-11T04:39:12.215+0000] {process_utils.py:190} INFO -   File "/tmp/venvsuom2kjq/script.py", line 85, in <module>
[2023-10-11T04:39:12.215+0000] {process_utils.py:190} INFO -     res = train_task(*arg_dict["args"], **arg_dict["kwargs"])
[2023-10-11T04:39:12.215+0000] {process_utils.py:190} INFO -   File "/tmp/venvsuom2kjq/script.py", line 27, in train_task
[2023-10-11T04:39:12.215+0000] {process_utils.py:190} INFO -     from sklearn.metrics import mean_squared_error
[2023-10-11T04:39:12.215+0000] {process_utils.py:190} INFO - ModuleNotFoundError: No module named 'sklearn'
[2023-10-11T04:39:12.506+0000] {taskinstance.py:1935} ERROR - Task failed with exception
Traceback (most recent call last):
  File "/home/airflow/.local/lib/python3.8/site-packages/airflow/decorators/base.py", line 221, in execute
    return_value = super().execute(context)
  File "/home/airflow/.local/lib/python3.8/site-packages/airflow/operators/python.py", line 395, in execute
    return super().execute(context=serializable_context)
  File "/home/airflow/.local/lib/python3.8/site-packages/airflow/operators/python.py", line 192, in execute
    return_value = self.execute_callable()
  File "/home/airflow/.local/lib/python3.8/site-packages/airflow/operators/python.py", line 602, in execute_callable
    result = self._execute_python_callable_in_subprocess(python_path, tmp_path)
  File "/home/airflow/.local/lib/python3.8/site-packages/airflow/operators/python.py", line 463, in _execute_python_callable_in_subprocess
    raise AirflowException(error_msg) from None
airflow.exceptions.AirflowException: Process returned non-zero exit status 1.
No module named 'sklearn'
[2023-10-11T04:39:12.508+0000] {taskinstance.py:1398} INFO - Marking task as FAILED. dag_id=docker, task_id=virtualenv_python, execution_date=20231011T043853, start_date=20231011T043855, end_date=20231011T043912
[2023-10-11T04:39:12.516+0000] {standard_task_runner.py:104} ERROR - Failed to execute job 1410 for task virtualenv_python (Process returned non-zero exit status 1.
No module named 'sklearn'; 352)
[2023-10-11T04:39:12.533+0000] {local_task_job_runner.py:228} INFO - Task exited with return code 1
[2023-10-11T04:39:12.543+0000] {taskinstance.py:2776} INFO - 0 downstream tasks scheduled from follow-on schedule check
