[2023-11-09T09:35:12.905+0000] {processor.py:157} INFO - Started process (PID=758) to work on /opt/airflow/dags/catboost/docker.py
[2023-11-09T09:35:12.906+0000] {processor.py:829} INFO - Processing file /opt/airflow/dags/catboost/docker.py for tasks to queue
[2023-11-09T09:35:12.910+0000] {logging_mixin.py:151} INFO - [2023-11-09T09:35:12.909+0000] {dagbag.py:539} INFO - Filling up the DagBag from /opt/airflow/dags/catboost/docker.py
[2023-11-09T09:35:12.920+0000] {processor.py:839} INFO - DAG(s) dict_keys(['docker']) retrieved from /opt/airflow/dags/catboost/docker.py
[2023-11-09T09:35:13.056+0000] {logging_mixin.py:151} INFO - [2023-11-09T09:35:13.056+0000] {security.py:708} INFO - Not syncing DAG-level permissions for DAG 'DAG:docker' as access control is unset.
[2023-11-09T09:35:13.057+0000] {logging_mixin.py:151} INFO - [2023-11-09T09:35:13.057+0000] {dag.py:2915} INFO - Sync 1 DAGs
[2023-11-09T09:35:13.069+0000] {logging_mixin.py:151} INFO - [2023-11-09T09:35:13.068+0000] {dag.py:3696} INFO - Setting next_dagrun for docker to None, run_after=None
[2023-11-09T09:35:13.088+0000] {processor.py:179} INFO - Processing /opt/airflow/dags/catboost/docker.py took 0.188 seconds
[2023-11-09T09:35:43.171+0000] {processor.py:157} INFO - Started process (PID=773) to work on /opt/airflow/dags/catboost/docker.py
[2023-11-09T09:35:43.173+0000] {processor.py:829} INFO - Processing file /opt/airflow/dags/catboost/docker.py for tasks to queue
[2023-11-09T09:35:43.177+0000] {logging_mixin.py:151} INFO - [2023-11-09T09:35:43.177+0000] {dagbag.py:539} INFO - Filling up the DagBag from /opt/airflow/dags/catboost/docker.py
[2023-11-09T09:35:43.193+0000] {processor.py:839} INFO - DAG(s) dict_keys(['docker']) retrieved from /opt/airflow/dags/catboost/docker.py
[2023-11-09T09:35:43.231+0000] {logging_mixin.py:151} INFO - [2023-11-09T09:35:43.230+0000] {dag.py:2915} INFO - Sync 1 DAGs
[2023-11-09T09:35:43.248+0000] {logging_mixin.py:151} INFO - [2023-11-09T09:35:43.248+0000] {dag.py:3696} INFO - Setting next_dagrun for docker to None, run_after=None
[2023-11-09T09:35:43.278+0000] {processor.py:179} INFO - Processing /opt/airflow/dags/catboost/docker.py took 0.114 seconds
[2023-11-09T09:36:13.585+0000] {processor.py:157} INFO - Started process (PID=798) to work on /opt/airflow/dags/catboost/docker.py
[2023-11-09T09:36:13.586+0000] {processor.py:829} INFO - Processing file /opt/airflow/dags/catboost/docker.py for tasks to queue
[2023-11-09T09:36:13.589+0000] {logging_mixin.py:151} INFO - [2023-11-09T09:36:13.588+0000] {dagbag.py:539} INFO - Filling up the DagBag from /opt/airflow/dags/catboost/docker.py
[2023-11-09T09:36:13.597+0000] {processor.py:839} INFO - DAG(s) dict_keys(['docker']) retrieved from /opt/airflow/dags/catboost/docker.py
[2023-11-09T09:36:13.610+0000] {logging_mixin.py:151} INFO - [2023-11-09T09:36:13.610+0000] {dag.py:2915} INFO - Sync 1 DAGs
[2023-11-09T09:36:13.627+0000] {logging_mixin.py:151} INFO - [2023-11-09T09:36:13.626+0000] {dag.py:3696} INFO - Setting next_dagrun for docker to None, run_after=None
[2023-11-09T09:36:13.660+0000] {processor.py:179} INFO - Processing /opt/airflow/dags/catboost/docker.py took 0.079 seconds
[2023-11-09T09:36:43.983+0000] {processor.py:157} INFO - Started process (PID=826) to work on /opt/airflow/dags/catboost/docker.py
[2023-11-09T09:36:43.984+0000] {processor.py:829} INFO - Processing file /opt/airflow/dags/catboost/docker.py for tasks to queue
[2023-11-09T09:36:43.988+0000] {logging_mixin.py:151} INFO - [2023-11-09T09:36:43.987+0000] {dagbag.py:539} INFO - Filling up the DagBag from /opt/airflow/dags/catboost/docker.py
[2023-11-09T09:36:43.997+0000] {processor.py:839} INFO - DAG(s) dict_keys(['docker']) retrieved from /opt/airflow/dags/catboost/docker.py
[2023-11-09T09:36:44.105+0000] {logging_mixin.py:151} INFO - [2023-11-09T09:36:44.105+0000] {security.py:708} INFO - Not syncing DAG-level permissions for DAG 'DAG:docker' as access control is unset.
[2023-11-09T09:36:44.106+0000] {logging_mixin.py:151} INFO - [2023-11-09T09:36:44.106+0000] {dag.py:2915} INFO - Sync 1 DAGs
[2023-11-09T09:36:44.117+0000] {logging_mixin.py:151} INFO - [2023-11-09T09:36:44.117+0000] {dag.py:3696} INFO - Setting next_dagrun for docker to None, run_after=None
[2023-11-09T09:36:44.146+0000] {processor.py:179} INFO - Processing /opt/airflow/dags/catboost/docker.py took 0.168 seconds
[2023-11-09T09:37:14.504+0000] {processor.py:157} INFO - Started process (PID=853) to work on /opt/airflow/dags/catboost/docker.py
[2023-11-09T09:37:14.505+0000] {processor.py:829} INFO - Processing file /opt/airflow/dags/catboost/docker.py for tasks to queue
[2023-11-09T09:37:14.509+0000] {logging_mixin.py:151} INFO - [2023-11-09T09:37:14.508+0000] {dagbag.py:539} INFO - Filling up the DagBag from /opt/airflow/dags/catboost/docker.py
[2023-11-09T09:37:14.518+0000] {processor.py:839} INFO - DAG(s) dict_keys(['docker']) retrieved from /opt/airflow/dags/catboost/docker.py
[2023-11-09T09:37:14.549+0000] {logging_mixin.py:151} INFO - [2023-11-09T09:37:14.549+0000] {dag.py:2915} INFO - Sync 1 DAGs
[2023-11-09T09:37:14.564+0000] {logging_mixin.py:151} INFO - [2023-11-09T09:37:14.563+0000] {dag.py:3696} INFO - Setting next_dagrun for docker to None, run_after=None
[2023-11-09T09:37:14.593+0000] {processor.py:179} INFO - Processing /opt/airflow/dags/catboost/docker.py took 0.093 seconds
[2023-11-09T09:37:44.794+0000] {processor.py:157} INFO - Started process (PID=880) to work on /opt/airflow/dags/catboost/docker.py
[2023-11-09T09:37:44.795+0000] {processor.py:829} INFO - Processing file /opt/airflow/dags/catboost/docker.py for tasks to queue
[2023-11-09T09:37:44.798+0000] {logging_mixin.py:151} INFO - [2023-11-09T09:37:44.798+0000] {dagbag.py:539} INFO - Filling up the DagBag from /opt/airflow/dags/catboost/docker.py
[2023-11-09T09:37:44.807+0000] {processor.py:839} INFO - DAG(s) dict_keys(['docker']) retrieved from /opt/airflow/dags/catboost/docker.py
[2023-11-09T09:37:44.819+0000] {logging_mixin.py:151} INFO - [2023-11-09T09:37:44.819+0000] {dag.py:2915} INFO - Sync 1 DAGs
[2023-11-09T09:37:44.834+0000] {logging_mixin.py:151} INFO - [2023-11-09T09:37:44.834+0000] {dag.py:3696} INFO - Setting next_dagrun for docker to None, run_after=None
[2023-11-09T09:37:44.863+0000] {processor.py:179} INFO - Processing /opt/airflow/dags/catboost/docker.py took 0.073 seconds
[2023-11-09T09:38:15.065+0000] {processor.py:157} INFO - Started process (PID=907) to work on /opt/airflow/dags/catboost/docker.py
[2023-11-09T09:38:15.066+0000] {processor.py:829} INFO - Processing file /opt/airflow/dags/catboost/docker.py for tasks to queue
[2023-11-09T09:38:15.069+0000] {logging_mixin.py:151} INFO - [2023-11-09T09:38:15.068+0000] {dagbag.py:539} INFO - Filling up the DagBag from /opt/airflow/dags/catboost/docker.py
[2023-11-09T09:38:15.077+0000] {processor.py:839} INFO - DAG(s) dict_keys(['docker']) retrieved from /opt/airflow/dags/catboost/docker.py
[2023-11-09T09:38:15.183+0000] {logging_mixin.py:151} INFO - [2023-11-09T09:38:15.182+0000] {security.py:708} INFO - Not syncing DAG-level permissions for DAG 'DAG:docker' as access control is unset.
[2023-11-09T09:38:15.183+0000] {logging_mixin.py:151} INFO - [2023-11-09T09:38:15.183+0000] {dag.py:2915} INFO - Sync 1 DAGs
[2023-11-09T09:38:15.198+0000] {logging_mixin.py:151} INFO - [2023-11-09T09:38:15.197+0000] {dag.py:3696} INFO - Setting next_dagrun for docker to None, run_after=None
[2023-11-09T09:38:15.218+0000] {processor.py:179} INFO - Processing /opt/airflow/dags/catboost/docker.py took 0.156 seconds
[2023-11-09T09:38:45.668+0000] {processor.py:157} INFO - Started process (PID=934) to work on /opt/airflow/dags/catboost/docker.py
[2023-11-09T09:38:45.671+0000] {processor.py:829} INFO - Processing file /opt/airflow/dags/catboost/docker.py for tasks to queue
[2023-11-09T09:38:45.676+0000] {logging_mixin.py:151} INFO - [2023-11-09T09:38:45.676+0000] {dagbag.py:539} INFO - Filling up the DagBag from /opt/airflow/dags/catboost/docker.py
[2023-11-09T09:38:45.686+0000] {processor.py:839} INFO - DAG(s) dict_keys(['docker']) retrieved from /opt/airflow/dags/catboost/docker.py
[2023-11-09T09:38:45.716+0000] {logging_mixin.py:151} INFO - [2023-11-09T09:38:45.716+0000] {dag.py:2915} INFO - Sync 1 DAGs
[2023-11-09T09:38:45.731+0000] {logging_mixin.py:151} INFO - [2023-11-09T09:38:45.730+0000] {dag.py:3696} INFO - Setting next_dagrun for docker to None, run_after=None
[2023-11-09T09:38:45.760+0000] {processor.py:179} INFO - Processing /opt/airflow/dags/catboost/docker.py took 0.108 seconds
[2023-11-09T09:39:16.010+0000] {processor.py:157} INFO - Started process (PID=961) to work on /opt/airflow/dags/catboost/docker.py
[2023-11-09T09:39:16.011+0000] {processor.py:829} INFO - Processing file /opt/airflow/dags/catboost/docker.py for tasks to queue
[2023-11-09T09:39:16.015+0000] {logging_mixin.py:151} INFO - [2023-11-09T09:39:16.015+0000] {dagbag.py:539} INFO - Filling up the DagBag from /opt/airflow/dags/catboost/docker.py
[2023-11-09T09:39:16.027+0000] {processor.py:839} INFO - DAG(s) dict_keys(['docker']) retrieved from /opt/airflow/dags/catboost/docker.py
[2023-11-09T09:39:16.040+0000] {logging_mixin.py:151} INFO - [2023-11-09T09:39:16.040+0000] {dag.py:2915} INFO - Sync 1 DAGs
[2023-11-09T09:39:16.057+0000] {logging_mixin.py:151} INFO - [2023-11-09T09:39:16.057+0000] {dag.py:3696} INFO - Setting next_dagrun for docker to None, run_after=None
[2023-11-09T09:39:16.076+0000] {processor.py:179} INFO - Processing /opt/airflow/dags/catboost/docker.py took 0.070 seconds
[2023-11-09T09:39:46.429+0000] {processor.py:157} INFO - Started process (PID=988) to work on /opt/airflow/dags/catboost/docker.py
[2023-11-09T09:39:46.430+0000] {processor.py:829} INFO - Processing file /opt/airflow/dags/catboost/docker.py for tasks to queue
[2023-11-09T09:39:46.433+0000] {logging_mixin.py:151} INFO - [2023-11-09T09:39:46.432+0000] {dagbag.py:539} INFO - Filling up the DagBag from /opt/airflow/dags/catboost/docker.py
[2023-11-09T09:39:46.441+0000] {processor.py:839} INFO - DAG(s) dict_keys(['docker']) retrieved from /opt/airflow/dags/catboost/docker.py
[2023-11-09T09:39:46.546+0000] {logging_mixin.py:151} INFO - [2023-11-09T09:39:46.546+0000] {security.py:708} INFO - Not syncing DAG-level permissions for DAG 'DAG:docker' as access control is unset.
[2023-11-09T09:39:46.547+0000] {logging_mixin.py:151} INFO - [2023-11-09T09:39:46.546+0000] {dag.py:2915} INFO - Sync 1 DAGs
[2023-11-09T09:39:46.558+0000] {logging_mixin.py:151} INFO - [2023-11-09T09:39:46.558+0000] {dag.py:3696} INFO - Setting next_dagrun for docker to None, run_after=None
[2023-11-09T09:39:46.609+0000] {processor.py:179} INFO - Processing /opt/airflow/dags/catboost/docker.py took 0.184 seconds
[2023-11-09T09:40:16.909+0000] {processor.py:157} INFO - Started process (PID=1015) to work on /opt/airflow/dags/catboost/docker.py
[2023-11-09T09:40:16.912+0000] {processor.py:829} INFO - Processing file /opt/airflow/dags/catboost/docker.py for tasks to queue
[2023-11-09T09:40:16.917+0000] {logging_mixin.py:151} INFO - [2023-11-09T09:40:16.917+0000] {dagbag.py:539} INFO - Filling up the DagBag from /opt/airflow/dags/catboost/docker.py
[2023-11-09T09:40:16.926+0000] {processor.py:839} INFO - DAG(s) dict_keys(['docker']) retrieved from /opt/airflow/dags/catboost/docker.py
[2023-11-09T09:40:16.955+0000] {logging_mixin.py:151} INFO - [2023-11-09T09:40:16.954+0000] {dag.py:2915} INFO - Sync 1 DAGs
[2023-11-09T09:40:16.969+0000] {logging_mixin.py:151} INFO - [2023-11-09T09:40:16.969+0000] {dag.py:3696} INFO - Setting next_dagrun for docker to None, run_after=None
[2023-11-09T09:40:16.997+0000] {processor.py:179} INFO - Processing /opt/airflow/dags/catboost/docker.py took 0.101 seconds
[2023-11-09T09:40:47.500+0000] {processor.py:157} INFO - Started process (PID=1042) to work on /opt/airflow/dags/catboost/docker.py
[2023-11-09T09:40:47.501+0000] {processor.py:829} INFO - Processing file /opt/airflow/dags/catboost/docker.py for tasks to queue
[2023-11-09T09:40:47.505+0000] {logging_mixin.py:151} INFO - [2023-11-09T09:40:47.504+0000] {dagbag.py:539} INFO - Filling up the DagBag from /opt/airflow/dags/catboost/docker.py
[2023-11-09T09:40:47.516+0000] {processor.py:839} INFO - DAG(s) dict_keys(['docker']) retrieved from /opt/airflow/dags/catboost/docker.py
[2023-11-09T09:40:47.530+0000] {logging_mixin.py:151} INFO - [2023-11-09T09:40:47.529+0000] {dag.py:2915} INFO - Sync 1 DAGs
[2023-11-09T09:40:47.546+0000] {logging_mixin.py:151} INFO - [2023-11-09T09:40:47.546+0000] {dag.py:3696} INFO - Setting next_dagrun for docker to None, run_after=None
[2023-11-09T09:40:47.585+0000] {processor.py:179} INFO - Processing /opt/airflow/dags/catboost/docker.py took 0.089 seconds
[2023-11-09T09:41:18.065+0000] {processor.py:157} INFO - Started process (PID=1057) to work on /opt/airflow/dags/catboost/docker.py
[2023-11-09T09:41:18.066+0000] {processor.py:829} INFO - Processing file /opt/airflow/dags/catboost/docker.py for tasks to queue
[2023-11-09T09:41:18.069+0000] {logging_mixin.py:151} INFO - [2023-11-09T09:41:18.069+0000] {dagbag.py:539} INFO - Filling up the DagBag from /opt/airflow/dags/catboost/docker.py
[2023-11-09T09:41:18.077+0000] {processor.py:839} INFO - DAG(s) dict_keys(['docker']) retrieved from /opt/airflow/dags/catboost/docker.py
[2023-11-09T09:41:18.184+0000] {logging_mixin.py:151} INFO - [2023-11-09T09:41:18.184+0000] {security.py:708} INFO - Not syncing DAG-level permissions for DAG 'DAG:docker' as access control is unset.
[2023-11-09T09:41:18.185+0000] {logging_mixin.py:151} INFO - [2023-11-09T09:41:18.184+0000] {dag.py:2915} INFO - Sync 1 DAGs
[2023-11-09T09:41:18.198+0000] {logging_mixin.py:151} INFO - [2023-11-09T09:41:18.197+0000] {dag.py:3696} INFO - Setting next_dagrun for docker to None, run_after=None
[2023-11-09T09:41:18.228+0000] {processor.py:179} INFO - Processing /opt/airflow/dags/catboost/docker.py took 0.166 seconds
[2023-11-09T09:41:48.467+0000] {processor.py:157} INFO - Started process (PID=1082) to work on /opt/airflow/dags/catboost/docker.py
[2023-11-09T09:41:48.468+0000] {processor.py:829} INFO - Processing file /opt/airflow/dags/catboost/docker.py for tasks to queue
[2023-11-09T09:41:48.471+0000] {logging_mixin.py:151} INFO - [2023-11-09T09:41:48.471+0000] {dagbag.py:539} INFO - Filling up the DagBag from /opt/airflow/dags/catboost/docker.py
[2023-11-09T09:41:48.482+0000] {processor.py:839} INFO - DAG(s) dict_keys(['docker']) retrieved from /opt/airflow/dags/catboost/docker.py
[2023-11-09T09:41:48.514+0000] {logging_mixin.py:151} INFO - [2023-11-09T09:41:48.513+0000] {dag.py:2915} INFO - Sync 1 DAGs
[2023-11-09T09:41:48.531+0000] {logging_mixin.py:151} INFO - [2023-11-09T09:41:48.530+0000] {dag.py:3696} INFO - Setting next_dagrun for docker to None, run_after=None
[2023-11-09T09:41:48.548+0000] {processor.py:179} INFO - Processing /opt/airflow/dags/catboost/docker.py took 0.085 seconds
[2023-11-09T09:42:18.970+0000] {processor.py:157} INFO - Started process (PID=1109) to work on /opt/airflow/dags/catboost/docker.py
[2023-11-09T09:42:18.971+0000] {processor.py:829} INFO - Processing file /opt/airflow/dags/catboost/docker.py for tasks to queue
[2023-11-09T09:42:18.974+0000] {logging_mixin.py:151} INFO - [2023-11-09T09:42:18.974+0000] {dagbag.py:539} INFO - Filling up the DagBag from /opt/airflow/dags/catboost/docker.py
[2023-11-09T09:42:18.982+0000] {processor.py:839} INFO - DAG(s) dict_keys(['docker']) retrieved from /opt/airflow/dags/catboost/docker.py
[2023-11-09T09:42:18.994+0000] {logging_mixin.py:151} INFO - [2023-11-09T09:42:18.993+0000] {dag.py:2915} INFO - Sync 1 DAGs
[2023-11-09T09:42:19.010+0000] {logging_mixin.py:151} INFO - [2023-11-09T09:42:19.009+0000] {dag.py:3696} INFO - Setting next_dagrun for docker to None, run_after=None
[2023-11-09T09:42:19.027+0000] {processor.py:179} INFO - Processing /opt/airflow/dags/catboost/docker.py took 0.060 seconds
[2023-11-09T09:42:49.355+0000] {processor.py:157} INFO - Started process (PID=1136) to work on /opt/airflow/dags/catboost/docker.py
[2023-11-09T09:42:49.356+0000] {processor.py:829} INFO - Processing file /opt/airflow/dags/catboost/docker.py for tasks to queue
[2023-11-09T09:42:49.359+0000] {logging_mixin.py:151} INFO - [2023-11-09T09:42:49.359+0000] {dagbag.py:539} INFO - Filling up the DagBag from /opt/airflow/dags/catboost/docker.py
[2023-11-09T09:42:49.369+0000] {processor.py:839} INFO - DAG(s) dict_keys(['docker']) retrieved from /opt/airflow/dags/catboost/docker.py
[2023-11-09T09:42:49.474+0000] {logging_mixin.py:151} INFO - [2023-11-09T09:42:49.474+0000] {security.py:708} INFO - Not syncing DAG-level permissions for DAG 'DAG:docker' as access control is unset.
[2023-11-09T09:42:49.475+0000] {logging_mixin.py:151} INFO - [2023-11-09T09:42:49.475+0000] {dag.py:2915} INFO - Sync 1 DAGs
[2023-11-09T09:42:49.487+0000] {logging_mixin.py:151} INFO - [2023-11-09T09:42:49.486+0000] {dag.py:3696} INFO - Setting next_dagrun for docker to None, run_after=None
[2023-11-09T09:42:49.505+0000] {processor.py:179} INFO - Processing /opt/airflow/dags/catboost/docker.py took 0.156 seconds
[2023-11-09T09:43:19.578+0000] {processor.py:157} INFO - Started process (PID=1163) to work on /opt/airflow/dags/catboost/docker.py
[2023-11-09T09:43:19.580+0000] {processor.py:829} INFO - Processing file /opt/airflow/dags/catboost/docker.py for tasks to queue
[2023-11-09T09:43:19.583+0000] {logging_mixin.py:151} INFO - [2023-11-09T09:43:19.583+0000] {dagbag.py:539} INFO - Filling up the DagBag from /opt/airflow/dags/catboost/docker.py
[2023-11-09T09:43:19.593+0000] {processor.py:839} INFO - DAG(s) dict_keys(['docker']) retrieved from /opt/airflow/dags/catboost/docker.py
[2023-11-09T09:43:19.622+0000] {logging_mixin.py:151} INFO - [2023-11-09T09:43:19.622+0000] {dag.py:2915} INFO - Sync 1 DAGs
[2023-11-09T09:43:19.636+0000] {logging_mixin.py:151} INFO - [2023-11-09T09:43:19.636+0000] {dag.py:3696} INFO - Setting next_dagrun for docker to None, run_after=None
[2023-11-09T09:43:19.664+0000] {processor.py:179} INFO - Processing /opt/airflow/dags/catboost/docker.py took 0.093 seconds
[2023-11-09T09:43:49.738+0000] {processor.py:157} INFO - Started process (PID=1190) to work on /opt/airflow/dags/catboost/docker.py
[2023-11-09T09:43:49.739+0000] {processor.py:829} INFO - Processing file /opt/airflow/dags/catboost/docker.py for tasks to queue
[2023-11-09T09:43:49.743+0000] {logging_mixin.py:151} INFO - [2023-11-09T09:43:49.742+0000] {dagbag.py:539} INFO - Filling up the DagBag from /opt/airflow/dags/catboost/docker.py
[2023-11-09T09:43:49.756+0000] {processor.py:839} INFO - DAG(s) dict_keys(['docker']) retrieved from /opt/airflow/dags/catboost/docker.py
[2023-11-09T09:43:49.774+0000] {logging_mixin.py:151} INFO - [2023-11-09T09:43:49.773+0000] {dag.py:2915} INFO - Sync 1 DAGs
[2023-11-09T09:43:49.798+0000] {logging_mixin.py:151} INFO - [2023-11-09T09:43:49.798+0000] {dag.py:3696} INFO - Setting next_dagrun for docker to None, run_after=None
[2023-11-09T09:43:49.839+0000] {processor.py:179} INFO - Processing /opt/airflow/dags/catboost/docker.py took 0.107 seconds
[2023-11-09T09:44:20.258+0000] {processor.py:157} INFO - Started process (PID=1217) to work on /opt/airflow/dags/catboost/docker.py
[2023-11-09T09:44:20.259+0000] {processor.py:829} INFO - Processing file /opt/airflow/dags/catboost/docker.py for tasks to queue
[2023-11-09T09:44:20.262+0000] {logging_mixin.py:151} INFO - [2023-11-09T09:44:20.262+0000] {dagbag.py:539} INFO - Filling up the DagBag from /opt/airflow/dags/catboost/docker.py
[2023-11-09T09:44:20.272+0000] {processor.py:839} INFO - DAG(s) dict_keys(['docker']) retrieved from /opt/airflow/dags/catboost/docker.py
[2023-11-09T09:44:20.381+0000] {logging_mixin.py:151} INFO - [2023-11-09T09:44:20.381+0000] {security.py:708} INFO - Not syncing DAG-level permissions for DAG 'DAG:docker' as access control is unset.
[2023-11-09T09:44:20.383+0000] {logging_mixin.py:151} INFO - [2023-11-09T09:44:20.382+0000] {dag.py:2915} INFO - Sync 1 DAGs
[2023-11-09T09:44:20.394+0000] {logging_mixin.py:151} INFO - [2023-11-09T09:44:20.394+0000] {dag.py:3696} INFO - Setting next_dagrun for docker to None, run_after=None
[2023-11-09T09:44:20.412+0000] {processor.py:179} INFO - Processing /opt/airflow/dags/catboost/docker.py took 0.157 seconds
[2023-11-09T09:44:50.590+0000] {processor.py:157} INFO - Started process (PID=1244) to work on /opt/airflow/dags/catboost/docker.py
[2023-11-09T09:44:50.591+0000] {processor.py:829} INFO - Processing file /opt/airflow/dags/catboost/docker.py for tasks to queue
[2023-11-09T09:44:50.595+0000] {logging_mixin.py:151} INFO - [2023-11-09T09:44:50.594+0000] {dagbag.py:539} INFO - Filling up the DagBag from /opt/airflow/dags/catboost/docker.py
[2023-11-09T09:44:50.604+0000] {processor.py:839} INFO - DAG(s) dict_keys(['docker']) retrieved from /opt/airflow/dags/catboost/docker.py
[2023-11-09T09:44:50.641+0000] {logging_mixin.py:151} INFO - [2023-11-09T09:44:50.640+0000] {dag.py:2915} INFO - Sync 1 DAGs
[2023-11-09T09:44:50.661+0000] {logging_mixin.py:151} INFO - [2023-11-09T09:44:50.661+0000] {dag.py:3696} INFO - Setting next_dagrun for docker to None, run_after=None
[2023-11-09T09:44:50.701+0000] {processor.py:179} INFO - Processing /opt/airflow/dags/catboost/docker.py took 0.116 seconds
[2023-11-09T09:45:21.075+0000] {processor.py:157} INFO - Started process (PID=1271) to work on /opt/airflow/dags/catboost/docker.py
[2023-11-09T09:45:21.077+0000] {processor.py:829} INFO - Processing file /opt/airflow/dags/catboost/docker.py for tasks to queue
[2023-11-09T09:45:21.083+0000] {logging_mixin.py:151} INFO - [2023-11-09T09:45:21.082+0000] {dagbag.py:539} INFO - Filling up the DagBag from /opt/airflow/dags/catboost/docker.py
[2023-11-09T09:45:21.095+0000] {processor.py:839} INFO - DAG(s) dict_keys(['docker']) retrieved from /opt/airflow/dags/catboost/docker.py
[2023-11-09T09:45:21.107+0000] {logging_mixin.py:151} INFO - [2023-11-09T09:45:21.107+0000] {dag.py:2915} INFO - Sync 1 DAGs
[2023-11-09T09:45:21.123+0000] {logging_mixin.py:151} INFO - [2023-11-09T09:45:21.123+0000] {dag.py:3696} INFO - Setting next_dagrun for docker to None, run_after=None
[2023-11-09T09:45:21.140+0000] {processor.py:179} INFO - Processing /opt/airflow/dags/catboost/docker.py took 0.073 seconds
[2023-11-09T09:45:51.546+0000] {processor.py:157} INFO - Started process (PID=1298) to work on /opt/airflow/dags/catboost/docker.py
[2023-11-09T09:45:51.547+0000] {processor.py:829} INFO - Processing file /opt/airflow/dags/catboost/docker.py for tasks to queue
[2023-11-09T09:45:51.549+0000] {logging_mixin.py:151} INFO - [2023-11-09T09:45:51.549+0000] {dagbag.py:539} INFO - Filling up the DagBag from /opt/airflow/dags/catboost/docker.py
[2023-11-09T09:45:51.558+0000] {processor.py:839} INFO - DAG(s) dict_keys(['docker']) retrieved from /opt/airflow/dags/catboost/docker.py
[2023-11-09T09:45:51.663+0000] {logging_mixin.py:151} INFO - [2023-11-09T09:45:51.662+0000] {security.py:708} INFO - Not syncing DAG-level permissions for DAG 'DAG:docker' as access control is unset.
[2023-11-09T09:45:51.664+0000] {logging_mixin.py:151} INFO - [2023-11-09T09:45:51.663+0000] {dag.py:2915} INFO - Sync 1 DAGs
[2023-11-09T09:45:51.676+0000] {logging_mixin.py:151} INFO - [2023-11-09T09:45:51.676+0000] {dag.py:3696} INFO - Setting next_dagrun for docker to None, run_after=None
[2023-11-09T09:45:51.713+0000] {processor.py:179} INFO - Processing /opt/airflow/dags/catboost/docker.py took 0.171 seconds
[2023-11-09T09:46:21.849+0000] {processor.py:157} INFO - Started process (PID=1325) to work on /opt/airflow/dags/catboost/docker.py
[2023-11-09T09:46:21.850+0000] {processor.py:829} INFO - Processing file /opt/airflow/dags/catboost/docker.py for tasks to queue
[2023-11-09T09:46:21.853+0000] {logging_mixin.py:151} INFO - [2023-11-09T09:46:21.853+0000] {dagbag.py:539} INFO - Filling up the DagBag from /opt/airflow/dags/catboost/docker.py
[2023-11-09T09:46:21.862+0000] {processor.py:839} INFO - DAG(s) dict_keys(['docker']) retrieved from /opt/airflow/dags/catboost/docker.py
[2023-11-09T09:46:21.891+0000] {logging_mixin.py:151} INFO - [2023-11-09T09:46:21.891+0000] {dag.py:2915} INFO - Sync 1 DAGs
[2023-11-09T09:46:21.906+0000] {logging_mixin.py:151} INFO - [2023-11-09T09:46:21.905+0000] {dag.py:3696} INFO - Setting next_dagrun for docker to None, run_after=None
[2023-11-09T09:46:21.925+0000] {processor.py:179} INFO - Processing /opt/airflow/dags/catboost/docker.py took 0.080 seconds
[2023-11-09T09:46:52.289+0000] {processor.py:157} INFO - Started process (PID=1340) to work on /opt/airflow/dags/catboost/docker.py
[2023-11-09T09:46:52.290+0000] {processor.py:829} INFO - Processing file /opt/airflow/dags/catboost/docker.py for tasks to queue
[2023-11-09T09:46:52.294+0000] {logging_mixin.py:151} INFO - [2023-11-09T09:46:52.294+0000] {dagbag.py:539} INFO - Filling up the DagBag from /opt/airflow/dags/catboost/docker.py
[2023-11-09T09:46:52.302+0000] {processor.py:839} INFO - DAG(s) dict_keys(['docker']) retrieved from /opt/airflow/dags/catboost/docker.py
[2023-11-09T09:46:52.316+0000] {logging_mixin.py:151} INFO - [2023-11-09T09:46:52.316+0000] {dag.py:2915} INFO - Sync 1 DAGs
[2023-11-09T09:46:52.336+0000] {logging_mixin.py:151} INFO - [2023-11-09T09:46:52.335+0000] {dag.py:3696} INFO - Setting next_dagrun for docker to None, run_after=None
[2023-11-09T09:46:52.373+0000] {processor.py:179} INFO - Processing /opt/airflow/dags/catboost/docker.py took 0.087 seconds
[2023-11-09T09:47:22.691+0000] {processor.py:157} INFO - Started process (PID=1365) to work on /opt/airflow/dags/catboost/docker.py
[2023-11-09T09:47:22.692+0000] {processor.py:829} INFO - Processing file /opt/airflow/dags/catboost/docker.py for tasks to queue
[2023-11-09T09:47:22.694+0000] {logging_mixin.py:151} INFO - [2023-11-09T09:47:22.694+0000] {dagbag.py:539} INFO - Filling up the DagBag from /opt/airflow/dags/catboost/docker.py
[2023-11-09T09:47:22.703+0000] {processor.py:839} INFO - DAG(s) dict_keys(['docker']) retrieved from /opt/airflow/dags/catboost/docker.py
[2023-11-09T09:47:22.816+0000] {logging_mixin.py:151} INFO - [2023-11-09T09:47:22.816+0000] {security.py:708} INFO - Not syncing DAG-level permissions for DAG 'DAG:docker' as access control is unset.
[2023-11-09T09:47:22.817+0000] {logging_mixin.py:151} INFO - [2023-11-09T09:47:22.816+0000] {dag.py:2915} INFO - Sync 1 DAGs
[2023-11-09T09:47:22.828+0000] {logging_mixin.py:151} INFO - [2023-11-09T09:47:22.828+0000] {dag.py:3696} INFO - Setting next_dagrun for docker to None, run_after=None
[2023-11-09T09:47:22.856+0000] {processor.py:179} INFO - Processing /opt/airflow/dags/catboost/docker.py took 0.169 seconds
[2023-11-09T09:47:53.017+0000] {processor.py:157} INFO - Started process (PID=1392) to work on /opt/airflow/dags/catboost/docker.py
[2023-11-09T09:47:53.018+0000] {processor.py:829} INFO - Processing file /opt/airflow/dags/catboost/docker.py for tasks to queue
[2023-11-09T09:47:53.022+0000] {logging_mixin.py:151} INFO - [2023-11-09T09:47:53.022+0000] {dagbag.py:539} INFO - Filling up the DagBag from /opt/airflow/dags/catboost/docker.py
[2023-11-09T09:47:53.037+0000] {processor.py:839} INFO - DAG(s) dict_keys(['docker']) retrieved from /opt/airflow/dags/catboost/docker.py
[2023-11-09T09:47:53.082+0000] {logging_mixin.py:151} INFO - [2023-11-09T09:47:53.081+0000] {dag.py:2915} INFO - Sync 1 DAGs
[2023-11-09T09:47:53.104+0000] {logging_mixin.py:151} INFO - [2023-11-09T09:47:53.104+0000] {dag.py:3696} INFO - Setting next_dagrun for docker to None, run_after=None
[2023-11-09T09:47:53.140+0000] {processor.py:179} INFO - Processing /opt/airflow/dags/catboost/docker.py took 0.129 seconds
[2023-11-09T09:48:23.451+0000] {processor.py:157} INFO - Started process (PID=1419) to work on /opt/airflow/dags/catboost/docker.py
[2023-11-09T09:48:23.452+0000] {processor.py:829} INFO - Processing file /opt/airflow/dags/catboost/docker.py for tasks to queue
[2023-11-09T09:48:23.455+0000] {logging_mixin.py:151} INFO - [2023-11-09T09:48:23.455+0000] {dagbag.py:539} INFO - Filling up the DagBag from /opt/airflow/dags/catboost/docker.py
[2023-11-09T09:48:23.464+0000] {processor.py:839} INFO - DAG(s) dict_keys(['docker']) retrieved from /opt/airflow/dags/catboost/docker.py
[2023-11-09T09:48:23.477+0000] {logging_mixin.py:151} INFO - [2023-11-09T09:48:23.476+0000] {dag.py:2915} INFO - Sync 1 DAGs
[2023-11-09T09:48:23.492+0000] {logging_mixin.py:151} INFO - [2023-11-09T09:48:23.492+0000] {dag.py:3696} INFO - Setting next_dagrun for docker to None, run_after=None
[2023-11-09T09:48:23.522+0000] {processor.py:179} INFO - Processing /opt/airflow/dags/catboost/docker.py took 0.075 seconds
[2023-11-09T09:48:53.902+0000] {processor.py:157} INFO - Started process (PID=1446) to work on /opt/airflow/dags/catboost/docker.py
[2023-11-09T09:48:53.903+0000] {processor.py:829} INFO - Processing file /opt/airflow/dags/catboost/docker.py for tasks to queue
[2023-11-09T09:48:53.906+0000] {logging_mixin.py:151} INFO - [2023-11-09T09:48:53.905+0000] {dagbag.py:539} INFO - Filling up the DagBag from /opt/airflow/dags/catboost/docker.py
[2023-11-09T09:48:53.914+0000] {processor.py:839} INFO - DAG(s) dict_keys(['docker']) retrieved from /opt/airflow/dags/catboost/docker.py
[2023-11-09T09:48:54.025+0000] {logging_mixin.py:151} INFO - [2023-11-09T09:48:54.025+0000] {security.py:708} INFO - Not syncing DAG-level permissions for DAG 'DAG:docker' as access control is unset.
[2023-11-09T09:48:54.026+0000] {logging_mixin.py:151} INFO - [2023-11-09T09:48:54.025+0000] {dag.py:2915} INFO - Sync 1 DAGs
[2023-11-09T09:48:54.037+0000] {logging_mixin.py:151} INFO - [2023-11-09T09:48:54.037+0000] {dag.py:3696} INFO - Setting next_dagrun for docker to None, run_after=None
[2023-11-09T09:48:54.055+0000] {processor.py:179} INFO - Processing /opt/airflow/dags/catboost/docker.py took 0.157 seconds
[2023-11-09T09:49:24.298+0000] {processor.py:157} INFO - Started process (PID=1473) to work on /opt/airflow/dags/catboost/docker.py
[2023-11-09T09:49:24.299+0000] {processor.py:829} INFO - Processing file /opt/airflow/dags/catboost/docker.py for tasks to queue
[2023-11-09T09:49:24.305+0000] {logging_mixin.py:151} INFO - [2023-11-09T09:49:24.303+0000] {dagbag.py:539} INFO - Filling up the DagBag from /opt/airflow/dags/catboost/docker.py
[2023-11-09T09:49:24.319+0000] {processor.py:839} INFO - DAG(s) dict_keys(['docker']) retrieved from /opt/airflow/dags/catboost/docker.py
[2023-11-09T09:49:24.364+0000] {logging_mixin.py:151} INFO - [2023-11-09T09:49:24.363+0000] {dag.py:2915} INFO - Sync 1 DAGs
[2023-11-09T09:49:24.382+0000] {logging_mixin.py:151} INFO - [2023-11-09T09:49:24.382+0000] {dag.py:3696} INFO - Setting next_dagrun for docker to None, run_after=None
[2023-11-09T09:49:24.408+0000] {processor.py:179} INFO - Processing /opt/airflow/dags/catboost/docker.py took 0.115 seconds
[2023-11-09T09:49:54.632+0000] {processor.py:157} INFO - Started process (PID=1500) to work on /opt/airflow/dags/catboost/docker.py
[2023-11-09T09:49:54.633+0000] {processor.py:829} INFO - Processing file /opt/airflow/dags/catboost/docker.py for tasks to queue
[2023-11-09T09:49:54.636+0000] {logging_mixin.py:151} INFO - [2023-11-09T09:49:54.635+0000] {dagbag.py:539} INFO - Filling up the DagBag from /opt/airflow/dags/catboost/docker.py
[2023-11-09T09:49:54.644+0000] {processor.py:839} INFO - DAG(s) dict_keys(['docker']) retrieved from /opt/airflow/dags/catboost/docker.py
[2023-11-09T09:49:54.657+0000] {logging_mixin.py:151} INFO - [2023-11-09T09:49:54.657+0000] {dag.py:2915} INFO - Sync 1 DAGs
[2023-11-09T09:49:54.673+0000] {logging_mixin.py:151} INFO - [2023-11-09T09:49:54.672+0000] {dag.py:3696} INFO - Setting next_dagrun for docker to None, run_after=None
[2023-11-09T09:49:54.691+0000] {processor.py:179} INFO - Processing /opt/airflow/dags/catboost/docker.py took 0.063 seconds
[2023-11-09T09:50:25.065+0000] {processor.py:157} INFO - Started process (PID=1527) to work on /opt/airflow/dags/catboost/docker.py
[2023-11-09T09:50:25.066+0000] {processor.py:829} INFO - Processing file /opt/airflow/dags/catboost/docker.py for tasks to queue
[2023-11-09T09:50:25.070+0000] {logging_mixin.py:151} INFO - [2023-11-09T09:50:25.070+0000] {dagbag.py:539} INFO - Filling up the DagBag from /opt/airflow/dags/catboost/docker.py
[2023-11-09T09:50:25.079+0000] {processor.py:839} INFO - DAG(s) dict_keys(['docker']) retrieved from /opt/airflow/dags/catboost/docker.py
[2023-11-09T09:50:25.188+0000] {logging_mixin.py:151} INFO - [2023-11-09T09:50:25.188+0000] {security.py:708} INFO - Not syncing DAG-level permissions for DAG 'DAG:docker' as access control is unset.
[2023-11-09T09:50:25.189+0000] {logging_mixin.py:151} INFO - [2023-11-09T09:50:25.188+0000] {dag.py:2915} INFO - Sync 1 DAGs
[2023-11-09T09:50:25.200+0000] {logging_mixin.py:151} INFO - [2023-11-09T09:50:25.200+0000] {dag.py:3696} INFO - Setting next_dagrun for docker to None, run_after=None
[2023-11-09T09:50:25.232+0000] {processor.py:179} INFO - Processing /opt/airflow/dags/catboost/docker.py took 0.171 seconds
[2023-11-09T09:50:55.333+0000] {processor.py:157} INFO - Started process (PID=1554) to work on /opt/airflow/dags/catboost/docker.py
[2023-11-09T09:50:55.335+0000] {processor.py:829} INFO - Processing file /opt/airflow/dags/catboost/docker.py for tasks to queue
[2023-11-09T09:50:55.338+0000] {logging_mixin.py:151} INFO - [2023-11-09T09:50:55.338+0000] {dagbag.py:539} INFO - Filling up the DagBag from /opt/airflow/dags/catboost/docker.py
[2023-11-09T09:50:55.350+0000] {processor.py:839} INFO - DAG(s) dict_keys(['docker']) retrieved from /opt/airflow/dags/catboost/docker.py
[2023-11-09T09:50:55.382+0000] {logging_mixin.py:151} INFO - [2023-11-09T09:50:55.381+0000] {dag.py:2915} INFO - Sync 1 DAGs
[2023-11-09T09:50:55.397+0000] {logging_mixin.py:151} INFO - [2023-11-09T09:50:55.396+0000] {dag.py:3696} INFO - Setting next_dagrun for docker to None, run_after=None
[2023-11-09T09:50:55.427+0000] {processor.py:179} INFO - Processing /opt/airflow/dags/catboost/docker.py took 0.100 seconds
[2023-11-09T09:51:25.633+0000] {processor.py:157} INFO - Started process (PID=1581) to work on /opt/airflow/dags/catboost/docker.py
[2023-11-09T09:51:25.635+0000] {processor.py:829} INFO - Processing file /opt/airflow/dags/catboost/docker.py for tasks to queue
[2023-11-09T09:51:25.640+0000] {logging_mixin.py:151} INFO - [2023-11-09T09:51:25.640+0000] {dagbag.py:539} INFO - Filling up the DagBag from /opt/airflow/dags/catboost/docker.py
[2023-11-09T09:51:25.649+0000] {processor.py:839} INFO - DAG(s) dict_keys(['docker']) retrieved from /opt/airflow/dags/catboost/docker.py
[2023-11-09T09:51:25.662+0000] {logging_mixin.py:151} INFO - [2023-11-09T09:51:25.661+0000] {dag.py:2915} INFO - Sync 1 DAGs
[2023-11-09T09:51:25.678+0000] {logging_mixin.py:151} INFO - [2023-11-09T09:51:25.678+0000] {dag.py:3696} INFO - Setting next_dagrun for docker to None, run_after=None
[2023-11-09T09:51:25.698+0000] {processor.py:179} INFO - Processing /opt/airflow/dags/catboost/docker.py took 0.079 seconds
[2023-11-09T09:51:55.893+0000] {processor.py:157} INFO - Started process (PID=1608) to work on /opt/airflow/dags/catboost/docker.py
[2023-11-09T09:51:55.894+0000] {processor.py:829} INFO - Processing file /opt/airflow/dags/catboost/docker.py for tasks to queue
[2023-11-09T09:51:55.897+0000] {logging_mixin.py:151} INFO - [2023-11-09T09:51:55.896+0000] {dagbag.py:539} INFO - Filling up the DagBag from /opt/airflow/dags/catboost/docker.py
[2023-11-09T09:51:55.907+0000] {processor.py:839} INFO - DAG(s) dict_keys(['docker']) retrieved from /opt/airflow/dags/catboost/docker.py
[2023-11-09T09:51:56.028+0000] {logging_mixin.py:151} INFO - [2023-11-09T09:51:56.027+0000] {security.py:708} INFO - Not syncing DAG-level permissions for DAG 'DAG:docker' as access control is unset.
[2023-11-09T09:51:56.028+0000] {logging_mixin.py:151} INFO - [2023-11-09T09:51:56.028+0000] {dag.py:2915} INFO - Sync 1 DAGs
[2023-11-09T09:51:56.041+0000] {logging_mixin.py:151} INFO - [2023-11-09T09:51:56.040+0000] {dag.py:3696} INFO - Setting next_dagrun for docker to None, run_after=None
[2023-11-09T09:51:56.061+0000] {processor.py:179} INFO - Processing /opt/airflow/dags/catboost/docker.py took 0.174 seconds
[2023-11-09T09:52:26.437+0000] {processor.py:157} INFO - Started process (PID=1623) to work on /opt/airflow/dags/catboost/docker.py
[2023-11-09T09:52:26.438+0000] {processor.py:829} INFO - Processing file /opt/airflow/dags/catboost/docker.py for tasks to queue
[2023-11-09T09:52:26.442+0000] {logging_mixin.py:151} INFO - [2023-11-09T09:52:26.441+0000] {dagbag.py:539} INFO - Filling up the DagBag from /opt/airflow/dags/catboost/docker.py
[2023-11-09T09:52:26.453+0000] {processor.py:839} INFO - DAG(s) dict_keys(['docker']) retrieved from /opt/airflow/dags/catboost/docker.py
[2023-11-09T09:52:26.492+0000] {logging_mixin.py:151} INFO - [2023-11-09T09:52:26.489+0000] {dag.py:2915} INFO - Sync 1 DAGs
[2023-11-09T09:52:26.509+0000] {logging_mixin.py:151} INFO - [2023-11-09T09:52:26.509+0000] {dag.py:3696} INFO - Setting next_dagrun for docker to None, run_after=None
[2023-11-09T09:52:26.534+0000] {processor.py:179} INFO - Processing /opt/airflow/dags/catboost/docker.py took 0.102 seconds
[2023-11-09T09:52:56.884+0000] {processor.py:157} INFO - Started process (PID=1655) to work on /opt/airflow/dags/catboost/docker.py
[2023-11-09T09:52:56.887+0000] {processor.py:829} INFO - Processing file /opt/airflow/dags/catboost/docker.py for tasks to queue
[2023-11-09T09:52:56.890+0000] {logging_mixin.py:151} INFO - [2023-11-09T09:52:56.890+0000] {dagbag.py:539} INFO - Filling up the DagBag from /opt/airflow/dags/catboost/docker.py
[2023-11-09T09:52:56.902+0000] {processor.py:839} INFO - DAG(s) dict_keys(['docker']) retrieved from /opt/airflow/dags/catboost/docker.py
[2023-11-09T09:52:56.919+0000] {logging_mixin.py:151} INFO - [2023-11-09T09:52:56.918+0000] {dag.py:2915} INFO - Sync 1 DAGs
[2023-11-09T09:52:56.938+0000] {logging_mixin.py:151} INFO - [2023-11-09T09:52:56.938+0000] {dag.py:3696} INFO - Setting next_dagrun for docker to None, run_after=None
[2023-11-09T09:52:56.971+0000] {processor.py:179} INFO - Processing /opt/airflow/dags/catboost/docker.py took 0.101 seconds
[2023-11-09T09:53:27.266+0000] {processor.py:157} INFO - Started process (PID=1682) to work on /opt/airflow/dags/catboost/docker.py
[2023-11-09T09:53:27.267+0000] {processor.py:829} INFO - Processing file /opt/airflow/dags/catboost/docker.py for tasks to queue
[2023-11-09T09:53:27.270+0000] {logging_mixin.py:151} INFO - [2023-11-09T09:53:27.269+0000] {dagbag.py:539} INFO - Filling up the DagBag from /opt/airflow/dags/catboost/docker.py
[2023-11-09T09:53:27.279+0000] {processor.py:839} INFO - DAG(s) dict_keys(['docker']) retrieved from /opt/airflow/dags/catboost/docker.py
[2023-11-09T09:53:27.387+0000] {logging_mixin.py:151} INFO - [2023-11-09T09:53:27.387+0000] {security.py:708} INFO - Not syncing DAG-level permissions for DAG 'DAG:docker' as access control is unset.
[2023-11-09T09:53:27.388+0000] {logging_mixin.py:151} INFO - [2023-11-09T09:53:27.387+0000] {dag.py:2915} INFO - Sync 1 DAGs
[2023-11-09T09:53:27.401+0000] {logging_mixin.py:151} INFO - [2023-11-09T09:53:27.401+0000] {dag.py:3696} INFO - Setting next_dagrun for docker to None, run_after=None
[2023-11-09T09:53:27.425+0000] {processor.py:179} INFO - Processing /opt/airflow/dags/catboost/docker.py took 0.163 seconds
[2023-11-09T09:53:57.572+0000] {processor.py:157} INFO - Started process (PID=1709) to work on /opt/airflow/dags/catboost/docker.py
[2023-11-09T09:53:57.574+0000] {processor.py:829} INFO - Processing file /opt/airflow/dags/catboost/docker.py for tasks to queue
[2023-11-09T09:53:57.577+0000] {logging_mixin.py:151} INFO - [2023-11-09T09:53:57.576+0000] {dagbag.py:539} INFO - Filling up the DagBag from /opt/airflow/dags/catboost/docker.py
[2023-11-09T09:53:57.587+0000] {processor.py:839} INFO - DAG(s) dict_keys(['docker']) retrieved from /opt/airflow/dags/catboost/docker.py
[2023-11-09T09:53:57.619+0000] {logging_mixin.py:151} INFO - [2023-11-09T09:53:57.618+0000] {dag.py:2915} INFO - Sync 1 DAGs
[2023-11-09T09:53:57.635+0000] {logging_mixin.py:151} INFO - [2023-11-09T09:53:57.634+0000] {dag.py:3696} INFO - Setting next_dagrun for docker to None, run_after=None
[2023-11-09T09:53:57.657+0000] {processor.py:179} INFO - Processing /opt/airflow/dags/catboost/docker.py took 0.089 seconds
[2023-11-09T09:54:28.096+0000] {processor.py:157} INFO - Started process (PID=1736) to work on /opt/airflow/dags/catboost/docker.py
[2023-11-09T09:54:28.098+0000] {processor.py:829} INFO - Processing file /opt/airflow/dags/catboost/docker.py for tasks to queue
[2023-11-09T09:54:28.102+0000] {logging_mixin.py:151} INFO - [2023-11-09T09:54:28.101+0000] {dagbag.py:539} INFO - Filling up the DagBag from /opt/airflow/dags/catboost/docker.py
[2023-11-09T09:54:28.111+0000] {processor.py:839} INFO - DAG(s) dict_keys(['docker']) retrieved from /opt/airflow/dags/catboost/docker.py
[2023-11-09T09:54:28.125+0000] {logging_mixin.py:151} INFO - [2023-11-09T09:54:28.124+0000] {dag.py:2915} INFO - Sync 1 DAGs
[2023-11-09T09:54:28.140+0000] {logging_mixin.py:151} INFO - [2023-11-09T09:54:28.140+0000] {dag.py:3696} INFO - Setting next_dagrun for docker to None, run_after=None
[2023-11-09T09:54:28.159+0000] {processor.py:179} INFO - Processing /opt/airflow/dags/catboost/docker.py took 0.069 seconds
[2023-11-09T09:54:58.364+0000] {processor.py:157} INFO - Started process (PID=1763) to work on /opt/airflow/dags/catboost/docker.py
[2023-11-09T09:54:58.367+0000] {processor.py:829} INFO - Processing file /opt/airflow/dags/catboost/docker.py for tasks to queue
[2023-11-09T09:54:58.371+0000] {logging_mixin.py:151} INFO - [2023-11-09T09:54:58.370+0000] {dagbag.py:539} INFO - Filling up the DagBag from /opt/airflow/dags/catboost/docker.py
[2023-11-09T09:54:58.381+0000] {processor.py:839} INFO - DAG(s) dict_keys(['docker']) retrieved from /opt/airflow/dags/catboost/docker.py
[2023-11-09T09:54:58.494+0000] {logging_mixin.py:151} INFO - [2023-11-09T09:54:58.493+0000] {security.py:708} INFO - Not syncing DAG-level permissions for DAG 'DAG:docker' as access control is unset.
[2023-11-09T09:54:58.495+0000] {logging_mixin.py:151} INFO - [2023-11-09T09:54:58.494+0000] {dag.py:2915} INFO - Sync 1 DAGs
[2023-11-09T09:54:58.506+0000] {logging_mixin.py:151} INFO - [2023-11-09T09:54:58.506+0000] {dag.py:3696} INFO - Setting next_dagrun for docker to None, run_after=None
[2023-11-09T09:54:58.523+0000] {processor.py:179} INFO - Processing /opt/airflow/dags/catboost/docker.py took 0.175 seconds
[2023-11-09T09:55:28.719+0000] {processor.py:157} INFO - Started process (PID=1790) to work on /opt/airflow/dags/catboost/docker.py
[2023-11-09T09:55:28.720+0000] {processor.py:829} INFO - Processing file /opt/airflow/dags/catboost/docker.py for tasks to queue
[2023-11-09T09:55:28.723+0000] {logging_mixin.py:151} INFO - [2023-11-09T09:55:28.723+0000] {dagbag.py:539} INFO - Filling up the DagBag from /opt/airflow/dags/catboost/docker.py
[2023-11-09T09:55:28.732+0000] {processor.py:839} INFO - DAG(s) dict_keys(['docker']) retrieved from /opt/airflow/dags/catboost/docker.py
[2023-11-09T09:55:28.763+0000] {logging_mixin.py:151} INFO - [2023-11-09T09:55:28.762+0000] {dag.py:2915} INFO - Sync 1 DAGs
[2023-11-09T09:55:28.778+0000] {logging_mixin.py:151} INFO - [2023-11-09T09:55:28.778+0000] {dag.py:3696} INFO - Setting next_dagrun for docker to None, run_after=None
[2023-11-09T09:55:28.795+0000] {processor.py:179} INFO - Processing /opt/airflow/dags/catboost/docker.py took 0.079 seconds
[2023-11-09T09:55:59.240+0000] {processor.py:157} INFO - Started process (PID=1817) to work on /opt/airflow/dags/catboost/docker.py
[2023-11-09T09:55:59.241+0000] {processor.py:829} INFO - Processing file /opt/airflow/dags/catboost/docker.py for tasks to queue
[2023-11-09T09:55:59.262+0000] {logging_mixin.py:151} INFO - [2023-11-09T09:55:59.260+0000] {dagbag.py:539} INFO - Filling up the DagBag from /opt/airflow/dags/catboost/docker.py
[2023-11-09T09:55:59.281+0000] {processor.py:839} INFO - DAG(s) dict_keys(['docker']) retrieved from /opt/airflow/dags/catboost/docker.py
[2023-11-09T09:55:59.308+0000] {logging_mixin.py:151} INFO - [2023-11-09T09:55:59.306+0000] {dag.py:2915} INFO - Sync 1 DAGs
[2023-11-09T09:55:59.337+0000] {logging_mixin.py:151} INFO - [2023-11-09T09:55:59.337+0000] {dag.py:3696} INFO - Setting next_dagrun for docker to None, run_after=None
[2023-11-09T09:55:59.377+0000] {processor.py:179} INFO - Processing /opt/airflow/dags/catboost/docker.py took 0.144 seconds
[2023-11-09T09:56:29.693+0000] {processor.py:157} INFO - Started process (PID=1844) to work on /opt/airflow/dags/catboost/docker.py
[2023-11-09T09:56:29.695+0000] {processor.py:829} INFO - Processing file /opt/airflow/dags/catboost/docker.py for tasks to queue
[2023-11-09T09:56:29.697+0000] {logging_mixin.py:151} INFO - [2023-11-09T09:56:29.697+0000] {dagbag.py:539} INFO - Filling up the DagBag from /opt/airflow/dags/catboost/docker.py
[2023-11-09T09:56:29.706+0000] {processor.py:839} INFO - DAG(s) dict_keys(['docker']) retrieved from /opt/airflow/dags/catboost/docker.py
[2023-11-09T09:56:29.814+0000] {logging_mixin.py:151} INFO - [2023-11-09T09:56:29.814+0000] {security.py:708} INFO - Not syncing DAG-level permissions for DAG 'DAG:docker' as access control is unset.
[2023-11-09T09:56:29.815+0000] {logging_mixin.py:151} INFO - [2023-11-09T09:56:29.815+0000] {dag.py:2915} INFO - Sync 1 DAGs
[2023-11-09T09:56:29.827+0000] {logging_mixin.py:151} INFO - [2023-11-09T09:56:29.827+0000] {dag.py:3696} INFO - Setting next_dagrun for docker to None, run_after=None
[2023-11-09T09:56:29.847+0000] {processor.py:179} INFO - Processing /opt/airflow/dags/catboost/docker.py took 0.158 seconds
[2023-11-09T09:56:59.917+0000] {processor.py:157} INFO - Started process (PID=1869) to work on /opt/airflow/dags/catboost/docker.py
[2023-11-09T09:56:59.918+0000] {processor.py:829} INFO - Processing file /opt/airflow/dags/catboost/docker.py for tasks to queue
[2023-11-09T09:56:59.920+0000] {logging_mixin.py:151} INFO - [2023-11-09T09:56:59.920+0000] {dagbag.py:539} INFO - Filling up the DagBag from /opt/airflow/dags/catboost/docker.py
[2023-11-09T09:56:59.930+0000] {processor.py:839} INFO - DAG(s) dict_keys(['docker']) retrieved from /opt/airflow/dags/catboost/docker.py
[2023-11-09T09:56:59.960+0000] {logging_mixin.py:151} INFO - [2023-11-09T09:56:59.960+0000] {dag.py:2915} INFO - Sync 1 DAGs
[2023-11-09T09:56:59.975+0000] {logging_mixin.py:151} INFO - [2023-11-09T09:56:59.975+0000] {dag.py:3696} INFO - Setting next_dagrun for docker to None, run_after=None
[2023-11-09T09:56:59.999+0000] {processor.py:179} INFO - Processing /opt/airflow/dags/catboost/docker.py took 0.087 seconds
[2023-11-09T09:57:30.168+0000] {processor.py:157} INFO - Started process (PID=1896) to work on /opt/airflow/dags/catboost/docker.py
[2023-11-09T09:57:30.169+0000] {processor.py:829} INFO - Processing file /opt/airflow/dags/catboost/docker.py for tasks to queue
[2023-11-09T09:57:30.172+0000] {logging_mixin.py:151} INFO - [2023-11-09T09:57:30.172+0000] {dagbag.py:539} INFO - Filling up the DagBag from /opt/airflow/dags/catboost/docker.py
[2023-11-09T09:57:30.181+0000] {processor.py:839} INFO - DAG(s) dict_keys(['docker']) retrieved from /opt/airflow/dags/catboost/docker.py
[2023-11-09T09:57:30.194+0000] {logging_mixin.py:151} INFO - [2023-11-09T09:57:30.194+0000] {dag.py:2915} INFO - Sync 1 DAGs
[2023-11-09T09:57:30.210+0000] {logging_mixin.py:151} INFO - [2023-11-09T09:57:30.210+0000] {dag.py:3696} INFO - Setting next_dagrun for docker to None, run_after=None
[2023-11-09T09:57:30.243+0000] {processor.py:179} INFO - Processing /opt/airflow/dags/catboost/docker.py took 0.082 seconds
[2023-11-09T09:58:00.555+0000] {processor.py:157} INFO - Started process (PID=1911) to work on /opt/airflow/dags/catboost/docker.py
[2023-11-09T09:58:00.557+0000] {processor.py:829} INFO - Processing file /opt/airflow/dags/catboost/docker.py for tasks to queue
[2023-11-09T09:58:00.560+0000] {logging_mixin.py:151} INFO - [2023-11-09T09:58:00.559+0000] {dagbag.py:539} INFO - Filling up the DagBag from /opt/airflow/dags/catboost/docker.py
[2023-11-09T09:58:00.571+0000] {processor.py:839} INFO - DAG(s) dict_keys(['docker']) retrieved from /opt/airflow/dags/catboost/docker.py
[2023-11-09T09:58:00.706+0000] {logging_mixin.py:151} INFO - [2023-11-09T09:58:00.706+0000] {security.py:708} INFO - Not syncing DAG-level permissions for DAG 'DAG:docker' as access control is unset.
[2023-11-09T09:58:00.707+0000] {logging_mixin.py:151} INFO - [2023-11-09T09:58:00.706+0000] {dag.py:2915} INFO - Sync 1 DAGs
[2023-11-09T09:58:00.724+0000] {logging_mixin.py:151} INFO - [2023-11-09T09:58:00.724+0000] {dag.py:3696} INFO - Setting next_dagrun for docker to None, run_after=None
[2023-11-09T09:58:00.763+0000] {processor.py:179} INFO - Processing /opt/airflow/dags/catboost/docker.py took 0.213 seconds
[2023-11-09T09:58:30.902+0000] {processor.py:157} INFO - Started process (PID=1936) to work on /opt/airflow/dags/catboost/docker.py
[2023-11-09T09:58:30.903+0000] {processor.py:829} INFO - Processing file /opt/airflow/dags/catboost/docker.py for tasks to queue
[2023-11-09T09:58:30.907+0000] {logging_mixin.py:151} INFO - [2023-11-09T09:58:30.906+0000] {dagbag.py:539} INFO - Filling up the DagBag from /opt/airflow/dags/catboost/docker.py
[2023-11-09T09:58:30.917+0000] {processor.py:839} INFO - DAG(s) dict_keys(['docker']) retrieved from /opt/airflow/dags/catboost/docker.py
[2023-11-09T09:58:30.954+0000] {logging_mixin.py:151} INFO - [2023-11-09T09:58:30.953+0000] {dag.py:2915} INFO - Sync 1 DAGs
[2023-11-09T09:58:30.968+0000] {logging_mixin.py:151} INFO - [2023-11-09T09:58:30.968+0000] {dag.py:3696} INFO - Setting next_dagrun for docker to None, run_after=None
[2023-11-09T09:58:30.987+0000] {processor.py:179} INFO - Processing /opt/airflow/dags/catboost/docker.py took 0.090 seconds
[2023-11-09T09:59:01.257+0000] {processor.py:157} INFO - Started process (PID=1963) to work on /opt/airflow/dags/catboost/docker.py
[2023-11-09T09:59:01.258+0000] {processor.py:829} INFO - Processing file /opt/airflow/dags/catboost/docker.py for tasks to queue
[2023-11-09T09:59:01.262+0000] {logging_mixin.py:151} INFO - [2023-11-09T09:59:01.261+0000] {dagbag.py:539} INFO - Filling up the DagBag from /opt/airflow/dags/catboost/docker.py
[2023-11-09T09:59:01.272+0000] {processor.py:839} INFO - DAG(s) dict_keys(['docker']) retrieved from /opt/airflow/dags/catboost/docker.py
[2023-11-09T09:59:01.285+0000] {logging_mixin.py:151} INFO - [2023-11-09T09:59:01.284+0000] {dag.py:2915} INFO - Sync 1 DAGs
[2023-11-09T09:59:01.301+0000] {logging_mixin.py:151} INFO - [2023-11-09T09:59:01.301+0000] {dag.py:3696} INFO - Setting next_dagrun for docker to None, run_after=None
[2023-11-09T09:59:01.331+0000] {processor.py:179} INFO - Processing /opt/airflow/dags/catboost/docker.py took 0.082 seconds
[2023-11-09T09:59:31.602+0000] {processor.py:157} INFO - Started process (PID=1990) to work on /opt/airflow/dags/catboost/docker.py
[2023-11-09T09:59:31.603+0000] {processor.py:829} INFO - Processing file /opt/airflow/dags/catboost/docker.py for tasks to queue
[2023-11-09T09:59:31.606+0000] {logging_mixin.py:151} INFO - [2023-11-09T09:59:31.605+0000] {dagbag.py:539} INFO - Filling up the DagBag from /opt/airflow/dags/catboost/docker.py
[2023-11-09T09:59:31.616+0000] {processor.py:839} INFO - DAG(s) dict_keys(['docker']) retrieved from /opt/airflow/dags/catboost/docker.py
[2023-11-09T09:59:31.762+0000] {logging_mixin.py:151} INFO - [2023-11-09T09:59:31.762+0000] {security.py:708} INFO - Not syncing DAG-level permissions for DAG 'DAG:docker' as access control is unset.
[2023-11-09T09:59:31.763+0000] {logging_mixin.py:151} INFO - [2023-11-09T09:59:31.763+0000] {dag.py:2915} INFO - Sync 1 DAGs
[2023-11-09T09:59:31.779+0000] {logging_mixin.py:151} INFO - [2023-11-09T09:59:31.778+0000] {dag.py:3696} INFO - Setting next_dagrun for docker to None, run_after=None
[2023-11-09T09:59:31.817+0000] {processor.py:179} INFO - Processing /opt/airflow/dags/catboost/docker.py took 0.220 seconds
[2023-11-09T10:00:02.194+0000] {processor.py:157} INFO - Started process (PID=2017) to work on /opt/airflow/dags/catboost/docker.py
[2023-11-09T10:00:02.195+0000] {processor.py:829} INFO - Processing file /opt/airflow/dags/catboost/docker.py for tasks to queue
[2023-11-09T10:00:02.198+0000] {logging_mixin.py:151} INFO - [2023-11-09T10:00:02.198+0000] {dagbag.py:539} INFO - Filling up the DagBag from /opt/airflow/dags/catboost/docker.py
[2023-11-09T10:00:02.207+0000] {processor.py:839} INFO - DAG(s) dict_keys(['docker']) retrieved from /opt/airflow/dags/catboost/docker.py
[2023-11-09T10:00:02.236+0000] {logging_mixin.py:151} INFO - [2023-11-09T10:00:02.235+0000] {dag.py:2915} INFO - Sync 1 DAGs
[2023-11-09T10:00:02.250+0000] {logging_mixin.py:151} INFO - [2023-11-09T10:00:02.250+0000] {dag.py:3696} INFO - Setting next_dagrun for docker to None, run_after=None
[2023-11-09T10:00:02.280+0000] {processor.py:179} INFO - Processing /opt/airflow/dags/catboost/docker.py took 0.090 seconds
[2023-11-09T10:00:32.800+0000] {processor.py:157} INFO - Started process (PID=2044) to work on /opt/airflow/dags/catboost/docker.py
[2023-11-09T10:00:32.802+0000] {processor.py:829} INFO - Processing file /opt/airflow/dags/catboost/docker.py for tasks to queue
[2023-11-09T10:00:32.805+0000] {logging_mixin.py:151} INFO - [2023-11-09T10:00:32.805+0000] {dagbag.py:539} INFO - Filling up the DagBag from /opt/airflow/dags/catboost/docker.py
[2023-11-09T10:00:32.815+0000] {processor.py:839} INFO - DAG(s) dict_keys(['docker']) retrieved from /opt/airflow/dags/catboost/docker.py
[2023-11-09T10:00:32.828+0000] {logging_mixin.py:151} INFO - [2023-11-09T10:00:32.827+0000] {dag.py:2915} INFO - Sync 1 DAGs
[2023-11-09T10:00:32.846+0000] {logging_mixin.py:151} INFO - [2023-11-09T10:00:32.845+0000] {dag.py:3696} INFO - Setting next_dagrun for docker to None, run_after=None
[2023-11-09T10:00:32.867+0000] {processor.py:179} INFO - Processing /opt/airflow/dags/catboost/docker.py took 0.070 seconds
[2023-11-09T10:01:02.912+0000] {processor.py:157} INFO - Started process (PID=2071) to work on /opt/airflow/dags/catboost/docker.py
[2023-11-09T10:01:02.913+0000] {processor.py:829} INFO - Processing file /opt/airflow/dags/catboost/docker.py for tasks to queue
[2023-11-09T10:01:02.916+0000] {logging_mixin.py:151} INFO - [2023-11-09T10:01:02.915+0000] {dagbag.py:539} INFO - Filling up the DagBag from /opt/airflow/dags/catboost/docker.py
[2023-11-09T10:01:02.925+0000] {processor.py:839} INFO - DAG(s) dict_keys(['docker']) retrieved from /opt/airflow/dags/catboost/docker.py
[2023-11-09T10:01:03.038+0000] {logging_mixin.py:151} INFO - [2023-11-09T10:01:03.038+0000] {security.py:708} INFO - Not syncing DAG-level permissions for DAG 'DAG:docker' as access control is unset.
[2023-11-09T10:01:03.039+0000] {logging_mixin.py:151} INFO - [2023-11-09T10:01:03.038+0000] {dag.py:2915} INFO - Sync 1 DAGs
[2023-11-09T10:01:03.051+0000] {logging_mixin.py:151} INFO - [2023-11-09T10:01:03.051+0000] {dag.py:3696} INFO - Setting next_dagrun for docker to None, run_after=None
[2023-11-09T10:01:03.069+0000] {processor.py:179} INFO - Processing /opt/airflow/dags/catboost/docker.py took 0.161 seconds
[2023-11-09T10:01:33.255+0000] {processor.py:157} INFO - Started process (PID=2098) to work on /opt/airflow/dags/catboost/docker.py
[2023-11-09T10:01:33.256+0000] {processor.py:829} INFO - Processing file /opt/airflow/dags/catboost/docker.py for tasks to queue
[2023-11-09T10:01:33.259+0000] {logging_mixin.py:151} INFO - [2023-11-09T10:01:33.258+0000] {dagbag.py:539} INFO - Filling up the DagBag from /opt/airflow/dags/catboost/docker.py
[2023-11-09T10:01:33.269+0000] {processor.py:839} INFO - DAG(s) dict_keys(['docker']) retrieved from /opt/airflow/dags/catboost/docker.py
[2023-11-09T10:01:33.299+0000] {logging_mixin.py:151} INFO - [2023-11-09T10:01:33.298+0000] {dag.py:2915} INFO - Sync 1 DAGs
[2023-11-09T10:01:33.313+0000] {logging_mixin.py:151} INFO - [2023-11-09T10:01:33.312+0000] {dag.py:3696} INFO - Setting next_dagrun for docker to None, run_after=None
[2023-11-09T10:01:33.342+0000] {processor.py:179} INFO - Processing /opt/airflow/dags/catboost/docker.py took 0.091 seconds
[2023-11-09T10:02:03.473+0000] {processor.py:157} INFO - Started process (PID=2125) to work on /opt/airflow/dags/catboost/docker.py
[2023-11-09T10:02:03.474+0000] {processor.py:829} INFO - Processing file /opt/airflow/dags/catboost/docker.py for tasks to queue
[2023-11-09T10:02:03.476+0000] {logging_mixin.py:151} INFO - [2023-11-09T10:02:03.476+0000] {dagbag.py:539} INFO - Filling up the DagBag from /opt/airflow/dags/catboost/docker.py
[2023-11-09T10:02:03.485+0000] {processor.py:839} INFO - DAG(s) dict_keys(['docker']) retrieved from /opt/airflow/dags/catboost/docker.py
[2023-11-09T10:02:03.497+0000] {logging_mixin.py:151} INFO - [2023-11-09T10:02:03.497+0000] {dag.py:2915} INFO - Sync 1 DAGs
[2023-11-09T10:02:03.513+0000] {logging_mixin.py:151} INFO - [2023-11-09T10:02:03.512+0000] {dag.py:3696} INFO - Setting next_dagrun for docker to None, run_after=None
[2023-11-09T10:02:03.543+0000] {processor.py:179} INFO - Processing /opt/airflow/dags/catboost/docker.py took 0.074 seconds
[2023-11-09T10:02:34.072+0000] {processor.py:157} INFO - Started process (PID=2152) to work on /opt/airflow/dags/catboost/docker.py
[2023-11-09T10:02:34.073+0000] {processor.py:829} INFO - Processing file /opt/airflow/dags/catboost/docker.py for tasks to queue
[2023-11-09T10:02:34.076+0000] {logging_mixin.py:151} INFO - [2023-11-09T10:02:34.076+0000] {dagbag.py:539} INFO - Filling up the DagBag from /opt/airflow/dags/catboost/docker.py
[2023-11-09T10:02:34.085+0000] {processor.py:839} INFO - DAG(s) dict_keys(['docker']) retrieved from /opt/airflow/dags/catboost/docker.py
[2023-11-09T10:02:34.193+0000] {logging_mixin.py:151} INFO - [2023-11-09T10:02:34.193+0000] {security.py:708} INFO - Not syncing DAG-level permissions for DAG 'DAG:docker' as access control is unset.
[2023-11-09T10:02:34.194+0000] {logging_mixin.py:151} INFO - [2023-11-09T10:02:34.193+0000] {dag.py:2915} INFO - Sync 1 DAGs
[2023-11-09T10:02:34.206+0000] {logging_mixin.py:151} INFO - [2023-11-09T10:02:34.205+0000] {dag.py:3696} INFO - Setting next_dagrun for docker to None, run_after=None
[2023-11-09T10:02:34.245+0000] {processor.py:179} INFO - Processing /opt/airflow/dags/catboost/docker.py took 0.177 seconds
[2023-11-09T10:03:04.415+0000] {processor.py:157} INFO - Started process (PID=2179) to work on /opt/airflow/dags/catboost/docker.py
[2023-11-09T10:03:04.416+0000] {processor.py:829} INFO - Processing file /opt/airflow/dags/catboost/docker.py for tasks to queue
[2023-11-09T10:03:04.419+0000] {logging_mixin.py:151} INFO - [2023-11-09T10:03:04.418+0000] {dagbag.py:539} INFO - Filling up the DagBag from /opt/airflow/dags/catboost/docker.py
[2023-11-09T10:03:04.428+0000] {processor.py:839} INFO - DAG(s) dict_keys(['docker']) retrieved from /opt/airflow/dags/catboost/docker.py
[2023-11-09T10:03:04.459+0000] {logging_mixin.py:151} INFO - [2023-11-09T10:03:04.459+0000] {dag.py:2915} INFO - Sync 1 DAGs
[2023-11-09T10:03:04.474+0000] {logging_mixin.py:151} INFO - [2023-11-09T10:03:04.474+0000] {dag.py:3696} INFO - Setting next_dagrun for docker to None, run_after=None
[2023-11-09T10:03:04.503+0000] {processor.py:179} INFO - Processing /opt/airflow/dags/catboost/docker.py took 0.092 seconds
[2023-11-09T10:03:34.787+0000] {processor.py:157} INFO - Started process (PID=2194) to work on /opt/airflow/dags/catboost/docker.py
[2023-11-09T10:03:34.788+0000] {processor.py:829} INFO - Processing file /opt/airflow/dags/catboost/docker.py for tasks to queue
[2023-11-09T10:03:34.791+0000] {logging_mixin.py:151} INFO - [2023-11-09T10:03:34.791+0000] {dagbag.py:539} INFO - Filling up the DagBag from /opt/airflow/dags/catboost/docker.py
[2023-11-09T10:03:34.802+0000] {processor.py:839} INFO - DAG(s) dict_keys(['docker']) retrieved from /opt/airflow/dags/catboost/docker.py
[2023-11-09T10:03:34.816+0000] {logging_mixin.py:151} INFO - [2023-11-09T10:03:34.815+0000] {dag.py:2915} INFO - Sync 1 DAGs
[2023-11-09T10:03:34.838+0000] {logging_mixin.py:151} INFO - [2023-11-09T10:03:34.837+0000] {dag.py:3696} INFO - Setting next_dagrun for docker to None, run_after=None
[2023-11-09T10:03:34.865+0000] {processor.py:179} INFO - Processing /opt/airflow/dags/catboost/docker.py took 0.082 seconds
[2023-11-09T10:04:05.102+0000] {processor.py:157} INFO - Started process (PID=2219) to work on /opt/airflow/dags/catboost/docker.py
[2023-11-09T10:04:05.105+0000] {processor.py:829} INFO - Processing file /opt/airflow/dags/catboost/docker.py for tasks to queue
[2023-11-09T10:04:05.109+0000] {logging_mixin.py:151} INFO - [2023-11-09T10:04:05.108+0000] {dagbag.py:539} INFO - Filling up the DagBag from /opt/airflow/dags/catboost/docker.py
[2023-11-09T10:04:05.119+0000] {processor.py:839} INFO - DAG(s) dict_keys(['docker']) retrieved from /opt/airflow/dags/catboost/docker.py
[2023-11-09T10:04:05.249+0000] {logging_mixin.py:151} INFO - [2023-11-09T10:04:05.249+0000] {security.py:708} INFO - Not syncing DAG-level permissions for DAG 'DAG:docker' as access control is unset.
[2023-11-09T10:04:05.250+0000] {logging_mixin.py:151} INFO - [2023-11-09T10:04:05.249+0000] {dag.py:2915} INFO - Sync 1 DAGs
[2023-11-09T10:04:05.261+0000] {logging_mixin.py:151} INFO - [2023-11-09T10:04:05.261+0000] {dag.py:3696} INFO - Setting next_dagrun for docker to None, run_after=None
[2023-11-09T10:04:05.280+0000] {processor.py:179} INFO - Processing /opt/airflow/dags/catboost/docker.py took 0.191 seconds
[2023-11-09T10:04:35.510+0000] {processor.py:157} INFO - Started process (PID=2246) to work on /opt/airflow/dags/catboost/docker.py
[2023-11-09T10:04:35.511+0000] {processor.py:829} INFO - Processing file /opt/airflow/dags/catboost/docker.py for tasks to queue
[2023-11-09T10:04:35.514+0000] {logging_mixin.py:151} INFO - [2023-11-09T10:04:35.513+0000] {dagbag.py:539} INFO - Filling up the DagBag from /opt/airflow/dags/catboost/docker.py
[2023-11-09T10:04:35.523+0000] {processor.py:839} INFO - DAG(s) dict_keys(['docker']) retrieved from /opt/airflow/dags/catboost/docker.py
[2023-11-09T10:04:35.552+0000] {logging_mixin.py:151} INFO - [2023-11-09T10:04:35.552+0000] {dag.py:2915} INFO - Sync 1 DAGs
[2023-11-09T10:04:35.566+0000] {logging_mixin.py:151} INFO - [2023-11-09T10:04:35.566+0000] {dag.py:3696} INFO - Setting next_dagrun for docker to None, run_after=None
[2023-11-09T10:04:35.583+0000] {processor.py:179} INFO - Processing /opt/airflow/dags/catboost/docker.py took 0.078 seconds
[2023-11-09T10:05:05.812+0000] {processor.py:157} INFO - Started process (PID=2274) to work on /opt/airflow/dags/catboost/docker.py
[2023-11-09T10:05:05.813+0000] {processor.py:829} INFO - Processing file /opt/airflow/dags/catboost/docker.py for tasks to queue
[2023-11-09T10:05:05.816+0000] {logging_mixin.py:151} INFO - [2023-11-09T10:05:05.816+0000] {dagbag.py:539} INFO - Filling up the DagBag from /opt/airflow/dags/catboost/docker.py
[2023-11-09T10:05:05.825+0000] {processor.py:839} INFO - DAG(s) dict_keys(['docker']) retrieved from /opt/airflow/dags/catboost/docker.py
[2023-11-09T10:05:05.837+0000] {logging_mixin.py:151} INFO - [2023-11-09T10:05:05.836+0000] {dag.py:2915} INFO - Sync 1 DAGs
[2023-11-09T10:05:05.853+0000] {logging_mixin.py:151} INFO - [2023-11-09T10:05:05.853+0000] {dag.py:3696} INFO - Setting next_dagrun for docker to None, run_after=None
[2023-11-09T10:05:05.871+0000] {processor.py:179} INFO - Processing /opt/airflow/dags/catboost/docker.py took 0.063 seconds
[2023-11-09T10:05:36.170+0000] {processor.py:157} INFO - Started process (PID=2301) to work on /opt/airflow/dags/catboost/docker.py
[2023-11-09T10:05:36.171+0000] {processor.py:829} INFO - Processing file /opt/airflow/dags/catboost/docker.py for tasks to queue
[2023-11-09T10:05:36.174+0000] {logging_mixin.py:151} INFO - [2023-11-09T10:05:36.173+0000] {dagbag.py:539} INFO - Filling up the DagBag from /opt/airflow/dags/catboost/docker.py
[2023-11-09T10:05:36.183+0000] {processor.py:839} INFO - DAG(s) dict_keys(['docker']) retrieved from /opt/airflow/dags/catboost/docker.py
[2023-11-09T10:05:36.292+0000] {logging_mixin.py:151} INFO - [2023-11-09T10:05:36.292+0000] {security.py:708} INFO - Not syncing DAG-level permissions for DAG 'DAG:docker' as access control is unset.
[2023-11-09T10:05:36.293+0000] {logging_mixin.py:151} INFO - [2023-11-09T10:05:36.292+0000] {dag.py:2915} INFO - Sync 1 DAGs
[2023-11-09T10:05:36.306+0000] {logging_mixin.py:151} INFO - [2023-11-09T10:05:36.306+0000] {dag.py:3696} INFO - Setting next_dagrun for docker to None, run_after=None
[2023-11-09T10:05:36.324+0000] {processor.py:179} INFO - Processing /opt/airflow/dags/catboost/docker.py took 0.159 seconds
[2023-11-09T10:06:06.655+0000] {processor.py:157} INFO - Started process (PID=2328) to work on /opt/airflow/dags/catboost/docker.py
[2023-11-09T10:06:06.657+0000] {processor.py:829} INFO - Processing file /opt/airflow/dags/catboost/docker.py for tasks to queue
[2023-11-09T10:06:06.660+0000] {logging_mixin.py:151} INFO - [2023-11-09T10:06:06.659+0000] {dagbag.py:539} INFO - Filling up the DagBag from /opt/airflow/dags/catboost/docker.py
[2023-11-09T10:06:06.672+0000] {processor.py:839} INFO - DAG(s) dict_keys(['docker']) retrieved from /opt/airflow/dags/catboost/docker.py
[2023-11-09T10:06:06.715+0000] {logging_mixin.py:151} INFO - [2023-11-09T10:06:06.714+0000] {dag.py:2915} INFO - Sync 1 DAGs
[2023-11-09T10:06:06.737+0000] {logging_mixin.py:151} INFO - [2023-11-09T10:06:06.737+0000] {dag.py:3696} INFO - Setting next_dagrun for docker to None, run_after=None
[2023-11-09T10:06:06.768+0000] {processor.py:179} INFO - Processing /opt/airflow/dags/catboost/docker.py took 0.117 seconds
[2023-11-09T10:06:36.796+0000] {processor.py:157} INFO - Started process (PID=2355) to work on /opt/airflow/dags/catboost/docker.py
[2023-11-09T10:06:36.797+0000] {processor.py:829} INFO - Processing file /opt/airflow/dags/catboost/docker.py for tasks to queue
[2023-11-09T10:06:36.800+0000] {logging_mixin.py:151} INFO - [2023-11-09T10:06:36.800+0000] {dagbag.py:539} INFO - Filling up the DagBag from /opt/airflow/dags/catboost/docker.py
[2023-11-09T10:06:36.810+0000] {processor.py:839} INFO - DAG(s) dict_keys(['docker']) retrieved from /opt/airflow/dags/catboost/docker.py
[2023-11-09T10:06:36.823+0000] {logging_mixin.py:151} INFO - [2023-11-09T10:06:36.822+0000] {dag.py:2915} INFO - Sync 1 DAGs
[2023-11-09T10:06:36.840+0000] {logging_mixin.py:151} INFO - [2023-11-09T10:06:36.840+0000] {dag.py:3696} INFO - Setting next_dagrun for docker to None, run_after=None
[2023-11-09T10:06:36.874+0000] {processor.py:179} INFO - Processing /opt/airflow/dags/catboost/docker.py took 0.082 seconds
[2023-11-09T10:07:07.038+0000] {processor.py:157} INFO - Started process (PID=2382) to work on /opt/airflow/dags/catboost/docker.py
[2023-11-09T10:07:07.040+0000] {processor.py:829} INFO - Processing file /opt/airflow/dags/catboost/docker.py for tasks to queue
[2023-11-09T10:07:07.044+0000] {logging_mixin.py:151} INFO - [2023-11-09T10:07:07.044+0000] {dagbag.py:539} INFO - Filling up the DagBag from /opt/airflow/dags/catboost/docker.py
[2023-11-09T10:07:07.057+0000] {processor.py:839} INFO - DAG(s) dict_keys(['docker']) retrieved from /opt/airflow/dags/catboost/docker.py
[2023-11-09T10:07:07.193+0000] {logging_mixin.py:151} INFO - [2023-11-09T10:07:07.192+0000] {security.py:708} INFO - Not syncing DAG-level permissions for DAG 'DAG:docker' as access control is unset.
[2023-11-09T10:07:07.194+0000] {logging_mixin.py:151} INFO - [2023-11-09T10:07:07.193+0000] {dag.py:2915} INFO - Sync 1 DAGs
[2023-11-09T10:07:07.206+0000] {logging_mixin.py:151} INFO - [2023-11-09T10:07:07.205+0000] {dag.py:3696} INFO - Setting next_dagrun for docker to None, run_after=None
[2023-11-09T10:07:07.236+0000] {processor.py:179} INFO - Processing /opt/airflow/dags/catboost/docker.py took 0.204 seconds
[2023-11-09T10:07:37.286+0000] {processor.py:157} INFO - Started process (PID=2409) to work on /opt/airflow/dags/catboost/docker.py
[2023-11-09T10:07:37.288+0000] {processor.py:829} INFO - Processing file /opt/airflow/dags/catboost/docker.py for tasks to queue
[2023-11-09T10:07:37.293+0000] {logging_mixin.py:151} INFO - [2023-11-09T10:07:37.292+0000] {dagbag.py:539} INFO - Filling up the DagBag from /opt/airflow/dags/catboost/docker.py
[2023-11-09T10:07:37.302+0000] {processor.py:839} INFO - DAG(s) dict_keys(['docker']) retrieved from /opt/airflow/dags/catboost/docker.py
[2023-11-09T10:07:37.335+0000] {logging_mixin.py:151} INFO - [2023-11-09T10:07:37.335+0000] {dag.py:2915} INFO - Sync 1 DAGs
[2023-11-09T10:07:37.350+0000] {logging_mixin.py:151} INFO - [2023-11-09T10:07:37.349+0000] {dag.py:3696} INFO - Setting next_dagrun for docker to None, run_after=None
[2023-11-09T10:07:37.386+0000] {processor.py:179} INFO - Processing /opt/airflow/dags/catboost/docker.py took 0.104 seconds
[2023-11-09T10:08:07.741+0000] {processor.py:157} INFO - Started process (PID=2436) to work on /opt/airflow/dags/catboost/docker.py
[2023-11-09T10:08:07.742+0000] {processor.py:829} INFO - Processing file /opt/airflow/dags/catboost/docker.py for tasks to queue
[2023-11-09T10:08:07.744+0000] {logging_mixin.py:151} INFO - [2023-11-09T10:08:07.744+0000] {dagbag.py:539} INFO - Filling up the DagBag from /opt/airflow/dags/catboost/docker.py
[2023-11-09T10:08:07.754+0000] {processor.py:839} INFO - DAG(s) dict_keys(['docker']) retrieved from /opt/airflow/dags/catboost/docker.py
[2023-11-09T10:08:07.770+0000] {logging_mixin.py:151} INFO - [2023-11-09T10:08:07.769+0000] {dag.py:2915} INFO - Sync 1 DAGs
[2023-11-09T10:08:07.787+0000] {logging_mixin.py:151} INFO - [2023-11-09T10:08:07.786+0000] {dag.py:3696} INFO - Setting next_dagrun for docker to None, run_after=None
[2023-11-09T10:08:07.806+0000] {processor.py:179} INFO - Processing /opt/airflow/dags/catboost/docker.py took 0.069 seconds
