[2023-11-14T04:54:44.705+0000] {taskinstance.py:1157} INFO - Dependencies all met for dep_context=non-requeueable deps ti=<TaskInstance: docker_cb.train_task manual__2023-11-14T04:54:43.338226+00:00 [queued]>
[2023-11-14T04:54:44.715+0000] {taskinstance.py:1157} INFO - Dependencies all met for dep_context=requeueable deps ti=<TaskInstance: docker_cb.train_task manual__2023-11-14T04:54:43.338226+00:00 [queued]>
[2023-11-14T04:54:44.715+0000] {taskinstance.py:1359} INFO - Starting attempt 1 of 1
[2023-11-14T04:54:44.727+0000] {taskinstance.py:1380} INFO - Executing <Task(DockerOperator): train_task> on 2023-11-14 04:54:43.338226+00:00
[2023-11-14T04:54:44.731+0000] {standard_task_runner.py:57} INFO - Started process 153 to run task
[2023-11-14T04:54:44.734+0000] {standard_task_runner.py:84} INFO - Running: ['***', 'tasks', 'run', 'docker_cb', 'train_task', 'manual__2023-11-14T04:54:43.338226+00:00', '--job-id', '18', '--raw', '--subdir', 'DAGS_FOLDER/catboost/docker.py', '--cfg-path', '/tmp/tmpv12d24kl']
[2023-11-14T04:54:44.735+0000] {standard_task_runner.py:85} INFO - Job 18: Subtask train_task
[2023-11-14T04:54:44.777+0000] {task_command.py:415} INFO - Running <TaskInstance: docker_cb.train_task manual__2023-11-14T04:54:43.338226+00:00 [running]> on host 184a7c5917fb
[2023-11-14T04:54:44.849+0000] {taskinstance.py:1660} INFO - Exporting env vars: AIRFLOW_CTX_DAG_OWNER='***' AIRFLOW_CTX_DAG_ID='docker_cb' AIRFLOW_CTX_TASK_ID='train_task' AIRFLOW_CTX_EXECUTION_DATE='2023-11-14T04:54:43.338226+00:00' AIRFLOW_CTX_TRY_NUMBER='1' AIRFLOW_CTX_DAG_RUN_ID='manual__2023-11-14T04:54:43.338226+00:00'
[2023-11-14T04:54:44.918+0000] {docker.py:337} INFO - Starting docker container from image dunghoang99/***-cb-stage:0.0.1
[2023-11-14T04:54:44.966+0000] {docker.py:345} WARNING - Using remote engine or docker-in-docker and mounting temporary volume from host is not supported. Falling back to `mount_tmp_dir=False` mode. You can set `mount_tmp_dir` parameter to False to disable mounting and remove the warning
[2023-11-14T04:54:46.469+0000] {docker.py:406} INFO - Data train: X_train shape (10099, 8), y_train shape (10099,)
Data test: X_test shape (1123, 8), y_test shape (1123,)
0:	learn: 0.6923545	total: 77ms	remaining: 1m 16s
1:	learn: 0.6913143	total: 80.7ms	remaining: 40.3s
2:	learn: 0.6906878	total: 83.9ms	remaining: 27.9s
3:	learn: 0.6900529	total: 87.3ms	remaining: 21.7s
4:	learn: 0.6897233	total: 89.2ms	remaining: 17.7s
5:	learn: 0.6892247	total: 93.6ms	remaining: 15.5s
6:	learn: 0.6885198	total: 95.5ms	remaining: 13.5s
7:	learn: 0.6880513	total: 98.9ms	remaining: 12.3s
8:	learn: 0.6877893	total: 101ms	remaining: 11.1s
9:	learn: 0.6875833	total: 104ms	remaining: 10.3s
10:	learn: 0.6872280	total: 106ms	remaining: 9.49s
11:	learn: 0.6868182	total: 107ms	remaining: 8.83s
12:	learn: 0.6862553	total: 109ms	remaining: 8.27s
13:	learn: 0.6859891	total: 111ms	remaining: 7.79s
14:	learn: 0.6857149	total: 112ms	remaining: 7.37s
15:	learn: 0.6855171	total: 114ms	remaining: 6.99s
16:	learn: 0.6855153	total: 115ms	remaining: 6.63s
17:	learn: 0.6852749	total: 116ms	remaining: 6.35s
18:	learn: 0.6851199	total: 118ms	remaining: 6.1s
19:	learn: 0.6848347	total: 120ms	remaining: 5.87s
20:	learn: 0.6846181	total: 122ms	remaining: 5.67s
21:	learn: 0.6843719	total: 124ms	remaining: 5.49s
22:	learn: 0.6839465	total: 125ms	remaining: 5.33s
23:	learn: 0.6836066	total: 127ms	remaining: 5.17s
24:	learn: 0.6834304	total: 129ms	remaining: 5.03s
25:	learn: 0.6832733	total: 130ms	remaining: 4.88s
26:	learn: 0.6830688	total: 135ms	remaining: 4.85s
27:	learn: 0.6829331	total: 136ms	remaining: 4.73s
28:	learn: 0.6825356	total: 138ms	remaining: 4.62s
29:	learn: 0.6823513	total: 140ms	remaining: 4.51s
30:	learn: 0.6821528	total: 143ms	remaining: 4.47s
31:	learn: 0.6819569	total: 145ms	remaining: 4.37s
32:	learn: 0.6817422	total: 146ms	remaining: 4.29s
33:	learn: 0.6813849	total: 148ms	remaining: 4.2s
34:	learn: 0.6811909	total: 150ms	remaining: 4.13s
35:	learn: 0.6810236	total: 152ms	remaining: 4.06s
36:	learn: 0.6808135	total: 153ms	remaining: 3.99s
37:	learn: 0.6805637	total: 155ms	remaining: 3.92s
38:	learn: 0.6801210	total: 157ms	remaining: 3.86s
39:	learn: 0.6800493	total: 158ms	remaining: 3.79s
40:	learn: 0.6800143	total: 160ms	remaining: 3.74s
41:	learn: 0.6798275	total: 162ms	remaining: 3.69s
42:	learn: 0.6796377	total: 163ms	remaining: 3.63s
43:	learn: 0.6795499	total: 165ms	remaining: 3.58s
44:	learn: 0.6794253	total: 167ms	remaining: 3.54s
45:	learn: 0.6793035	total: 169ms	remaining: 3.5s
46:	learn: 0.6789688	total: 171ms	remaining: 3.46s
47:	learn: 0.6789078	total: 172ms	remaining: 3.42s
48:	learn: 0.6787898	total: 174ms	remaining: 3.38s
49:	learn: 0.6786445	total: 176ms	remaining: 3.34s
50:	learn: 0.6785399	total: 178ms	remaining: 3.3s
51:	learn: 0.6783132	total: 179ms	remaining: 3.27s
52:	learn: 0.6781841	total: 182ms	remaining: 3.25s
53:	learn: 0.6779797	total: 184ms	remaining: 3.23s
54:	learn: 0.6777721	total: 188ms	remaining: 3.23s
55:	learn: 0.6776195	total: 192ms	remaining: 3.24s
56:	learn: 0.6774137	total: 194ms	remaining: 3.2s
57:	learn: 0.6771868	total: 196ms	remaining: 3.18s
58:	learn: 0.6770286	total: 197ms	remaining: 3.15s
59:	learn: 0.6768593	total: 199ms	remaining: 3.12s
60:	learn: 0.6766314	total: 204ms	remaining: 3.13s
61:	learn: 0.6764341	total: 205ms	remaining: 3.11s
62:	learn: 0.6762894	total: 207ms	remaining: 3.08s
63:	learn: 0.6762179	total: 209ms	remaining: 3.05s
64:	learn: 0.6761877	total: 210ms	remaining: 3.02s
65:	learn: 0.6760788	total: 212ms	remaining: 2.99s
66:	learn: 0.6759794	total: 213ms	remaining: 2.97s
67:	learn: 0.6757549	total: 215ms	remaining: 2.95s
68:	learn: 0.6756725	total: 217ms	remaining: 2.93s
69:	learn: 0.6755437	total: 219ms	remaining: 2.91s
70:	learn: 0.6754571	total: 221ms	remaining: 2.89s
71:	learn: 0.6754200	total: 222ms	remaining: 2.86s
72:	learn: 0.6753029	total: 224ms	remaining: 2.84s
73:	learn: 0.6751809	total: 225ms	remaining: 2.82s
74:	learn: 0.6750787	total: 227ms	remaining: 2.8s
75:	learn: 0.6748238	total: 229ms	remaining: 2.78s
76:	learn: 0.6747360	total: 231ms	remaining: 2.76s
77:	learn: 0.6746475	total: 232ms	remaining: 2.75s
78:	learn: 0.6744962	total: 234ms	remaining: 2.73s
79:	learn: 0.6743493	total: 236ms	remaining: 2.71s
80:	learn: 0.6742165	total: 237ms	remaining: 2.69s
81:	learn: 0.6741563	total: 239ms	remaining: 2.68s
82:	learn: 0.6739410	total: 241ms	remaining: 2.66s
83:	learn: 0.6738319	total: 242ms	remaining: 2.64s
84:	learn: 0.6737218	total: 244ms	remaining: 2.63s
85:	learn: 0.6736046	total: 246ms	remaining: 2.61s
86:	learn: 0.6733830	total: 248ms	remaining: 2.6s
87:	learn: 0.6732236	total: 250ms	remaining: 2.59s
88:	learn: 0.6731003	total: 251ms	remaining: 2.57s
89:	learn: 0.6729525	total: 253ms	remaining: 2.55s
90:	learn: 0.6728208	total: 254ms	remaining: 2.54s
91:	learn: 0.6726889	total: 256ms	remaining: 2.53s
92:	learn: 0.6725423	total: 258ms	remaining: 2.51s
93:	learn: 0.6724975	total: 259ms	remaining: 2.5s
94:	learn: 0.6724268	total: 261ms	remaining: 2.48s
95:	learn: 0.6723531	total: 265ms	remaining: 2.5s
96:	learn: 0.6722101	total: 267ms	remaining: 2.48s
97:	learn: 0.6720749	total: 268ms	remaining: 2.47s
98:	learn: 0.6719205	total: 270ms	remaining: 2.46s
99:	learn: 0.6717257	total: 272ms	remaining: 2.45s
100:	learn: 0.6715174	total: 274ms	remaining: 2.44s
101:	learn: 0.6714281	total: 277ms	remaining: 2.44s
102:	learn: 0.6712881	total: 279ms	remaining: 2.43s
103:	learn: 0.6712261	total: 280ms	remaining: 2.42s
104:	learn: 0.6710531	total: 282ms	remaining: 2.4s
105:	learn: 0.6708603	total: 284ms	remaining: 2.39s
106:	learn: 0.6708004	total: 285ms	remaining: 2.38s
107:	learn: 0.6705155	total: 287ms	remaining: 2.37s
108:	learn: 0.6704792	total: 288ms	remaining: 2.36s
109:	learn: 0.6703968	total: 290ms	remaining: 2.35s
110:	learn: 0.6703340	total: 292ms	remaining: 2.34s
111:	learn: 0.6701382	total: 293ms	remaining: 2.33s
112:	learn: 0.6700373	total: 295ms	remaining: 2.31s
113:	learn: 0.6700006	total: 297ms	remaining: 2.3s
114:	learn: 0.6699201	total: 298ms	remaining: 2.29s
115:	learn: 0.6698275	total: 300ms	remaining: 2.29s
116:	learn: 0.6695725	total: 302ms	remaining: 2.27s
117:	learn: 0.6694414	total: 303ms	remaining: 2.27s
118:	learn: 0.6694031	total: 305ms	remaining: 2.26s
119:	learn: 0.6693459	total: 306ms	remaining: 2.25s
120:	learn: 0.6692019	total: 308ms	remaining: 2.24s
121:	learn: 0.6690772	total: 310ms	remaining: 2.23s
122:	learn: 0.6689413	total: 311ms	remaining: 2.22s
123:	learn: 0.6688726	total: 313ms	remaining: 2.21s
124:	learn: 0.6687473	total: 315ms	remaining: 2.2s
125:	learn: 0.6685968	total: 316ms	remaining: 2.19s
126:	learn: 0.6684084	total: 318ms	remaining: 2.19s
127:	learn: 0.6682150	total: 320ms	remaining: 2.18s
128:	learn: 0.6680815	total: 321ms	remaining: 2.17s
129:	learn: 0.6679709	total: 323ms	remaining: 2.16s
130:	learn: 0.6678207	total: 325ms	remaining: 2.16s
131:	learn: 0.6677146	total: 327ms	remaining: 2.15s
132:	learn: 0.6676089	total: 329ms	remaining: 2.14s
133:	learn: 0.6674313	total: 330ms	remaining: 2.13s
134:	learn: 0.6671831	total: 332ms	remaining: 2.13s
135:	learn: 0.6670552	total: 334ms	remaining: 2.12s
136:	learn: 0.6668790	total: 335ms	remaining: 2.11s
137:	learn: 0.6667174	total: 337ms	remaining: 2.1s
138:	learn: 0.6666482	total: 339ms	remaining: 2.1s
139:	learn: 0.6665386	total: 341ms	remaining: 2.09s
140:	learn: 0.6663495	total: 342ms	remaining: 2.08s
141:	learn: 0.6661794	total: 344ms	remaining: 2.08s
142:	learn: 0.6661590	total: 345ms	remaining: 2.07s
143:	learn: 0.6660321	total: 347ms	remaining: 2.06s
144:	learn: 0.6658155	total: 349ms	remaining: 2.06s
145:	learn: 0.6656449	total: 350ms	remaining: 2.05s
146:	learn: 0.6655221	total: 352ms	remaining: 2.04s
147:	learn: 0.6653024	total: 354ms	remaining: 2.04s
148:	learn: 0.6651524	total: 355ms	remaining: 2.03s
149:	learn: 0.6649713	total: 357ms	remaining: 2.02s
150:	learn: 0.6648136	total: 359ms	remaining: 2.02s
151:	learn: 0.6646632	total: 361ms	remaining: 2.01s
152:	learn: 0.6644969	total: 362ms	remaining: 2s
153:	learn: 0.6643464	total: 364ms	remaining: 2s
154:	learn: 0.6642447	total: 366ms	remaining: 1.99s
155:	learn: 0.6640367	total: 367ms	remaining: 1.99s
156:	learn: 0.6638552	total: 369ms	remaining: 1.98s
[2023-11-14T04:54:46.787+0000] {docker.py:406} INFO - 157:	learn: 0.6637109	total: 374ms	remaining: 1.99s
158:	learn: 0.6634351	total: 377ms	remaining: 1.99s
159:	learn: 0.6632889	total: 379ms	remaining: 1.99s
160:	learn: 0.6631542	total: 380ms	remaining: 1.98s
161:	learn: 0.6629496	total: 382ms	remaining: 1.98s
162:	learn: 0.6627833	total: 385ms	remaining: 1.98s
163:	learn: 0.6626750	total: 387ms	remaining: 1.97s
164:	learn: 0.6625964	total: 389ms	remaining: 1.97s
165:	learn: 0.6623659	total: 393ms	remaining: 1.97s
166:	learn: 0.6621916	total: 397ms	remaining: 1.98s
167:	learn: 0.6620252	total: 400ms	remaining: 1.98s
168:	learn: 0.6619368	total: 404ms	remaining: 1.99s
169:	learn: 0.6617943	total: 408ms	remaining: 1.99s
170:	learn: 0.6616135	total: 412ms	remaining: 2s
171:	learn: 0.6616135	total: 414ms	remaining: 1.99s
172:	learn: 0.6614725	total: 418ms	remaining: 2s
173:	learn: 0.6612787	total: 421ms	remaining: 2s
174:	learn: 0.6610207	total: 425ms	remaining: 2s
175:	learn: 0.6607788	total: 429ms	remaining: 2.01s
176:	learn: 0.6605449	total: 433ms	remaining: 2.01s
177:	learn: 0.6603259	total: 436ms	remaining: 2.01s
178:	learn: 0.6601970	total: 440ms	remaining: 2.02s
179:	learn: 0.6600261	total: 443ms	remaining: 2.02s
180:	learn: 0.6599586	total: 445ms	remaining: 2.01s
181:	learn: 0.6597647	total: 447ms	remaining: 2.01s
182:	learn: 0.6596627	total: 448ms	remaining: 2s
183:	learn: 0.6594542	total: 450ms	remaining: 2s
184:	learn: 0.6593410	total: 452ms	remaining: 1.99s
185:	learn: 0.6591718	total: 453ms	remaining: 1.98s
186:	learn: 0.6589531	total: 455ms	remaining: 1.98s
187:	learn: 0.6588014	total: 457ms	remaining: 1.97s
188:	learn: 0.6586800	total: 458ms	remaining: 1.97s
189:	learn: 0.6584902	total: 460ms	remaining: 1.96s
190:	learn: 0.6583022	total: 462ms	remaining: 1.96s
191:	learn: 0.6581046	total: 464ms	remaining: 1.95s
192:	learn: 0.6580166	total: 465ms	remaining: 1.95s
193:	learn: 0.6578429	total: 467ms	remaining: 1.94s
194:	learn: 0.6577077	total: 469ms	remaining: 1.94s
195:	learn: 0.6574877	total: 471ms	remaining: 1.93s
196:	learn: 0.6572999	total: 473ms	remaining: 1.93s
197:	learn: 0.6572095	total: 474ms	remaining: 1.92s
198:	learn: 0.6569655	total: 476ms	remaining: 1.92s
199:	learn: 0.6568617	total: 478ms	remaining: 1.91s
200:	learn: 0.6565798	total: 479ms	remaining: 1.91s
201:	learn: 0.6564259	total: 481ms	remaining: 1.9s
202:	learn: 0.6561717	total: 483ms	remaining: 1.9s
203:	learn: 0.6560340	total: 485ms	remaining: 1.89s
204:	learn: 0.6558652	total: 486ms	remaining: 1.89s
205:	learn: 0.6557193	total: 488ms	remaining: 1.88s
206:	learn: 0.6556036	total: 490ms	remaining: 1.88s
207:	learn: 0.6554811	total: 492ms	remaining: 1.87s
208:	learn: 0.6554763	total: 493ms	remaining: 1.86s
209:	learn: 0.6553613	total: 495ms	remaining: 1.86s
210:	learn: 0.6552443	total: 497ms	remaining: 1.86s
211:	learn: 0.6550976	total: 498ms	remaining: 1.85s
212:	learn: 0.6549317	total: 500ms	remaining: 1.85s
213:	learn: 0.6547798	total: 502ms	remaining: 1.84s
214:	learn: 0.6546310	total: 504ms	remaining: 1.84s
215:	learn: 0.6544378	total: 505ms	remaining: 1.83s
216:	learn: 0.6543269	total: 507ms	remaining: 1.83s
217:	learn: 0.6541406	total: 509ms	remaining: 1.82s
218:	learn: 0.6539838	total: 511ms	remaining: 1.82s
219:	learn: 0.6538683	total: 513ms	remaining: 1.82s
220:	learn: 0.6536508	total: 515ms	remaining: 1.81s
221:	learn: 0.6534545	total: 516ms	remaining: 1.81s
222:	learn: 0.6533396	total: 518ms	remaining: 1.8s
223:	learn: 0.6531538	total: 520ms	remaining: 1.8s
224:	learn: 0.6530258	total: 522ms	remaining: 1.8s
225:	learn: 0.6528791	total: 523ms	remaining: 1.79s
226:	learn: 0.6527151	total: 525ms	remaining: 1.79s
227:	learn: 0.6525848	total: 527ms	remaining: 1.78s
228:	learn: 0.6523876	total: 529ms	remaining: 1.78s
229:	learn: 0.6522678	total: 531ms	remaining: 1.78s
230:	learn: 0.6521190	total: 533ms	remaining: 1.77s
231:	learn: 0.6521191	total: 533ms	remaining: 1.76s
232:	learn: 0.6521173	total: 535ms	remaining: 1.76s
233:	learn: 0.6519352	total: 536ms	remaining: 1.75s
234:	learn: 0.6517780	total: 538ms	remaining: 1.75s
235:	learn: 0.6515648	total: 540ms	remaining: 1.75s
236:	learn: 0.6513618	total: 542ms	remaining: 1.74s
237:	learn: 0.6512065	total: 544ms	remaining: 1.74s
238:	learn: 0.6510439	total: 545ms	remaining: 1.74s
239:	learn: 0.6509295	total: 547ms	remaining: 1.73s
240:	learn: 0.6508055	total: 549ms	remaining: 1.73s
241:	learn: 0.6506306	total: 551ms	remaining: 1.72s
242:	learn: 0.6504772	total: 553ms	remaining: 1.72s
243:	learn: 0.6503497	total: 554ms	remaining: 1.72s
244:	learn: 0.6502412	total: 556ms	remaining: 1.71s
245:	learn: 0.6501359	total: 558ms	remaining: 1.71s
246:	learn: 0.6500582	total: 560ms	remaining: 1.71s
247:	learn: 0.6498874	total: 561ms	remaining: 1.7s
248:	learn: 0.6497259	total: 563ms	remaining: 1.7s
249:	learn: 0.6495829	total: 565ms	remaining: 1.69s
250:	learn: 0.6494570	total: 567ms	remaining: 1.69s
251:	learn: 0.6492818	total: 568ms	remaining: 1.69s
252:	learn: 0.6491128	total: 570ms	remaining: 1.68s
253:	learn: 0.6489535	total: 572ms	remaining: 1.68s
254:	learn: 0.6488234	total: 574ms	remaining: 1.68s
255:	learn: 0.6486278	total: 575ms	remaining: 1.67s
256:	learn: 0.6484436	total: 577ms	remaining: 1.67s
257:	learn: 0.6482941	total: 579ms	remaining: 1.66s
258:	learn: 0.6481567	total: 580ms	remaining: 1.66s
259:	learn: 0.6479962	total: 582ms	remaining: 1.66s
260:	learn: 0.6478962	total: 584ms	remaining: 1.65s
261:	learn: 0.6477476	total: 586ms	remaining: 1.65s
262:	learn: 0.6476332	total: 588ms	remaining: 1.65s
263:	learn: 0.6474140	total: 590ms	remaining: 1.65s
264:	learn: 0.6472302	total: 592ms	remaining: 1.64s
265:	learn: 0.6470893	total: 594ms	remaining: 1.64s
266:	learn: 0.6469457	total: 598ms	remaining: 1.64s
267:	learn: 0.6468276	total: 600ms	remaining: 1.64s
268:	learn: 0.6466445	total: 602ms	remaining: 1.64s
269:	learn: 0.6465414	total: 603ms	remaining: 1.63s
270:	learn: 0.6464202	total: 606ms	remaining: 1.63s
271:	learn: 0.6461884	total: 608ms	remaining: 1.63s
272:	learn: 0.6460123	total: 610ms	remaining: 1.63s
273:	learn: 0.6458164	total: 613ms	remaining: 1.62s
274:	learn: 0.6456974	total: 615ms	remaining: 1.62s
275:	learn: 0.6454389	total: 617ms	remaining: 1.62s
276:	learn: 0.6452355	total: 618ms	remaining: 1.61s
277:	learn: 0.6450866	total: 620ms	remaining: 1.61s
278:	learn: 0.6449374	total: 622ms	remaining: 1.61s
279:	learn: 0.6448507	total: 623ms	remaining: 1.6s
280:	learn: 0.6447082	total: 625ms	remaining: 1.6s
281:	learn: 0.6445816	total: 627ms	remaining: 1.59s
282:	learn: 0.6443848	total: 628ms	remaining: 1.59s
283:	learn: 0.6441610	total: 630ms	remaining: 1.59s
284:	learn: 0.6440332	total: 632ms	remaining: 1.58s
285:	learn: 0.6439043	total: 634ms	remaining: 1.58s
286:	learn: 0.6437655	total: 635ms	remaining: 1.58s
287:	learn: 0.6436392	total: 637ms	remaining: 1.57s
288:	learn: 0.6435035	total: 639ms	remaining: 1.57s
289:	learn: 0.6434154	total: 641ms	remaining: 1.57s
290:	learn: 0.6432800	total: 642ms	remaining: 1.56s
291:	learn: 0.6431579	total: 644ms	remaining: 1.56s
292:	learn: 0.6430574	total: 646ms	remaining: 1.56s
293:	learn: 0.6429570	total: 647ms	remaining: 1.55s
294:	learn: 0.6428061	total: 649ms	remaining: 1.55s
295:	learn: 0.6428062	total: 650ms	remaining: 1.55s
296:	learn: 0.6426816	total: 652ms	remaining: 1.54s
297:	learn: 0.6425846	total: 654ms	remaining: 1.54s
298:	learn: 0.6424794	total: 655ms	remaining: 1.54s
299:	learn: 0.6423869	total: 657ms	remaining: 1.53s
300:	learn: 0.6421857	total: 659ms	remaining: 1.53s
301:	learn: 0.6420837	total: 660ms	remaining: 1.53s
302:	learn: 0.6419440	total: 662ms	remaining: 1.52s
303:	learn: 0.6418271	total: 664ms	remaining: 1.52s
304:	learn: 0.6416806	total: 665ms	remaining: 1.52s
305:	learn: 0.6415509	total: 667ms	remaining: 1.51s
306:	learn: 0.6415509	total: 668ms	remaining: 1.51s
307:	learn: 0.6414118	total: 670ms	remaining: 1.5s
308:	learn: 0.6413172	total: 671ms	remaining: 1.5s
309:	learn: 0.6411958	total: 673ms	remaining: 1.5s
310:	learn: 0.6411791	total: 674ms	remaining: 1.49s
311:	learn: 0.6410938	total: 676ms	remaining: 1.49s
312:	learn: 0.6409000	total: 678ms	remaining: 1.49s
313:	learn: 0.6407517	total: 679ms	remaining: 1.48s
314:	learn: 0.6405832	total: 681ms	remaining: 1.48s
[2023-11-14T04:54:47.076+0000] {docker.py:406} INFO - 315:	learn: 0.6404451	total: 683ms	remaining: 1.48s
316:	learn: 0.6403909	total: 685ms	remaining: 1.48s
317:	learn: 0.6402305	total: 687ms	remaining: 1.47s
318:	learn: 0.6400967	total: 689ms	remaining: 1.47s
319:	learn: 0.6398358	total: 691ms	remaining: 1.47s
320:	learn: 0.6397236	total: 692ms	remaining: 1.46s
321:	learn: 0.6395857	total: 694ms	remaining: 1.46s
322:	learn: 0.6394765	total: 696ms	remaining: 1.46s
323:	learn: 0.6394059	total: 698ms	remaining: 1.46s
324:	learn: 0.6392361	total: 699ms	remaining: 1.45s
325:	learn: 0.6390888	total: 701ms	remaining: 1.45s
326:	learn: 0.6389307	total: 703ms	remaining: 1.45s
327:	learn: 0.6387515	total: 704ms	remaining: 1.44s
328:	learn: 0.6386513	total: 706ms	remaining: 1.44s
329:	learn: 0.6385424	total: 708ms	remaining: 1.44s
330:	learn: 0.6383519	total: 709ms	remaining: 1.43s
331:	learn: 0.6382336	total: 711ms	remaining: 1.43s
332:	learn: 0.6381028	total: 713ms	remaining: 1.43s
333:	learn: 0.6379294	total: 715ms	remaining: 1.42s
334:	learn: 0.6377213	total: 716ms	remaining: 1.42s
335:	learn: 0.6375987	total: 718ms	remaining: 1.42s
336:	learn: 0.6374804	total: 720ms	remaining: 1.42s
337:	learn: 0.6373476	total: 722ms	remaining: 1.41s
338:	learn: 0.6372223	total: 724ms	remaining: 1.41s
339:	learn: 0.6370235	total: 725ms	remaining: 1.41s
340:	learn: 0.6368777	total: 727ms	remaining: 1.4s
341:	learn: 0.6367628	total: 729ms	remaining: 1.4s
342:	learn: 0.6366362	total: 730ms	remaining: 1.4s
343:	learn: 0.6365123	total: 732ms	remaining: 1.4s
344:	learn: 0.6363394	total: 734ms	remaining: 1.39s
345:	learn: 0.6362098	total: 736ms	remaining: 1.39s
346:	learn: 0.6359662	total: 737ms	remaining: 1.39s
347:	learn: 0.6358130	total: 739ms	remaining: 1.38s
348:	learn: 0.6357234	total: 741ms	remaining: 1.38s
349:	learn: 0.6355574	total: 743ms	remaining: 1.38s
350:	learn: 0.6353760	total: 744ms	remaining: 1.38s
351:	learn: 0.6352258	total: 746ms	remaining: 1.37s
352:	learn: 0.6351527	total: 748ms	remaining: 1.37s
353:	learn: 0.6350450	total: 750ms	remaining: 1.37s
354:	learn: 0.6349051	total: 751ms	remaining: 1.36s
355:	learn: 0.6348274	total: 754ms	remaining: 1.36s
356:	learn: 0.6347232	total: 756ms	remaining: 1.36s
357:	learn: 0.6346129	total: 757ms	remaining: 1.36s
358:	learn: 0.6344361	total: 759ms	remaining: 1.35s
359:	learn: 0.6342646	total: 761ms	remaining: 1.35s
360:	learn: 0.6341037	total: 763ms	remaining: 1.35s
361:	learn: 0.6339405	total: 765ms	remaining: 1.35s
362:	learn: 0.6337902	total: 767ms	remaining: 1.34s
363:	learn: 0.6336802	total: 768ms	remaining: 1.34s
364:	learn: 0.6335661	total: 770ms	remaining: 1.34s
365:	learn: 0.6334620	total: 772ms	remaining: 1.34s
366:	learn: 0.6333713	total: 774ms	remaining: 1.33s
367:	learn: 0.6332358	total: 778ms	remaining: 1.34s
368:	learn: 0.6330254	total: 780ms	remaining: 1.33s
369:	learn: 0.6329128	total: 782ms	remaining: 1.33s
370:	learn: 0.6327953	total: 784ms	remaining: 1.33s
371:	learn: 0.6326773	total: 786ms	remaining: 1.33s
372:	learn: 0.6325804	total: 787ms	remaining: 1.32s
373:	learn: 0.6324880	total: 789ms	remaining: 1.32s
374:	learn: 0.6323788	total: 791ms	remaining: 1.32s
375:	learn: 0.6322640	total: 792ms	remaining: 1.31s
376:	learn: 0.6321636	total: 794ms	remaining: 1.31s
377:	learn: 0.6319384	total: 796ms	remaining: 1.31s
378:	learn: 0.6317791	total: 798ms	remaining: 1.31s
379:	learn: 0.6316548	total: 800ms	remaining: 1.3s
380:	learn: 0.6314433	total: 802ms	remaining: 1.3s
381:	learn: 0.6313654	total: 804ms	remaining: 1.3s
382:	learn: 0.6311741	total: 805ms	remaining: 1.3s
383:	learn: 0.6310642	total: 807ms	remaining: 1.29s
384:	learn: 0.6309661	total: 809ms	remaining: 1.29s
385:	learn: 0.6309140	total: 811ms	remaining: 1.29s
386:	learn: 0.6307977	total: 812ms	remaining: 1.29s
387:	learn: 0.6306638	total: 814ms	remaining: 1.28s
388:	learn: 0.6305415	total: 816ms	remaining: 1.28s
389:	learn: 0.6304331	total: 817ms	remaining: 1.28s
390:	learn: 0.6303814	total: 819ms	remaining: 1.27s
391:	learn: 0.6302764	total: 821ms	remaining: 1.27s
392:	learn: 0.6301565	total: 823ms	remaining: 1.27s
393:	learn: 0.6299922	total: 824ms	remaining: 1.27s
394:	learn: 0.6298995	total: 826ms	remaining: 1.26s
395:	learn: 0.6297126	total: 828ms	remaining: 1.26s
396:	learn: 0.6296159	total: 830ms	remaining: 1.26s
397:	learn: 0.6294850	total: 831ms	remaining: 1.26s
398:	learn: 0.6293827	total: 833ms	remaining: 1.25s
399:	learn: 0.6292972	total: 835ms	remaining: 1.25s
400:	learn: 0.6292146	total: 837ms	remaining: 1.25s
401:	learn: 0.6291288	total: 838ms	remaining: 1.25s
402:	learn: 0.6289567	total: 840ms	remaining: 1.24s
403:	learn: 0.6288679	total: 842ms	remaining: 1.24s
404:	learn: 0.6286697	total: 843ms	remaining: 1.24s
405:	learn: 0.6286098	total: 845ms	remaining: 1.24s
406:	learn: 0.6284586	total: 847ms	remaining: 1.23s
407:	learn: 0.6283428	total: 849ms	remaining: 1.23s
408:	learn: 0.6281978	total: 851ms	remaining: 1.23s
409:	learn: 0.6280356	total: 853ms	remaining: 1.23s
410:	learn: 0.6280356	total: 853ms	remaining: 1.22s
411:	learn: 0.6279721	total: 855ms	remaining: 1.22s
412:	learn: 0.6278084	total: 857ms	remaining: 1.22s
413:	learn: 0.6276854	total: 859ms	remaining: 1.22s
414:	learn: 0.6275563	total: 861ms	remaining: 1.21s
415:	learn: 0.6274238	total: 862ms	remaining: 1.21s
416:	learn: 0.6273017	total: 864ms	remaining: 1.21s
417:	learn: 0.6272296	total: 866ms	remaining: 1.21s
418:	learn: 0.6271100	total: 867ms	remaining: 1.2s
419:	learn: 0.6269836	total: 869ms	remaining: 1.2s
420:	learn: 0.6268295	total: 871ms	remaining: 1.2s
421:	learn: 0.6267429	total: 873ms	remaining: 1.2s
422:	learn: 0.6266819	total: 874ms	remaining: 1.19s
423:	learn: 0.6265600	total: 876ms	remaining: 1.19s
424:	learn: 0.6264649	total: 878ms	remaining: 1.19s
425:	learn: 0.6263729	total: 880ms	remaining: 1.19s
426:	learn: 0.6262960	total: 882ms	remaining: 1.18s
427:	learn: 0.6262138	total: 883ms	remaining: 1.18s
428:	learn: 0.6260509	total: 885ms	remaining: 1.18s
429:	learn: 0.6260509	total: 886ms	remaining: 1.17s
430:	learn: 0.6259464	total: 887ms	remaining: 1.17s
431:	learn: 0.6258391	total: 889ms	remaining: 1.17s
432:	learn: 0.6256904	total: 891ms	remaining: 1.17s
433:	learn: 0.6255751	total: 893ms	remaining: 1.16s
434:	learn: 0.6254203	total: 894ms	remaining: 1.16s
435:	learn: 0.6252360	total: 896ms	remaining: 1.16s
436:	learn: 0.6251150	total: 898ms	remaining: 1.16s
437:	learn: 0.6249570	total: 900ms	remaining: 1.15s
438:	learn: 0.6247714	total: 902ms	remaining: 1.15s
439:	learn: 0.6246823	total: 904ms	remaining: 1.15s
440:	learn: 0.6245888	total: 906ms	remaining: 1.15s
441:	learn: 0.6245143	total: 907ms	remaining: 1.15s
442:	learn: 0.6244528	total: 909ms	remaining: 1.14s
443:	learn: 0.6243121	total: 911ms	remaining: 1.14s
444:	learn: 0.6241623	total: 913ms	remaining: 1.14s
445:	learn: 0.6240554	total: 915ms	remaining: 1.14s
446:	learn: 0.6239575	total: 916ms	remaining: 1.13s
447:	learn: 0.6239317	total: 918ms	remaining: 1.13s
448:	learn: 0.6238319	total: 919ms	remaining: 1.13s
449:	learn: 0.6237147	total: 921ms	remaining: 1.13s
450:	learn: 0.6235994	total: 923ms	remaining: 1.12s
451:	learn: 0.6234537	total: 925ms	remaining: 1.12s
452:	learn: 0.6234537	total: 925ms	remaining: 1.12s
453:	learn: 0.6234131	total: 927ms	remaining: 1.11s
454:	learn: 0.6232737	total: 929ms	remaining: 1.11s
455:	learn: 0.6231524	total: 932ms	remaining: 1.11s
456:	learn: 0.6230397	total: 933ms	remaining: 1.11s
457:	learn: 0.6228921	total: 935ms	remaining: 1.11s
458:	learn: 0.6227709	total: 937ms	remaining: 1.1s
459:	learn: 0.6226567	total: 939ms	remaining: 1.1s
460:	learn: 0.6225236	total: 940ms	remaining: 1.1s
461:	learn: 0.6223781	total: 942ms	remaining: 1.1s
462:	learn: 0.6223077	total: 944ms	remaining: 1.09s
463:	learn: 0.6222188	total: 947ms	remaining: 1.09s
464:	learn: 0.6221189	total: 948ms	remaining: 1.09s
465:	learn: 0.6220332	total: 950ms	remaining: 1.09s
466:	learn: 0.6219585	total: 951ms	remaining: 1.08s
467:	learn: 0.6217562	total: 953ms	remaining: 1.08s
468:	learn: 0.6216426	total: 955ms	remaining: 1.08s
469:	learn: 0.6214774	total: 957ms	remaining: 1.08s
470:	learn: 0.6213476	total: 958ms	remaining: 1.08s
471:	learn: 0.6211440	total: 960ms	remaining: 1.07s
[2023-11-14T04:54:47.373+0000] {docker.py:406} INFO - 472:	learn: 0.6210928	total: 962ms	remaining: 1.07s
473:	learn: 0.6209256	total: 964ms	remaining: 1.07s
474:	learn: 0.6208523	total: 967ms	remaining: 1.07s
475:	learn: 0.6207312	total: 969ms	remaining: 1.07s
476:	learn: 0.6206322	total: 970ms	remaining: 1.06s
477:	learn: 0.6205293	total: 972ms	remaining: 1.06s
478:	learn: 0.6204387	total: 974ms	remaining: 1.06s
479:	learn: 0.6203276	total: 976ms	remaining: 1.06s
480:	learn: 0.6202013	total: 978ms	remaining: 1.05s
481:	learn: 0.6201027	total: 980ms	remaining: 1.05s
482:	learn: 0.6199864	total: 982ms	remaining: 1.05s
483:	learn: 0.6198647	total: 984ms	remaining: 1.05s
484:	learn: 0.6197893	total: 985ms	remaining: 1.05s
485:	learn: 0.6196563	total: 988ms	remaining: 1.04s
486:	learn: 0.6195380	total: 990ms	remaining: 1.04s
487:	learn: 0.6193138	total: 991ms	remaining: 1.04s
488:	learn: 0.6192141	total: 993ms	remaining: 1.04s
489:	learn: 0.6191219	total: 995ms	remaining: 1.03s
490:	learn: 0.6189904	total: 997ms	remaining: 1.03s
491:	learn: 0.6189125	total: 998ms	remaining: 1.03s
492:	learn: 0.6188145	total: 1s	remaining: 1.03s
493:	learn: 0.6186781	total: 1s	remaining: 1.03s
494:	learn: 0.6185692	total: 1s	remaining: 1.02s
495:	learn: 0.6184836	total: 1s	remaining: 1.02s
496:	learn: 0.6183807	total: 1.01s	remaining: 1.02s
497:	learn: 0.6182751	total: 1.01s	remaining: 1.02s
498:	learn: 0.6180984	total: 1.01s	remaining: 1.01s
499:	learn: 0.6180262	total: 1.01s	remaining: 1.01s
500:	learn: 0.6179351	total: 1.01s	remaining: 1.01s
501:	learn: 0.6177696	total: 1.01s	remaining: 1.01s
502:	learn: 0.6176762	total: 1.02s	remaining: 1s
503:	learn: 0.6175644	total: 1.02s	remaining: 1s
504:	learn: 0.6174453	total: 1.02s	remaining: 1000ms
505:	learn: 0.6174023	total: 1.02s	remaining: 997ms
506:	learn: 0.6173151	total: 1.02s	remaining: 995ms
507:	learn: 0.6171657	total: 1.02s	remaining: 993ms
508:	learn: 0.6170813	total: 1.03s	remaining: 990ms
509:	learn: 0.6169006	total: 1.03s	remaining: 988ms
510:	learn: 0.6167746	total: 1.03s	remaining: 986ms
511:	learn: 0.6167084	total: 1.03s	remaining: 984ms
512:	learn: 0.6165966	total: 1.03s	remaining: 981ms
513:	learn: 0.6164887	total: 1.03s	remaining: 979ms
514:	learn: 0.6163787	total: 1.04s	remaining: 977ms
515:	learn: 0.6162456	total: 1.04s	remaining: 975ms
516:	learn: 0.6160456	total: 1.04s	remaining: 972ms
517:	learn: 0.6159373	total: 1.04s	remaining: 970ms
518:	learn: 0.6158952	total: 1.04s	remaining: 968ms
519:	learn: 0.6158095	total: 1.05s	remaining: 966ms
520:	learn: 0.6157180	total: 1.05s	remaining: 965ms
521:	learn: 0.6155973	total: 1.05s	remaining: 963ms
522:	learn: 0.6154672	total: 1.05s	remaining: 961ms
523:	learn: 0.6153784	total: 1.06s	remaining: 960ms
524:	learn: 0.6152734	total: 1.06s	remaining: 958ms
525:	learn: 0.6151918	total: 1.06s	remaining: 956ms
526:	learn: 0.6150743	total: 1.06s	remaining: 953ms
527:	learn: 0.6149737	total: 1.07s	remaining: 953ms
528:	learn: 0.6147595	total: 1.07s	remaining: 951ms
529:	learn: 0.6146458	total: 1.07s	remaining: 949ms
530:	learn: 0.6145814	total: 1.07s	remaining: 946ms
531:	learn: 0.6145101	total: 1.07s	remaining: 944ms
532:	learn: 0.6144299	total: 1.07s	remaining: 942ms
533:	learn: 0.6142412	total: 1.08s	remaining: 940ms
534:	learn: 0.6141756	total: 1.08s	remaining: 938ms
535:	learn: 0.6140862	total: 1.08s	remaining: 936ms
536:	learn: 0.6139905	total: 1.08s	remaining: 933ms
537:	learn: 0.6138335	total: 1.08s	remaining: 931ms
538:	learn: 0.6137928	total: 1.09s	remaining: 931ms
539:	learn: 0.6136780	total: 1.09s	remaining: 928ms
540:	learn: 0.6135036	total: 1.09s	remaining: 926ms
541:	learn: 0.6133998	total: 1.09s	remaining: 924ms
542:	learn: 0.6132955	total: 1.09s	remaining: 922ms
543:	learn: 0.6131732	total: 1.1s	remaining: 920ms
544:	learn: 0.6130442	total: 1.1s	remaining: 918ms
545:	learn: 0.6129667	total: 1.1s	remaining: 916ms
546:	learn: 0.6128662	total: 1.1s	remaining: 914ms
547:	learn: 0.6128030	total: 1.1s	remaining: 912ms
548:	learn: 0.6126894	total: 1.11s	remaining: 909ms
549:	learn: 0.6126088	total: 1.11s	remaining: 907ms
550:	learn: 0.6125312	total: 1.11s	remaining: 905ms
551:	learn: 0.6124693	total: 1.11s	remaining: 903ms
552:	learn: 0.6122937	total: 1.11s	remaining: 901ms
553:	learn: 0.6122089	total: 1.12s	remaining: 899ms
554:	learn: 0.6122077	total: 1.12s	remaining: 896ms
555:	learn: 0.6120588	total: 1.12s	remaining: 894ms
556:	learn: 0.6119519	total: 1.12s	remaining: 891ms
557:	learn: 0.6117772	total: 1.12s	remaining: 889ms
558:	learn: 0.6116340	total: 1.12s	remaining: 887ms
559:	learn: 0.6115722	total: 1.13s	remaining: 885ms
560:	learn: 0.6114904	total: 1.13s	remaining: 882ms
561:	learn: 0.6114182	total: 1.13s	remaining: 880ms
562:	learn: 0.6113002	total: 1.13s	remaining: 878ms
563:	learn: 0.6112423	total: 1.13s	remaining: 876ms
564:	learn: 0.6112295	total: 1.13s	remaining: 874ms
565:	learn: 0.6111500	total: 1.14s	remaining: 871ms
566:	learn: 0.6110689	total: 1.14s	remaining: 869ms
567:	learn: 0.6109381	total: 1.14s	remaining: 867ms
568:	learn: 0.6108695	total: 1.14s	remaining: 865ms
569:	learn: 0.6107041	total: 1.14s	remaining: 863ms
570:	learn: 0.6106115	total: 1.15s	remaining: 860ms
571:	learn: 0.6105060	total: 1.15s	remaining: 858ms
572:	learn: 0.6103796	total: 1.15s	remaining: 856ms
573:	learn: 0.6102991	total: 1.15s	remaining: 854ms
574:	learn: 0.6101938	total: 1.15s	remaining: 852ms
575:	learn: 0.6100903	total: 1.15s	remaining: 850ms
576:	learn: 0.6100025	total: 1.16s	remaining: 847ms
577:	learn: 0.6098966	total: 1.16s	remaining: 845ms
578:	learn: 0.6097982	total: 1.16s	remaining: 843ms
579:	learn: 0.6096434	total: 1.16s	remaining: 841ms
580:	learn: 0.6095652	total: 1.16s	remaining: 839ms
581:	learn: 0.6094722	total: 1.17s	remaining: 837ms
582:	learn: 0.6094164	total: 1.17s	remaining: 835ms
583:	learn: 0.6093740	total: 1.17s	remaining: 833ms
584:	learn: 0.6093186	total: 1.17s	remaining: 830ms
585:	learn: 0.6092638	total: 1.17s	remaining: 829ms
586:	learn: 0.6090566	total: 1.17s	remaining: 826ms
587:	learn: 0.6089740	total: 1.18s	remaining: 824ms
588:	learn: 0.6088874	total: 1.18s	remaining: 822ms
589:	learn: 0.6087092	total: 1.18s	remaining: 820ms
590:	learn: 0.6085722	total: 1.18s	remaining: 818ms
591:	learn: 0.6084803	total: 1.18s	remaining: 816ms
592:	learn: 0.6084392	total: 1.19s	remaining: 813ms
593:	learn: 0.6083359	total: 1.19s	remaining: 811ms
594:	learn: 0.6082674	total: 1.19s	remaining: 809ms
595:	learn: 0.6081754	total: 1.19s	remaining: 807ms
596:	learn: 0.6081297	total: 1.19s	remaining: 805ms
597:	learn: 0.6080050	total: 1.19s	remaining: 803ms
598:	learn: 0.6078888	total: 1.2s	remaining: 800ms
599:	learn: 0.6077513	total: 1.2s	remaining: 798ms
600:	learn: 0.6076531	total: 1.2s	remaining: 796ms
601:	learn: 0.6075413	total: 1.2s	remaining: 794ms
602:	learn: 0.6074877	total: 1.2s	remaining: 792ms
603:	learn: 0.6074039	total: 1.2s	remaining: 789ms
604:	learn: 0.6073348	total: 1.21s	remaining: 787ms
605:	learn: 0.6072145	total: 1.21s	remaining: 785ms
606:	learn: 0.6071670	total: 1.21s	remaining: 783ms
607:	learn: 0.6071075	total: 1.21s	remaining: 781ms
608:	learn: 0.6070028	total: 1.21s	remaining: 779ms
609:	learn: 0.6069359	total: 1.21s	remaining: 776ms
610:	learn: 0.6068634	total: 1.22s	remaining: 774ms
611:	learn: 0.6067466	total: 1.22s	remaining: 772ms
612:	learn: 0.6066537	total: 1.22s	remaining: 770ms
613:	learn: 0.6065326	total: 1.22s	remaining: 768ms
614:	learn: 0.6063912	total: 1.22s	remaining: 766ms
615:	learn: 0.6062132	total: 1.22s	remaining: 763ms
616:	learn: 0.6060704	total: 1.23s	remaining: 761ms
617:	learn: 0.6059390	total: 1.23s	remaining: 759ms
618:	learn: 0.6058713	total: 1.23s	remaining: 757ms
619:	learn: 0.6057550	total: 1.23s	remaining: 755ms
620:	learn: 0.6057052	total: 1.23s	remaining: 753ms
621:	learn: 0.6056852	total: 1.23s	remaining: 750ms
622:	learn: 0.6055799	total: 1.24s	remaining: 748ms
623:	learn: 0.6054673	total: 1.24s	remaining: 746ms
624:	learn: 0.6054069	total: 1.24s	remaining: 744ms
625:	learn: 0.6053312	total: 1.24s	remaining: 742ms
626:	learn: 0.6051600	total: 1.24s	remaining: 740ms
627:	learn: 0.6049576	total: 1.24s	remaining: 737ms
628:	learn: 0.6048490	total: 1.25s	remaining: 735ms
629:	learn: 0.6047749	total: 1.25s	remaining: 733ms
[2023-11-14T04:54:47.673+0000] {docker.py:406} INFO - 630:	learn: 0.6046933	total: 1.25s	remaining: 731ms
631:	learn: 0.6046094	total: 1.25s	remaining: 730ms
632:	learn: 0.6044353	total: 1.25s	remaining: 728ms
633:	learn: 0.6043207	total: 1.26s	remaining: 726ms
634:	learn: 0.6042230	total: 1.26s	remaining: 724ms
635:	learn: 0.6041278	total: 1.26s	remaining: 722ms
636:	learn: 0.6040377	total: 1.26s	remaining: 720ms
637:	learn: 0.6039709	total: 1.26s	remaining: 718ms
638:	learn: 0.6038374	total: 1.27s	remaining: 715ms
639:	learn: 0.6037782	total: 1.27s	remaining: 713ms
640:	learn: 0.6036384	total: 1.27s	remaining: 711ms
641:	learn: 0.6035739	total: 1.27s	remaining: 709ms
642:	learn: 0.6034793	total: 1.27s	remaining: 707ms
643:	learn: 0.6033878	total: 1.27s	remaining: 705ms
644:	learn: 0.6032866	total: 1.28s	remaining: 703ms
645:	learn: 0.6032062	total: 1.28s	remaining: 701ms
646:	learn: 0.6030868	total: 1.28s	remaining: 699ms
647:	learn: 0.6029938	total: 1.28s	remaining: 697ms
648:	learn: 0.6028860	total: 1.28s	remaining: 695ms
649:	learn: 0.6027671	total: 1.29s	remaining: 693ms
650:	learn: 0.6026900	total: 1.29s	remaining: 691ms
651:	learn: 0.6026424	total: 1.29s	remaining: 689ms
652:	learn: 0.6025217	total: 1.29s	remaining: 687ms
653:	learn: 0.6023912	total: 1.29s	remaining: 685ms
654:	learn: 0.6022715	total: 1.3s	remaining: 683ms
655:	learn: 0.6022150	total: 1.3s	remaining: 681ms
656:	learn: 0.6021426	total: 1.3s	remaining: 678ms
657:	learn: 0.6020810	total: 1.3s	remaining: 676ms
658:	learn: 0.6019780	total: 1.3s	remaining: 674ms
659:	learn: 0.6018520	total: 1.3s	remaining: 672ms
660:	learn: 0.6016971	total: 1.31s	remaining: 670ms
661:	learn: 0.6015920	total: 1.31s	remaining: 668ms
662:	learn: 0.6015157	total: 1.31s	remaining: 666ms
663:	learn: 0.6014053	total: 1.31s	remaining: 664ms
664:	learn: 0.6012893	total: 1.31s	remaining: 662ms
665:	learn: 0.6011772	total: 1.31s	remaining: 660ms
666:	learn: 0.6011102	total: 1.32s	remaining: 658ms
667:	learn: 0.6009869	total: 1.32s	remaining: 656ms
668:	learn: 0.6009087	total: 1.32s	remaining: 654ms
669:	learn: 0.6008322	total: 1.32s	remaining: 652ms
670:	learn: 0.6007167	total: 1.32s	remaining: 649ms
671:	learn: 0.6005667	total: 1.33s	remaining: 647ms
672:	learn: 0.6004829	total: 1.33s	remaining: 645ms
673:	learn: 0.6003507	total: 1.33s	remaining: 643ms
674:	learn: 0.6002303	total: 1.33s	remaining: 641ms
675:	learn: 0.6001088	total: 1.33s	remaining: 639ms
676:	learn: 0.6000533	total: 1.33s	remaining: 637ms
677:	learn: 0.5999437	total: 1.34s	remaining: 635ms
678:	learn: 0.5998976	total: 1.34s	remaining: 633ms
679:	learn: 0.5997578	total: 1.34s	remaining: 631ms
680:	learn: 0.5996726	total: 1.34s	remaining: 629ms
681:	learn: 0.5995687	total: 1.34s	remaining: 627ms
682:	learn: 0.5994953	total: 1.34s	remaining: 625ms
683:	learn: 0.5993978	total: 1.35s	remaining: 623ms
684:	learn: 0.5993031	total: 1.35s	remaining: 621ms
685:	learn: 0.5992445	total: 1.35s	remaining: 618ms
686:	learn: 0.5991299	total: 1.35s	remaining: 616ms
687:	learn: 0.5990325	total: 1.35s	remaining: 614ms
688:	learn: 0.5989902	total: 1.36s	remaining: 612ms
689:	learn: 0.5988753	total: 1.36s	remaining: 610ms
690:	learn: 0.5987664	total: 1.36s	remaining: 608ms
691:	learn: 0.5987009	total: 1.36s	remaining: 606ms
692:	learn: 0.5985753	total: 1.36s	remaining: 604ms
693:	learn: 0.5984900	total: 1.36s	remaining: 602ms
694:	learn: 0.5984148	total: 1.37s	remaining: 600ms
695:	learn: 0.5983357	total: 1.37s	remaining: 598ms
696:	learn: 0.5982749	total: 1.37s	remaining: 596ms
697:	learn: 0.5981909	total: 1.37s	remaining: 594ms
698:	learn: 0.5980910	total: 1.37s	remaining: 592ms
699:	learn: 0.5980260	total: 1.38s	remaining: 590ms
700:	learn: 0.5979191	total: 1.38s	remaining: 588ms
701:	learn: 0.5978037	total: 1.38s	remaining: 585ms
702:	learn: 0.5977343	total: 1.38s	remaining: 583ms
703:	learn: 0.5976170	total: 1.38s	remaining: 581ms
704:	learn: 0.5975095	total: 1.38s	remaining: 579ms
705:	learn: 0.5974202	total: 1.39s	remaining: 577ms
706:	learn: 0.5973473	total: 1.39s	remaining: 575ms
707:	learn: 0.5972137	total: 1.39s	remaining: 573ms
708:	learn: 0.5970867	total: 1.39s	remaining: 571ms
709:	learn: 0.5969810	total: 1.39s	remaining: 569ms
710:	learn: 0.5969333	total: 1.4s	remaining: 567ms
711:	learn: 0.5968795	total: 1.4s	remaining: 565ms
712:	learn: 0.5967732	total: 1.4s	remaining: 563ms
713:	learn: 0.5967403	total: 1.4s	remaining: 561ms
714:	learn: 0.5966134	total: 1.4s	remaining: 559ms
715:	learn: 0.5965445	total: 1.4s	remaining: 557ms
716:	learn: 0.5964703	total: 1.41s	remaining: 555ms
717:	learn: 0.5963553	total: 1.41s	remaining: 554ms
718:	learn: 0.5962813	total: 1.41s	remaining: 552ms
719:	learn: 0.5961982	total: 1.41s	remaining: 550ms
720:	learn: 0.5961385	total: 1.41s	remaining: 548ms
721:	learn: 0.5960245	total: 1.42s	remaining: 546ms
722:	learn: 0.5959447	total: 1.42s	remaining: 543ms
723:	learn: 0.5958390	total: 1.42s	remaining: 542ms
724:	learn: 0.5957071	total: 1.42s	remaining: 540ms
725:	learn: 0.5956044	total: 1.42s	remaining: 538ms
726:	learn: 0.5956033	total: 1.43s	remaining: 535ms
727:	learn: 0.5955277	total: 1.43s	remaining: 533ms
728:	learn: 0.5954542	total: 1.43s	remaining: 531ms
729:	learn: 0.5953395	total: 1.43s	remaining: 529ms
730:	learn: 0.5952274	total: 1.43s	remaining: 527ms
731:	learn: 0.5951639	total: 1.43s	remaining: 525ms
732:	learn: 0.5950368	total: 1.44s	remaining: 523ms
733:	learn: 0.5949547	total: 1.44s	remaining: 521ms
734:	learn: 0.5948531	total: 1.44s	remaining: 519ms
735:	learn: 0.5947723	total: 1.44s	remaining: 517ms
736:	learn: 0.5946683	total: 1.44s	remaining: 515ms
737:	learn: 0.5945559	total: 1.45s	remaining: 513ms
738:	learn: 0.5944439	total: 1.45s	remaining: 511ms
739:	learn: 0.5943590	total: 1.45s	remaining: 509ms
740:	learn: 0.5942890	total: 1.45s	remaining: 507ms
741:	learn: 0.5941699	total: 1.45s	remaining: 505ms
742:	learn: 0.5940891	total: 1.46s	remaining: 504ms
743:	learn: 0.5939653	total: 1.46s	remaining: 502ms
744:	learn: 0.5938354	total: 1.46s	remaining: 500ms
745:	learn: 0.5937388	total: 1.46s	remaining: 498ms
746:	learn: 0.5936562	total: 1.46s	remaining: 496ms
747:	learn: 0.5935702	total: 1.47s	remaining: 494ms
748:	learn: 0.5934879	total: 1.47s	remaining: 492ms
749:	learn: 0.5933924	total: 1.47s	remaining: 490ms
750:	learn: 0.5932553	total: 1.47s	remaining: 488ms
751:	learn: 0.5931867	total: 1.47s	remaining: 486ms
752:	learn: 0.5930640	total: 1.48s	remaining: 484ms
753:	learn: 0.5929048	total: 1.48s	remaining: 482ms
754:	learn: 0.5928198	total: 1.48s	remaining: 480ms
755:	learn: 0.5927269	total: 1.48s	remaining: 478ms
756:	learn: 0.5926412	total: 1.48s	remaining: 476ms
757:	learn: 0.5925426	total: 1.49s	remaining: 474ms
758:	learn: 0.5924362	total: 1.49s	remaining: 472ms
759:	learn: 0.5923687	total: 1.49s	remaining: 470ms
760:	learn: 0.5923095	total: 1.49s	remaining: 468ms
761:	learn: 0.5922518	total: 1.49s	remaining: 466ms
762:	learn: 0.5921993	total: 1.5s	remaining: 464ms
763:	learn: 0.5921196	total: 1.5s	remaining: 463ms
764:	learn: 0.5919699	total: 1.5s	remaining: 461ms
765:	learn: 0.5919124	total: 1.5s	remaining: 459ms
766:	learn: 0.5918462	total: 1.5s	remaining: 457ms
767:	learn: 0.5917750	total: 1.5s	remaining: 455ms
768:	learn: 0.5916816	total: 1.51s	remaining: 453ms
769:	learn: 0.5916174	total: 1.51s	remaining: 451ms
770:	learn: 0.5916021	total: 1.51s	remaining: 448ms
771:	learn: 0.5915089	total: 1.51s	remaining: 447ms
772:	learn: 0.5913795	total: 1.51s	remaining: 444ms
773:	learn: 0.5913009	total: 1.51s	remaining: 442ms
774:	learn: 0.5911790	total: 1.52s	remaining: 440ms
775:	learn: 0.5910786	total: 1.52s	remaining: 438ms
776:	learn: 0.5909180	total: 1.52s	remaining: 437ms
777:	learn: 0.5908401	total: 1.52s	remaining: 435ms
778:	learn: 0.5907770	total: 1.52s	remaining: 432ms
779:	learn: 0.5906373	total: 1.53s	remaining: 431ms
780:	learn: 0.5905301	total: 1.53s	remaining: 429ms
781:	learn: 0.5904298	total: 1.53s	remaining: 427ms
782:	learn: 0.5903744	total: 1.53s	remaining: 425ms
783:	learn: 0.5903106	total: 1.53s	remaining: 422ms
784:	learn: 0.5901682	total: 1.53s	remaining: 421ms
785:	learn: 0.5900799	total: 1.54s	remaining: 419ms
786:	learn: 0.5899582	total: 1.54s	remaining: 417ms
[2023-11-14T04:54:47.997+0000] {docker.py:406} INFO - 787:	learn: 0.5898748	total: 1.54s	remaining: 415ms
788:	learn: 0.5897986	total: 1.54s	remaining: 413ms
789:	learn: 0.5896713	total: 1.55s	remaining: 411ms
790:	learn: 0.5896408	total: 1.55s	remaining: 409ms
791:	learn: 0.5895792	total: 1.55s	remaining: 407ms
792:	learn: 0.5895186	total: 1.55s	remaining: 405ms
793:	learn: 0.5894267	total: 1.55s	remaining: 403ms
794:	learn: 0.5893518	total: 1.55s	remaining: 401ms
795:	learn: 0.5892410	total: 1.56s	remaining: 399ms
796:	learn: 0.5891956	total: 1.56s	remaining: 397ms
797:	learn: 0.5891578	total: 1.56s	remaining: 395ms
798:	learn: 0.5891193	total: 1.56s	remaining: 393ms
799:	learn: 0.5890058	total: 1.56s	remaining: 391ms
800:	learn: 0.5889376	total: 1.56s	remaining: 389ms
801:	learn: 0.5888586	total: 1.57s	remaining: 387ms
802:	learn: 0.5888112	total: 1.57s	remaining: 385ms
803:	learn: 0.5886874	total: 1.57s	remaining: 383ms
804:	learn: 0.5885370	total: 1.57s	remaining: 381ms
805:	learn: 0.5884585	total: 1.57s	remaining: 379ms
806:	learn: 0.5883726	total: 1.58s	remaining: 377ms
807:	learn: 0.5883029	total: 1.58s	remaining: 375ms
808:	learn: 0.5882104	total: 1.58s	remaining: 373ms
809:	learn: 0.5881415	total: 1.58s	remaining: 371ms
810:	learn: 0.5880230	total: 1.58s	remaining: 369ms
811:	learn: 0.5878853	total: 1.59s	remaining: 368ms
812:	learn: 0.5877640	total: 1.59s	remaining: 366ms
813:	learn: 0.5875987	total: 1.59s	remaining: 364ms
814:	learn: 0.5874921	total: 1.6s	remaining: 362ms
815:	learn: 0.5874206	total: 1.6s	remaining: 360ms
816:	learn: 0.5873679	total: 1.6s	remaining: 359ms
817:	learn: 0.5872779	total: 1.6s	remaining: 357ms
818:	learn: 0.5871892	total: 1.6s	remaining: 355ms
819:	learn: 0.5871079	total: 1.61s	remaining: 353ms
820:	learn: 0.5870386	total: 1.61s	remaining: 351ms
821:	learn: 0.5869418	total: 1.61s	remaining: 349ms
822:	learn: 0.5868107	total: 1.61s	remaining: 347ms
823:	learn: 0.5867710	total: 1.61s	remaining: 345ms
824:	learn: 0.5866984	total: 1.62s	remaining: 343ms
825:	learn: 0.5865940	total: 1.62s	remaining: 341ms
826:	learn: 0.5864783	total: 1.62s	remaining: 339ms
827:	learn: 0.5864234	total: 1.62s	remaining: 337ms
828:	learn: 0.5863468	total: 1.62s	remaining: 335ms
829:	learn: 0.5863016	total: 1.63s	remaining: 333ms
830:	learn: 0.5862171	total: 1.63s	remaining: 331ms
831:	learn: 0.5861150	total: 1.63s	remaining: 329ms
832:	learn: 0.5860153	total: 1.63s	remaining: 327ms
833:	learn: 0.5858680	total: 1.63s	remaining: 325ms
834:	learn: 0.5857698	total: 1.64s	remaining: 323ms
835:	learn: 0.5856432	total: 1.64s	remaining: 321ms
836:	learn: 0.5855664	total: 1.64s	remaining: 319ms
837:	learn: 0.5854531	total: 1.64s	remaining: 318ms
838:	learn: 0.5853355	total: 1.64s	remaining: 316ms
839:	learn: 0.5851643	total: 1.65s	remaining: 314ms
840:	learn: 0.5850892	total: 1.65s	remaining: 312ms
841:	learn: 0.5850387	total: 1.65s	remaining: 310ms
842:	learn: 0.5849310	total: 1.65s	remaining: 308ms
843:	learn: 0.5848404	total: 1.65s	remaining: 306ms
844:	learn: 0.5847255	total: 1.66s	remaining: 304ms
845:	learn: 0.5846146	total: 1.66s	remaining: 302ms
846:	learn: 0.5845491	total: 1.66s	remaining: 300ms
847:	learn: 0.5844789	total: 1.66s	remaining: 298ms
848:	learn: 0.5843555	total: 1.66s	remaining: 296ms
849:	learn: 0.5842530	total: 1.67s	remaining: 294ms
850:	learn: 0.5841806	total: 1.67s	remaining: 293ms
851:	learn: 0.5841120	total: 1.68s	remaining: 291ms
852:	learn: 0.5840516	total: 1.68s	remaining: 289ms
853:	learn: 0.5839534	total: 1.68s	remaining: 287ms
854:	learn: 0.5838411	total: 1.68s	remaining: 285ms
855:	learn: 0.5837695	total: 1.68s	remaining: 283ms
856:	learn: 0.5836927	total: 1.69s	remaining: 281ms
857:	learn: 0.5836264	total: 1.69s	remaining: 279ms
858:	learn: 0.5835116	total: 1.69s	remaining: 277ms
859:	learn: 0.5834216	total: 1.69s	remaining: 276ms
860:	learn: 0.5833554	total: 1.69s	remaining: 274ms
861:	learn: 0.5832319	total: 1.7s	remaining: 272ms
862:	learn: 0.5830756	total: 1.7s	remaining: 270ms
863:	learn: 0.5829258	total: 1.7s	remaining: 268ms
864:	learn: 0.5827924	total: 1.7s	remaining: 266ms
865:	learn: 0.5826899	total: 1.7s	remaining: 264ms
866:	learn: 0.5826250	total: 1.71s	remaining: 262ms
867:	learn: 0.5825394	total: 1.71s	remaining: 260ms
868:	learn: 0.5824445	total: 1.71s	remaining: 258ms
869:	learn: 0.5823544	total: 1.71s	remaining: 256ms
870:	learn: 0.5822439	total: 1.71s	remaining: 254ms
871:	learn: 0.5821722	total: 1.72s	remaining: 252ms
872:	learn: 0.5821157	total: 1.72s	remaining: 250ms
873:	learn: 0.5820207	total: 1.72s	remaining: 248ms
874:	learn: 0.5819889	total: 1.72s	remaining: 246ms
875:	learn: 0.5818712	total: 1.72s	remaining: 244ms
876:	learn: 0.5818232	total: 1.73s	remaining: 242ms
877:	learn: 0.5817490	total: 1.73s	remaining: 240ms
878:	learn: 0.5816930	total: 1.73s	remaining: 238ms
879:	learn: 0.5816322	total: 1.73s	remaining: 236ms
880:	learn: 0.5814966	total: 1.73s	remaining: 234ms
881:	learn: 0.5813886	total: 1.74s	remaining: 232ms
882:	learn: 0.5813048	total: 1.74s	remaining: 230ms
883:	learn: 0.5811598	total: 1.74s	remaining: 228ms
884:	learn: 0.5811155	total: 1.74s	remaining: 226ms
885:	learn: 0.5809740	total: 1.74s	remaining: 224ms
886:	learn: 0.5808822	total: 1.75s	remaining: 222ms
887:	learn: 0.5807199	total: 1.75s	remaining: 220ms
888:	learn: 0.5805875	total: 1.75s	remaining: 218ms
889:	learn: 0.5804735	total: 1.75s	remaining: 216ms
890:	learn: 0.5803349	total: 1.75s	remaining: 214ms
891:	learn: 0.5802452	total: 1.75s	remaining: 212ms
892:	learn: 0.5801805	total: 1.76s	remaining: 210ms
893:	learn: 0.5800998	total: 1.76s	remaining: 208ms
894:	learn: 0.5799965	total: 1.76s	remaining: 207ms
895:	learn: 0.5799091	total: 1.76s	remaining: 205ms
896:	learn: 0.5797722	total: 1.76s	remaining: 203ms
897:	learn: 0.5796338	total: 1.77s	remaining: 201ms
898:	learn: 0.5795831	total: 1.77s	remaining: 199ms
899:	learn: 0.5794855	total: 1.77s	remaining: 197ms
900:	learn: 0.5793961	total: 1.77s	remaining: 195ms
901:	learn: 0.5793064	total: 1.77s	remaining: 193ms
902:	learn: 0.5792521	total: 1.77s	remaining: 191ms
903:	learn: 0.5791666	total: 1.78s	remaining: 189ms
904:	learn: 0.5790901	total: 1.78s	remaining: 187ms
905:	learn: 0.5789364	total: 1.78s	remaining: 185ms
906:	learn: 0.5788361	total: 1.78s	remaining: 183ms
907:	learn: 0.5787378	total: 1.78s	remaining: 181ms
908:	learn: 0.5786542	total: 1.79s	remaining: 179ms
909:	learn: 0.5785224	total: 1.79s	remaining: 177ms
910:	learn: 0.5784141	total: 1.79s	remaining: 175ms
911:	learn: 0.5783624	total: 1.79s	remaining: 173ms
912:	learn: 0.5782159	total: 1.79s	remaining: 171ms
913:	learn: 0.5781249	total: 1.79s	remaining: 169ms
914:	learn: 0.5780592	total: 1.8s	remaining: 167ms
915:	learn: 0.5779507	total: 1.8s	remaining: 165ms
916:	learn: 0.5778010	total: 1.8s	remaining: 163ms
917:	learn: 0.5776929	total: 1.8s	remaining: 161ms
918:	learn: 0.5776149	total: 1.8s	remaining: 159ms
919:	learn: 0.5775374	total: 1.8s	remaining: 157ms
920:	learn: 0.5774172	total: 1.81s	remaining: 155ms
921:	learn: 0.5773697	total: 1.81s	remaining: 153ms
922:	learn: 0.5772965	total: 1.81s	remaining: 151ms
923:	learn: 0.5771946	total: 1.81s	remaining: 149ms
924:	learn: 0.5771034	total: 1.81s	remaining: 147ms
925:	learn: 0.5770479	total: 1.82s	remaining: 145ms
926:	learn: 0.5769767	total: 1.82s	remaining: 143ms
927:	learn: 0.5769025	total: 1.82s	remaining: 141ms
928:	learn: 0.5768147	total: 1.82s	remaining: 139ms
929:	learn: 0.5767028	total: 1.82s	remaining: 137ms
930:	learn: 0.5766407	total: 1.82s	remaining: 135ms
931:	learn: 0.5765888	total: 1.83s	remaining: 133ms
932:	learn: 0.5764642	total: 1.83s	remaining: 131ms
933:	learn: 0.5763661	total: 1.83s	remaining: 129ms
934:	learn: 0.5762807	total: 1.83s	remaining: 127ms
935:	learn: 0.5762437	total: 1.83s	remaining: 125ms
936:	learn: 0.5761966	total: 1.83s	remaining: 123ms
937:	learn: 0.5760788	total: 1.84s	remaining: 121ms
938:	learn: 0.5760283	total: 1.84s	remaining: 120ms
939:	learn: 0.5759461	total: 1.84s	remaining: 118ms
940:	learn: 0.5758989	total: 1.84s	remaining: 116ms
941:	learn: 0.5758033	total: 1.85s	remaining: 114ms
942:	learn: 0.5757197	total: 1.85s	remaining: 112ms
943:	learn: 0.5756850	total: 1.85s	remaining: 110ms
[2023-11-14T04:54:48.141+0000] {docker.py:406} INFO - 944:	learn: 0.5755708	total: 1.85s	remaining: 108ms
945:	learn: 0.5755240	total: 1.85s	remaining: 106ms
946:	learn: 0.5754725	total: 1.86s	remaining: 104ms
947:	learn: 0.5754186	total: 1.86s	remaining: 102ms
948:	learn: 0.5753616	total: 1.86s	remaining: 100ms
949:	learn: 0.5753118	total: 1.86s	remaining: 98ms
950:	learn: 0.5752439	total: 1.86s	remaining: 96.1ms
951:	learn: 0.5751338	total: 1.87s	remaining: 94.1ms
952:	learn: 0.5750738	total: 1.87s	remaining: 92.1ms
953:	learn: 0.5749410	total: 1.87s	remaining: 90.2ms
954:	learn: 0.5748491	total: 1.87s	remaining: 88.2ms
955:	learn: 0.5747610	total: 1.87s	remaining: 86.2ms
956:	learn: 0.5746978	total: 1.88s	remaining: 84.3ms
957:	learn: 0.5746448	total: 1.88s	remaining: 82.3ms
958:	learn: 0.5745428	total: 1.88s	remaining: 80.3ms
959:	learn: 0.5745058	total: 1.88s	remaining: 78.4ms
960:	learn: 0.5743878	total: 1.88s	remaining: 76.4ms
961:	learn: 0.5743865	total: 1.88s	remaining: 74.4ms
962:	learn: 0.5742804	total: 1.89s	remaining: 72.4ms
963:	learn: 0.5741873	total: 1.89s	remaining: 70.5ms
964:	learn: 0.5740813	total: 1.89s	remaining: 68.5ms
965:	learn: 0.5740183	total: 1.89s	remaining: 66.5ms
966:	learn: 0.5739227	total: 1.89s	remaining: 64.6ms
967:	learn: 0.5738025	total: 1.89s	remaining: 62.6ms
968:	learn: 0.5737645	total: 1.9s	remaining: 60.7ms
969:	learn: 0.5736840	total: 1.9s	remaining: 58.7ms
970:	learn: 0.5735843	total: 1.9s	remaining: 56.7ms
971:	learn: 0.5735098	total: 1.9s	remaining: 54.8ms
972:	learn: 0.5734360	total: 1.9s	remaining: 52.8ms
973:	learn: 0.5733767	total: 1.9s	remaining: 50.8ms
974:	learn: 0.5732689	total: 1.91s	remaining: 48.9ms
975:	learn: 0.5731925	total: 1.91s	remaining: 46.9ms
976:	learn: 0.5731106	total: 1.91s	remaining: 45ms
977:	learn: 0.5729792	total: 1.91s	remaining: 43ms
978:	learn: 0.5729237	total: 1.91s	remaining: 41ms
979:	learn: 0.5728511	total: 1.92s	remaining: 39.1ms
980:	learn: 0.5727578	total: 1.92s	remaining: 37.1ms
981:	learn: 0.5726447	total: 1.92s	remaining: 35.2ms
982:	learn: 0.5726277	total: 1.92s	remaining: 33.2ms
983:	learn: 0.5725307	total: 1.92s	remaining: 31.3ms
984:	learn: 0.5724545	total: 1.92s	remaining: 29.3ms
985:	learn: 0.5723902	total: 1.93s	remaining: 27.3ms
986:	learn: 0.5723488	total: 1.93s	remaining: 25.4ms
987:	learn: 0.5723087	total: 1.93s	remaining: 23.4ms
988:	learn: 0.5722219	total: 1.93s	remaining: 21.5ms
989:	learn: 0.5721147	total: 1.93s	remaining: 19.5ms
990:	learn: 0.5719970	total: 1.93s	remaining: 17.6ms
991:	learn: 0.5718775	total: 1.94s	remaining: 15.6ms
992:	learn: 0.5717912	total: 1.94s	remaining: 13.7ms
993:	learn: 0.5717005	total: 1.94s	remaining: 11.7ms
994:	learn: 0.5715796	total: 1.94s	remaining: 9.76ms
995:	learn: 0.5714889	total: 1.94s	remaining: 7.81ms
996:	learn: 0.5713936	total: 1.95s	remaining: 5.85ms
997:	learn: 0.5713161	total: 1.95s	remaining: 3.9ms
998:	learn: 0.5712574	total: 1.95s	remaining: 1.95ms
999:	learn: 0.5711515	total: 1.95s	remaining: 0us
Accuracy: 0.54942
Precision: 0.58100
Recall: 0.61148
Fbeta_score: 0.60618
              precision    recall  f1-score   support

           0       0.51      0.48      0.49       513
           1       0.58      0.61      0.60       610

    accuracy                           0.55      1123
   macro avg       0.54      0.54      0.54      1123
weighted avg       0.55      0.55      0.55      1123
[2023-11-14T04:54:48.383+0000] {taskinstance.py:1398} INFO - Marking task as SUCCESS. dag_id=docker_cb, task_id=train_task, execution_date=20231114T045443, start_date=20231114T045444, end_date=20231114T045448
[2023-11-14T04:54:48.436+0000] {local_task_job_runner.py:228} INFO - Task exited with return code 0
[2023-11-14T04:54:48.467+0000] {taskinstance.py:2776} INFO - 0 downstream tasks scheduled from follow-on schedule check
