[2023-10-19T04:16:47.187+0000] {processor.py:157} INFO - Started process (PID=34) to work on /opt/airflow/dags/python.py
[2023-10-19T04:16:47.188+0000] {processor.py:829} INFO - Processing file /opt/airflow/dags/python.py for tasks to queue
[2023-10-19T04:16:47.191+0000] {logging_mixin.py:151} INFO - [2023-10-19T04:16:47.191+0000] {dagbag.py:539} INFO - Filling up the DagBag from /opt/airflow/dags/python.py
[2023-10-19T04:16:47.203+0000] {processor.py:839} INFO - DAG(s) dict_keys(['python']) retrieved from /opt/airflow/dags/python.py
[2023-10-19T04:16:47.233+0000] {logging_mixin.py:151} INFO - [2023-10-19T04:16:47.233+0000] {dag.py:2915} INFO - Sync 1 DAGs
[2023-10-19T04:16:47.250+0000] {logging_mixin.py:151} INFO - [2023-10-19T04:16:47.250+0000] {dag.py:3696} INFO - Setting next_dagrun for python to None, run_after=None
[2023-10-19T04:16:47.272+0000] {processor.py:179} INFO - Processing /opt/airflow/dags/python.py took 0.090 seconds
[2023-10-19T04:17:17.548+0000] {processor.py:157} INFO - Started process (PID=54) to work on /opt/airflow/dags/python.py
[2023-10-19T04:17:17.549+0000] {processor.py:829} INFO - Processing file /opt/airflow/dags/python.py for tasks to queue
[2023-10-19T04:17:17.552+0000] {logging_mixin.py:151} INFO - [2023-10-19T04:17:17.552+0000] {dagbag.py:539} INFO - Filling up the DagBag from /opt/airflow/dags/python.py
[2023-10-19T04:17:17.564+0000] {processor.py:839} INFO - DAG(s) dict_keys(['python']) retrieved from /opt/airflow/dags/python.py
[2023-10-19T04:17:17.592+0000] {logging_mixin.py:151} INFO - [2023-10-19T04:17:17.592+0000] {dag.py:2915} INFO - Sync 1 DAGs
[2023-10-19T04:17:17.606+0000] {logging_mixin.py:151} INFO - [2023-10-19T04:17:17.605+0000] {dag.py:3696} INFO - Setting next_dagrun for python to None, run_after=None
[2023-10-19T04:17:17.623+0000] {processor.py:179} INFO - Processing /opt/airflow/dags/python.py took 0.079 seconds
[2023-10-19T04:17:48.025+0000] {processor.py:157} INFO - Started process (PID=74) to work on /opt/airflow/dags/python.py
[2023-10-19T04:17:48.026+0000] {processor.py:829} INFO - Processing file /opt/airflow/dags/python.py for tasks to queue
[2023-10-19T04:17:48.028+0000] {logging_mixin.py:151} INFO - [2023-10-19T04:17:48.028+0000] {dagbag.py:539} INFO - Filling up the DagBag from /opt/airflow/dags/python.py
[2023-10-19T04:17:48.044+0000] {processor.py:839} INFO - DAG(s) dict_keys(['python']) retrieved from /opt/airflow/dags/python.py
[2023-10-19T04:17:48.072+0000] {logging_mixin.py:151} INFO - [2023-10-19T04:17:48.072+0000] {dag.py:2915} INFO - Sync 1 DAGs
[2023-10-19T04:17:48.085+0000] {logging_mixin.py:151} INFO - [2023-10-19T04:17:48.085+0000] {dag.py:3696} INFO - Setting next_dagrun for python to None, run_after=None
[2023-10-19T04:17:48.102+0000] {processor.py:179} INFO - Processing /opt/airflow/dags/python.py took 0.081 seconds
[2023-10-19T04:18:18.486+0000] {processor.py:157} INFO - Started process (PID=94) to work on /opt/airflow/dags/python.py
[2023-10-19T04:18:18.487+0000] {processor.py:829} INFO - Processing file /opt/airflow/dags/python.py for tasks to queue
[2023-10-19T04:18:18.490+0000] {logging_mixin.py:151} INFO - [2023-10-19T04:18:18.490+0000] {dagbag.py:539} INFO - Filling up the DagBag from /opt/airflow/dags/python.py
[2023-10-19T04:18:18.501+0000] {processor.py:839} INFO - DAG(s) dict_keys(['python']) retrieved from /opt/airflow/dags/python.py
[2023-10-19T04:18:18.528+0000] {logging_mixin.py:151} INFO - [2023-10-19T04:18:18.528+0000] {dag.py:2915} INFO - Sync 1 DAGs
[2023-10-19T04:18:18.541+0000] {logging_mixin.py:151} INFO - [2023-10-19T04:18:18.540+0000] {dag.py:3696} INFO - Setting next_dagrun for python to None, run_after=None
[2023-10-19T04:18:18.557+0000] {processor.py:179} INFO - Processing /opt/airflow/dags/python.py took 0.075 seconds
[2023-10-19T04:18:48.820+0000] {processor.py:157} INFO - Started process (PID=114) to work on /opt/airflow/dags/python.py
[2023-10-19T04:18:48.822+0000] {processor.py:829} INFO - Processing file /opt/airflow/dags/python.py for tasks to queue
[2023-10-19T04:18:48.824+0000] {logging_mixin.py:151} INFO - [2023-10-19T04:18:48.824+0000] {dagbag.py:539} INFO - Filling up the DagBag from /opt/airflow/dags/python.py
[2023-10-19T04:18:48.836+0000] {processor.py:839} INFO - DAG(s) dict_keys(['python']) retrieved from /opt/airflow/dags/python.py
[2023-10-19T04:18:48.864+0000] {logging_mixin.py:151} INFO - [2023-10-19T04:18:48.864+0000] {dag.py:2915} INFO - Sync 1 DAGs
[2023-10-19T04:18:48.878+0000] {logging_mixin.py:151} INFO - [2023-10-19T04:18:48.878+0000] {dag.py:3696} INFO - Setting next_dagrun for python to None, run_after=None
[2023-10-19T04:18:48.897+0000] {processor.py:179} INFO - Processing /opt/airflow/dags/python.py took 0.081 seconds
[2023-10-19T04:19:19.173+0000] {processor.py:157} INFO - Started process (PID=134) to work on /opt/airflow/dags/python.py
[2023-10-19T04:19:19.175+0000] {processor.py:829} INFO - Processing file /opt/airflow/dags/python.py for tasks to queue
[2023-10-19T04:19:19.177+0000] {logging_mixin.py:151} INFO - [2023-10-19T04:19:19.177+0000] {dagbag.py:539} INFO - Filling up the DagBag from /opt/airflow/dags/python.py
[2023-10-19T04:19:19.187+0000] {processor.py:839} INFO - DAG(s) dict_keys(['python']) retrieved from /opt/airflow/dags/python.py
[2023-10-19T04:19:19.214+0000] {logging_mixin.py:151} INFO - [2023-10-19T04:19:19.214+0000] {dag.py:2915} INFO - Sync 1 DAGs
[2023-10-19T04:19:19.228+0000] {logging_mixin.py:151} INFO - [2023-10-19T04:19:19.228+0000] {dag.py:3696} INFO - Setting next_dagrun for python to None, run_after=None
[2023-10-19T04:19:19.245+0000] {processor.py:179} INFO - Processing /opt/airflow/dags/python.py took 0.075 seconds
[2023-10-19T04:19:49.559+0000] {processor.py:157} INFO - Started process (PID=154) to work on /opt/airflow/dags/python.py
[2023-10-19T04:19:49.560+0000] {processor.py:829} INFO - Processing file /opt/airflow/dags/python.py for tasks to queue
[2023-10-19T04:19:49.563+0000] {logging_mixin.py:151} INFO - [2023-10-19T04:19:49.563+0000] {dagbag.py:539} INFO - Filling up the DagBag from /opt/airflow/dags/python.py
[2023-10-19T04:19:49.574+0000] {processor.py:839} INFO - DAG(s) dict_keys(['python']) retrieved from /opt/airflow/dags/python.py
[2023-10-19T04:19:49.605+0000] {logging_mixin.py:151} INFO - [2023-10-19T04:19:49.604+0000] {dag.py:2915} INFO - Sync 1 DAGs
[2023-10-19T04:19:49.622+0000] {logging_mixin.py:151} INFO - [2023-10-19T04:19:49.622+0000] {dag.py:3696} INFO - Setting next_dagrun for python to None, run_after=None
[2023-10-19T04:19:49.640+0000] {processor.py:179} INFO - Processing /opt/airflow/dags/python.py took 0.085 seconds
[2023-10-19T04:20:19.866+0000] {processor.py:157} INFO - Started process (PID=174) to work on /opt/airflow/dags/python.py
[2023-10-19T04:20:19.867+0000] {processor.py:829} INFO - Processing file /opt/airflow/dags/python.py for tasks to queue
[2023-10-19T04:20:19.869+0000] {logging_mixin.py:151} INFO - [2023-10-19T04:20:19.869+0000] {dagbag.py:539} INFO - Filling up the DagBag from /opt/airflow/dags/python.py
[2023-10-19T04:20:19.882+0000] {processor.py:839} INFO - DAG(s) dict_keys(['python']) retrieved from /opt/airflow/dags/python.py
[2023-10-19T04:20:19.912+0000] {logging_mixin.py:151} INFO - [2023-10-19T04:20:19.912+0000] {dag.py:2915} INFO - Sync 1 DAGs
[2023-10-19T04:20:19.926+0000] {logging_mixin.py:151} INFO - [2023-10-19T04:20:19.926+0000] {dag.py:3696} INFO - Setting next_dagrun for python to None, run_after=None
[2023-10-19T04:20:19.943+0000] {processor.py:179} INFO - Processing /opt/airflow/dags/python.py took 0.082 seconds
[2023-10-19T04:20:50.209+0000] {processor.py:157} INFO - Started process (PID=194) to work on /opt/airflow/dags/python.py
[2023-10-19T04:20:50.210+0000] {processor.py:829} INFO - Processing file /opt/airflow/dags/python.py for tasks to queue
[2023-10-19T04:20:50.213+0000] {logging_mixin.py:151} INFO - [2023-10-19T04:20:50.213+0000] {dagbag.py:539} INFO - Filling up the DagBag from /opt/airflow/dags/python.py
[2023-10-19T04:20:50.224+0000] {processor.py:839} INFO - DAG(s) dict_keys(['python']) retrieved from /opt/airflow/dags/python.py
[2023-10-19T04:20:50.252+0000] {logging_mixin.py:151} INFO - [2023-10-19T04:20:50.251+0000] {dag.py:2915} INFO - Sync 1 DAGs
[2023-10-19T04:20:50.266+0000] {logging_mixin.py:151} INFO - [2023-10-19T04:20:50.265+0000] {dag.py:3696} INFO - Setting next_dagrun for python to None, run_after=None
[2023-10-19T04:20:50.283+0000] {processor.py:179} INFO - Processing /opt/airflow/dags/python.py took 0.078 seconds
[2023-10-19T04:21:20.616+0000] {processor.py:157} INFO - Started process (PID=215) to work on /opt/airflow/dags/python.py
[2023-10-19T04:21:20.617+0000] {processor.py:829} INFO - Processing file /opt/airflow/dags/python.py for tasks to queue
[2023-10-19T04:21:20.619+0000] {logging_mixin.py:151} INFO - [2023-10-19T04:21:20.619+0000] {dagbag.py:539} INFO - Filling up the DagBag from /opt/airflow/dags/python.py
[2023-10-19T04:21:20.630+0000] {processor.py:839} INFO - DAG(s) dict_keys(['python']) retrieved from /opt/airflow/dags/python.py
[2023-10-19T04:21:20.657+0000] {logging_mixin.py:151} INFO - [2023-10-19T04:21:20.657+0000] {dag.py:2915} INFO - Sync 1 DAGs
[2023-10-19T04:21:20.671+0000] {logging_mixin.py:151} INFO - [2023-10-19T04:21:20.670+0000] {dag.py:3696} INFO - Setting next_dagrun for python to None, run_after=None
[2023-10-19T04:21:20.694+0000] {processor.py:179} INFO - Processing /opt/airflow/dags/python.py took 0.082 seconds
[2023-10-19T04:21:51.242+0000] {processor.py:157} INFO - Started process (PID=229) to work on /opt/airflow/dags/python.py
[2023-10-19T04:21:51.243+0000] {processor.py:829} INFO - Processing file /opt/airflow/dags/python.py for tasks to queue
[2023-10-19T04:21:51.246+0000] {logging_mixin.py:151} INFO - [2023-10-19T04:21:51.245+0000] {dagbag.py:539} INFO - Filling up the DagBag from /opt/airflow/dags/python.py
[2023-10-19T04:21:51.257+0000] {processor.py:839} INFO - DAG(s) dict_keys(['python']) retrieved from /opt/airflow/dags/python.py
[2023-10-19T04:21:51.294+0000] {logging_mixin.py:151} INFO - [2023-10-19T04:21:51.294+0000] {dag.py:2915} INFO - Sync 1 DAGs
[2023-10-19T04:21:51.323+0000] {logging_mixin.py:151} INFO - [2023-10-19T04:21:51.323+0000] {dag.py:3696} INFO - Setting next_dagrun for python to None, run_after=None
[2023-10-19T04:21:51.348+0000] {processor.py:179} INFO - Processing /opt/airflow/dags/python.py took 0.110 seconds
[2023-10-19T04:22:21.912+0000] {processor.py:157} INFO - Started process (PID=247) to work on /opt/airflow/dags/python.py
[2023-10-19T04:22:21.913+0000] {processor.py:829} INFO - Processing file /opt/airflow/dags/python.py for tasks to queue
[2023-10-19T04:22:21.916+0000] {logging_mixin.py:151} INFO - [2023-10-19T04:22:21.916+0000] {dagbag.py:539} INFO - Filling up the DagBag from /opt/airflow/dags/python.py
[2023-10-19T04:22:21.929+0000] {processor.py:839} INFO - DAG(s) dict_keys(['python']) retrieved from /opt/airflow/dags/python.py
[2023-10-19T04:22:21.989+0000] {logging_mixin.py:151} INFO - [2023-10-19T04:22:21.989+0000] {dag.py:2915} INFO - Sync 1 DAGs
[2023-10-19T04:22:22.011+0000] {logging_mixin.py:151} INFO - [2023-10-19T04:22:22.011+0000] {dag.py:3696} INFO - Setting next_dagrun for python to None, run_after=None
[2023-10-19T04:22:22.045+0000] {processor.py:179} INFO - Processing /opt/airflow/dags/python.py took 0.138 seconds
[2023-10-19T04:22:52.290+0000] {processor.py:157} INFO - Started process (PID=267) to work on /opt/airflow/dags/python.py
[2023-10-19T04:22:52.291+0000] {processor.py:829} INFO - Processing file /opt/airflow/dags/python.py for tasks to queue
[2023-10-19T04:22:52.294+0000] {logging_mixin.py:151} INFO - [2023-10-19T04:22:52.294+0000] {dagbag.py:539} INFO - Filling up the DagBag from /opt/airflow/dags/python.py
[2023-10-19T04:22:52.305+0000] {processor.py:839} INFO - DAG(s) dict_keys(['python']) retrieved from /opt/airflow/dags/python.py
[2023-10-19T04:22:52.332+0000] {logging_mixin.py:151} INFO - [2023-10-19T04:22:52.332+0000] {dag.py:2915} INFO - Sync 1 DAGs
[2023-10-19T04:22:52.345+0000] {logging_mixin.py:151} INFO - [2023-10-19T04:22:52.345+0000] {dag.py:3696} INFO - Setting next_dagrun for python to None, run_after=None
[2023-10-19T04:22:52.363+0000] {processor.py:179} INFO - Processing /opt/airflow/dags/python.py took 0.076 seconds
[2023-10-19T04:23:22.614+0000] {processor.py:157} INFO - Started process (PID=287) to work on /opt/airflow/dags/python.py
[2023-10-19T04:23:22.615+0000] {processor.py:829} INFO - Processing file /opt/airflow/dags/python.py for tasks to queue
[2023-10-19T04:23:22.618+0000] {logging_mixin.py:151} INFO - [2023-10-19T04:23:22.618+0000] {dagbag.py:539} INFO - Filling up the DagBag from /opt/airflow/dags/python.py
[2023-10-19T04:23:22.629+0000] {processor.py:839} INFO - DAG(s) dict_keys(['python']) retrieved from /opt/airflow/dags/python.py
[2023-10-19T04:23:22.657+0000] {logging_mixin.py:151} INFO - [2023-10-19T04:23:22.657+0000] {dag.py:2915} INFO - Sync 1 DAGs
[2023-10-19T04:23:22.670+0000] {logging_mixin.py:151} INFO - [2023-10-19T04:23:22.670+0000] {dag.py:3696} INFO - Setting next_dagrun for python to None, run_after=None
[2023-10-19T04:23:22.688+0000] {processor.py:179} INFO - Processing /opt/airflow/dags/python.py took 0.079 seconds
[2023-10-19T04:23:52.996+0000] {processor.py:157} INFO - Started process (PID=307) to work on /opt/airflow/dags/python.py
[2023-10-19T04:23:52.997+0000] {processor.py:829} INFO - Processing file /opt/airflow/dags/python.py for tasks to queue
[2023-10-19T04:23:53.000+0000] {logging_mixin.py:151} INFO - [2023-10-19T04:23:52.999+0000] {dagbag.py:539} INFO - Filling up the DagBag from /opt/airflow/dags/python.py
[2023-10-19T04:23:53.015+0000] {processor.py:839} INFO - DAG(s) dict_keys(['python']) retrieved from /opt/airflow/dags/python.py
[2023-10-19T04:23:53.043+0000] {logging_mixin.py:151} INFO - [2023-10-19T04:23:53.043+0000] {dag.py:2915} INFO - Sync 1 DAGs
[2023-10-19T04:23:53.056+0000] {logging_mixin.py:151} INFO - [2023-10-19T04:23:53.056+0000] {dag.py:3696} INFO - Setting next_dagrun for python to None, run_after=None
[2023-10-19T04:23:53.075+0000] {processor.py:179} INFO - Processing /opt/airflow/dags/python.py took 0.082 seconds
[2023-10-19T04:24:23.458+0000] {processor.py:157} INFO - Started process (PID=327) to work on /opt/airflow/dags/python.py
[2023-10-19T04:24:23.459+0000] {processor.py:829} INFO - Processing file /opt/airflow/dags/python.py for tasks to queue
[2023-10-19T04:24:23.462+0000] {logging_mixin.py:151} INFO - [2023-10-19T04:24:23.462+0000] {dagbag.py:539} INFO - Filling up the DagBag from /opt/airflow/dags/python.py
[2023-10-19T04:24:23.473+0000] {processor.py:839} INFO - DAG(s) dict_keys(['python']) retrieved from /opt/airflow/dags/python.py
[2023-10-19T04:24:23.503+0000] {logging_mixin.py:151} INFO - [2023-10-19T04:24:23.503+0000] {dag.py:2915} INFO - Sync 1 DAGs
[2023-10-19T04:24:23.518+0000] {logging_mixin.py:151} INFO - [2023-10-19T04:24:23.518+0000] {dag.py:3696} INFO - Setting next_dagrun for python to None, run_after=None
[2023-10-19T04:24:23.543+0000] {processor.py:179} INFO - Processing /opt/airflow/dags/python.py took 0.089 seconds
[2023-10-19T04:24:53.841+0000] {processor.py:157} INFO - Started process (PID=347) to work on /opt/airflow/dags/python.py
[2023-10-19T04:24:53.842+0000] {processor.py:829} INFO - Processing file /opt/airflow/dags/python.py for tasks to queue
[2023-10-19T04:24:53.845+0000] {logging_mixin.py:151} INFO - [2023-10-19T04:24:53.845+0000] {dagbag.py:539} INFO - Filling up the DagBag from /opt/airflow/dags/python.py
[2023-10-19T04:24:53.855+0000] {processor.py:839} INFO - DAG(s) dict_keys(['python']) retrieved from /opt/airflow/dags/python.py
[2023-10-19T04:24:53.883+0000] {logging_mixin.py:151} INFO - [2023-10-19T04:24:53.883+0000] {dag.py:2915} INFO - Sync 1 DAGs
[2023-10-19T04:24:53.896+0000] {logging_mixin.py:151} INFO - [2023-10-19T04:24:53.896+0000] {dag.py:3696} INFO - Setting next_dagrun for python to None, run_after=None
[2023-10-19T04:24:53.913+0000] {processor.py:179} INFO - Processing /opt/airflow/dags/python.py took 0.077 seconds
[2023-10-19T04:25:24.134+0000] {processor.py:157} INFO - Started process (PID=367) to work on /opt/airflow/dags/python.py
[2023-10-19T04:25:24.135+0000] {processor.py:829} INFO - Processing file /opt/airflow/dags/python.py for tasks to queue
[2023-10-19T04:25:24.138+0000] {logging_mixin.py:151} INFO - [2023-10-19T04:25:24.137+0000] {dagbag.py:539} INFO - Filling up the DagBag from /opt/airflow/dags/python.py
[2023-10-19T04:25:24.148+0000] {processor.py:839} INFO - DAG(s) dict_keys(['python']) retrieved from /opt/airflow/dags/python.py
[2023-10-19T04:25:24.176+0000] {logging_mixin.py:151} INFO - [2023-10-19T04:25:24.175+0000] {dag.py:2915} INFO - Sync 1 DAGs
[2023-10-19T04:25:24.189+0000] {logging_mixin.py:151} INFO - [2023-10-19T04:25:24.189+0000] {dag.py:3696} INFO - Setting next_dagrun for python to None, run_after=None
[2023-10-19T04:25:24.206+0000] {processor.py:179} INFO - Processing /opt/airflow/dags/python.py took 0.076 seconds
[2023-10-19T04:25:54.300+0000] {processor.py:157} INFO - Started process (PID=387) to work on /opt/airflow/dags/python.py
[2023-10-19T04:25:54.301+0000] {processor.py:829} INFO - Processing file /opt/airflow/dags/python.py for tasks to queue
[2023-10-19T04:25:54.304+0000] {logging_mixin.py:151} INFO - [2023-10-19T04:25:54.304+0000] {dagbag.py:539} INFO - Filling up the DagBag from /opt/airflow/dags/python.py
[2023-10-19T04:25:54.315+0000] {processor.py:839} INFO - DAG(s) dict_keys(['python']) retrieved from /opt/airflow/dags/python.py
[2023-10-19T04:25:54.345+0000] {logging_mixin.py:151} INFO - [2023-10-19T04:25:54.345+0000] {dag.py:2915} INFO - Sync 1 DAGs
[2023-10-19T04:25:54.360+0000] {logging_mixin.py:151} INFO - [2023-10-19T04:25:54.360+0000] {dag.py:3696} INFO - Setting next_dagrun for python to None, run_after=None
[2023-10-19T04:25:54.377+0000] {processor.py:179} INFO - Processing /opt/airflow/dags/python.py took 0.082 seconds
[2023-10-19T04:26:24.620+0000] {processor.py:157} INFO - Started process (PID=407) to work on /opt/airflow/dags/python.py
[2023-10-19T04:26:24.621+0000] {processor.py:829} INFO - Processing file /opt/airflow/dags/python.py for tasks to queue
[2023-10-19T04:26:24.623+0000] {logging_mixin.py:151} INFO - [2023-10-19T04:26:24.623+0000] {dagbag.py:539} INFO - Filling up the DagBag from /opt/airflow/dags/python.py
[2023-10-19T04:26:24.634+0000] {processor.py:839} INFO - DAG(s) dict_keys(['python']) retrieved from /opt/airflow/dags/python.py
[2023-10-19T04:26:24.661+0000] {logging_mixin.py:151} INFO - [2023-10-19T04:26:24.661+0000] {dag.py:2915} INFO - Sync 1 DAGs
[2023-10-19T04:26:24.675+0000] {logging_mixin.py:151} INFO - [2023-10-19T04:26:24.675+0000] {dag.py:3696} INFO - Setting next_dagrun for python to None, run_after=None
[2023-10-19T04:26:24.694+0000] {processor.py:179} INFO - Processing /opt/airflow/dags/python.py took 0.079 seconds
[2023-10-19T04:26:55.027+0000] {processor.py:157} INFO - Started process (PID=427) to work on /opt/airflow/dags/python.py
[2023-10-19T04:26:55.028+0000] {processor.py:829} INFO - Processing file /opt/airflow/dags/python.py for tasks to queue
[2023-10-19T04:26:55.031+0000] {logging_mixin.py:151} INFO - [2023-10-19T04:26:55.030+0000] {dagbag.py:539} INFO - Filling up the DagBag from /opt/airflow/dags/python.py
[2023-10-19T04:26:55.042+0000] {processor.py:839} INFO - DAG(s) dict_keys(['python']) retrieved from /opt/airflow/dags/python.py
[2023-10-19T04:26:55.075+0000] {logging_mixin.py:151} INFO - [2023-10-19T04:26:55.074+0000] {dag.py:2915} INFO - Sync 1 DAGs
[2023-10-19T04:26:55.089+0000] {logging_mixin.py:151} INFO - [2023-10-19T04:26:55.089+0000] {dag.py:3696} INFO - Setting next_dagrun for python to None, run_after=None
[2023-10-19T04:26:55.106+0000] {processor.py:179} INFO - Processing /opt/airflow/dags/python.py took 0.083 seconds
[2023-10-19T04:27:25.600+0000] {processor.py:157} INFO - Started process (PID=441) to work on /opt/airflow/dags/python.py
[2023-10-19T04:27:25.602+0000] {processor.py:829} INFO - Processing file /opt/airflow/dags/python.py for tasks to queue
[2023-10-19T04:27:25.605+0000] {logging_mixin.py:151} INFO - [2023-10-19T04:27:25.604+0000] {dagbag.py:539} INFO - Filling up the DagBag from /opt/airflow/dags/python.py
[2023-10-19T04:27:25.616+0000] {processor.py:839} INFO - DAG(s) dict_keys(['python']) retrieved from /opt/airflow/dags/python.py
[2023-10-19T04:27:25.648+0000] {logging_mixin.py:151} INFO - [2023-10-19T04:27:25.647+0000] {dag.py:2915} INFO - Sync 1 DAGs
[2023-10-19T04:27:25.665+0000] {logging_mixin.py:151} INFO - [2023-10-19T04:27:25.665+0000] {dag.py:3696} INFO - Setting next_dagrun for python to None, run_after=None
[2023-10-19T04:27:25.683+0000] {processor.py:179} INFO - Processing /opt/airflow/dags/python.py took 0.088 seconds
[2023-10-19T04:27:56.041+0000] {processor.py:157} INFO - Started process (PID=459) to work on /opt/airflow/dags/python.py
[2023-10-19T04:27:56.042+0000] {processor.py:829} INFO - Processing file /opt/airflow/dags/python.py for tasks to queue
[2023-10-19T04:27:56.044+0000] {logging_mixin.py:151} INFO - [2023-10-19T04:27:56.044+0000] {dagbag.py:539} INFO - Filling up the DagBag from /opt/airflow/dags/python.py
[2023-10-19T04:27:56.055+0000] {processor.py:839} INFO - DAG(s) dict_keys(['python']) retrieved from /opt/airflow/dags/python.py
[2023-10-19T04:27:56.084+0000] {logging_mixin.py:151} INFO - [2023-10-19T04:27:56.084+0000] {dag.py:2915} INFO - Sync 1 DAGs
[2023-10-19T04:27:56.101+0000] {logging_mixin.py:151} INFO - [2023-10-19T04:27:56.101+0000] {dag.py:3696} INFO - Setting next_dagrun for python to None, run_after=None
[2023-10-19T04:27:56.121+0000] {processor.py:179} INFO - Processing /opt/airflow/dags/python.py took 0.084 seconds
[2023-10-19T04:28:26.436+0000] {processor.py:157} INFO - Started process (PID=479) to work on /opt/airflow/dags/python.py
[2023-10-19T04:28:26.437+0000] {processor.py:829} INFO - Processing file /opt/airflow/dags/python.py for tasks to queue
[2023-10-19T04:28:26.440+0000] {logging_mixin.py:151} INFO - [2023-10-19T04:28:26.439+0000] {dagbag.py:539} INFO - Filling up the DagBag from /opt/airflow/dags/python.py
[2023-10-19T04:28:26.452+0000] {processor.py:839} INFO - DAG(s) dict_keys(['python']) retrieved from /opt/airflow/dags/python.py
[2023-10-19T04:28:26.481+0000] {logging_mixin.py:151} INFO - [2023-10-19T04:28:26.481+0000] {dag.py:2915} INFO - Sync 1 DAGs
[2023-10-19T04:28:26.494+0000] {logging_mixin.py:151} INFO - [2023-10-19T04:28:26.494+0000] {dag.py:3696} INFO - Setting next_dagrun for python to None, run_after=None
[2023-10-19T04:28:26.513+0000] {processor.py:179} INFO - Processing /opt/airflow/dags/python.py took 0.082 seconds
[2023-10-19T04:28:56.798+0000] {processor.py:157} INFO - Started process (PID=499) to work on /opt/airflow/dags/python.py
[2023-10-19T04:28:56.799+0000] {processor.py:829} INFO - Processing file /opt/airflow/dags/python.py for tasks to queue
[2023-10-19T04:28:56.803+0000] {logging_mixin.py:151} INFO - [2023-10-19T04:28:56.802+0000] {dagbag.py:539} INFO - Filling up the DagBag from /opt/airflow/dags/python.py
[2023-10-19T04:28:56.813+0000] {processor.py:839} INFO - DAG(s) dict_keys(['python']) retrieved from /opt/airflow/dags/python.py
[2023-10-19T04:28:56.843+0000] {logging_mixin.py:151} INFO - [2023-10-19T04:28:56.843+0000] {dag.py:2915} INFO - Sync 1 DAGs
[2023-10-19T04:28:56.857+0000] {logging_mixin.py:151} INFO - [2023-10-19T04:28:56.857+0000] {dag.py:3696} INFO - Setting next_dagrun for python to None, run_after=None
[2023-10-19T04:28:56.876+0000] {processor.py:179} INFO - Processing /opt/airflow/dags/python.py took 0.081 seconds
[2023-10-19T04:29:26.985+0000] {processor.py:157} INFO - Started process (PID=519) to work on /opt/airflow/dags/python.py
[2023-10-19T04:29:26.986+0000] {processor.py:829} INFO - Processing file /opt/airflow/dags/python.py for tasks to queue
[2023-10-19T04:29:26.988+0000] {logging_mixin.py:151} INFO - [2023-10-19T04:29:26.988+0000] {dagbag.py:539} INFO - Filling up the DagBag from /opt/airflow/dags/python.py
[2023-10-19T04:29:26.999+0000] {processor.py:839} INFO - DAG(s) dict_keys(['python']) retrieved from /opt/airflow/dags/python.py
[2023-10-19T04:29:27.026+0000] {logging_mixin.py:151} INFO - [2023-10-19T04:29:27.026+0000] {dag.py:2915} INFO - Sync 1 DAGs
[2023-10-19T04:29:27.041+0000] {logging_mixin.py:151} INFO - [2023-10-19T04:29:27.040+0000] {dag.py:3696} INFO - Setting next_dagrun for python to None, run_after=None
[2023-10-19T04:29:27.059+0000] {processor.py:179} INFO - Processing /opt/airflow/dags/python.py took 0.078 seconds
[2023-10-19T04:29:57.332+0000] {processor.py:157} INFO - Started process (PID=539) to work on /opt/airflow/dags/python.py
[2023-10-19T04:29:57.333+0000] {processor.py:829} INFO - Processing file /opt/airflow/dags/python.py for tasks to queue
[2023-10-19T04:29:57.337+0000] {logging_mixin.py:151} INFO - [2023-10-19T04:29:57.336+0000] {dagbag.py:539} INFO - Filling up the DagBag from /opt/airflow/dags/python.py
[2023-10-19T04:29:57.350+0000] {processor.py:839} INFO - DAG(s) dict_keys(['python']) retrieved from /opt/airflow/dags/python.py
[2023-10-19T04:29:57.397+0000] {logging_mixin.py:151} INFO - [2023-10-19T04:29:57.397+0000] {dag.py:2915} INFO - Sync 1 DAGs
[2023-10-19T04:29:57.415+0000] {logging_mixin.py:151} INFO - [2023-10-19T04:29:57.415+0000] {dag.py:3696} INFO - Setting next_dagrun for python to None, run_after=None
[2023-10-19T04:29:57.454+0000] {processor.py:179} INFO - Processing /opt/airflow/dags/python.py took 0.126 seconds
[2023-10-19T04:30:27.553+0000] {processor.py:157} INFO - Started process (PID=559) to work on /opt/airflow/dags/python.py
[2023-10-19T04:30:27.554+0000] {processor.py:829} INFO - Processing file /opt/airflow/dags/python.py for tasks to queue
[2023-10-19T04:30:27.557+0000] {logging_mixin.py:151} INFO - [2023-10-19T04:30:27.557+0000] {dagbag.py:539} INFO - Filling up the DagBag from /opt/airflow/dags/python.py
[2023-10-19T04:30:27.568+0000] {processor.py:839} INFO - DAG(s) dict_keys(['python']) retrieved from /opt/airflow/dags/python.py
[2023-10-19T04:30:27.599+0000] {logging_mixin.py:151} INFO - [2023-10-19T04:30:27.599+0000] {dag.py:2915} INFO - Sync 1 DAGs
[2023-10-19T04:30:27.613+0000] {logging_mixin.py:151} INFO - [2023-10-19T04:30:27.613+0000] {dag.py:3696} INFO - Setting next_dagrun for python to None, run_after=None
[2023-10-19T04:30:27.632+0000] {processor.py:179} INFO - Processing /opt/airflow/dags/python.py took 0.083 seconds
[2023-10-19T04:30:57.865+0000] {processor.py:157} INFO - Started process (PID=579) to work on /opt/airflow/dags/python.py
[2023-10-19T04:30:57.866+0000] {processor.py:829} INFO - Processing file /opt/airflow/dags/python.py for tasks to queue
[2023-10-19T04:30:57.869+0000] {logging_mixin.py:151} INFO - [2023-10-19T04:30:57.869+0000] {dagbag.py:539} INFO - Filling up the DagBag from /opt/airflow/dags/python.py
[2023-10-19T04:30:57.880+0000] {processor.py:839} INFO - DAG(s) dict_keys(['python']) retrieved from /opt/airflow/dags/python.py
[2023-10-19T04:30:57.913+0000] {logging_mixin.py:151} INFO - [2023-10-19T04:30:57.913+0000] {dag.py:2915} INFO - Sync 1 DAGs
[2023-10-19T04:30:57.928+0000] {logging_mixin.py:151} INFO - [2023-10-19T04:30:57.928+0000] {dag.py:3696} INFO - Setting next_dagrun for python to None, run_after=None
[2023-10-19T04:30:57.948+0000] {processor.py:179} INFO - Processing /opt/airflow/dags/python.py took 0.087 seconds
[2023-10-19T04:31:28.357+0000] {processor.py:157} INFO - Started process (PID=599) to work on /opt/airflow/dags/python.py
[2023-10-19T04:31:28.358+0000] {processor.py:829} INFO - Processing file /opt/airflow/dags/python.py for tasks to queue
[2023-10-19T04:31:28.361+0000] {logging_mixin.py:151} INFO - [2023-10-19T04:31:28.360+0000] {dagbag.py:539} INFO - Filling up the DagBag from /opt/airflow/dags/python.py
[2023-10-19T04:31:28.371+0000] {processor.py:839} INFO - DAG(s) dict_keys(['python']) retrieved from /opt/airflow/dags/python.py
[2023-10-19T04:31:28.400+0000] {logging_mixin.py:151} INFO - [2023-10-19T04:31:28.400+0000] {dag.py:2915} INFO - Sync 1 DAGs
[2023-10-19T04:31:28.415+0000] {logging_mixin.py:151} INFO - [2023-10-19T04:31:28.414+0000] {dag.py:3696} INFO - Setting next_dagrun for python to None, run_after=None
[2023-10-19T04:31:28.433+0000] {processor.py:179} INFO - Processing /opt/airflow/dags/python.py took 0.081 seconds
[2023-10-19T06:13:57.891+0000] {processor.py:157} INFO - Started process (PID=112) to work on /opt/airflow/dags/python.py
[2023-10-19T06:13:57.892+0000] {processor.py:829} INFO - Processing file /opt/airflow/dags/python.py for tasks to queue
[2023-10-19T06:13:57.895+0000] {logging_mixin.py:151} INFO - [2023-10-19T06:13:57.895+0000] {dagbag.py:539} INFO - Filling up the DagBag from /opt/airflow/dags/python.py
[2023-10-19T06:13:57.906+0000] {processor.py:839} INFO - DAG(s) dict_keys(['python']) retrieved from /opt/airflow/dags/python.py
[2023-10-19T06:13:57.935+0000] {logging_mixin.py:151} INFO - [2023-10-19T06:13:57.934+0000] {dag.py:2915} INFO - Sync 1 DAGs
[2023-10-19T06:13:57.949+0000] {logging_mixin.py:151} INFO - [2023-10-19T06:13:57.948+0000] {dag.py:3696} INFO - Setting next_dagrun for python to None, run_after=None
[2023-10-19T06:13:57.967+0000] {processor.py:179} INFO - Processing /opt/airflow/dags/python.py took 0.080 seconds
